#
# There is insufficient memory for the Java Runtime Environment to continue.
# Native memory allocation (malloc) failed to allocate 1202976 bytes for Chunk::new
# Possible reasons:
#   The system is out of physical RAM or swap space
#   The process is running with CompressedOops enabled, and the Java Heap may be blocking the growth of the native heap
# Possible solutions:
#   Reduce memory load on the system
#   Increase physical memory or swap space
#   Check if swap backing store is full
#   Decrease Java heap size (-Xmx/-Xms)
#   Decrease number of Java threads
#   Decrease Java thread stack sizes (-Xss)
#   Set larger code cache with -XX:ReservedCodeCacheSize=
#   JVM is running with Unscaled Compressed Oops mode in which the Java heap is
#     placed in the first 4GB address space. The Java Heap base address is the
#     maximum limit for the native heap growth. Please use -XX:HeapBaseMinAddress
#     to set the Java Heap base and to place the Java Heap above 4GB virtual address.
# This output file may be truncated or incomplete.
#
#  Out of Memory Error (arena.cpp:189), pid=29300, tid=6432
#
# JRE version: OpenJDK Runtime Environment (17.0.6) (build 17.0.6+0-b2043.56-9586694)
# Java VM: OpenJDK 64-Bit Server VM (17.0.6+0-b2043.56-9586694, mixed mode, tiered, compressed oops, compressed class ptrs, g1 gc, windows-amd64)
# No core dump will be written. Minidumps are not enabled by default on client versions of Windows
#

---------------  S U M M A R Y ------------

Command Line: --add-opens=java.base/java.util=ALL-UNNAMED --add-opens=java.base/java.lang=ALL-UNNAMED --add-opens=java.base/java.lang.invoke=ALL-UNNAMED --add-opens=java.prefs/java.util.prefs=ALL-UNNAMED --add-opens=java.base/java.nio.charset=ALL-UNNAMED --add-opens=java.base/java.net=ALL-UNNAMED --add-opens=java.base/java.util.concurrent.atomic=ALL-UNNAMED -Xmx2048m -Dfile.encoding=UTF-8 -Duser.country=RU -Duser.language=ru -Duser.variant org.gradle.launcher.daemon.bootstrap.GradleDaemon 8.0

Host: AMD FX(tm)-6350 Six-Core Processor             , 6 cores, 7G,  Windows 10 , 64 bit Build 19041 (10.0.19041.2913)
Time: Fri Jun  2 16:13:42 2023 RTZ 2 (s 10 , 64 bit Build 19041 (10.0.19041.2913) elapsed time: 10.597502 seconds (0d 0h 0m 10s)

---------------  T H R E A D  ---------------

Current thread (0x0000015c4d851660):  JavaThread "C2 CompilerThread0" daemon [_thread_in_native, id=6432, stack(0x00000007c9e00000,0x00000007c9f00000)]


Current CompileTask:
C2:  10597 6491  s    4       java.util.jar.JarFile::getInputStream (72 bytes)

Stack: [0x00000007c9e00000,0x00000007c9f00000]
Native frames: (J=compiled Java code, j=interpreted, Vv=VM code, C=native code)
V  [jvm.dll+0x683b4a]
V  [jvm.dll+0x842654]
V  [jvm.dll+0x843dfe]
V  [jvm.dll+0x844463]
V  [jvm.dll+0x249b75]
V  [jvm.dll+0xabcac]
V  [jvm.dll+0xac27c]
V  [jvm.dll+0x368857]
V  [jvm.dll+0x1bd0b8]
V  [jvm.dll+0x21c359]
V  [jvm.dll+0x21b621]
V  [jvm.dll+0x1a4fdd]
V  [jvm.dll+0x22b098]
V  [jvm.dll+0x229159]
V  [jvm.dll+0x7f809c]
V  [jvm.dll+0x7f25fa]
V  [jvm.dll+0x682985]
C  [ucrtbase.dll+0x21bb2]
C  [KERNEL32.DLL+0x17614]
C  [ntdll.dll+0x526a1]


---------------  P R O C E S S  ---------------

Threads class SMR info:
_java_thread_list=0x0000015c52ba9ca0, length=103, elements={
0x0000015c334da020, 0x0000015c4cf12a50, 0x0000015c4cf16510, 0x0000015c4d85af40,
0x0000015c4d85b800, 0x0000015c4d85c0c0, 0x0000015c4d850a70, 0x0000015c4d851660,
0x0000015c4d855b20, 0x0000015c4d852ca0, 0x0000015c4d9d4020, 0x0000015c4d9e8420,
0x0000015c4f00ef30, 0x0000015c50b59910, 0x0000015c507dd9e0, 0x0000015c5035ba00,
0x0000015c4f071360, 0x0000015c4eb92550, 0x0000015c4eb8f060, 0x0000015c4eb92a20,
0x0000015c4eb91bb0, 0x0000015c4eb91210, 0x0000015c4eb90870, 0x0000015c4eb8f530,
0x0000015c4eb92080, 0x0000015c4eb90d40, 0x0000015c4eb916e0, 0x0000015c50835bc0,
0x0000015c50831d30, 0x0000015c50833540, 0x0000015c50831860, 0x0000015c50837d70,
0x0000015c508326d0, 0x0000015c50832200, 0x0000015c50833070, 0x0000015c508378a0,
0x0000015c508390b0, 0x0000015c50836f00, 0x0000015c50838240, 0x0000015c50832ba0,
0x0000015c50834d50, 0x0000015c508356f0, 0x0000015c50836090, 0x0000015c50836560,
0x0000015c50836a30, 0x0000015c51ee1bf0, 0x0000015c51ee0d80, 0x0000015c51edf0a0,
0x0000015c51ee20c0, 0x0000015c51edf570, 0x0000015c51edd890, 0x0000015c51edb6e0,
0x0000015c51ee03e0, 0x0000015c51ee1250, 0x0000015c51edfa40, 0x0000015c51ee2590,
0x0000015c51ee2a60, 0x0000015c51eddd60, 0x0000015c51ee1720, 0x0000015c51ee2f30,
0x0000015c51edebd0, 0x0000015c51edbbb0, 0x0000015c51edca20, 0x0000015c51edc080,
0x0000015c51ee08b0, 0x0000015c51edc550, 0x0000015c51edff10, 0x0000015c51edcef0,
0x0000015c51edd3c0, 0x0000015c51ede230, 0x0000015c51ede700, 0x0000015c4de04c10,
0x0000015c4de06dc0, 0x0000015c4de07c30, 0x0000015c4de02a60, 0x0000015c4de08aa0,
0x0000015c4de08f70, 0x0000015c4de038d0, 0x0000015c4de01720, 0x0000015c4de07760,
0x0000015c4de04740, 0x0000015c4de055b0, 0x0000015c4de08100, 0x0000015c4de050e0,
0x0000015c4de05a80, 0x0000015c4de085d0, 0x0000015c4de02f30, 0x0000015c4de07290,
0x0000015c4de05f50, 0x0000015c4de01bf0, 0x0000015c4de020c0, 0x0000015c4de02590,
0x0000015c4de03da0, 0x0000015c4de03400, 0x0000015c4de04270, 0x0000015c4de06420,
0x0000015c4de068f0, 0x0000015c5228d990, 0x0000015c5228a4a0, 0x0000015c52289630,
0x0000015c5228cff0, 0x0000015c522882f0, 0x0000015c5228b310
}

Java Threads: ( => current thread )
  0x0000015c334da020 JavaThread "main" [_thread_blocked, id=25712, stack(0x00000007c9100000,0x00000007c9200000)]
  0x0000015c4cf12a50 JavaThread "Reference Handler" daemon [_thread_blocked, id=10588, stack(0x00000007c9800000,0x00000007c9900000)]
  0x0000015c4cf16510 JavaThread "Finalizer" daemon [_thread_blocked, id=25520, stack(0x00000007c9900000,0x00000007c9a00000)]
  0x0000015c4d85af40 JavaThread "Signal Dispatcher" daemon [_thread_blocked, id=23996, stack(0x00000007c9a00000,0x00000007c9b00000)]
  0x0000015c4d85b800 JavaThread "Attach Listener" daemon [_thread_blocked, id=11504, stack(0x00000007c9b00000,0x00000007c9c00000)]
  0x0000015c4d85c0c0 JavaThread "Service Thread" daemon [_thread_blocked, id=29148, stack(0x00000007c9c00000,0x00000007c9d00000)]
  0x0000015c4d850a70 JavaThread "Monitor Deflation Thread" daemon [_thread_blocked, id=28880, stack(0x00000007c9d00000,0x00000007c9e00000)]
=>0x0000015c4d851660 JavaThread "C2 CompilerThread0" daemon [_thread_in_native, id=6432, stack(0x00000007c9e00000,0x00000007c9f00000)]
  0x0000015c4d855b20 JavaThread "C1 CompilerThread0" daemon [_thread_in_native, id=17712, stack(0x00000007c9f00000,0x00000007ca000000)]
  0x0000015c4d852ca0 JavaThread "Sweeper thread" daemon [_thread_blocked, id=28644, stack(0x00000007ca000000,0x00000007ca100000)]
  0x0000015c4d9d4020 JavaThread "Common-Cleaner" daemon [_thread_blocked, id=29264, stack(0x00000007ca100000,0x00000007ca200000)]
  0x0000015c4d9e8420 JavaThread "Notification Thread" daemon [_thread_blocked, id=26388, stack(0x00000007ca200000,0x00000007ca300000)]
  0x0000015c4f00ef30 JavaThread "Daemon health stats" [_thread_blocked, id=22944, stack(0x00000007ca900000,0x00000007caa00000)]
  0x0000015c50b59910 JavaThread "Incoming local TCP Connector on port 55632" [_thread_in_native, id=17844, stack(0x00000007caa00000,0x00000007cab00000)]
  0x0000015c507dd9e0 JavaThread "Daemon periodic checks" [_thread_blocked, id=28664, stack(0x00000007cab00000,0x00000007cac00000)]
  0x0000015c5035ba00 JavaThread "Daemon" [_thread_blocked, id=18400, stack(0x00000007cac00000,0x00000007cad00000)]
  0x0000015c4f071360 JavaThread "Handler for socket connection from /127.0.0.1:55632 to /127.0.0.1:55633" [_thread_in_native, id=28488, stack(0x00000007cad00000,0x00000007cae00000)]
  0x0000015c4eb92550 JavaThread "Cancel handler" [_thread_blocked, id=5184, stack(0x00000007cae00000,0x00000007caf00000)]
  0x0000015c4eb8f060 JavaThread "Daemon worker" [_thread_in_Java, id=6628, stack(0x00000007caf00000,0x00000007cb000000)]
  0x0000015c4eb92a20 JavaThread "Asynchronous log dispatcher for DefaultDaemonConnection: socket connection from /127.0.0.1:55632 to /127.0.0.1:55633" [_thread_blocked, id=2680, stack(0x00000007cb000000,0x00000007cb100000)]
  0x0000015c4eb91bb0 JavaThread "Stdin handler" [_thread_blocked, id=29132, stack(0x00000007cb100000,0x00000007cb200000)]
  0x0000015c4eb91210 JavaThread "Daemon client event forwarder" [_thread_blocked, id=25616, stack(0x00000007cb200000,0x00000007cb300000)]
  0x0000015c4eb90870 JavaThread "Cache worker for journal cache (C:\Users\maxim\.gradle\caches\journal-1)" [_thread_blocked, id=12220, stack(0x00000007cb500000,0x00000007cb600000)]
  0x0000015c4eb8f530 JavaThread "File lock request listener" [_thread_in_native, id=15960, stack(0x00000007cb600000,0x00000007cb700000)]
  0x0000015c4eb92080 JavaThread "Cache worker for file hash cache (C:\Users\maxim\.gradle\caches\8.0\fileHashes)" [_thread_blocked, id=26668, stack(0x00000007ca400000,0x00000007ca500000)]
  0x0000015c4eb90d40 JavaThread "File watcher server" daemon [_thread_in_native, id=4212, stack(0x00000007cb800000,0x00000007cb900000)]
  0x0000015c4eb916e0 JavaThread "File watcher consumer" daemon [_thread_blocked, id=27508, stack(0x00000007cb900000,0x00000007cba00000)]
  0x0000015c50835bc0 JavaThread "Cache worker for checksums cache (G:\Android\TopRedditApplication2\.gradle\8.0\checksums)" [_thread_blocked, id=29228, stack(0x00000007cba00000,0x00000007cbb00000)]
  0x0000015c50831d30 JavaThread "Cache worker for cache directory md-rule (C:\Users\maxim\.gradle\caches\8.0\md-rule)" [_thread_blocked, id=12788, stack(0x00000007cbb00000,0x00000007cbc00000)]
  0x0000015c50833540 JavaThread "Cache worker for file content cache (C:\Users\maxim\.gradle\caches\8.0\fileContent)" [_thread_blocked, id=14948, stack(0x00000007cbc00000,0x00000007cbd00000)]
  0x0000015c50831860 JavaThread "Cache worker for file hash cache (G:\Android\TopRedditApplication2\.gradle\8.0\fileHashes)" [_thread_blocked, id=28572, stack(0x00000007cbd00000,0x00000007cbe00000)]
  0x0000015c50837d70 JavaThread "Cache worker for cache directory md-supplier (C:\Users\maxim\.gradle\caches\8.0\md-supplier)" [_thread_blocked, id=18948, stack(0x00000007cbe00000,0x00000007cbf00000)]
  0x0000015c508326d0 JavaThread "Cache worker for execution history cache (C:\Users\maxim\.gradle\caches\8.0\executionHistory)" [_thread_blocked, id=23120, stack(0x00000007cbf00000,0x00000007cc000000)]
  0x0000015c50832200 JavaThread "jar transforms" [_thread_blocked, id=28460, stack(0x00000007cb700000,0x00000007cb800000)]
  0x0000015c50833070 JavaThread "jar transforms Thread 2" [_thread_blocked, id=27176, stack(0x00000007cc000000,0x00000007cc100000)]
  0x0000015c508378a0 JavaThread "jar transforms Thread 3" [_thread_blocked, id=9160, stack(0x00000007cc200000,0x00000007cc300000)]
  0x0000015c508390b0 JavaThread "jar transforms Thread 4" [_thread_blocked, id=20612, stack(0x00000007cc300000,0x00000007cc400000)]
  0x0000015c50836f00 JavaThread "Cache worker for dependencies-accessors (G:\Android\TopRedditApplication2\.gradle\8.0\dependencies-accessors)" [_thread_blocked, id=11320, stack(0x00000007cc400000,0x00000007cc500000)]
  0x0000015c50838240 JavaThread "jar transforms Thread 5" [_thread_blocked, id=8332, stack(0x00000007cc500000,0x00000007cc600000)]
  0x0000015c50832ba0 JavaThread "Cache worker for Build Output Cleanup Cache (G:\Android\TopRedditApplication2\.gradle\buildOutputCleanup)" [_thread_blocked, id=9180, stack(0x00000007cc600000,0x00000007cc700000)]
  0x0000015c50834d50 JavaThread "Unconstrained build operations" [_thread_blocked, id=22856, stack(0x00000007cc700000,0x00000007cc800000)]
  0x0000015c508356f0 JavaThread "Unconstrained build operations Thread 2" [_thread_blocked, id=3120, stack(0x00000007cc800000,0x00000007cc900000)]
  0x0000015c50836090 JavaThread "Unconstrained build operations Thread 3" [_thread_blocked, id=29064, stack(0x00000007cc900000,0x00000007cca00000)]
  0x0000015c50836560 JavaThread "Unconstrained build operations Thread 4" [_thread_blocked, id=19212, stack(0x00000007cca00000,0x00000007ccb00000)]
  0x0000015c50836a30 JavaThread "Unconstrained build operations Thread 5" [_thread_blocked, id=17600, stack(0x00000007ccb00000,0x00000007ccc00000)]
  0x0000015c51ee1bf0 JavaThread "Unconstrained build operations Thread 6" [_thread_blocked, id=23748, stack(0x00000007ccc00000,0x00000007ccd00000)]
  0x0000015c51ee0d80 JavaThread "Unconstrained build operations Thread 7" [_thread_blocked, id=28224, stack(0x00000007ccd00000,0x00000007cce00000)]
  0x0000015c51edf0a0 JavaThread "Unconstrained build operations Thread 8" [_thread_blocked, id=19780, stack(0x00000007cce00000,0x00000007ccf00000)]
  0x0000015c51ee20c0 JavaThread "Unconstrained build operations Thread 9" [_thread_blocked, id=28180, stack(0x00000007ccf00000,0x00000007cd000000)]
  0x0000015c51edf570 JavaThread "Unconstrained build operations Thread 10" [_thread_blocked, id=15348, stack(0x00000007cd000000,0x00000007cd100000)]
  0x0000015c51edd890 JavaThread "Unconstrained build operations Thread 11" [_thread_blocked, id=27692, stack(0x00000007cd100000,0x00000007cd200000)]
  0x0000015c51edb6e0 JavaThread "Unconstrained build operations Thread 12" [_thread_blocked, id=17824, stack(0x00000007cd200000,0x00000007cd300000)]
  0x0000015c51ee03e0 JavaThread "Unconstrained build operations Thread 13" [_thread_blocked, id=5684, stack(0x00000007cd300000,0x00000007cd400000)]
  0x0000015c51ee1250 JavaThread "Unconstrained build operations Thread 14" [_thread_blocked, id=5704, stack(0x00000007cd400000,0x00000007cd500000)]
  0x0000015c51edfa40 JavaThread "Unconstrained build operations Thread 15" [_thread_blocked, id=26784, stack(0x00000007cd500000,0x00000007cd600000)]
  0x0000015c51ee2590 JavaThread "Unconstrained build operations Thread 16" [_thread_blocked, id=4732, stack(0x00000007cd600000,0x00000007cd700000)]
  0x0000015c51ee2a60 JavaThread "Unconstrained build operations Thread 17" [_thread_blocked, id=28108, stack(0x00000007cd700000,0x00000007cd800000)]
  0x0000015c51eddd60 JavaThread "Unconstrained build operations Thread 18" [_thread_blocked, id=18352, stack(0x00000007cd800000,0x00000007cd900000)]
  0x0000015c51ee1720 JavaThread "Unconstrained build operations Thread 19" [_thread_blocked, id=20652, stack(0x00000007cd900000,0x00000007cda00000)]
  0x0000015c51ee2f30 JavaThread "Unconstrained build operations Thread 20" [_thread_blocked, id=16336, stack(0x00000007cda00000,0x00000007cdb00000)]
  0x0000015c51edebd0 JavaThread "Unconstrained build operations Thread 21" [_thread_blocked, id=4068, stack(0x00000007cdb00000,0x00000007cdc00000)]
  0x0000015c51edbbb0 JavaThread "Unconstrained build operations Thread 22" [_thread_blocked, id=7192, stack(0x00000007cdc00000,0x00000007cdd00000)]
  0x0000015c51edca20 JavaThread "Unconstrained build operations Thread 23" [_thread_blocked, id=25544, stack(0x00000007cdd00000,0x00000007cde00000)]
  0x0000015c51edc080 JavaThread "Unconstrained build operations Thread 24" [_thread_blocked, id=12640, stack(0x00000007cde00000,0x00000007cdf00000)]
  0x0000015c51ee08b0 JavaThread "Unconstrained build operations Thread 25" [_thread_blocked, id=3124, stack(0x00000007cdf00000,0x00000007ce000000)]
  0x0000015c51edc550 JavaThread "Unconstrained build operations Thread 26" [_thread_blocked, id=868, stack(0x00000007ce000000,0x00000007ce100000)]
  0x0000015c51edff10 JavaThread "Unconstrained build operations Thread 27" [_thread_blocked, id=19976, stack(0x00000007ce100000,0x00000007ce200000)]
  0x0000015c51edcef0 JavaThread "Unconstrained build operations Thread 28" [_thread_blocked, id=13276, stack(0x00000007ce200000,0x00000007ce300000)]
  0x0000015c51edd3c0 JavaThread "Unconstrained build operations Thread 29" [_thread_blocked, id=2172, stack(0x00000007ce300000,0x00000007ce400000)]
  0x0000015c51ede230 JavaThread "Unconstrained build operations Thread 30" [_thread_blocked, id=29452, stack(0x00000007ce400000,0x00000007ce500000)]
  0x0000015c51ede700 JavaThread "Unconstrained build operations Thread 31" [_thread_blocked, id=22256, stack(0x00000007ce500000,0x00000007ce600000)]
  0x0000015c4de04c10 JavaThread "Unconstrained build operations Thread 32" [_thread_blocked, id=27404, stack(0x00000007ce600000,0x00000007ce700000)]
  0x0000015c4de06dc0 JavaThread "Unconstrained build operations Thread 33" [_thread_blocked, id=17528, stack(0x00000007ce700000,0x00000007ce800000)]
  0x0000015c4de07c30 JavaThread "Unconstrained build operations Thread 34" [_thread_blocked, id=5620, stack(0x00000007ce800000,0x00000007ce900000)]
  0x0000015c4de02a60 JavaThread "Unconstrained build operations Thread 35" [_thread_blocked, id=24188, stack(0x00000007ce900000,0x00000007cea00000)]
  0x0000015c4de08aa0 JavaThread "Unconstrained build operations Thread 36" [_thread_blocked, id=19072, stack(0x00000007cea00000,0x00000007ceb00000)]
  0x0000015c4de08f70 JavaThread "Unconstrained build operations Thread 37" [_thread_blocked, id=1444, stack(0x00000007ceb00000,0x00000007cec00000)]
  0x0000015c4de038d0 JavaThread "Unconstrained build operations Thread 38" [_thread_blocked, id=27144, stack(0x00000007cec00000,0x00000007ced00000)]
  0x0000015c4de01720 JavaThread "Unconstrained build operations Thread 39" [_thread_blocked, id=22540, stack(0x00000007ced00000,0x00000007cee00000)]
  0x0000015c4de07760 JavaThread "Unconstrained build operations Thread 40" [_thread_blocked, id=27856, stack(0x00000007cee00000,0x00000007cef00000)]
  0x0000015c4de04740 JavaThread "Unconstrained build operations Thread 41" [_thread_blocked, id=29112, stack(0x00000007cef00000,0x00000007cf000000)]
  0x0000015c4de055b0 JavaThread "Unconstrained build operations Thread 42" [_thread_blocked, id=20588, stack(0x00000007cf000000,0x00000007cf100000)]
  0x0000015c4de08100 JavaThread "Unconstrained build operations Thread 43" [_thread_blocked, id=29308, stack(0x00000007cf100000,0x00000007cf200000)]
  0x0000015c4de050e0 JavaThread "Unconstrained build operations Thread 44" [_thread_blocked, id=13604, stack(0x00000007cf200000,0x00000007cf300000)]
  0x0000015c4de05a80 JavaThread "Unconstrained build operations Thread 45" [_thread_blocked, id=16872, stack(0x00000007cf300000,0x00000007cf400000)]
  0x0000015c4de085d0 JavaThread "Unconstrained build operations Thread 46" [_thread_blocked, id=9276, stack(0x00000007cf400000,0x00000007cf500000)]
  0x0000015c4de02f30 JavaThread "Unconstrained build operations Thread 47" [_thread_blocked, id=17232, stack(0x00000007cf500000,0x00000007cf600000)]
  0x0000015c4de07290 JavaThread "Unconstrained build operations Thread 48" [_thread_blocked, id=5192, stack(0x00000007cf600000,0x00000007cf700000)]
  0x0000015c4de05f50 JavaThread "Unconstrained build operations Thread 49" [_thread_blocked, id=7948, stack(0x00000007cf700000,0x00000007cf800000)]
  0x0000015c4de01bf0 JavaThread "Unconstrained build operations Thread 50" [_thread_blocked, id=17900, stack(0x00000007cf800000,0x00000007cf900000)]
  0x0000015c4de020c0 JavaThread "Unconstrained build operations Thread 51" [_thread_blocked, id=29140, stack(0x00000007cf900000,0x00000007cfa00000)]
  0x0000015c4de02590 JavaThread "Unconstrained build operations Thread 52" [_thread_blocked, id=8472, stack(0x00000007cfa00000,0x00000007cfb00000)]
  0x0000015c4de03da0 JavaThread "Unconstrained build operations Thread 53" [_thread_blocked, id=1940, stack(0x00000007cfb00000,0x00000007cfc00000)]
  0x0000015c4de03400 JavaThread "Unconstrained build operations Thread 54" [_thread_blocked, id=22628, stack(0x00000007cfc00000,0x00000007cfd00000)]
  0x0000015c4de04270 JavaThread "Unconstrained build operations Thread 55" [_thread_blocked, id=14296, stack(0x00000007cfd00000,0x00000007cfe00000)]
  0x0000015c4de06420 JavaThread "Unconstrained build operations Thread 56" [_thread_blocked, id=6564, stack(0x00000007cfe00000,0x00000007cff00000)]
  0x0000015c4de068f0 JavaThread "Unconstrained build operations Thread 57" [_thread_blocked, id=13136, stack(0x00000007cff00000,0x00000007d0000000)]
  0x0000015c5228d990 JavaThread "Unconstrained build operations Thread 58" [_thread_blocked, id=20632, stack(0x00000007d0000000,0x00000007d0100000)]
  0x0000015c5228a4a0 JavaThread "Unconstrained build operations Thread 59" [_thread_blocked, id=2692, stack(0x00000007d0100000,0x00000007d0200000)]
  0x0000015c52289630 JavaThread "Unconstrained build operations Thread 60" [_thread_blocked, id=12844, stack(0x00000007d0200000,0x00000007d0300000)]
  0x0000015c5228cff0 JavaThread "jar transforms Thread 6" [_thread_blocked, id=3988, stack(0x00000007d0300000,0x00000007d0400000)]
  0x0000015c522882f0 JavaThread "build event listener" [_thread_blocked, id=21344, stack(0x00000007d0400000,0x00000007d0500000)]
  0x0000015c5228b310 JavaThread "Memory manager" [_thread_blocked, id=7308, stack(0x00000007d0500000,0x00000007d0600000)]

Other Threads:
  0x0000015c4cf0e8e0 VMThread "VM Thread" [stack: 0x00000007c9700000,0x00000007c9800000] [id=14892]
  0x0000015c4d9e88f0 WatcherThread [stack: 0x00000007ca300000,0x00000007ca400000] [id=3360]
  0x0000015c335355c0 GCTaskThread "GC Thread#0" [stack: 0x00000007c9200000,0x00000007c9300000] [id=18468]
  0x0000015c4e908fb0 GCTaskThread "GC Thread#1" [stack: 0x00000007ca500000,0x00000007ca600000] [id=27996]
  0x0000015c4e909260 GCTaskThread "GC Thread#2" [stack: 0x00000007ca600000,0x00000007ca700000] [id=12252]
  0x0000015c4e821930 GCTaskThread "GC Thread#3" [stack: 0x00000007ca700000,0x00000007ca800000] [id=28428]
  0x0000015c4e6a1da0 GCTaskThread "GC Thread#4" [stack: 0x00000007ca800000,0x00000007ca900000] [id=1104]
  0x0000015c504a4250 GCTaskThread "GC Thread#5" [stack: 0x00000007cb300000,0x00000007cb400000] [id=5504]
  0x0000015c33547420 ConcurrentGCThread "G1 Main Marker" [stack: 0x00000007c9300000,0x00000007c9400000] [id=28468]
  0x0000015c33547d40 ConcurrentGCThread "G1 Conc#0" [stack: 0x00000007c9400000,0x00000007c9500000] [id=23312]
  0x0000015c4e844ca0 ConcurrentGCThread "G1 Conc#1" [stack: 0x00000007cb400000,0x00000007cb500000] [id=28628]
  0x0000015c4cd660f0 ConcurrentGCThread "G1 Refine#0" [stack: 0x00000007c9500000,0x00000007c9600000] [id=28988]
  0x0000015c51f14fd0 ConcurrentGCThread "G1 Refine#1" [stack: 0x00000007cc100000,0x00000007cc200000] [id=23804]
  0x0000015c4cd6a7e0 ConcurrentGCThread "G1 Service" [stack: 0x00000007c9600000,0x00000007c9700000] [id=28444]

Threads with active compile tasks:
C2 CompilerThread0    10652 6491  s    4       java.util.jar.JarFile::getInputStream (72 bytes)

VM state: not at safepoint (normal execution)

VM Mutex/Monitor currently owned by a thread: None

Heap address: 0x0000000080000000, size: 2048 MB, Compressed Oops mode: 32-bit

CDS archive(s) not mapped
Compressed class space mapped at: 0x0000000100000000-0x0000000140000000, reserved size: 1073741824
Narrow klass base: 0x0000000000000000, Narrow klass shift: 3, Narrow klass range: 0x140000000

GC Precious Log:
 CPUs: 6 total, 6 available
 Memory: 8175M
 Large Page Support: Disabled
 NUMA Support: Disabled
 Compressed Oops: Enabled (32-bit)
 Heap Region Size: 1M
 Heap Min Capacity: 8M
 Heap Initial Capacity: 128M
 Heap Max Capacity: 2G
 Pre-touch: Disabled
 Parallel Workers: 6
 Concurrent Workers: 2
 Concurrent Refinement Workers: 6
 Periodic GC: Disabled

Heap:
 garbage-first heap   total 104448K, used 60231K [0x0000000080000000, 0x0000000100000000)
  region size 1024K, 11 young (11264K), 4 survivors (4096K)
 Metaspace       used 67166K, committed 67712K, reserved 1114112K
  class space    used 8835K, committed 9088K, reserved 1048576K

Heap Regions: E=young(eden), S=young(survivor), O=old, HS=humongous(starts), HC=humongous(continues), CS=collection set, F=free, OA=open archive, CA=closed archive, TAMS=top-at-mark-start (previous, next)
|   0|0x0000000080000000, 0x0000000080100000, 0x0000000080100000|100%|HS|  |TAMS 0x0000000080100000, 0x0000000080000000| Complete 
|   1|0x0000000080100000, 0x0000000080200000, 0x0000000080200000|100%|HC|  |TAMS 0x0000000080200000, 0x0000000080100000| Complete 
|   2|0x0000000080200000, 0x0000000080300000, 0x0000000080300000|100%|HC|  |TAMS 0x0000000080300000, 0x0000000080200000| Complete 
|   3|0x0000000080300000, 0x0000000080400000, 0x0000000080400000|100%|HC|  |TAMS 0x0000000080400000, 0x0000000080300000| Complete 
|   4|0x0000000080400000, 0x0000000080500000, 0x0000000080500000|100%| O|  |TAMS 0x0000000080500000, 0x0000000080400000| Untracked 
|   5|0x0000000080500000, 0x0000000080600000, 0x0000000080600000|100%| O|  |TAMS 0x0000000080600000, 0x0000000080500000| Untracked 
|   6|0x0000000080600000, 0x0000000080700000, 0x0000000080700000|100%| O|  |TAMS 0x0000000080700000, 0x0000000080600000| Untracked 
|   7|0x0000000080700000, 0x0000000080800000, 0x0000000080800000|100%| O|  |TAMS 0x0000000080800000, 0x0000000080700000| Untracked 
|   8|0x0000000080800000, 0x0000000080900000, 0x0000000080900000|100%| O|  |TAMS 0x0000000080900000, 0x0000000080800000| Untracked 
|   9|0x0000000080900000, 0x0000000080a00000, 0x0000000080a00000|100%| O|  |TAMS 0x0000000080a00000, 0x0000000080900000| Untracked 
|  10|0x0000000080a00000, 0x0000000080a30a00, 0x0000000080b00000| 18%| O|  |TAMS 0x0000000080a30a00, 0x0000000080a00000| Untracked 
|  11|0x0000000080b00000, 0x0000000080c00000, 0x0000000080c00000|100%| O|  |TAMS 0x0000000080c00000, 0x0000000080b00000| Untracked 
|  12|0x0000000080c00000, 0x0000000080d00000, 0x0000000080d00000|100%| O|  |TAMS 0x0000000080d00000, 0x0000000080c00000| Untracked 
|  13|0x0000000080d00000, 0x0000000080e00000, 0x0000000080e00000|100%| O|  |TAMS 0x0000000080e00000, 0x0000000080d00000| Untracked 
|  14|0x0000000080e00000, 0x0000000080f00000, 0x0000000080f00000|100%| O|  |TAMS 0x0000000080f00000, 0x0000000080e00000| Untracked 
|  15|0x0000000080f00000, 0x0000000081000000, 0x0000000081000000|100%| O|  |TAMS 0x0000000081000000, 0x0000000080f00000| Untracked 
|  16|0x0000000081000000, 0x0000000081100000, 0x0000000081100000|100%| O|  |TAMS 0x0000000081100000, 0x0000000081000000| Untracked 
|  17|0x0000000081100000, 0x0000000081200000, 0x0000000081200000|100%| O|  |TAMS 0x0000000081200000, 0x0000000081100000| Untracked 
|  18|0x0000000081200000, 0x0000000081300000, 0x0000000081300000|100%| O|  |TAMS 0x0000000081300000, 0x0000000081200000| Untracked 
|  19|0x0000000081300000, 0x0000000081400000, 0x0000000081400000|100%| O|  |TAMS 0x0000000081400000, 0x0000000081300000| Untracked 
|  20|0x0000000081400000, 0x0000000081500000, 0x0000000081500000|100%| O|  |TAMS 0x0000000081500000, 0x0000000081400000| Untracked 
|  21|0x0000000081500000, 0x0000000081600000, 0x0000000081600000|100%| O|  |TAMS 0x0000000081600000, 0x0000000081500000| Untracked 
|  22|0x0000000081600000, 0x0000000081700000, 0x0000000081700000|100%| O|  |TAMS 0x0000000081700000, 0x0000000081600000| Untracked 
|  23|0x0000000081700000, 0x0000000081800000, 0x0000000081800000|100%| O|  |TAMS 0x0000000081800000, 0x0000000081700000| Untracked 
|  24|0x0000000081800000, 0x0000000081900000, 0x0000000081900000|100%| O|  |TAMS 0x0000000081900000, 0x0000000081800000| Untracked 
|  25|0x0000000081900000, 0x0000000081a00000, 0x0000000081a00000|100%| O|  |TAMS 0x0000000081a00000, 0x0000000081900000| Untracked 
|  26|0x0000000081a00000, 0x0000000081b00000, 0x0000000081b00000|100%| O|  |TAMS 0x0000000081b00000, 0x0000000081a00000| Untracked 
|  27|0x0000000081b00000, 0x0000000081c00000, 0x0000000081c00000|100%| O|  |TAMS 0x0000000081c00000, 0x0000000081b00000| Untracked 
|  28|0x0000000081c00000, 0x0000000081d00000, 0x0000000081d00000|100%| O|  |TAMS 0x0000000081d00000, 0x0000000081c00000| Untracked 
|  29|0x0000000081d00000, 0x0000000081e00000, 0x0000000081e00000|100%| O|  |TAMS 0x0000000081e00000, 0x0000000081d00000| Untracked 
|  30|0x0000000081e00000, 0x0000000081f00000, 0x0000000081f00000|100%| O|  |TAMS 0x0000000081f00000, 0x0000000081e00000| Untracked 
|  31|0x0000000081f00000, 0x0000000082000000, 0x0000000082000000|100%| O|  |TAMS 0x0000000082000000, 0x0000000081f00000| Untracked 
|  32|0x0000000082000000, 0x0000000082100000, 0x0000000082100000|100%| O|  |TAMS 0x0000000082100000, 0x0000000082000000| Untracked 
|  33|0x0000000082100000, 0x0000000082200000, 0x0000000082200000|100%|HS|  |TAMS 0x0000000082200000, 0x0000000082100000| Complete 
|  34|0x0000000082200000, 0x0000000082300000, 0x0000000082300000|100%|HS|  |TAMS 0x0000000082300000, 0x0000000082200000| Complete 
|  35|0x0000000082300000, 0x0000000082400000, 0x0000000082400000|100%| O|  |TAMS 0x0000000082400000, 0x0000000082300000| Untracked 
|  36|0x0000000082400000, 0x0000000082500000, 0x0000000082500000|100%| O|  |TAMS 0x0000000082500000, 0x0000000082400000| Untracked 
|  37|0x0000000082500000, 0x0000000082600000, 0x0000000082600000|100%| O|  |TAMS 0x0000000082600000, 0x0000000082500000| Untracked 
|  38|0x0000000082600000, 0x0000000082700000, 0x0000000082700000|100%| O|  |TAMS 0x0000000082700000, 0x0000000082600000| Untracked 
|  39|0x0000000082700000, 0x0000000082800000, 0x0000000082800000|100%| O|  |TAMS 0x0000000082800000, 0x0000000082700000| Untracked 
|  40|0x0000000082800000, 0x0000000082900000, 0x0000000082900000|100%| O|  |TAMS 0x0000000082900000, 0x0000000082800000| Untracked 
|  41|0x0000000082900000, 0x0000000082a00000, 0x0000000082a00000|100%| O|  |TAMS 0x0000000082a00000, 0x0000000082900000| Untracked 
|  42|0x0000000082a00000, 0x0000000082b00000, 0x0000000082b00000|100%| O|  |TAMS 0x0000000082b00000, 0x0000000082a00000| Untracked 
|  43|0x0000000082b00000, 0x0000000082c00000, 0x0000000082c00000|100%| O|  |TAMS 0x0000000082c00000, 0x0000000082b00000| Untracked 
|  44|0x0000000082c00000, 0x0000000082d00000, 0x0000000082d00000|100%| O|  |TAMS 0x0000000082d00000, 0x0000000082c00000| Untracked 
|  45|0x0000000082d00000, 0x0000000082e00000, 0x0000000082e00000|100%|HS|  |TAMS 0x0000000082d00000, 0x0000000082d00000| Complete 
|  46|0x0000000082e00000, 0x0000000082e00000, 0x0000000082f00000|  0%| F|  |TAMS 0x0000000082e00000, 0x0000000082e00000| Untracked 
|  47|0x0000000082f00000, 0x0000000082f00000, 0x0000000083000000|  0%| F|  |TAMS 0x0000000082f00000, 0x0000000082f00000| Untracked 
|  48|0x0000000083000000, 0x0000000083000000, 0x0000000083100000|  0%| F|  |TAMS 0x0000000083000000, 0x0000000083000000| Untracked 
|  49|0x0000000083100000, 0x0000000083200000, 0x0000000083200000|100%| O|  |TAMS 0x0000000083200000, 0x0000000083100000| Untracked 
|  50|0x0000000083200000, 0x0000000083200000, 0x0000000083300000|  0%| F|  |TAMS 0x0000000083200000, 0x0000000083200000| Untracked 
|  51|0x0000000083300000, 0x0000000083400000, 0x0000000083400000|100%| O|  |TAMS 0x0000000083400000, 0x0000000083300000| Untracked 
|  52|0x0000000083400000, 0x0000000083500000, 0x0000000083500000|100%| O|  |TAMS 0x0000000083500000, 0x0000000083400000| Untracked 
|  53|0x0000000083500000, 0x00000000835a1200, 0x0000000083600000| 62%| O|  |TAMS 0x00000000835a1200, 0x0000000083500000| Untracked 
|  54|0x0000000083600000, 0x0000000083600000, 0x0000000083700000|  0%| F|  |TAMS 0x0000000083600000, 0x0000000083600000| Untracked 
|  55|0x0000000083700000, 0x0000000083700000, 0x0000000083800000|  0%| F|  |TAMS 0x0000000083700000, 0x0000000083700000| Untracked 
|  56|0x0000000083800000, 0x0000000083800000, 0x0000000083900000|  0%| F|  |TAMS 0x0000000083800000, 0x0000000083800000| Untracked 
|  57|0x0000000083900000, 0x0000000083900000, 0x0000000083a00000|  0%| F|  |TAMS 0x0000000083900000, 0x0000000083900000| Untracked 
|  58|0x0000000083a00000, 0x0000000083a00000, 0x0000000083b00000|  0%| F|  |TAMS 0x0000000083a00000, 0x0000000083a00000| Untracked 
|  59|0x0000000083b00000, 0x0000000083b00000, 0x0000000083c00000|  0%| F|  |TAMS 0x0000000083b00000, 0x0000000083b00000| Untracked 
|  60|0x0000000083c00000, 0x0000000083c00000, 0x0000000083d00000|  0%| F|  |TAMS 0x0000000083c00000, 0x0000000083c00000| Untracked 
|  61|0x0000000083d00000, 0x0000000083d00000, 0x0000000083e00000|  0%| F|  |TAMS 0x0000000083d00000, 0x0000000083d00000| Untracked 
|  62|0x0000000083e00000, 0x0000000083e00000, 0x0000000083f00000|  0%| F|  |TAMS 0x0000000083e00000, 0x0000000083e00000| Untracked 
|  63|0x0000000083f00000, 0x0000000083f00000, 0x0000000084000000|  0%| F|  |TAMS 0x0000000083f00000, 0x0000000083f00000| Untracked 
|  64|0x0000000084000000, 0x0000000084000000, 0x0000000084100000|  0%| F|  |TAMS 0x0000000084000000, 0x0000000084000000| Untracked 
|  65|0x0000000084100000, 0x0000000084100000, 0x0000000084200000|  0%| F|  |TAMS 0x0000000084100000, 0x0000000084100000| Untracked 
|  66|0x0000000084200000, 0x0000000084200000, 0x0000000084300000|  0%| F|  |TAMS 0x0000000084200000, 0x0000000084200000| Untracked 
|  67|0x0000000084300000, 0x0000000084300000, 0x0000000084400000|  0%| F|  |TAMS 0x0000000084300000, 0x0000000084300000| Untracked 
|  68|0x0000000084400000, 0x0000000084400000, 0x0000000084500000|  0%| F|  |TAMS 0x0000000084400000, 0x0000000084400000| Untracked 
|  69|0x0000000084500000, 0x0000000084500000, 0x0000000084600000|  0%| F|  |TAMS 0x0000000084500000, 0x0000000084500000| Untracked 
|  70|0x0000000084600000, 0x0000000084600000, 0x0000000084700000|  0%| F|  |TAMS 0x0000000084600000, 0x0000000084600000| Untracked 
|  71|0x0000000084700000, 0x0000000084700000, 0x0000000084800000|  0%| F|  |TAMS 0x0000000084700000, 0x0000000084700000| Untracked 
|  72|0x0000000084800000, 0x0000000084900000, 0x0000000084900000|100%| S|CS|TAMS 0x0000000084800000, 0x0000000084800000| Complete 
|  73|0x0000000084900000, 0x0000000084a00000, 0x0000000084a00000|100%| S|CS|TAMS 0x0000000084900000, 0x0000000084900000| Complete 
|  74|0x0000000084a00000, 0x0000000084a00000, 0x0000000084b00000|  0%| F|  |TAMS 0x0000000084a00000, 0x0000000084a00000| Untracked 
|  75|0x0000000084b00000, 0x0000000084b00000, 0x0000000084c00000|  0%| F|  |TAMS 0x0000000084b00000, 0x0000000084b00000| Untracked 
|  76|0x0000000084c00000, 0x0000000084d00000, 0x0000000084d00000|100%| S|CS|TAMS 0x0000000084c00000, 0x0000000084c00000| Complete 
|  77|0x0000000084d00000, 0x0000000084e00000, 0x0000000084e00000|100%| S|CS|TAMS 0x0000000084d00000, 0x0000000084d00000| Complete 
|  78|0x0000000084e00000, 0x0000000084e00000, 0x0000000084f00000|  0%| F|  |TAMS 0x0000000084e00000, 0x0000000084e00000| Untracked 
|  79|0x0000000084f00000, 0x0000000084f00000, 0x0000000085000000|  0%| F|  |TAMS 0x0000000084f00000, 0x0000000084f00000| Untracked 
|  80|0x0000000085000000, 0x0000000085000000, 0x0000000085100000|  0%| F|  |TAMS 0x0000000085000000, 0x0000000085000000| Untracked 
|  81|0x0000000085100000, 0x0000000085100000, 0x0000000085200000|  0%| F|  |TAMS 0x0000000085100000, 0x0000000085100000| Untracked 
|  82|0x0000000085200000, 0x0000000085200000, 0x0000000085300000|  0%| F|  |TAMS 0x0000000085200000, 0x0000000085200000| Untracked 
|  83|0x0000000085300000, 0x0000000085300000, 0x0000000085400000|  0%| F|  |TAMS 0x0000000085300000, 0x0000000085300000| Untracked 
|  84|0x0000000085400000, 0x0000000085400000, 0x0000000085500000|  0%| F|  |TAMS 0x0000000085400000, 0x0000000085400000| Untracked 
|  85|0x0000000085500000, 0x0000000085500000, 0x0000000085600000|  0%| F|  |TAMS 0x0000000085500000, 0x0000000085500000| Untracked 
|  86|0x0000000085600000, 0x0000000085600000, 0x0000000085700000|  0%| F|  |TAMS 0x0000000085600000, 0x0000000085600000| Untracked 
|  87|0x0000000085700000, 0x0000000085700000, 0x0000000085800000|  0%| F|  |TAMS 0x0000000085700000, 0x0000000085700000| Untracked 
|  88|0x0000000085800000, 0x0000000085800000, 0x0000000085900000|  0%| F|  |TAMS 0x0000000085800000, 0x0000000085800000| Untracked 
|  89|0x0000000085900000, 0x0000000085900000, 0x0000000085a00000|  0%| F|  |TAMS 0x0000000085900000, 0x0000000085900000| Untracked 
|  90|0x0000000085a00000, 0x0000000085a00000, 0x0000000085b00000|  0%| F|  |TAMS 0x0000000085a00000, 0x0000000085a00000| Untracked 
|  91|0x0000000085b00000, 0x0000000085b00000, 0x0000000085c00000|  0%| F|  |TAMS 0x0000000085b00000, 0x0000000085b00000| Untracked 
|  92|0x0000000085c00000, 0x0000000085c00000, 0x0000000085d00000|  0%| F|  |TAMS 0x0000000085c00000, 0x0000000085c00000| Untracked 
|  93|0x0000000085d00000, 0x0000000085d00000, 0x0000000085e00000|  0%| F|  |TAMS 0x0000000085d00000, 0x0000000085d00000| Untracked 
|  94|0x0000000085e00000, 0x0000000085e00000, 0x0000000085f00000|  0%| F|  |TAMS 0x0000000085e00000, 0x0000000085e00000| Untracked 
|  95|0x0000000085f00000, 0x0000000085feef28, 0x0000000086000000| 93%| E|  |TAMS 0x0000000085f00000, 0x0000000085f00000| Complete 
|  96|0x0000000086000000, 0x0000000086100000, 0x0000000086100000|100%| E|CS|TAMS 0x0000000086000000, 0x0000000086000000| Complete 
|  97|0x0000000086100000, 0x0000000086200000, 0x0000000086200000|100%| E|CS|TAMS 0x0000000086100000, 0x0000000086100000| Complete 
|  98|0x0000000086200000, 0x0000000086300000, 0x0000000086300000|100%| E|CS|TAMS 0x0000000086200000, 0x0000000086200000| Complete 
|  99|0x0000000086300000, 0x0000000086400000, 0x0000000086400000|100%| E|CS|TAMS 0x0000000086300000, 0x0000000086300000| Complete 
| 100|0x0000000086400000, 0x0000000086500000, 0x0000000086500000|100%| E|CS|TAMS 0x0000000086400000, 0x0000000086400000| Complete 
| 127|0x0000000087f00000, 0x0000000088000000, 0x0000000088000000|100%| E|CS|TAMS 0x0000000087f00000, 0x0000000087f00000| Complete 

Card table byte_map: [0x0000015c45ec0000,0x0000015c462c0000] _byte_map_base: 0x0000015c45ac0000

Marking Bits (Prev, Next): (CMBitMap*) 0x0000015c33536b30, (CMBitMap*) 0x0000015c33536af0
 Prev Bits: [0x0000015c486c0000, 0x0000015c4a6c0000)
 Next Bits: [0x0000015c466c0000, 0x0000015c486c0000)

Polling page: 0x0000015c32cb0000

Metaspace:

Usage:
  Non-class:     57.02 MB used.
      Class:      8.63 MB used.
       Both:     65.65 MB used.

Virtual space:
  Non-class space:       64.00 MB reserved,      57.31 MB ( 90%) committed,  8 nodes.
      Class space:        1.00 GB reserved,       8.88 MB ( <1%) committed,  1 nodes.
             Both:        1.06 GB reserved,      66.19 MB (  6%) committed. 

Chunk freelists:
   Non-Class:  2.34 MB
       Class:  3.08 MB
        Both:  5.42 MB

MaxMetaspaceSize: unlimited
CompressedClassSpaceSize: 1.00 GB
Initial GC threshold: 21.00 MB
Current GC threshold: 109.62 MB
CDS: off
MetaspaceReclaimPolicy: balanced
 - commit_granule_bytes: 65536.
 - commit_granule_words: 8192.
 - virtual_space_node_default_size: 1048576.
 - enlarge_chunks_in_place: 1.
 - new_chunks_are_fully_committed: 0.
 - uncommit_free_chunks: 1.
 - use_allocation_guard: 0.
 - handle_deallocations: 1.


Internal statistics:

num_allocs_failed_limit: 6.
num_arena_births: 618.
num_arena_deaths: 0.
num_vsnodes_births: 9.
num_vsnodes_deaths: 0.
num_space_committed: 1059.
num_space_uncommitted: 0.
num_chunks_returned_to_freelist: 6.
num_chunks_taken_from_freelist: 2821.
num_chunk_merges: 6.
num_chunk_splits: 1882.
num_chunks_enlarged: 1282.
num_purges: 0.
num_inconsistent_stats: 0.

CodeHeap 'non-profiled nmethods': size=120000Kb used=3063Kb max_used=3063Kb free=116936Kb
 bounds [0x0000015c3e480000, 0x0000015c3e780000, 0x0000015c459b0000]
CodeHeap 'profiled nmethods': size=120000Kb used=13118Kb max_used=13118Kb free=106881Kb
 bounds [0x0000015c369b0000, 0x0000015c37680000, 0x0000015c3dee0000]
CodeHeap 'non-nmethods': size=5760Kb used=2347Kb max_used=2379Kb free=3412Kb
 bounds [0x0000015c3dee0000, 0x0000015c3e150000, 0x0000015c3e480000]
 total_blobs=7532 nmethods=6656 adapters=789
 compilation: enabled
              stopped_count=0, restarted_count=0
 full_count=0

Compilation events (20 events):
Event: 10.579 Thread 0x0000015c4d855b20 6642       2       com.google.gson.internal.UnsafeAllocator::assertInstantiable (80 bytes)
Event: 10.580 Thread 0x0000015c4d855b20 nmethod 6642 0x0000015c37668310 code [0x0000015c37668580, 0x0000015c37668b58]
Event: 10.580 Thread 0x0000015c4d855b20 6647   !   2       java.io.StringReader::read (105 bytes)
Event: 10.581 Thread 0x0000015c4d855b20 nmethod 6647 0x0000015c37668f10 code [0x0000015c37669100, 0x0000015c376695a8]
Event: 10.581 Thread 0x0000015c4d855b20 6648       2       java.io.StringReader::ensureOpen (18 bytes)
Event: 10.581 Thread 0x0000015c4d855b20 nmethod 6648 0x0000015c37669910 code [0x0000015c37669ac0, 0x0000015c37669c88]
Event: 10.581 Thread 0x0000015c4d855b20 6649       2       com.google.gson.stream.JsonReader::fillBuffer (169 bytes)
Event: 10.581 Thread 0x0000015c4d855b20 nmethod 6649 0x0000015c37669d90 code [0x0000015c37669f40, 0x0000015c3766a278]
Event: 10.590 Thread 0x0000015c4d855b20 6651       2       java.util.regex.Pattern::createGroup (86 bytes)
Event: 10.591 Thread 0x0000015c4d855b20 nmethod 6651 0x0000015c3766a410 code [0x0000015c3766a5e0, 0x0000015c3766aa78]
Event: 10.591 Thread 0x0000015c4d855b20 6653       2       kotlin.text.StringsKt__StringsKt::indexOf (57 bytes)
Event: 10.592 Thread 0x0000015c4d855b20 nmethod 6653 0x0000015c3766ac10 code [0x0000015c3766ae60, 0x0000015c3766b3e8]
Event: 10.592 Thread 0x0000015c4d855b20 6652       2       java.util.regex.Pattern$GroupHead::<init> (10 bytes)
Event: 10.592 Thread 0x0000015c4d855b20 nmethod 6652 0x0000015c3766b790 code [0x0000015c3766b920, 0x0000015c3766ba98]
Event: 10.592 Thread 0x0000015c4d855b20 6655       2       kotlin.text.StringsKt__StringsJVMKt::replace (190 bytes)
Event: 10.594 Thread 0x0000015c4d855b20 nmethod 6655 0x0000015c3766bb10 code [0x0000015c3766be20, 0x0000015c3766c898]
Event: 10.594 Thread 0x0000015c4d855b20 6654       2       kotlin.text.StringsKt__StringsJVMKt::replace$default (17 bytes)
Event: 10.594 Thread 0x0000015c4d855b20 nmethod 6654 0x0000015c3766d110 code [0x0000015c3766d2a0, 0x0000015c3766d3a8]
Event: 10.594 Thread 0x0000015c4d855b20 6656       2       kotlin.jvm.internal.Intrinsics::checkParameterIsNotNull (9 bytes)
Event: 10.594 Thread 0x0000015c4d855b20 nmethod 6656 0x0000015c3766d490 code [0x0000015c3766d660, 0x0000015c3766d8b8]

GC Heap History (20 events):
Event: 6.678 GC heap before
{Heap before GC invocations=12 (full 0):
 garbage-first heap   total 82944K, used 61811K [0x0000000080000000, 0x0000000100000000)
  region size 1024K, 30 young (30720K), 2 survivors (2048K)
 Metaspace       used 48401K, committed 48832K, reserved 1097728K
  class space    used 6398K, committed 6592K, reserved 1048576K
}
Event: 6.684 GC heap after
{Heap after GC invocations=13 (full 0):
 garbage-first heap   total 82944K, used 33545K [0x0000000080000000, 0x0000000100000000)
  region size 1024K, 4 young (4096K), 4 survivors (4096K)
 Metaspace       used 48401K, committed 48832K, reserved 1097728K
  class space    used 6398K, committed 6592K, reserved 1048576K
}
Event: 7.555 GC heap before
{Heap before GC invocations=13 (full 0):
 garbage-first heap   total 82944K, used 62217K [0x0000000080000000, 0x0000000100000000)
  region size 1024K, 32 young (32768K), 4 survivors (4096K)
 Metaspace       used 51315K, committed 51776K, reserved 1097728K
  class space    used 6785K, committed 6976K, reserved 1048576K
}
Event: 7.563 GC heap after
{Heap after GC invocations=14 (full 0):
 garbage-first heap   total 82944K, used 35913K [0x0000000080000000, 0x0000000100000000)
  region size 1024K, 4 young (4096K), 4 survivors (4096K)
 Metaspace       used 51315K, committed 51776K, reserved 1097728K
  class space    used 6785K, committed 6976K, reserved 1048576K
}
Event: 8.252 GC heap before
{Heap before GC invocations=14 (full 0):
 garbage-first heap   total 82944K, used 65609K [0x0000000080000000, 0x0000000100000000)
  region size 1024K, 31 young (31744K), 4 survivors (4096K)
 Metaspace       used 52447K, committed 52864K, reserved 1097728K
  class space    used 6927K, committed 7104K, reserved 1048576K
}
Event: 8.260 GC heap after
{Heap after GC invocations=15 (full 0):
 garbage-first heap   total 82944K, used 44327K [0x0000000080000000, 0x0000000100000000)
  region size 1024K, 4 young (4096K), 4 survivors (4096K)
 Metaspace       used 52447K, committed 52864K, reserved 1097728K
  class space    used 6927K, committed 7104K, reserved 1048576K
}
Event: 8.580 GC heap before
{Heap before GC invocations=15 (full 0):
 garbage-first heap   total 82944K, used 61735K [0x0000000080000000, 0x0000000100000000)
  region size 1024K, 21 young (21504K), 4 survivors (4096K)
 Metaspace       used 54816K, committed 55232K, reserved 1097728K
  class space    used 7255K, committed 7424K, reserved 1048576K
}
Event: 8.586 GC heap after
{Heap after GC invocations=16 (full 0):
 garbage-first heap   total 82944K, used 45121K [0x0000000080000000, 0x0000000100000000)
  region size 1024K, 1 young (1024K), 1 survivors (1024K)
 Metaspace       used 54816K, committed 55232K, reserved 1097728K
  class space    used 7255K, committed 7424K, reserved 1048576K
}
Event: 8.987 GC heap before
{Heap before GC invocations=17 (full 0):
 garbage-first heap   total 82944K, used 62529K [0x0000000080000000, 0x0000000100000000)
  region size 1024K, 19 young (19456K), 1 survivors (1024K)
 Metaspace       used 57886K, committed 58368K, reserved 1105920K
  class space    used 7640K, committed 7872K, reserved 1048576K
}
Event: 8.990 GC heap after
{Heap after GC invocations=18 (full 0):
 garbage-first heap   total 82944K, used 45789K [0x0000000080000000, 0x0000000100000000)
  region size 1024K, 2 young (2048K), 2 survivors (2048K)
 Metaspace       used 57886K, committed 58368K, reserved 1105920K
  class space    used 7640K, committed 7872K, reserved 1048576K
}
Event: 9.392 GC heap before
{Heap before GC invocations=18 (full 0):
 garbage-first heap   total 82944K, used 64221K [0x0000000080000000, 0x0000000100000000)
  region size 1024K, 20 young (20480K), 2 survivors (2048K)
 Metaspace       used 60901K, committed 61440K, reserved 1105920K
  class space    used 8081K, committed 8320K, reserved 1048576K
}
Event: 9.396 GC heap after
{Heap after GC invocations=19 (full 0):
 garbage-first heap   total 100352K, used 46806K [0x0000000080000000, 0x0000000100000000)
  region size 1024K, 3 young (3072K), 3 survivors (3072K)
 Metaspace       used 60901K, committed 61440K, reserved 1105920K
  class space    used 8081K, committed 8320K, reserved 1048576K
}
Event: 9.601 GC heap before
{Heap before GC invocations=20 (full 0):
 garbage-first heap   total 100352K, used 51926K [0x0000000080000000, 0x0000000100000000)
  region size 1024K, 9 young (9216K), 3 survivors (3072K)
 Metaspace       used 62429K, committed 62912K, reserved 1105920K
  class space    used 8252K, committed 8448K, reserved 1048576K
}
Event: 9.607 GC heap after
{Heap after GC invocations=21 (full 0):
 garbage-first heap   total 100352K, used 47939K [0x0000000080000000, 0x0000000100000000)
  region size 1024K, 4 young (4096K), 4 survivors (4096K)
 Metaspace       used 62429K, committed 62912K, reserved 1105920K
  class space    used 8252K, committed 8448K, reserved 1048576K
}
Event: 9.692 GC heap before
{Heap before GC invocations=22 (full 0):
 garbage-first heap   total 104448K, used 60227K [0x0000000080000000, 0x0000000100000000)
  region size 1024K, 13 young (13312K), 4 survivors (4096K)
 Metaspace       used 62435K, committed 62912K, reserved 1105920K
  class space    used 8252K, committed 8448K, reserved 1048576K
}
Event: 9.700 GC heap after
{Heap after GC invocations=23 (full 0):
 garbage-first heap   total 104448K, used 53901K [0x0000000080000000, 0x0000000100000000)
  region size 1024K, 5 young (5120K), 5 survivors (5120K)
 Metaspace       used 62435K, committed 62912K, reserved 1105920K
  class space    used 8252K, committed 8448K, reserved 1048576K
}
Event: 10.157 GC heap before
{Heap before GC invocations=24 (full 0):
 garbage-first heap   total 104448K, used 77453K [0x0000000080000000, 0x0000000100000000)
  region size 1024K, 26 young (26624K), 5 survivors (5120K)
 Metaspace       used 64591K, committed 65088K, reserved 1105920K
  class space    used 8528K, committed 8704K, reserved 1048576K
}
Event: 10.163 GC heap after
{Heap after GC invocations=25 (full 0):
 garbage-first heap   total 104448K, used 51015K [0x0000000080000000, 0x0000000100000000)
  region size 1024K, 2 young (2048K), 2 survivors (2048K)
 Metaspace       used 64591K, committed 65088K, reserved 1105920K
  class space    used 8528K, committed 8704K, reserved 1048576K
}
Event: 10.525 GC heap before
{Heap before GC invocations=25 (full 0):
 garbage-first heap   total 104448K, used 74567K [0x0000000080000000, 0x0000000100000000)
  region size 1024K, 26 young (26624K), 2 survivors (2048K)
 Metaspace       used 66622K, committed 67200K, reserved 1114112K
  class space    used 8768K, committed 9024K, reserved 1048576K
}
Event: 10.531 GC heap after
{Heap after GC invocations=26 (full 0):
 garbage-first heap   total 104448K, used 53063K [0x0000000080000000, 0x0000000100000000)
  region size 1024K, 4 young (4096K), 4 survivors (4096K)
 Metaspace       used 66622K, committed 67200K, reserved 1114112K
  class space    used 8768K, committed 9024K, reserved 1048576K
}

Dll operation events (2 events):
Event: 0.008 Loaded shared library G:\Program\Android Studio\jbr\bin\java.dll
Event: 0.618 Loaded shared library G:\Program\Android Studio\jbr\bin\verify.dll

Deoptimization events (20 events):
Event: 9.732 Thread 0x0000015c4eb8f060 DEOPT PACKING pc=0x0000015c37560d06 sp=0x00000007caff24e0
Event: 9.732 Thread 0x0000015c4eb8f060 DEOPT UNPACKING pc=0x0000015c3df37143 sp=0x00000007caff1960 mode 0
Event: 10.218 Thread 0x0000015c4eb8f060 DEOPT PACKING pc=0x0000015c37590711 sp=0x00000007caff56b0
Event: 10.218 Thread 0x0000015c4eb8f060 DEOPT UNPACKING pc=0x0000015c3df37143 sp=0x00000007caff4bc0 mode 0
Event: 10.452 Thread 0x0000015c4eb8f060 DEOPT PACKING pc=0x0000015c37582b2a sp=0x00000007caff7500
Event: 10.452 Thread 0x0000015c4eb8f060 DEOPT UNPACKING pc=0x0000015c3df37143 sp=0x00000007caff69c0 mode 0
Event: 10.461 Thread 0x0000015c4eb8f060 Uncommon trap: trap_request=0xffffff45 fr.pc=0x0000015c3e713bbc relative=0x00000000000002fc
Event: 10.461 Thread 0x0000015c4eb8f060 Uncommon trap: reason=unstable_if action=reinterpret pc=0x0000015c3e713bbc method=org.gradle.internal.reflect.PropertyAccessorType.of(Ljava/lang/reflect/Method;)Lorg/gradle/internal/reflect/PropertyAccessorType; @ 56 c2
Event: 10.461 Thread 0x0000015c4eb8f060 DEOPT PACKING pc=0x0000015c3e713bbc sp=0x00000007caff7470
Event: 10.461 Thread 0x0000015c4eb8f060 DEOPT UNPACKING pc=0x0000015c3df369a3 sp=0x00000007caff7430 mode 2
Event: 10.482 Thread 0x0000015c4eb8f060 Uncommon trap: trap_request=0xffffff45 fr.pc=0x0000015c3e774dd0 relative=0x0000000000000990
Event: 10.482 Thread 0x0000015c4eb8f060 Uncommon trap: reason=unstable_if action=reinterpret pc=0x0000015c3e774dd0 method=org.objectweb.asm.Label.resolve([BI)Z @ 80 c2
Event: 10.482 Thread 0x0000015c4eb8f060 DEOPT PACKING pc=0x0000015c3e774dd0 sp=0x00000007caff5cd0
Event: 10.482 Thread 0x0000015c4eb8f060 DEOPT UNPACKING pc=0x0000015c3df369a3 sp=0x00000007caff5bf0 mode 2
Event: 10.482 Thread 0x0000015c4eb8f060 Uncommon trap: trap_request=0xffffff45 fr.pc=0x0000015c3e76c698 relative=0x00000000000001f8
Event: 10.482 Thread 0x0000015c4eb8f060 Uncommon trap: reason=unstable_if action=reinterpret pc=0x0000015c3e76c698 method=org.objectweb.asm.Label.resolve([BI)Z @ 80 c2
Event: 10.482 Thread 0x0000015c4eb8f060 DEOPT PACKING pc=0x0000015c3e76c698 sp=0x00000007caff5c60
Event: 10.482 Thread 0x0000015c4eb8f060 DEOPT UNPACKING pc=0x0000015c3df369a3 sp=0x00000007caff5be0 mode 2
Event: 10.569 Thread 0x0000015c4eb8f060 DEOPT PACKING pc=0x0000015c37650ac0 sp=0x00000007caff62a0
Event: 10.569 Thread 0x0000015c4eb8f060 DEOPT UNPACKING pc=0x0000015c3df37143 sp=0x00000007caff57b8 mode 0

Classes unloaded (0 events):
No events

Classes redefined (0 events):
No events

Internal exceptions (20 events):
Event: 9.211 Thread 0x0000015c4eb8f060 Exception <a 'java/lang/IncompatibleClassChangeError'{0x0000000084631f48}: Found class java.lang.Object, but interface was expected> (0x0000000084631f48) 
thrown [s\src\hotspot\share\interpreter\linkResolver.cpp, line 838]
Event: 9.282 Thread 0x0000015c4eb8f060 Implicit null exception at 0x0000015c3e714dd4 to 0x0000015c3e714f6c
Event: 9.485 Thread 0x0000015c4eb8f060 Implicit null exception at 0x0000015c3e612f0c to 0x0000015c3e613042
Event: 9.884 Thread 0x0000015c4eb8f060 Exception <a 'sun/nio/fs/WindowsException'{0x0000000085e77148}> (0x0000000085e77148) 
thrown [s\src\hotspot\share\prims\jni.cpp, line 517]
Event: 10.272 Thread 0x0000015c4eb8f060 Exception <a 'java/lang/ClassNotFoundException'{0x0000000085d0af98}: org/gradle/api/internal/project/DefaultProject_DecoratedBeanInfo> (0x0000000085d0af98) 
thrown [s\src\hotspot\share\classfile\systemDictionary.cpp, line 256]
Event: 10.273 Thread 0x0000015c4eb8f060 Exception <a 'java/lang/ClassNotFoundException'{0x0000000085d225f0}: org/gradle/api/internal/project/DefaultProjectBeanInfo> (0x0000000085d225f0) 
thrown [s\src\hotspot\share\classfile\systemDictionary.cpp, line 256]
Event: 10.274 Thread 0x0000015c4eb8f060 Exception <a 'java/lang/ClassNotFoundException'{0x0000000085d3a078}: org/gradle/api/internal/project/DefaultProjectCustomizer> (0x0000000085d3a078) 
thrown [s\src\hotspot\share\classfile\systemDictionary.cpp, line 256]
Event: 10.280 Thread 0x0000015c4eb8f060 Exception <a 'java/lang/ClassNotFoundException'{0x0000000085dede30}: org/gradle/api/internal/project/DefaultProject_DecoratedCustomizer> (0x0000000085dede30) 
thrown [s\src\hotspot\share\classfile\systemDictionary.cpp, line 256]
Event: 10.294 Thread 0x0000015c4eb8f060 Exception <a 'java/lang/ClassNotFoundException'{0x0000000085cd8ba0}: org/gradle/api/plugins/internal/DefaultBasePluginConvention_DecoratedBeanInfo> (0x0000000085cd8ba0) 
thrown [s\src\hotspot\share\classfile\systemDictionary.cpp, line 256]
Event: 10.295 Thread 0x0000015c4eb8f060 Exception <a 'java/lang/ClassNotFoundException'{0x0000000085cf4100}: org/gradle/api/plugins/internal/DefaultBasePluginConventionBeanInfo> (0x0000000085cf4100) 
thrown [s\src\hotspot\share\classfile\systemDictionary.cpp, line 256]
Event: 10.296 Thread 0x0000015c4eb8f060 Exception <a 'java/lang/ClassNotFoundException'{0x0000000085b0ef48}: org/gradle/api/plugins/BasePluginConventionBeanInfo> (0x0000000085b0ef48) 
thrown [s\src\hotspot\share\classfile\systemDictionary.cpp, line 256]
Event: 10.297 Thread 0x0000015c4eb8f060 Exception <a 'java/lang/ClassNotFoundException'{0x0000000085b29858}: org/gradle/api/plugins/BasePluginConventionCustomizer> (0x0000000085b29858) 
thrown [s\src\hotspot\share\classfile\systemDictionary.cpp, line 256]
Event: 10.298 Thread 0x0000015c4eb8f060 Exception <a 'java/lang/ClassNotFoundException'{0x0000000085b4ec48}: org/gradle/api/plugins/internal/DefaultBasePluginConventionCustomizer> (0x0000000085b4ec48) 
thrown [s\src\hotspot\share\classfile\systemDictionary.cpp, line 256]
Event: 10.300 Thread 0x0000015c4eb8f060 Exception <a 'java/lang/ClassNotFoundException'{0x0000000085b7c9b0}: org/gradle/api/plugins/internal/DefaultBasePluginConvention_DecoratedCustomizer> (0x0000000085b7c9b0) 
thrown [s\src\hotspot\share\classfile\systemDictionary.cpp, line 256]
Event: 10.305 Thread 0x0000015c4eb8f060 Exception <a 'java/lang/ClassNotFoundException'{0x0000000085bf9f10}: org/gradle/api/plugins/internal/DefaultJavaPluginConvention_DecoratedBeanInfo> (0x0000000085bf9f10) 
thrown [s\src\hotspot\share\classfile\systemDictionary.cpp, line 256]
Event: 10.306 Thread 0x0000015c4eb8f060 Exception <a 'java/lang/ClassNotFoundException'{0x0000000085a156d0}: org/gradle/api/plugins/internal/DefaultJavaPluginConventionBeanInfo> (0x0000000085a156d0) 
thrown [s\src\hotspot\share\classfile\systemDictionary.cpp, line 256]
Event: 10.311 Thread 0x0000015c4eb8f060 Exception <a 'java/lang/ClassNotFoundException'{0x0000000085a30018}: org/gradle/api/plugins/JavaPluginConventionBeanInfo> (0x0000000085a30018) 
thrown [s\src\hotspot\share\classfile\systemDictionary.cpp, line 256]
Event: 10.312 Thread 0x0000015c4eb8f060 Exception <a 'java/lang/ClassNotFoundException'{0x0000000085a4a928}: org/gradle/api/plugins/JavaPluginConventionCustomizer> (0x0000000085a4a928) 
thrown [s\src\hotspot\share\classfile\systemDictionary.cpp, line 256]
Event: 10.314 Thread 0x0000015c4eb8f060 Exception <a 'java/lang/ClassNotFoundException'{0x0000000085a79c18}: org/gradle/api/plugins/internal/DefaultJavaPluginConventionCustomizer> (0x0000000085a79c18) 
thrown [s\src\hotspot\share\classfile\systemDictionary.cpp, line 256]
Event: 10.316 Thread 0x0000015c4eb8f060 Exception <a 'java/lang/ClassNotFoundException'{0x0000000085abb930}: org/gradle/api/plugins/internal/DefaultJavaPluginConvention_DecoratedCustomizer> (0x0000000085abb930) 
thrown [s\src\hotspot\share\classfile\systemDictionary.cpp, line 256]

VM Operations (20 events):
Event: 9.498 Executing VM operation: HandshakeAllThreads
Event: 9.498 Executing VM operation: HandshakeAllThreads done
Event: 9.600 Executing VM operation: G1TryInitiateConcMark
Event: 9.607 Executing VM operation: G1TryInitiateConcMark done
Event: 9.650 Executing VM operation: G1Concurrent
Event: 9.656 Executing VM operation: G1Concurrent done
Event: 9.673 Executing VM operation: G1Concurrent
Event: 9.673 Executing VM operation: G1Concurrent done
Event: 9.692 Executing VM operation: G1TryInitiateConcMark
Event: 9.703 Executing VM operation: G1TryInitiateConcMark done
Event: 9.750 Executing VM operation: G1Concurrent
Event: 9.756 Executing VM operation: G1Concurrent done
Event: 9.775 Executing VM operation: G1Concurrent
Event: 9.776 Executing VM operation: G1Concurrent done
Event: 10.157 Executing VM operation: G1CollectForAllocation
Event: 10.163 Executing VM operation: G1CollectForAllocation done
Event: 10.525 Executing VM operation: G1CollectForAllocation
Event: 10.531 Executing VM operation: G1CollectForAllocation done
Event: 10.582 Executing VM operation: G1Concurrent
Event: 10.588 Executing VM operation: G1Concurrent done

Events (20 events):
Event: 10.285 loading class org/xml/sax/Attributes
Event: 10.286 loading class org/xml/sax/Attributes done
Event: 10.376 loading class javax/management/InstanceAlreadyExistsException
Event: 10.376 loading class javax/management/InstanceAlreadyExistsException done
Event: 10.376 loading class javax/management/MBeanRegistrationException
Event: 10.376 loading class javax/management/MBeanRegistrationException done
Event: 10.376 loading class javax/management/NotCompliantMBeanException
Event: 10.376 loading class javax/management/NotCompliantMBeanException done
Event: 10.379 loading class com/sun/jmx/mbeanserver/StandardMBeanSupport
Event: 10.379 loading class com/sun/jmx/mbeanserver/StandardMBeanSupport done
Event: 10.379 loading class com/sun/jmx/mbeanserver/StandardMBeanIntrospector
Event: 10.379 loading class com/sun/jmx/mbeanserver/StandardMBeanIntrospector done
Event: 10.431 loading class javax/xml/stream/XMLStreamException
Event: 10.431 loading class javax/xml/stream/XMLStreamException done
Event: 10.459 loading class sun/reflect/annotation/AnnotationInvocationHandler$1
Event: 10.459 loading class sun/reflect/annotation/AnnotationInvocationHandler$1 done
Event: 10.542 loading class sun/reflect/generics/repository/FieldRepository
Event: 10.543 loading class sun/reflect/generics/repository/FieldRepository done
Event: 10.557 loading class jdk/internal/vm/annotation/ForceInline
Event: 10.557 loading class jdk/internal/vm/annotation/ForceInline done


Dynamic libraries:
0x00007ff7fe4c0000 - 0x00007ff7fe4ca000 	G:\Program\Android Studio\jbr\bin\java.exe
0x00007ffb3b8f0000 - 0x00007ffb3bae8000 	C:\Windows\SYSTEM32\ntdll.dll
0x00007ffb3a7a0000 - 0x00007ffb3a85f000 	C:\Windows\System32\KERNEL32.DLL
0x00007ffb39270000 - 0x00007ffb39566000 	C:\Windows\System32\KERNELBASE.dll
0x00007ffb39790000 - 0x00007ffb39890000 	C:\Windows\System32\ucrtbase.dll
0x00007ffb31ed0000 - 0x00007ffb31eeb000 	G:\Program\Android Studio\jbr\bin\VCRUNTIME140.dll
0x00007ffb2daa0000 - 0x00007ffb2dab7000 	G:\Program\Android Studio\jbr\bin\jli.dll
0x00007ffb39fa0000 - 0x00007ffb3a13d000 	C:\Windows\System32\USER32.dll
0x00007ffb39890000 - 0x00007ffb398b2000 	C:\Windows\System32\win32u.dll
0x00007ffb1f090000 - 0x00007ffb1f32a000 	C:\Windows\WinSxS\amd64_microsoft.windows.common-controls_6595b64144ccf1df_6.0.19041.1110_none_60b5254171f9507e\COMCTL32.dll
0x00007ffb3a710000 - 0x00007ffb3a73c000 	C:\Windows\System32\GDI32.dll
0x00007ffb3b520000 - 0x00007ffb3b5be000 	C:\Windows\System32\msvcrt.dll
0x00007ffb38fd0000 - 0x00007ffb390e5000 	C:\Windows\System32\gdi32full.dll
0x00007ffb391d0000 - 0x00007ffb3926d000 	C:\Windows\System32\msvcp_win.dll
0x00007ffb39c60000 - 0x00007ffb39c90000 	C:\Windows\System32\IMM32.DLL
0x00007ffb31070000 - 0x00007ffb3107c000 	G:\Program\Android Studio\jbr\bin\vcruntime140_1.dll
0x00007ffafb880000 - 0x00007ffafb90d000 	G:\Program\Android Studio\jbr\bin\msvcp140.dll
0x00007ffad1380000 - 0x00007ffad1fed000 	G:\Program\Android Studio\jbr\bin\server\jvm.dll
0x00007ffb39bb0000 - 0x00007ffb39c5f000 	C:\Windows\System32\ADVAPI32.dll
0x00007ffb3b480000 - 0x00007ffb3b51c000 	C:\Windows\System32\sechost.dll
0x00007ffb3b710000 - 0x00007ffb3b836000 	C:\Windows\System32\RPCRT4.dll
0x00007ffb13de0000 - 0x00007ffb13de9000 	C:\Windows\SYSTEM32\WSOCK32.dll
0x00007ffb26840000 - 0x00007ffb26867000 	C:\Windows\SYSTEM32\WINMM.dll
0x00007ffb31d40000 - 0x00007ffb31d4a000 	C:\Windows\SYSTEM32\VERSION.dll
0x00007ffb3b6a0000 - 0x00007ffb3b70b000 	C:\Windows\System32\WS2_32.dll
0x00007ffb36d90000 - 0x00007ffb36da2000 	C:\Windows\SYSTEM32\kernel.appcore.dll
0x00007ffb36740000 - 0x00007ffb3674a000 	G:\Program\Android Studio\jbr\bin\jimage.dll
0x00007ffb22d00000 - 0x00007ffb22ee4000 	C:\Windows\SYSTEM32\DBGHELP.DLL
0x00007ffb21480000 - 0x00007ffb214b4000 	C:\Windows\SYSTEM32\dbgcore.DLL
0x00007ffb398c0000 - 0x00007ffb39942000 	C:\Windows\System32\bcryptPrimitives.dll
0x00007ffb33d60000 - 0x00007ffb33d85000 	G:\Program\Android Studio\jbr\bin\java.dll
0x00007ffb33d40000 - 0x00007ffb33d58000 	G:\Program\Android Studio\jbr\bin\zip.dll
0x00007ffb3acd0000 - 0x00007ffb3b414000 	C:\Windows\System32\SHELL32.dll
0x00007ffb37070000 - 0x00007ffb37803000 	C:\Windows\SYSTEM32\windows.storage.dll
0x00007ffb3a320000 - 0x00007ffb3a674000 	C:\Windows\System32\combase.dll
0x00007ffb38950000 - 0x00007ffb3897e000 	C:\Windows\SYSTEM32\Wldp.dll
0x00007ffb3a270000 - 0x00007ffb3a31d000 	C:\Windows\System32\SHCORE.dll
0x00007ffb3b850000 - 0x00007ffb3b8a5000 	C:\Windows\System32\shlwapi.dll
0x00007ffb38f10000 - 0x00007ffb38f2f000 	C:\Windows\SYSTEM32\profapi.dll
0x00007ffb33cd0000 - 0x00007ffb33ce9000 	G:\Program\Android Studio\jbr\bin\net.dll
0x00007ffb31760000 - 0x00007ffb3186a000 	C:\Windows\SYSTEM32\WINHTTP.dll
0x00007ffb38730000 - 0x00007ffb3879a000 	C:\Windows\system32\mswsock.dll
0x00007ffb32000000 - 0x00007ffb32016000 	G:\Program\Android Studio\jbr\bin\nio.dll
0x00007ffb34c50000 - 0x00007ffb34c60000 	G:\Program\Android Studio\jbr\bin\verify.dll
0x00007ffb310d0000 - 0x00007ffb310f7000 	C:\Users\maxim\.gradle\native\68d5fa5c4cc2d200863cafc0d521ce42e7d3e7ee720ec0a83991735586a16f82\windows-amd64\native-platform.dll
0x00007ffaefaa0000 - 0x00007ffaefbe4000 	C:\Users\maxim\.gradle\native\e376f236ea51e6404a007f0833ffe2c6e607c4080706a723a18a27aeea778392\windows-amd64\native-platform-file-events.dll
0x00007ffb367c0000 - 0x00007ffb367c9000 	G:\Program\Android Studio\jbr\bin\management.dll
0x00007ffb34c60000 - 0x00007ffb34c6b000 	G:\Program\Android Studio\jbr\bin\management_ext.dll
0x00007ffb39c90000 - 0x00007ffb39c98000 	C:\Windows\System32\PSAPI.DLL
0x00007ffb38cc0000 - 0x00007ffb38cd8000 	C:\Windows\SYSTEM32\CRYPTSP.dll
0x00007ffb37f80000 - 0x00007ffb37fb4000 	C:\Windows\system32\rsaenh.dll
0x00007ffb390f0000 - 0x00007ffb39117000 	C:\Windows\System32\bcrypt.dll
0x00007ffb38ed0000 - 0x00007ffb38efe000 	C:\Windows\SYSTEM32\USERENV.dll
0x00007ffb388c0000 - 0x00007ffb388cc000 	C:\Windows\SYSTEM32\CRYPTBASE.dll
0x00007ffb383d0000 - 0x00007ffb3840c000 	C:\Windows\SYSTEM32\IPHLPAPI.DLL
0x00007ffb3b840000 - 0x00007ffb3b848000 	C:\Windows\System32\NSI.dll
0x00007ffb329a0000 - 0x00007ffb329b7000 	C:\Windows\SYSTEM32\dhcpcsvc6.DLL
0x00007ffb32860000 - 0x00007ffb3287d000 	C:\Windows\SYSTEM32\dhcpcsvc.DLL
0x00007ffb38410000 - 0x00007ffb384db000 	C:\Windows\SYSTEM32\DNSAPI.dll
0x00007ffb34a30000 - 0x00007ffb34a37000 	C:\Windows\system32\wshunix.dll

dbghelp: loaded successfully - version: 4.0.5 - missing functions: none
symbol engine: initialized successfully - sym options: 0x614 - pdb path: .;G:\Program\Android Studio\jbr\bin;C:\Windows\SYSTEM32;C:\Windows\WinSxS\amd64_microsoft.windows.common-controls_6595b64144ccf1df_6.0.19041.1110_none_60b5254171f9507e;G:\Program\Android Studio\jbr\bin\server;C:\Users\maxim\.gradle\native\68d5fa5c4cc2d200863cafc0d521ce42e7d3e7ee720ec0a83991735586a16f82\windows-amd64;C:\Users\maxim\.gradle\native\e376f236ea51e6404a007f0833ffe2c6e607c4080706a723a18a27aeea778392\windows-amd64

VM Arguments:
jvm_args: --add-opens=java.base/java.util=ALL-UNNAMED --add-opens=java.base/java.lang=ALL-UNNAMED --add-opens=java.base/java.lang.invoke=ALL-UNNAMED --add-opens=java.prefs/java.util.prefs=ALL-UNNAMED --add-opens=java.base/java.nio.charset=ALL-UNNAMED --add-opens=java.base/java.net=ALL-UNNAMED --add-opens=java.base/java.util.concurrent.atomic=ALL-UNNAMED -Xmx2048m -Dfile.encoding=UTF-8 -Duser.country=RU -Duser.language=ru -Duser.variant 
java_command: org.gradle.launcher.daemon.bootstrap.GradleDaemon 8.0
java_class_path (initial): C:\Users\maxim\.gradle\wrapper\dists\gradle-8.0-bin\ca5e32bp14vu59qr306oxotwh\gradle-8.0\lib\gradle-launcher-8.0.jar
Launcher Type: SUN_STANDARD

[Global flags]
     intx CICompilerCount                          = 3                                         {product} {ergonomic}
     uint ConcGCThreads                            = 2                                         {product} {ergonomic}
     uint G1ConcRefinementThreads                  = 6                                         {product} {ergonomic}
   size_t G1HeapRegionSize                         = 1048576                                   {product} {ergonomic}
    uintx GCDrainStackTargetSize                   = 64                                        {product} {ergonomic}
   size_t InitialHeapSize                          = 134217728                                 {product} {ergonomic}
   size_t MarkStackSize                            = 4194304                                   {product} {ergonomic}
   size_t MaxHeapSize                              = 2147483648                                {product} {command line}
   size_t MaxNewSize                               = 1287651328                                {product} {ergonomic}
   size_t MinHeapDeltaBytes                        = 1048576                                   {product} {ergonomic}
   size_t MinHeapSize                              = 8388608                                   {product} {ergonomic}
    uintx NonNMethodCodeHeapSize                   = 5832780                                {pd product} {ergonomic}
    uintx NonProfiledCodeHeapSize                  = 122912730                              {pd product} {ergonomic}
    uintx ProfiledCodeHeapSize                     = 122912730                              {pd product} {ergonomic}
    uintx ReservedCodeCacheSize                    = 251658240                              {pd product} {ergonomic}
     bool SegmentedCodeCache                       = true                                      {product} {ergonomic}
   size_t SoftMaxHeapSize                          = 2147483648                             {manageable} {ergonomic}
     bool UseCompressedClassPointers               = true                           {product lp64_product} {ergonomic}
     bool UseCompressedOops                        = true                           {product lp64_product} {ergonomic}
     bool UseG1GC                                  = true                                      {product} {ergonomic}
     bool UseLargePagesIndividualAllocation        = false                                  {pd product} {ergonomic}

Logging:
Log output configuration:
 #0: stdout all=warning uptime,level,tags
 #1: stderr all=off uptime,level,tags

Environment Variables:
PATH=C:\Program Files\Common Files\Oracle\Java\javapath;C:\Windows\system32;C:\Windows;C:\Windows\System32\Wbem;C:\Windows\System32\WindowsPowerShell\v1.0\;C:\Windows\System32\OpenSSH\;C:\Program Files\NVIDIA Corporation\NVIDIA NvDLISR;C:\Program Files\Git\cmd;C:\Program Files (x86)\NVIDIA Corporation\PhysX\Common;C:\Program Files\Docker\Docker\resources\bin;C:\Program Files\MySQL\MySQL Shell 8.0\bin\;C:\Users\maxim\AppData\Local\Microsoft\WindowsApps;
USERNAME=maxim
OS=Windows_NT
PROCESSOR_IDENTIFIER=AMD64 Family 21 Model 2 Stepping 0, AuthenticAMD
TMP=C:\Users\maxim\AppData\Local\Temp
TEMP=C:\Users\maxim\AppData\Local\Temp



---------------  S Y S T E M  ---------------

OS:
 Windows 10 , 64 bit Build 19041 (10.0.19041.2913)
OS uptime: 3 days 2:10 hours
Hyper-V role detected

CPU: total 6 (initial active 6) (6 cores per cpu, 1 threads per core) family 21 model 2 stepping 0 microcode 0x0, cx8, cmov, fxsr, mmx, 3dnowpref, sse, sse2, sse3, ssse3, sse4a, sse4.1, sse4.2, popcnt, lzcnt, tsc, tscinvbit, avx, aes, clmul, bmi1, fma, vzeroupper, clflush, hv

Memory: 4k page, system-wide physical 8175M (316M free)
TotalPageFile size 22477M (AvailPageFile size 5M)
current process WorkingSet (physical memory assigned to process): 284M, peak: 285M
current process commit charge ("private bytes"): 319M, peak: 319M

vm_info: OpenJDK 64-Bit Server VM (17.0.6+0-b2043.56-9586694) for windows-amd64 JRE (17.0.6+0-b2043.56-9586694), built on Feb  9 2023 20:06:20 by "androidbuild" with MS VC++ 16.10 / 16.11 (VS2019)

END.
