#
# There is insufficient memory for the Java Runtime Environment to continue.
# Native memory allocation (mmap) failed to map 45088768 bytes for G1 virtual space
# Possible reasons:
#   The system is out of physical RAM or swap space
#   The process is running with CompressedOops enabled, and the Java Heap may be blocking the growth of the native heap
# Possible solutions:
#   Reduce memory load on the system
#   Increase physical memory or swap space
#   Check if swap backing store is full
#   Decrease Java heap size (-Xmx/-Xms)
#   Decrease number of Java threads
#   Decrease Java thread stack sizes (-Xss)
#   Set larger code cache with -XX:ReservedCodeCacheSize=
#   JVM is running with Unscaled Compressed Oops mode in which the Java heap is
#     placed in the first 4GB address space. The Java Heap base address is the
#     maximum limit for the native heap growth. Please use -XX:HeapBaseMinAddress
#     to set the Java Heap base and to place the Java Heap above 4GB virtual address.
# This output file may be truncated or incomplete.
#
#  Out of Memory Error (os_windows.cpp:3769), pid=28256, tid=29628
#
# JRE version: OpenJDK Runtime Environment (17.0.6) (build 17.0.6+0-b2043.56-9586694)
# Java VM: OpenJDK 64-Bit Server VM (17.0.6+0-b2043.56-9586694, mixed mode, tiered, compressed oops, compressed class ptrs, g1 gc, windows-amd64)
# No core dump will be written. Minidumps are not enabled by default on client versions of Windows
#

---------------  S U M M A R Y ------------

Command Line: --add-opens=java.base/java.util=ALL-UNNAMED --add-opens=java.base/java.lang=ALL-UNNAMED --add-opens=java.base/java.lang.invoke=ALL-UNNAMED --add-opens=java.prefs/java.util.prefs=ALL-UNNAMED --add-opens=java.base/java.nio.charset=ALL-UNNAMED --add-opens=java.base/java.net=ALL-UNNAMED --add-opens=java.base/java.util.concurrent.atomic=ALL-UNNAMED -Xmx2048m -Dfile.encoding=UTF-8 -Duser.country=RU -Duser.language=ru -Duser.variant org.gradle.launcher.daemon.bootstrap.GradleDaemon 8.0

Host: AMD FX(tm)-6350 Six-Core Processor             , 6 cores, 7G,  Windows 10 , 64 bit Build 19041 (10.0.19041.2913)
Time: Fri Jun  2 16:14:27 2023 RTZ 2 (s 10 , 64 bit Build 19041 (10.0.19041.2913) elapsed time: 7.475894 seconds (0d 0h 0m 7s)

---------------  T H R E A D  ---------------

Current thread (0x0000028f7f01aa00):  VMThread "VM Thread" [stack: 0x000000bc03000000,0x000000bc03100000] [id=29628]

Stack: [0x000000bc03000000,0x000000bc03100000]
Native frames: (J=compiled Java code, j=interpreted, Vv=VM code, C=native code)
V  [jvm.dll+0x683b4a]
V  [jvm.dll+0x842654]
V  [jvm.dll+0x843dfe]
V  [jvm.dll+0x844463]
V  [jvm.dll+0x249b75]
V  [jvm.dll+0x680a19]
V  [jvm.dll+0x674f0a]
V  [jvm.dll+0x309acb]
V  [jvm.dll+0x310f86]
V  [jvm.dll+0x3608ee]
V  [jvm.dll+0x360b1f]
V  [jvm.dll+0x2dfbf8]
V  [jvm.dll+0x2ddec4]
V  [jvm.dll+0x2dd4cc]
V  [jvm.dll+0x322261]
V  [jvm.dll+0x84893b]
V  [jvm.dll+0x849674]
V  [jvm.dll+0x849b8d]
V  [jvm.dll+0x849f64]
V  [jvm.dll+0x84a030]
V  [jvm.dll+0x7f25fa]
V  [jvm.dll+0x682985]
C  [ucrtbase.dll+0x21bb2]
C  [KERNEL32.DLL+0x17614]
C  [ntdll.dll+0x526a1]

VM_Operation (0x000000bc047f7b70): G1TryInitiateConcMark, mode: safepoint, requested by thread 0x0000028f05214130


---------------  P R O C E S S  ---------------

Threads class SMR info:
_java_thread_list=0x0000028f0759ebc0, length=36, elements={
0x0000028f69609bd0, 0x0000028f7f022100, 0x0000028f7f022e80, 0x0000028f7f05d220,
0x0000028f7f05dae0, 0x0000028f7f05e3a0, 0x0000028f7f058d70, 0x0000028f7f0596e0,
0x0000028f7f05c4a0, 0x0000028f7fc2f010, 0x0000028f7fd92c00, 0x0000028f7fdb47a0,
0x0000028f0679e4f0, 0x0000028f0498ec70, 0x0000028f051e6730, 0x0000028f06c346d0,
0x0000028f052c40f0, 0x0000028f0566ffc0, 0x0000028f05214130, 0x0000028f057b5a90,
0x0000028f057b5f60, 0x0000028f057b2a70, 0x0000028f057b6430, 0x0000028f057b2f40,
0x0000028f057b50f0, 0x0000028f057b3db0, 0x0000028f057b4280, 0x0000028f057b3410,
0x0000028f057b4750, 0x0000028f057b4c20, 0x0000028f057b55c0, 0x0000028f06b51400,
0x0000028f06b4b3c0, 0x0000028f0965aa40, 0x0000028f06b4bd60, 0x0000028f06b500c0
}

Java Threads: ( => current thread )
  0x0000028f69609bd0 JavaThread "main" [_thread_blocked, id=28412, stack(0x000000bc02a00000,0x000000bc02b00000)]
  0x0000028f7f022100 JavaThread "Reference Handler" daemon [_thread_blocked, id=8896, stack(0x000000bc03100000,0x000000bc03200000)]
  0x0000028f7f022e80 JavaThread "Finalizer" daemon [_thread_blocked, id=21876, stack(0x000000bc03200000,0x000000bc03300000)]
  0x0000028f7f05d220 JavaThread "Signal Dispatcher" daemon [_thread_blocked, id=27380, stack(0x000000bc03300000,0x000000bc03400000)]
  0x0000028f7f05dae0 JavaThread "Attach Listener" daemon [_thread_blocked, id=19960, stack(0x000000bc03400000,0x000000bc03500000)]
  0x0000028f7f05e3a0 JavaThread "Service Thread" daemon [_thread_blocked, id=26672, stack(0x000000bc03500000,0x000000bc03600000)]
  0x0000028f7f058d70 JavaThread "Monitor Deflation Thread" daemon [_thread_blocked, id=22120, stack(0x000000bc03600000,0x000000bc03700000)]
  0x0000028f7f0596e0 JavaThread "C2 CompilerThread0" daemon [_thread_in_native, id=3756, stack(0x000000bc03700000,0x000000bc03800000)]
  0x0000028f7f05c4a0 JavaThread "C1 CompilerThread0" daemon [_thread_blocked, id=17000, stack(0x000000bc03800000,0x000000bc03900000)]
  0x0000028f7fc2f010 JavaThread "Sweeper thread" daemon [_thread_blocked, id=11932, stack(0x000000bc03900000,0x000000bc03a00000)]
  0x0000028f7fd92c00 JavaThread "Common-Cleaner" daemon [_thread_blocked, id=27860, stack(0x000000bc03a00000,0x000000bc03b00000)]
  0x0000028f7fdb47a0 JavaThread "Notification Thread" daemon [_thread_blocked, id=11496, stack(0x000000bc03b00000,0x000000bc03c00000)]
  0x0000028f0679e4f0 JavaThread "Daemon health stats" [_thread_blocked, id=27508, stack(0x000000bc04200000,0x000000bc04300000)]
  0x0000028f0498ec70 JavaThread "Incoming local TCP Connector on port 55698" [_thread_in_native, id=18948, stack(0x000000bc04100000,0x000000bc04200000)]
  0x0000028f051e6730 JavaThread "Daemon periodic checks" [_thread_blocked, id=23120, stack(0x000000bc04300000,0x000000bc04400000)]
  0x0000028f06c346d0 JavaThread "Daemon" [_thread_blocked, id=28460, stack(0x000000bc04400000,0x000000bc04500000)]
  0x0000028f052c40f0 JavaThread "Handler for socket connection from /127.0.0.1:55698 to /127.0.0.1:55699" [_thread_in_native, id=27176, stack(0x000000bc04500000,0x000000bc04600000)]
  0x0000028f0566ffc0 JavaThread "Cancel handler" [_thread_blocked, id=23804, stack(0x000000bc04600000,0x000000bc04700000)]
  0x0000028f05214130 JavaThread "Daemon worker" [_thread_blocked, id=9160, stack(0x000000bc04700000,0x000000bc04800000)]
  0x0000028f057b5a90 JavaThread "Asynchronous log dispatcher for DefaultDaemonConnection: socket connection from /127.0.0.1:55698 to /127.0.0.1:55699" [_thread_blocked, id=25616, stack(0x000000bc04800000,0x000000bc04900000)]
  0x0000028f057b5f60 JavaThread "Stdin handler" [_thread_blocked, id=8332, stack(0x000000bc04900000,0x000000bc04a00000)]
  0x0000028f057b2a70 JavaThread "Daemon client event forwarder" [_thread_blocked, id=9180, stack(0x000000bc04a00000,0x000000bc04b00000)]
  0x0000028f057b6430 JavaThread "Cache worker for journal cache (C:\Users\maxim\.gradle\caches\journal-1)" [_thread_blocked, id=29064, stack(0x000000bc04d00000,0x000000bc04e00000)]
  0x0000028f057b2f40 JavaThread "File lock request listener" [_thread_in_native, id=19212, stack(0x000000bc04e00000,0x000000bc04f00000)]
  0x0000028f057b50f0 JavaThread "Cache worker for file hash cache (C:\Users\maxim\.gradle\caches\8.0\fileHashes)" [_thread_blocked, id=17600, stack(0x000000bc04f00000,0x000000bc05000000)]
  0x0000028f057b3db0 JavaThread "File watcher server" daemon [_thread_in_native, id=15348, stack(0x000000bc05100000,0x000000bc05200000)]
  0x0000028f057b4280 JavaThread "File watcher consumer" daemon [_thread_blocked, id=27692, stack(0x000000bc05200000,0x000000bc05300000)]
  0x0000028f057b3410 JavaThread "Cache worker for checksums cache (G:\Android\TopRedditApplication2\.gradle\8.0\checksums)" [_thread_blocked, id=17824, stack(0x000000bc05300000,0x000000bc05400000)]
  0x0000028f057b4750 JavaThread "Cache worker for cache directory md-rule (C:\Users\maxim\.gradle\caches\8.0\md-rule)" [_thread_blocked, id=5684, stack(0x000000bc05400000,0x000000bc05500000)]
  0x0000028f057b4c20 JavaThread "Cache worker for file content cache (C:\Users\maxim\.gradle\caches\8.0\fileContent)" [_thread_blocked, id=5704, stack(0x000000bc05500000,0x000000bc05600000)]
  0x0000028f057b55c0 JavaThread "Cache worker for file hash cache (G:\Android\TopRedditApplication2\.gradle\8.0\fileHashes)" [_thread_blocked, id=26784, stack(0x000000bc05600000,0x000000bc05700000)]
  0x0000028f06b51400 JavaThread "Cache worker for cache directory md-supplier (C:\Users\maxim\.gradle\caches\8.0\md-supplier)" [_thread_blocked, id=4732, stack(0x000000bc05700000,0x000000bc05800000)]
  0x0000028f06b4b3c0 JavaThread "Cache worker for execution history cache (C:\Users\maxim\.gradle\caches\8.0\executionHistory)" [_thread_blocked, id=28108, stack(0x000000bc05800000,0x000000bc05900000)]
  0x0000028f0965aa40 JavaThread "C2 CompilerThread1" daemon [_thread_blocked, id=18352, stack(0x000000bc05000000,0x000000bc05100000)]
  0x0000028f06b4bd60 JavaThread "jar transforms" [_thread_blocked, id=20652, stack(0x000000bc05900000,0x000000bc05a00000)]
  0x0000028f06b500c0 JavaThread "jar transforms Thread 2" [_thread_blocked, id=16336, stack(0x000000bc05a00000,0x000000bc05b00000)]

Other Threads:
=>0x0000028f7f01aa00 VMThread "VM Thread" [stack: 0x000000bc03000000,0x000000bc03100000] [id=29628]
  0x0000028f7fdb4c70 WatcherThread [stack: 0x000000bc03c00000,0x000000bc03d00000] [id=18156]
  0x0000028f696661a0 GCTaskThread "GC Thread#0" [stack: 0x000000bc02b00000,0x000000bc02c00000] [id=18788]
  0x0000028f041b4780 GCTaskThread "GC Thread#1" [stack: 0x000000bc03e00000,0x000000bc03f00000] [id=29132]
  0x0000028f045eb0d0 GCTaskThread "GC Thread#2" [stack: 0x000000bc03f00000,0x000000bc04000000] [id=5504]
  0x0000028f04a040b0 GCTaskThread "GC Thread#3" [stack: 0x000000bc04000000,0x000000bc04100000] [id=28628]
  0x0000028f04adc2f0 GCTaskThread "GC Thread#4" [stack: 0x000000bc03d00000,0x000000bc03e00000] [id=26668]
  0x0000028f06148bb0 GCTaskThread "GC Thread#5" [stack: 0x000000bc04b00000,0x000000bc04c00000] [id=3120]
  0x0000028f69676ff0 ConcurrentGCThread "G1 Main Marker" [stack: 0x000000bc02c00000,0x000000bc02d00000] [id=16744]
  0x0000028f69677910 ConcurrentGCThread "G1 Conc#0" [stack: 0x000000bc02d00000,0x000000bc02e00000] [id=26720]
  0x0000028f0694d660 ConcurrentGCThread "G1 Conc#1" [stack: 0x000000bc04c00000,0x000000bc04d00000] [id=22856]
  0x0000028f696d48f0 ConcurrentGCThread "G1 Refine#0" [stack: 0x000000bc02e00000,0x000000bc02f00000] [id=28100]
  0x0000028f696d5220 ConcurrentGCThread "G1 Service" [stack: 0x000000bc02f00000,0x000000bc03000000] [id=28808]

Threads with active compile tasks:
C2 CompilerThread0     7514 3540   !   4       jdk.internal.loader.URLClassPath$JarLoader::getResource (354 bytes)
C2 CompilerThread1     7514 3591   !   4       java.util.concurrent.ConcurrentHashMap::computeIfAbsent (576 bytes)

VM state: at safepoint (normal execution)

VM Mutex/Monitor currently owned by a thread:  ([mutex/lock_event])
[0x0000028f69606090] Threads_lock - owner thread: 0x0000028f7f01aa00
[0x0000028f69604e90] Heap_lock - owner thread: 0x0000028f05214130

Heap address: 0x0000000080000000, size: 2048 MB, Compressed Oops mode: 32-bit

CDS archive(s) not mapped
Compressed class space mapped at: 0x0000000100000000-0x0000000140000000, reserved size: 1073741824
Narrow klass base: 0x0000000000000000, Narrow klass shift: 3, Narrow klass range: 0x140000000

GC Precious Log:
 CPUs: 6 total, 6 available
 Memory: 8175M
 Large Page Support: Disabled
 NUMA Support: Disabled
 Compressed Oops: Enabled (32-bit)
 Heap Region Size: 1M
 Heap Min Capacity: 8M
 Heap Initial Capacity: 128M
 Heap Max Capacity: 2G
 Pre-touch: Disabled
 Parallel Workers: 6
 Concurrent Workers: 2
 Concurrent Refinement Workers: 6
 Periodic GC: Disabled

Heap:
 garbage-first heap   total 87040K, used 29955K [0x0000000080000000, 0x0000000100000000)
  region size 1024K, 2 young (2048K), 2 survivors (2048K)
 Metaspace       used 41119K, committed 41408K, reserved 1089536K
  class space    used 5438K, committed 5568K, reserved 1048576K

Heap Regions: E=young(eden), S=young(survivor), O=old, HS=humongous(starts), HC=humongous(continues), CS=collection set, F=free, OA=open archive, CA=closed archive, TAMS=top-at-mark-start (previous, next)
|   0|0x0000000080000000, 0x0000000080100000, 0x0000000080100000|100%|HS|  |TAMS 0x0000000080100000, 0x0000000080100000| Complete 
|   1|0x0000000080100000, 0x0000000080200000, 0x0000000080200000|100%|HC|  |TAMS 0x0000000080200000, 0x0000000080200000| Complete 
|   2|0x0000000080200000, 0x0000000080300000, 0x0000000080300000|100%|HC|  |TAMS 0x0000000080300000, 0x0000000080300000| Complete 
|   3|0x0000000080300000, 0x0000000080400000, 0x0000000080400000|100%|HC|  |TAMS 0x0000000080400000, 0x0000000080400000| Complete 
|   4|0x0000000080400000, 0x0000000080500000, 0x0000000080500000|100%| O|  |TAMS 0x0000000080500000, 0x0000000080500000| Untracked 
|   5|0x0000000080500000, 0x0000000080600000, 0x0000000080600000|100%| O|  |TAMS 0x0000000080600000, 0x0000000080600000| Untracked 
|   6|0x0000000080600000, 0x0000000080700000, 0x0000000080700000|100%| O|  |TAMS 0x0000000080700000, 0x0000000080700000| Untracked 
|   7|0x0000000080700000, 0x0000000080800000, 0x0000000080800000|100%| O|  |TAMS 0x0000000080800000, 0x0000000080800000| Untracked 
|   8|0x0000000080800000, 0x0000000080900000, 0x0000000080900000|100%| O|  |TAMS 0x0000000080900000, 0x0000000080900000| Untracked 
|   9|0x0000000080900000, 0x0000000080a00000, 0x0000000080a00000|100%| O|  |TAMS 0x0000000080900000, 0x0000000080a00000| Untracked 
|  10|0x0000000080a00000, 0x0000000080b00000, 0x0000000080b00000|100%| O|  |TAMS 0x0000000080b00000, 0x0000000080b00000| Untracked 
|  11|0x0000000080b00000, 0x0000000080c00000, 0x0000000080c00000|100%| O|  |TAMS 0x0000000080c00000, 0x0000000080c00000| Untracked 
|  12|0x0000000080c00000, 0x0000000080d00000, 0x0000000080d00000|100%| O|  |TAMS 0x0000000080d00000, 0x0000000080d00000| Untracked 
|  13|0x0000000080d00000, 0x0000000080e00000, 0x0000000080e00000|100%| O|  |TAMS 0x0000000080e00000, 0x0000000080e00000| Untracked 
|  14|0x0000000080e00000, 0x0000000080f00000, 0x0000000080f00000|100%| O|  |TAMS 0x0000000080f00000, 0x0000000080f00000| Untracked 
|  15|0x0000000080f00000, 0x0000000081000000, 0x0000000081000000|100%| O|  |TAMS 0x0000000081000000, 0x0000000081000000| Untracked 
|  16|0x0000000081000000, 0x0000000081100000, 0x0000000081100000|100%| O|  |TAMS 0x0000000081100000, 0x0000000081100000| Untracked 
|  17|0x0000000081100000, 0x0000000081200000, 0x0000000081200000|100%| O|  |TAMS 0x0000000081200000, 0x0000000081200000| Untracked 
|  18|0x0000000081200000, 0x0000000081300000, 0x0000000081300000|100%| O|  |TAMS 0x0000000081300000, 0x0000000081300000| Untracked 
|  19|0x0000000081300000, 0x0000000081400000, 0x0000000081400000|100%| O|  |TAMS 0x0000000081400000, 0x0000000081400000| Untracked 
|  20|0x0000000081400000, 0x0000000081500000, 0x0000000081500000|100%|HS|  |TAMS 0x0000000081400000, 0x0000000081500000| Complete 
|  21|0x0000000081500000, 0x0000000081600000, 0x0000000081600000|100%| O|  |TAMS 0x0000000081500000, 0x0000000081600000| Untracked 
|  22|0x0000000081600000, 0x0000000081700000, 0x0000000081700000|100%| O|  |TAMS 0x0000000081600000, 0x0000000081700000| Untracked 
|  23|0x0000000081700000, 0x0000000081800000, 0x0000000081800000|100%| O|  |TAMS 0x0000000081700000, 0x0000000081800000| Untracked 
|  24|0x0000000081800000, 0x0000000081900000, 0x0000000081900000|100%| O|  |TAMS 0x0000000081800000, 0x0000000081900000| Untracked 
|  25|0x0000000081900000, 0x0000000081a00000, 0x0000000081a00000|100%| O|  |TAMS 0x0000000081900000, 0x0000000081a00000| Untracked 
|  26|0x0000000081a00000, 0x0000000081b00000, 0x0000000081b00000|100%| O|  |TAMS 0x0000000081a00000, 0x0000000081b00000| Untracked 
|  27|0x0000000081b00000, 0x0000000081b58800, 0x0000000081c00000| 34%| O|  |TAMS 0x0000000081b00000, 0x0000000081b58800| Untracked 
|  28|0x0000000081c00000, 0x0000000081c00000, 0x0000000081d00000|  0%| F|  |TAMS 0x0000000081c00000, 0x0000000081c00000| Untracked 
|  29|0x0000000081d00000, 0x0000000081d00000, 0x0000000081e00000|  0%| F|  |TAMS 0x0000000081d00000, 0x0000000081d00000| Untracked 
|  30|0x0000000081e00000, 0x0000000081e00000, 0x0000000081f00000|  0%| F|  |TAMS 0x0000000081e00000, 0x0000000081e00000| Untracked 
|  31|0x0000000081f00000, 0x0000000081f00000, 0x0000000082000000|  0%| F|  |TAMS 0x0000000081f00000, 0x0000000081f00000| Untracked 
|  32|0x0000000082000000, 0x0000000082000000, 0x0000000082100000|  0%| F|  |TAMS 0x0000000082000000, 0x0000000082000000| Untracked 
|  33|0x0000000082100000, 0x0000000082100000, 0x0000000082200000|  0%| F|  |TAMS 0x0000000082100000, 0x0000000082100000| Untracked 
|  34|0x0000000082200000, 0x0000000082200000, 0x0000000082300000|  0%| F|  |TAMS 0x0000000082200000, 0x0000000082200000| Untracked 
|  35|0x0000000082300000, 0x0000000082300000, 0x0000000082400000|  0%| F|  |TAMS 0x0000000082300000, 0x0000000082300000| Untracked 
|  36|0x0000000082400000, 0x0000000082400000, 0x0000000082500000|  0%| F|  |TAMS 0x0000000082400000, 0x0000000082400000| Untracked 
|  37|0x0000000082500000, 0x0000000082500000, 0x0000000082600000|  0%| F|  |TAMS 0x0000000082500000, 0x0000000082500000| Untracked 
|  38|0x0000000082600000, 0x0000000082600000, 0x0000000082700000|  0%| F|  |TAMS 0x0000000082600000, 0x0000000082600000| Untracked 
|  39|0x0000000082700000, 0x0000000082700000, 0x0000000082800000|  0%| F|  |TAMS 0x0000000082700000, 0x0000000082700000| Untracked 
|  40|0x0000000082800000, 0x0000000082800000, 0x0000000082900000|  0%| F|  |TAMS 0x0000000082800000, 0x0000000082800000| Untracked 
|  41|0x0000000082900000, 0x0000000082900000, 0x0000000082a00000|  0%| F|  |TAMS 0x0000000082900000, 0x0000000082900000| Untracked 
|  42|0x0000000082a00000, 0x0000000082a00000, 0x0000000082b00000|  0%| F|  |TAMS 0x0000000082a00000, 0x0000000082a00000| Untracked 
|  43|0x0000000082b00000, 0x0000000082b00000, 0x0000000082c00000|  0%| F|  |TAMS 0x0000000082b00000, 0x0000000082b00000| Untracked 
|  44|0x0000000082c00000, 0x0000000082c00000, 0x0000000082d00000|  0%| F|  |TAMS 0x0000000082c00000, 0x0000000082c00000| Untracked 
|  45|0x0000000082d00000, 0x0000000082d00000, 0x0000000082e00000|  0%| F|  |TAMS 0x0000000082d00000, 0x0000000082d00000| Untracked 
|  46|0x0000000082e00000, 0x0000000082e00000, 0x0000000082f00000|  0%| F|  |TAMS 0x0000000082e00000, 0x0000000082e00000| Untracked 
|  47|0x0000000082f00000, 0x0000000082fe87b8, 0x0000000083000000| 90%| S|CS|TAMS 0x0000000082f00000, 0x0000000082f00000| Complete 
|  48|0x0000000083000000, 0x0000000083100000, 0x0000000083100000|100%| S|CS|TAMS 0x0000000083000000, 0x0000000083000000| Complete 
|  49|0x0000000083100000, 0x0000000083100000, 0x0000000083200000|  0%| F|  |TAMS 0x0000000083100000, 0x0000000083100000| Untracked 
|  50|0x0000000083200000, 0x0000000083200000, 0x0000000083300000|  0%| F|  |TAMS 0x0000000083200000, 0x0000000083200000| Untracked 
|  51|0x0000000083300000, 0x0000000083300000, 0x0000000083400000|  0%| F|  |TAMS 0x0000000083300000, 0x0000000083300000| Untracked 
|  52|0x0000000083400000, 0x0000000083400000, 0x0000000083500000|  0%| F|  |TAMS 0x0000000083400000, 0x0000000083400000| Untracked 
|  53|0x0000000083500000, 0x0000000083500000, 0x0000000083600000|  0%| F|  |TAMS 0x0000000083500000, 0x0000000083500000| Untracked 
|  54|0x0000000083600000, 0x0000000083600000, 0x0000000083700000|  0%| F|  |TAMS 0x0000000083600000, 0x0000000083600000| Untracked 
|  55|0x0000000083700000, 0x0000000083700000, 0x0000000083800000|  0%| F|  |TAMS 0x0000000083700000, 0x0000000083700000| Untracked 
|  56|0x0000000083800000, 0x0000000083800000, 0x0000000083900000|  0%| F|  |TAMS 0x0000000083800000, 0x0000000083800000| Untracked 
|  57|0x0000000083900000, 0x0000000083900000, 0x0000000083a00000|  0%| F|  |TAMS 0x0000000083900000, 0x0000000083900000| Untracked 
|  58|0x0000000083a00000, 0x0000000083a00000, 0x0000000083b00000|  0%| F|  |TAMS 0x0000000083a00000, 0x0000000083a00000| Untracked 
|  59|0x0000000083b00000, 0x0000000083b00000, 0x0000000083c00000|  0%| F|  |TAMS 0x0000000083b00000, 0x0000000083b00000| Untracked 
|  60|0x0000000083c00000, 0x0000000083c00000, 0x0000000083d00000|  0%| F|  |TAMS 0x0000000083c00000, 0x0000000083c00000| Untracked 
|  61|0x0000000083d00000, 0x0000000083d00000, 0x0000000083e00000|  0%| F|  |TAMS 0x0000000083d00000, 0x0000000083d00000| Untracked 
|  62|0x0000000083e00000, 0x0000000083e00000, 0x0000000083f00000|  0%| F|  |TAMS 0x0000000083e00000, 0x0000000083e00000| Untracked 
|  63|0x0000000083f00000, 0x0000000083f00000, 0x0000000084000000|  0%| F|  |TAMS 0x0000000083f00000, 0x0000000083f00000| Untracked 
|  64|0x0000000084000000, 0x0000000084000000, 0x0000000084100000|  0%| F|  |TAMS 0x0000000084000000, 0x0000000084000000| Untracked 
|  65|0x0000000084100000, 0x0000000084100000, 0x0000000084200000|  0%| F|  |TAMS 0x0000000084100000, 0x0000000084100000| Untracked 
|  66|0x0000000084200000, 0x0000000084200000, 0x0000000084300000|  0%| F|  |TAMS 0x0000000084200000, 0x0000000084200000| Untracked 
|  67|0x0000000084300000, 0x0000000084300000, 0x0000000084400000|  0%| F|  |TAMS 0x0000000084300000, 0x0000000084300000| Untracked 
|  68|0x0000000084400000, 0x0000000084400000, 0x0000000084500000|  0%| F|  |TAMS 0x0000000084400000, 0x0000000084400000| Untracked 
|  69|0x0000000084500000, 0x0000000084500000, 0x0000000084600000|  0%| F|  |TAMS 0x0000000084500000, 0x0000000084500000| Untracked 
|  70|0x0000000084600000, 0x0000000084600000, 0x0000000084700000|  0%| F|  |TAMS 0x0000000084600000, 0x0000000084600000| Untracked 
|  71|0x0000000084700000, 0x0000000084700000, 0x0000000084800000|  0%| F|  |TAMS 0x0000000084700000, 0x0000000084700000| Untracked 
|  72|0x0000000084800000, 0x0000000084800000, 0x0000000084900000|  0%| F|  |TAMS 0x0000000084800000, 0x0000000084800000| Untracked 
|  73|0x0000000084900000, 0x0000000084900000, 0x0000000084a00000|  0%| F|  |TAMS 0x0000000084900000, 0x0000000084900000| Untracked 
|  74|0x0000000084a00000, 0x0000000084a00000, 0x0000000084b00000|  0%| F|  |TAMS 0x0000000084a00000, 0x0000000084a00000| Untracked 
|  75|0x0000000084b00000, 0x0000000084b00000, 0x0000000084c00000|  0%| F|  |TAMS 0x0000000084b00000, 0x0000000084b00000| Untracked 
|  76|0x0000000084c00000, 0x0000000084c00000, 0x0000000084d00000|  0%| F|  |TAMS 0x0000000084c00000, 0x0000000084c00000| Untracked 
|  77|0x0000000084d00000, 0x0000000084d00000, 0x0000000084e00000|  0%| F|  |TAMS 0x0000000084d00000, 0x0000000084d00000| Untracked 
|  78|0x0000000084e00000, 0x0000000084e00000, 0x0000000084f00000|  0%| F|  |TAMS 0x0000000084e00000, 0x0000000084e00000| Untracked 
|  79|0x0000000084f00000, 0x0000000084f00000, 0x0000000085000000|  0%| F|  |TAMS 0x0000000084f00000, 0x0000000084f00000| Untracked 
|  80|0x0000000085000000, 0x0000000085000000, 0x0000000085100000|  0%| F|  |TAMS 0x0000000085000000, 0x0000000085000000| Untracked 
|  81|0x0000000085100000, 0x0000000085100000, 0x0000000085200000|  0%| F|  |TAMS 0x0000000085100000, 0x0000000085100000| Untracked 
|  82|0x0000000085200000, 0x0000000085200000, 0x0000000085300000|  0%| F|  |TAMS 0x0000000085200000, 0x0000000085200000| Untracked 
|  83|0x0000000085300000, 0x0000000085300000, 0x0000000085400000|  0%| F|  |TAMS 0x0000000085300000, 0x0000000085300000| Untracked 
| 127|0x0000000087f00000, 0x0000000087f00000, 0x0000000088000000|  0%| F|  |TAMS 0x0000000087f00000, 0x0000000087f00000| Untracked 

Card table byte_map: [0x0000028f7c000000,0x0000028f7c400000] _byte_map_base: 0x0000028f7bc00000

Marking Bits (Prev, Next): (CMBitMap*) 0x0000028f696666c0, (CMBitMap*) 0x0000028f69666700
 Prev Bits: [0x0000028f7c800000, 0x0000028f7e800000)
 Next Bits: [0x0000028f00000000, 0x0000028f02000000)

Polling page: 0x0000028f67590000

Metaspace:

Usage:
  Non-class:     34.84 MB used.
      Class:      5.31 MB used.
       Both:     40.16 MB used.

Virtual space:
  Non-class space:       40.00 MB reserved,      35.00 MB ( 88%) committed,  5 nodes.
      Class space:        1.00 GB reserved,       5.44 MB ( <1%) committed,  1 nodes.
             Both:        1.04 GB reserved,      40.44 MB (  4%) committed. 

Chunk freelists:
   Non-Class:  256.00 KB
       Class:  2.45 MB
        Both:  2.70 MB

MaxMetaspaceSize: unlimited
CompressedClassSpaceSize: 1.00 GB
Initial GC threshold: 21.00 MB
Current GC threshold: 58.75 MB
CDS: off
MetaspaceReclaimPolicy: balanced
 - commit_granule_bytes: 65536.
 - commit_granule_words: 8192.
 - virtual_space_node_default_size: 1048576.
 - enlarge_chunks_in_place: 1.
 - new_chunks_are_fully_committed: 0.
 - uncommit_free_chunks: 1.
 - use_allocation_guard: 0.
 - handle_deallocations: 1.


Internal statistics:

num_allocs_failed_limit: 6.
num_arena_births: 314.
num_arena_deaths: 0.
num_vsnodes_births: 6.
num_vsnodes_deaths: 0.
num_space_committed: 647.
num_space_uncommitted: 0.
num_chunks_returned_to_freelist: 6.
num_chunks_taken_from_freelist: 1419.
num_chunk_merges: 6.
num_chunk_splits: 959.
num_chunks_enlarged: 705.
num_purges: 0.
num_inconsistent_stats: 0.

CodeHeap 'non-profiled nmethods': size=120000Kb used=1775Kb max_used=1775Kb free=118224Kb
 bounds [0x0000028f745b0000, 0x0000028f74820000, 0x0000028f7bae0000]
CodeHeap 'profiled nmethods': size=120000Kb used=7398Kb max_used=7398Kb free=112601Kb
 bounds [0x0000028f6cae0000, 0x0000028f6d220000, 0x0000028f74010000]
CodeHeap 'non-nmethods': size=5760Kb used=1581Kb max_used=1639Kb free=4178Kb
 bounds [0x0000028f74010000, 0x0000028f74280000, 0x0000028f745b0000]
 total_blobs=4244 nmethods=3597 adapters=560
 compilation: enabled
              stopped_count=0, restarted_count=0
 full_count=0

Compilation events (20 events):
Event: 7.451 Thread 0x0000028f7f05c4a0 3599       1       sun.reflect.generics.tree.MethodTypeSignature::getParameterTypes (5 bytes)
Event: 7.451 Thread 0x0000028f7f05c4a0 nmethod 3599 0x0000028f7476bc90 code [0x0000028f7476be20, 0x0000028f7476bef8]
Event: 7.453 Thread 0x0000028f7f05c4a0 3601       3       java.util.ImmutableCollections$List12::<init> (20 bytes)
Event: 7.453 Thread 0x0000028f7f05c4a0 nmethod 3601 0x0000028f6d212690 code [0x0000028f6d212860, 0x0000028f6d212d08]
Event: 7.454 Thread 0x0000028f7f05c4a0 3602       3       java.lang.invoke.LambdaForm$Name::internArguments (62 bytes)
Event: 7.455 Thread 0x0000028f7f05c4a0 nmethod 3602 0x0000028f6d212e90 code [0x0000028f6d213080, 0x0000028f6d213748]
Event: 7.456 Thread 0x0000028f7f05c4a0 3604       3       groovy.lang.MetaClassImpl$Index::getNotNull (32 bytes)
Event: 7.457 Thread 0x0000028f7f05c4a0 nmethod 3604 0x0000028f6d213910 code [0x0000028f6d213ae0, 0x0000028f6d214168]
Event: 7.457 Thread 0x0000028f7f05c4a0 3605       3       java.beans.PropertyDescriptor::getPropertyType0 (22 bytes)
Event: 7.457 Thread 0x0000028f7f05c4a0 nmethod 3605 0x0000028f6d214390 code [0x0000028f6d214540, 0x0000028f6d214868]
Event: 7.457 Thread 0x0000028f7f05c4a0 3606  s!   3       java.beans.PropertyDescriptor::getWriteMethod (152 bytes)
Event: 7.459 Thread 0x0000028f7f05c4a0 nmethod 3606 0x0000028f6d214990 code [0x0000028f6d214d20, 0x0000028f6d216a68]
Event: 7.462 Thread 0x0000028f7f05c4a0 3608       3       org.codehaus.groovy.util.ComplexKeyHashMap$1::nextEntry (69 bytes)
Event: 7.462 Thread 0x0000028f7f05c4a0 nmethod 3608 0x0000028f6d217310 code [0x0000028f6d2174e0, 0x0000028f6d217888]
Event: 7.462 Thread 0x0000028f7f05c4a0 3607       3       org.codehaus.groovy.util.ComplexKeyHashMap$1::next (5 bytes)
Event: 7.462 Thread 0x0000028f7f05c4a0 nmethod 3607 0x0000028f6d217a90 code [0x0000028f6d217c40, 0x0000028f6d217d88]
Event: 7.462 Thread 0x0000028f7f05c4a0 3609       3       org.codehaus.groovy.reflection.CachedClass::addSubclassExpandos (138 bytes)
Event: 7.463 Thread 0x0000028f7f05c4a0 nmethod 3609 0x0000028f6d217e10 code [0x0000028f6d2180a0, 0x0000028f6d219058]
Event: 7.463 Thread 0x0000028f7f05c4a0 3610       3       java.lang.invoke.MemberName$Factory::resolveOrNull (54 bytes)
Event: 7.464 Thread 0x0000028f7f05c4a0 nmethod 3610 0x0000028f6d219510 code [0x0000028f6d2196c0, 0x0000028f6d219988]

GC Heap History (20 events):
Event: 1.889 GC heap after
{Heap after GC invocations=1 (full 0):
 garbage-first heap   total 131072K, used 10147K [0x0000000080000000, 0x0000000100000000)
  region size 1024K, 3 young (3072K), 3 survivors (3072K)
 Metaspace       used 10191K, committed 10368K, reserved 1064960K
  class space    used 1056K, committed 1088K, reserved 1048576K
}
Event: 2.830 GC heap before
{Heap before GC invocations=1 (full 0):
 garbage-first heap   total 131072K, used 35747K [0x0000000080000000, 0x0000000100000000)
  region size 1024K, 28 young (28672K), 3 survivors (3072K)
 Metaspace       used 11180K, committed 11392K, reserved 1064960K
  class space    used 1165K, committed 1280K, reserved 1048576K
}
Event: 2.837 GC heap after
{Heap after GC invocations=2 (full 0):
 garbage-first heap   total 131072K, used 10999K [0x0000000080000000, 0x0000000100000000)
  region size 1024K, 1 young (1024K), 1 survivors (1024K)
 Metaspace       used 11180K, committed 11392K, reserved 1064960K
  class space    used 1165K, committed 1280K, reserved 1048576K
}
Event: 4.448 GC heap before
{Heap before GC invocations=2 (full 0):
 garbage-first heap   total 131072K, used 54007K [0x0000000080000000, 0x0000000100000000)
  region size 1024K, 44 young (45056K), 1 survivors (1024K)
 Metaspace       used 21183K, committed 21504K, reserved 1073152K
  class space    used 2571K, committed 2752K, reserved 1048576K
}
Event: 4.461 GC heap after
{Heap after GC invocations=3 (full 0):
 garbage-first heap   total 131072K, used 18262K [0x0000000080000000, 0x0000000100000000)
  region size 1024K, 8 young (8192K), 8 survivors (8192K)
 Metaspace       used 21183K, committed 21504K, reserved 1073152K
  class space    used 2571K, committed 2752K, reserved 1048576K
}
Event: 5.280 GC heap before
{Heap before GC invocations=4 (full 0):
 garbage-first heap   total 65536K, used 48982K [0x0000000080000000, 0x0000000100000000)
  region size 1024K, 38 young (38912K), 8 survivors (8192K)
 Metaspace       used 25977K, committed 26240K, reserved 1073152K
  class space    used 3404K, committed 3520K, reserved 1048576K
}
Event: 5.296 GC heap after
{Heap after GC invocations=5 (full 0):
 garbage-first heap   total 65536K, used 19992K [0x0000000080000000, 0x0000000100000000)
  region size 1024K, 3 young (3072K), 3 survivors (3072K)
 Metaspace       used 25977K, committed 26240K, reserved 1073152K
  class space    used 3404K, committed 3520K, reserved 1048576K
}
Event: 5.340 GC heap before
{Heap before GC invocations=5 (full 0):
 garbage-first heap   total 65536K, used 21016K [0x0000000080000000, 0x0000000100000000)
  region size 1024K, 4 young (4096K), 3 survivors (3072K)
 Metaspace       used 26105K, committed 26432K, reserved 1073152K
  class space    used 3422K, committed 3584K, reserved 1048576K
}
Event: 5.347 GC heap after
{Heap after GC invocations=6 (full 0):
 garbage-first heap   total 65536K, used 20230K [0x0000000080000000, 0x0000000100000000)
  region size 1024K, 1 young (1024K), 1 survivors (1024K)
 Metaspace       used 26105K, committed 26432K, reserved 1073152K
  class space    used 3422K, committed 3584K, reserved 1048576K
}
Event: 6.000 GC heap before
{Heap before GC invocations=6 (full 0):
 garbage-first heap   total 65536K, used 45830K [0x0000000080000000, 0x0000000100000000)
  region size 1024K, 26 young (26624K), 1 survivors (1024K)
 Metaspace       used 30111K, committed 30400K, reserved 1081344K
  class space    used 4089K, committed 4224K, reserved 1048576K
}
Event: 6.004 GC heap after
{Heap after GC invocations=7 (full 0):
 garbage-first heap   total 65536K, used 21361K [0x0000000080000000, 0x0000000100000000)
  region size 1024K, 2 young (2048K), 2 survivors (2048K)
 Metaspace       used 30111K, committed 30400K, reserved 1081344K
  class space    used 4089K, committed 4224K, reserved 1048576K
}
Event: 6.575 GC heap before
{Heap before GC invocations=7 (full 0):
 garbage-first heap   total 65536K, used 46961K [0x0000000080000000, 0x0000000100000000)
  region size 1024K, 27 young (27648K), 2 survivors (2048K)
 Metaspace       used 34350K, committed 34624K, reserved 1081344K
  class space    used 4739K, committed 4864K, reserved 1048576K
}
Event: 6.581 GC heap after
{Heap after GC invocations=8 (full 0):
 garbage-first heap   total 65536K, used 22723K [0x0000000080000000, 0x0000000100000000)
  region size 1024K, 3 young (3072K), 3 survivors (3072K)
 Metaspace       used 34350K, committed 34624K, reserved 1081344K
  class space    used 4739K, committed 4864K, reserved 1048576K
}
Event: 6.765 GC heap before
{Heap before GC invocations=8 (full 0):
 garbage-first heap   total 65536K, used 27843K [0x0000000080000000, 0x0000000100000000)
  region size 1024K, 9 young (9216K), 3 survivors (3072K)
 Metaspace       used 35625K, committed 35968K, reserved 1081344K
  class space    used 4875K, committed 5056K, reserved 1048576K
}
Event: 6.770 GC heap after
{Heap after GC invocations=9 (full 0):
 garbage-first heap   total 65536K, used 23685K [0x0000000080000000, 0x0000000100000000)
  region size 1024K, 3 young (3072K), 3 survivors (3072K)
 Metaspace       used 35625K, committed 35968K, reserved 1081344K
  class space    used 4875K, committed 5056K, reserved 1048576K
}
Event: 7.259 GC heap before
{Heap before GC invocations=10 (full 0):
 garbage-first heap   total 65536K, used 47237K [0x0000000080000000, 0x0000000100000000)
  region size 1024K, 27 young (27648K), 3 survivors (3072K)
 Metaspace       used 40410K, committed 40768K, reserved 1089536K
  class space    used 5354K, committed 5504K, reserved 1048576K
}
Event: 7.267 GC heap after
{Heap after GC invocations=11 (full 0):
 garbage-first heap   total 65536K, used 27316K [0x0000000080000000, 0x0000000100000000)
  region size 1024K, 4 young (4096K), 4 survivors (4096K)
 Metaspace       used 40410K, committed 40768K, reserved 1089536K
  class space    used 5354K, committed 5504K, reserved 1048576K
}
Event: 7.272 GC heap before
{Heap before GC invocations=11 (full 0):
 garbage-first heap   total 65536K, used 28340K [0x0000000080000000, 0x0000000100000000)
  region size 1024K, 5 young (5120K), 4 survivors (4096K)
 Metaspace       used 40411K, committed 40768K, reserved 1089536K
  class space    used 5354K, committed 5504K, reserved 1048576K
}
Event: 7.277 GC heap after
{Heap after GC invocations=12 (full 0):
 garbage-first heap   total 65536K, used 27675K [0x0000000080000000, 0x0000000100000000)
  region size 1024K, 1 young (1024K), 1 survivors (1024K)
 Metaspace       used 40411K, committed 40768K, reserved 1089536K
  class space    used 5354K, committed 5504K, reserved 1048576K
}
Event: 7.467 GC heap before
{Heap before GC invocations=12 (full 0):
 garbage-first heap   total 65536K, used 42011K [0x0000000080000000, 0x0000000100000000)
  region size 1024K, 15 young (15360K), 1 survivors (1024K)
 Metaspace       used 41119K, committed 41408K, reserved 1089536K
  class space    used 5438K, committed 5568K, reserved 1048576K
}

Dll operation events (2 events):
Event: 0.166 Loaded shared library G:\Program\Android Studio\jbr\bin\java.dll
Event: 1.303 Loaded shared library G:\Program\Android Studio\jbr\bin\verify.dll

Deoptimization events (20 events):
Event: 7.347 Thread 0x0000028f05214130 Uncommon trap: trap_request=0xffffffde fr.pc=0x0000028f7475cf5c relative=0x000000000000047c
Event: 7.347 Thread 0x0000028f05214130 Uncommon trap: reason=class_check action=maybe_recompile pc=0x0000028f7475cf5c method=java.util.regex.Pattern$Start.match(Ljava/util/regex/Matcher;ILjava/lang/CharSequence;)Z @ 44 c2
Event: 7.347 Thread 0x0000028f05214130 DEOPT PACKING pc=0x0000028f7475cf5c sp=0x000000bc047f8830
Event: 7.347 Thread 0x0000028f05214130 DEOPT UNPACKING pc=0x0000028f740669a3 sp=0x000000bc047f86f8 mode 2
Event: 7.448 Thread 0x0000028f05214130 Uncommon trap: trap_request=0xffffffde fr.pc=0x0000028f7475cf5c relative=0x000000000000047c
Event: 7.448 Thread 0x0000028f05214130 Uncommon trap: reason=class_check action=maybe_recompile pc=0x0000028f7475cf5c method=java.util.regex.Pattern$Start.match(Ljava/util/regex/Matcher;ILjava/lang/CharSequence;)Z @ 44 c2
Event: 7.448 Thread 0x0000028f05214130 DEOPT PACKING pc=0x0000028f7475cf5c sp=0x000000bc047f8f50
Event: 7.448 Thread 0x0000028f05214130 DEOPT UNPACKING pc=0x0000028f740669a3 sp=0x000000bc047f8e18 mode 2
Event: 7.448 Thread 0x0000028f05214130 Uncommon trap: trap_request=0xffffffde fr.pc=0x0000028f7475cf5c relative=0x000000000000047c
Event: 7.448 Thread 0x0000028f05214130 Uncommon trap: reason=class_check action=maybe_recompile pc=0x0000028f7475cf5c method=java.util.regex.Pattern$Start.match(Ljava/util/regex/Matcher;ILjava/lang/CharSequence;)Z @ 44 c2
Event: 7.448 Thread 0x0000028f05214130 DEOPT PACKING pc=0x0000028f7475cf5c sp=0x000000bc047f8f50
Event: 7.448 Thread 0x0000028f05214130 DEOPT UNPACKING pc=0x0000028f740669a3 sp=0x000000bc047f8e18 mode 2
Event: 7.449 Thread 0x0000028f05214130 Uncommon trap: trap_request=0xffffffde fr.pc=0x0000028f747491b4 relative=0x0000000000000454
Event: 7.449 Thread 0x0000028f05214130 Uncommon trap: reason=class_check action=maybe_recompile pc=0x0000028f747491b4 method=java.util.regex.Pattern$Start.match(Ljava/util/regex/Matcher;ILjava/lang/CharSequence;)Z @ 44 c2
Event: 7.449 Thread 0x0000028f05214130 DEOPT PACKING pc=0x0000028f747491b4 sp=0x000000bc047f8ee0
Event: 7.449 Thread 0x0000028f05214130 DEOPT UNPACKING pc=0x0000028f740669a3 sp=0x000000bc047f8e20 mode 2
Event: 7.449 Thread 0x0000028f05214130 Uncommon trap: trap_request=0xffffffde fr.pc=0x0000028f74749cb4 relative=0x00000000000002f4
Event: 7.449 Thread 0x0000028f05214130 Uncommon trap: reason=class_check action=maybe_recompile pc=0x0000028f74749cb4 method=java.util.regex.Pattern$Start.match(Ljava/util/regex/Matcher;ILjava/lang/CharSequence;)Z @ 44 c2
Event: 7.449 Thread 0x0000028f05214130 DEOPT PACKING pc=0x0000028f74749cb4 sp=0x000000bc047f8e60
Event: 7.449 Thread 0x0000028f05214130 DEOPT UNPACKING pc=0x0000028f740669a3 sp=0x000000bc047f8e20 mode 2

Classes unloaded (0 events):
No events

Classes redefined (0 events):
No events

Internal exceptions (20 events):
Event: 7.342 Thread 0x0000028f05214130 Exception <a 'java/lang/ClassNotFoundException'{0x0000000084d91398}: groovy/lang/ScriptCustomizer> (0x0000000084d91398) 
thrown [s\src\hotspot\share\classfile\systemDictionary.cpp, line 256]
Event: 7.343 Thread 0x0000028f05214130 Exception <a 'java/lang/ClassNotFoundException'{0x0000000084da35d0}: org/gradle/groovy/scripts/ScriptCustomizer> (0x0000000084da35d0) 
thrown [s\src\hotspot\share\classfile\systemDictionary.cpp, line 256]
Event: 7.344 Thread 0x0000028f05214130 Exception <a 'java/lang/ClassNotFoundException'{0x0000000084db4850}: org/gradle/groovy/scripts/BasicScriptCustomizer> (0x0000000084db4850) 
thrown [s\src\hotspot\share\classfile\systemDictionary.cpp, line 256]
Event: 7.346 Thread 0x0000028f05214130 Exception <a 'java/lang/ClassNotFoundException'{0x0000000084dcb670}: org/gradle/groovy/scripts/DefaultScriptCustomizer> (0x0000000084dcb670) 
thrown [s\src\hotspot\share\classfile\systemDictionary.cpp, line 256]
Event: 7.349 Thread 0x0000028f05214130 Exception <a 'java/lang/ClassNotFoundException'{0x0000000084df2508}: org/gradle/initialization/InitScriptCustomizer> (0x0000000084df2508) 
thrown [s\src\hotspot\share\classfile\systemDictionary.cpp, line 256]
Event: 7.349 Thread 0x0000028f05214130 Exception <a 'java/lang/ClassNotFoundException'{0x0000000084c00a88}: ijtestinit1_47ngldadge772ingv8ne0rx9Customizer> (0x0000000084c00a88) 
thrown [s\src\hotspot\share\classfile\systemDictionary.cpp, line 256]
Event: 7.365 Thread 0x0000028f05214130 Exception <a 'java/lang/ClassNotFoundException'{0x0000000084ca1968}: org/gradle/internal/extensibility/DefaultExtraPropertiesExtensionBeanInfo> (0x0000000084ca1968) 
thrown [s\src\hotspot\share\classfile\systemDictionary.cpp, line 256]
Event: 7.365 Thread 0x0000028f05214130 Exception <a 'java/lang/ClassNotFoundException'{0x0000000084cab050}: org/gradle/internal/extensibility/DefaultExtraPropertiesExtensionCustomizer> (0x0000000084cab050) 
thrown [s\src\hotspot\share\classfile\systemDictionary.cpp, line 256]
Event: 7.375 Thread 0x0000028f05214130 Exception <a 'java/lang/ClassNotFoundException'{0x0000000083634360}: groovy/lang/ReferenceBeanInfo> (0x0000000083634360) 
thrown [s\src\hotspot\share\classfile\systemDictionary.cpp, line 256]
Event: 7.376 Thread 0x0000028f05214130 Exception <a 'java/lang/ClassNotFoundException'{0x00000000836566b8}: groovy/lang/ReferenceCustomizer> (0x00000000836566b8) 
thrown [s\src\hotspot\share\classfile\systemDictionary.cpp, line 256]
Event: 7.406 Thread 0x0000028f05214130 Exception <a 'java/lang/ClassNotFoundException'{0x0000000083446a08}: org/gradle/invocation/DefaultGradle_DecoratedBeanInfo> (0x0000000083446a08) 
thrown [s\src\hotspot\share\classfile\systemDictionary.cpp, line 256]
Event: 7.407 Thread 0x0000028f05214130 Exception <a 'java/lang/ClassNotFoundException'{0x0000000083454ad8}: org/gradle/invocation/DefaultGradleBeanInfo> (0x0000000083454ad8) 
thrown [s\src\hotspot\share\classfile\systemDictionary.cpp, line 256]
Event: 7.408 Thread 0x0000028f05214130 Exception <a 'java/lang/ClassNotFoundException'{0x00000000834632f8}: org/gradle/api/internal/project/AbstractPluginAwareBeanInfo> (0x00000000834632f8) 
thrown [s\src\hotspot\share\classfile\systemDictionary.cpp, line 256]
Event: 7.408 Thread 0x0000028f05214130 Exception <a 'java/lang/ClassNotFoundException'{0x00000000834717e8}: org/gradle/api/internal/project/AbstractPluginAwareCustomizer> (0x00000000834717e8) 
thrown [s\src\hotspot\share\classfile\systemDictionary.cpp, line 256]
Event: 7.410 Thread 0x0000028f05214130 Exception <a 'java/lang/ClassNotFoundException'{0x0000000083485430}: org/gradle/invocation/DefaultGradleCustomizer> (0x0000000083485430) 
thrown [s\src\hotspot\share\classfile\systemDictionary.cpp, line 256]
Event: 7.414 Thread 0x0000028f05214130 Exception <a 'java/lang/ClassNotFoundException'{0x00000000834c4028}: org/gradle/invocation/DefaultGradle_DecoratedCustomizer> (0x00000000834c4028) 
thrown [s\src\hotspot\share\classfile\systemDictionary.cpp, line 256]
Event: 7.445 Thread 0x0000028f05214130 Exception <a 'java/lang/ClassNotFoundException'{0x00000000833fb398}: groovy/lang/Closure$1BeanInfo> (0x00000000833fb398) 
thrown [s\src\hotspot\share\classfile\systemDictionary.cpp, line 256]
Event: 7.445 Thread 0x0000028f05214130 Exception <a 'java/lang/ClassNotFoundException'{0x000000008321daf8}: groovy/lang/ClosureBeanInfo> (0x000000008321daf8) 
thrown [s\src\hotspot\share\classfile\systemDictionary.cpp, line 256]
Event: 7.447 Thread 0x0000028f05214130 Exception <a 'java/lang/ClassNotFoundException'{0x000000008323fe70}: groovy/lang/ClosureCustomizer> (0x000000008323fe70) 
thrown [s\src\hotspot\share\classfile\systemDictionary.cpp, line 256]
Event: 7.451 Thread 0x0000028f05214130 Exception <a 'java/lang/ClassNotFoundException'{0x0000000083285850}: groovy/lang/Closure$1Customizer> (0x0000000083285850) 
thrown [s\src\hotspot\share\classfile\systemDictionary.cpp, line 256]

VM Operations (20 events):
Event: 6.919 Executing VM operation: HandshakeAllThreads done
Event: 6.960 Executing VM operation: HandshakeAllThreads
Event: 6.960 Executing VM operation: HandshakeAllThreads done
Event: 7.079 Executing VM operation: HandshakeAllThreads
Event: 7.079 Executing VM operation: HandshakeAllThreads done
Event: 7.079 Executing VM operation: HandshakeAllThreads
Event: 7.079 Executing VM operation: HandshakeAllThreads done
Event: 7.082 Executing VM operation: HandshakeAllThreads
Event: 7.083 Executing VM operation: HandshakeAllThreads done
Event: 7.087 Executing VM operation: HandshakeAllThreads
Event: 7.087 Executing VM operation: HandshakeAllThreads done
Event: 7.098 Executing VM operation: HandshakeAllThreads
Event: 7.098 Executing VM operation: HandshakeAllThreads done
Event: 7.185 Executing VM operation: HandshakeAllThreads
Event: 7.185 Executing VM operation: HandshakeAllThreads done
Event: 7.259 Executing VM operation: G1CollectForAllocation
Event: 7.267 Executing VM operation: G1CollectForAllocation done
Event: 7.271 Executing VM operation: G1CollectForAllocation
Event: 7.277 Executing VM operation: G1CollectForAllocation done
Event: 7.466 Executing VM operation: G1TryInitiateConcMark

Events (20 events):
Event: 7.186 loading class jdk/internal/jrtfs/JrtDirectoryStream
Event: 7.186 loading class jdk/internal/jrtfs/JrtDirectoryStream done
Event: 7.186 loading class jdk/internal/jrtfs/JrtDirectoryStream$1
Event: 7.186 loading class jdk/internal/jrtfs/JrtDirectoryStream$1 done
Event: 7.187 loading class java/util/function/BooleanSupplier
Event: 7.187 loading class java/util/function/BooleanSupplier done
Event: 7.187 loading class jdk/internal/jimage/ImageReader$Resource
Event: 7.188 loading class jdk/internal/jimage/ImageReader$Resource done
Event: 7.308 loading class java/util/WeakHashMap$KeyIterator
Event: 7.308 loading class java/util/WeakHashMap$HashIterator
Event: 7.308 loading class java/util/WeakHashMap$HashIterator done
Event: 7.308 loading class java/util/WeakHashMap$KeyIterator done
Event: 7.451 loading class com/sun/beans/finder/MethodFinder
Event: 7.451 loading class com/sun/beans/finder/AbstractFinder
Event: 7.452 loading class com/sun/beans/finder/AbstractFinder done
Event: 7.452 loading class com/sun/beans/finder/MethodFinder done
Event: 7.452 loading class com/sun/beans/finder/MethodFinder$1
Event: 7.452 loading class com/sun/beans/finder/MethodFinder$1 done
Event: 7.452 loading class com/sun/beans/finder/FinderUtils
Event: 7.452 loading class com/sun/beans/finder/FinderUtils done


Dynamic libraries:
0x00007ff7fe4c0000 - 0x00007ff7fe4ca000 	G:\Program\Android Studio\jbr\bin\java.exe
0x00007ffb3b8f0000 - 0x00007ffb3bae8000 	C:\Windows\SYSTEM32\ntdll.dll
0x00007ffb3a7a0000 - 0x00007ffb3a85f000 	C:\Windows\System32\KERNEL32.DLL
0x00007ffb39270000 - 0x00007ffb39566000 	C:\Windows\System32\KERNELBASE.dll
0x00007ffb39790000 - 0x00007ffb39890000 	C:\Windows\System32\ucrtbase.dll
0x00007ffb31ed0000 - 0x00007ffb31eeb000 	G:\Program\Android Studio\jbr\bin\VCRUNTIME140.dll
0x00007ffb22a50000 - 0x00007ffb22a67000 	G:\Program\Android Studio\jbr\bin\jli.dll
0x00007ffb39fa0000 - 0x00007ffb3a13d000 	C:\Windows\System32\USER32.dll
0x00007ffb39890000 - 0x00007ffb398b2000 	C:\Windows\System32\win32u.dll
0x00007ffb1f090000 - 0x00007ffb1f32a000 	C:\Windows\WinSxS\amd64_microsoft.windows.common-controls_6595b64144ccf1df_6.0.19041.1110_none_60b5254171f9507e\COMCTL32.dll
0x00007ffb3b520000 - 0x00007ffb3b5be000 	C:\Windows\System32\msvcrt.dll
0x00007ffb3a710000 - 0x00007ffb3a73c000 	C:\Windows\System32\GDI32.dll
0x00007ffb38fd0000 - 0x00007ffb390e5000 	C:\Windows\System32\gdi32full.dll
0x00007ffb391d0000 - 0x00007ffb3926d000 	C:\Windows\System32\msvcp_win.dll
0x00007ffb39c60000 - 0x00007ffb39c90000 	C:\Windows\System32\IMM32.DLL
0x00007ffb31070000 - 0x00007ffb3107c000 	G:\Program\Android Studio\jbr\bin\vcruntime140_1.dll
0x00007ffafb880000 - 0x00007ffafb90d000 	G:\Program\Android Studio\jbr\bin\msvcp140.dll
0x00007ffad1380000 - 0x00007ffad1fed000 	G:\Program\Android Studio\jbr\bin\server\jvm.dll
0x00007ffb39bb0000 - 0x00007ffb39c5f000 	C:\Windows\System32\ADVAPI32.dll
0x00007ffb3b480000 - 0x00007ffb3b51c000 	C:\Windows\System32\sechost.dll
0x00007ffb3b710000 - 0x00007ffb3b836000 	C:\Windows\System32\RPCRT4.dll
0x00007ffb13de0000 - 0x00007ffb13de9000 	C:\Windows\SYSTEM32\WSOCK32.dll
0x00007ffb3b6a0000 - 0x00007ffb3b70b000 	C:\Windows\System32\WS2_32.dll
0x00007ffb26840000 - 0x00007ffb26867000 	C:\Windows\SYSTEM32\WINMM.dll
0x00007ffb31d40000 - 0x00007ffb31d4a000 	C:\Windows\SYSTEM32\VERSION.dll
0x00007ffb36d90000 - 0x00007ffb36da2000 	C:\Windows\SYSTEM32\kernel.appcore.dll
0x00007ffb36740000 - 0x00007ffb3674a000 	G:\Program\Android Studio\jbr\bin\jimage.dll
0x00007ffb22d00000 - 0x00007ffb22ee4000 	C:\Windows\SYSTEM32\DBGHELP.DLL
0x00007ffb21480000 - 0x00007ffb214b4000 	C:\Windows\SYSTEM32\dbgcore.DLL
0x00007ffb398c0000 - 0x00007ffb39942000 	C:\Windows\System32\bcryptPrimitives.dll
0x00007ffb33d60000 - 0x00007ffb33d85000 	G:\Program\Android Studio\jbr\bin\java.dll
0x00007ffb33d40000 - 0x00007ffb33d58000 	G:\Program\Android Studio\jbr\bin\zip.dll
0x00007ffb3acd0000 - 0x00007ffb3b414000 	C:\Windows\System32\SHELL32.dll
0x00007ffb37070000 - 0x00007ffb37803000 	C:\Windows\SYSTEM32\windows.storage.dll
0x00007ffb3a320000 - 0x00007ffb3a674000 	C:\Windows\System32\combase.dll
0x00007ffb38950000 - 0x00007ffb3897e000 	C:\Windows\SYSTEM32\Wldp.dll
0x00007ffb3a270000 - 0x00007ffb3a31d000 	C:\Windows\System32\SHCORE.dll
0x00007ffb3b850000 - 0x00007ffb3b8a5000 	C:\Windows\System32\shlwapi.dll
0x00007ffb38f10000 - 0x00007ffb38f2f000 	C:\Windows\SYSTEM32\profapi.dll
0x00007ffb33cd0000 - 0x00007ffb33ce9000 	G:\Program\Android Studio\jbr\bin\net.dll
0x00007ffb31760000 - 0x00007ffb3186a000 	C:\Windows\SYSTEM32\WINHTTP.dll
0x00007ffb38730000 - 0x00007ffb3879a000 	C:\Windows\system32\mswsock.dll
0x00007ffb32000000 - 0x00007ffb32016000 	G:\Program\Android Studio\jbr\bin\nio.dll
0x00007ffb34c50000 - 0x00007ffb34c60000 	G:\Program\Android Studio\jbr\bin\verify.dll
0x00007ffb310d0000 - 0x00007ffb310f7000 	C:\Users\maxim\.gradle\native\68d5fa5c4cc2d200863cafc0d521ce42e7d3e7ee720ec0a83991735586a16f82\windows-amd64\native-platform.dll
0x00007ffaefaa0000 - 0x00007ffaefbe4000 	C:\Users\maxim\.gradle\native\e376f236ea51e6404a007f0833ffe2c6e607c4080706a723a18a27aeea778392\windows-amd64\native-platform-file-events.dll
0x00007ffb367c0000 - 0x00007ffb367c9000 	G:\Program\Android Studio\jbr\bin\management.dll
0x00007ffb34c60000 - 0x00007ffb34c6b000 	G:\Program\Android Studio\jbr\bin\management_ext.dll
0x00007ffb39c90000 - 0x00007ffb39c98000 	C:\Windows\System32\PSAPI.DLL
0x00007ffb38cc0000 - 0x00007ffb38cd8000 	C:\Windows\SYSTEM32\CRYPTSP.dll
0x00007ffb37f80000 - 0x00007ffb37fb4000 	C:\Windows\system32\rsaenh.dll
0x00007ffb390f0000 - 0x00007ffb39117000 	C:\Windows\System32\bcrypt.dll
0x00007ffb38ed0000 - 0x00007ffb38efe000 	C:\Windows\SYSTEM32\USERENV.dll
0x00007ffb388c0000 - 0x00007ffb388cc000 	C:\Windows\SYSTEM32\CRYPTBASE.dll
0x00007ffb383d0000 - 0x00007ffb3840c000 	C:\Windows\SYSTEM32\IPHLPAPI.DLL
0x00007ffb3b840000 - 0x00007ffb3b848000 	C:\Windows\System32\NSI.dll
0x00007ffb329a0000 - 0x00007ffb329b7000 	C:\Windows\SYSTEM32\dhcpcsvc6.DLL
0x00007ffb32860000 - 0x00007ffb3287d000 	C:\Windows\SYSTEM32\dhcpcsvc.DLL
0x00007ffb38410000 - 0x00007ffb384db000 	C:\Windows\SYSTEM32\DNSAPI.dll
0x00007ffb34a30000 - 0x00007ffb34a37000 	C:\Windows\system32\wshunix.dll

dbghelp: loaded successfully - version: 4.0.5 - missing functions: none
symbol engine: initialized successfully - sym options: 0x614 - pdb path: .;G:\Program\Android Studio\jbr\bin;C:\Windows\SYSTEM32;C:\Windows\WinSxS\amd64_microsoft.windows.common-controls_6595b64144ccf1df_6.0.19041.1110_none_60b5254171f9507e;G:\Program\Android Studio\jbr\bin\server;C:\Users\maxim\.gradle\native\68d5fa5c4cc2d200863cafc0d521ce42e7d3e7ee720ec0a83991735586a16f82\windows-amd64;C:\Users\maxim\.gradle\native\e376f236ea51e6404a007f0833ffe2c6e607c4080706a723a18a27aeea778392\windows-amd64

VM Arguments:
jvm_args: --add-opens=java.base/java.util=ALL-UNNAMED --add-opens=java.base/java.lang=ALL-UNNAMED --add-opens=java.base/java.lang.invoke=ALL-UNNAMED --add-opens=java.prefs/java.util.prefs=ALL-UNNAMED --add-opens=java.base/java.nio.charset=ALL-UNNAMED --add-opens=java.base/java.net=ALL-UNNAMED --add-opens=java.base/java.util.concurrent.atomic=ALL-UNNAMED -Xmx2048m -Dfile.encoding=UTF-8 -Duser.country=RU -Duser.language=ru -Duser.variant 
java_command: org.gradle.launcher.daemon.bootstrap.GradleDaemon 8.0
java_class_path (initial): C:\Users\maxim\.gradle\wrapper\dists\gradle-8.0-bin\ca5e32bp14vu59qr306oxotwh\gradle-8.0\lib\gradle-launcher-8.0.jar
Launcher Type: SUN_STANDARD

[Global flags]
     intx CICompilerCount                          = 3                                         {product} {ergonomic}
     uint ConcGCThreads                            = 2                                         {product} {ergonomic}
     uint G1ConcRefinementThreads                  = 6                                         {product} {ergonomic}
   size_t G1HeapRegionSize                         = 1048576                                   {product} {ergonomic}
    uintx GCDrainStackTargetSize                   = 64                                        {product} {ergonomic}
   size_t InitialHeapSize                          = 134217728                                 {product} {ergonomic}
   size_t MarkStackSize                            = 4194304                                   {product} {ergonomic}
   size_t MaxHeapSize                              = 2147483648                                {product} {command line}
   size_t MaxNewSize                               = 1287651328                                {product} {ergonomic}
   size_t MinHeapDeltaBytes                        = 1048576                                   {product} {ergonomic}
   size_t MinHeapSize                              = 8388608                                   {product} {ergonomic}
    uintx NonNMethodCodeHeapSize                   = 5832780                                {pd product} {ergonomic}
    uintx NonProfiledCodeHeapSize                  = 122912730                              {pd product} {ergonomic}
    uintx ProfiledCodeHeapSize                     = 122912730                              {pd product} {ergonomic}
    uintx ReservedCodeCacheSize                    = 251658240                              {pd product} {ergonomic}
     bool SegmentedCodeCache                       = true                                      {product} {ergonomic}
   size_t SoftMaxHeapSize                          = 2147483648                             {manageable} {ergonomic}
     bool UseCompressedClassPointers               = true                           {product lp64_product} {ergonomic}
     bool UseCompressedOops                        = true                           {product lp64_product} {ergonomic}
     bool UseG1GC                                  = true                                      {product} {ergonomic}
     bool UseLargePagesIndividualAllocation        = false                                  {pd product} {ergonomic}

Logging:
Log output configuration:
 #0: stdout all=warning uptime,level,tags
 #1: stderr all=off uptime,level,tags

Environment Variables:
PATH=C:\Program Files\Common Files\Oracle\Java\javapath;C:\Windows\system32;C:\Windows;C:\Windows\System32\Wbem;C:\Windows\System32\WindowsPowerShell\v1.0\;C:\Windows\System32\OpenSSH\;C:\Program Files\NVIDIA Corporation\NVIDIA NvDLISR;C:\Program Files\Git\cmd;C:\Program Files (x86)\NVIDIA Corporation\PhysX\Common;C:\Program Files\Docker\Docker\resources\bin;C:\Program Files\MySQL\MySQL Shell 8.0\bin\;C:\Users\maxim\AppData\Local\Microsoft\WindowsApps;
USERNAME=maxim
OS=Windows_NT
PROCESSOR_IDENTIFIER=AMD64 Family 21 Model 2 Stepping 0, AuthenticAMD
TMP=C:\Users\maxim\AppData\Local\Temp
TEMP=C:\Users\maxim\AppData\Local\Temp



---------------  S Y S T E M  ---------------

OS:
 Windows 10 , 64 bit Build 19041 (10.0.19041.2913)
OS uptime: 3 days 2:10 hours
Hyper-V role detected

CPU: total 6 (initial active 6) (6 cores per cpu, 1 threads per core) family 21 model 2 stepping 0 microcode 0x0, cx8, cmov, fxsr, mmx, 3dnowpref, sse, sse2, sse3, ssse3, sse4a, sse4.1, sse4.2, popcnt, lzcnt, tsc, tscinvbit, avx, aes, clmul, bmi1, fma, vzeroupper, clflush, hv

Memory: 4k page, system-wide physical 8175M (744M free)
TotalPageFile size 22477M (AvailPageFile size 34M)
current process WorkingSet (physical memory assigned to process): 209M, peak: 209M
current process commit charge ("private bytes"): 262M, peak: 305M

vm_info: OpenJDK 64-Bit Server VM (17.0.6+0-b2043.56-9586694) for windows-amd64 JRE (17.0.6+0-b2043.56-9586694), built on Feb  9 2023 20:06:20 by "androidbuild" with MS VC++ 16.10 / 16.11 (VS2019)

END.
