#
# There is insufficient memory for the Java Runtime Environment to continue.
# Native memory allocation (malloc) failed to allocate 303536 bytes for Chunk::new
# Possible reasons:
#   The system is out of physical RAM or swap space
#   The process is running with CompressedOops enabled, and the Java Heap may be blocking the growth of the native heap
# Possible solutions:
#   Reduce memory load on the system
#   Increase physical memory or swap space
#   Check if swap backing store is full
#   Decrease Java heap size (-Xmx/-Xms)
#   Decrease number of Java threads
#   Decrease Java thread stack sizes (-Xss)
#   Set larger code cache with -XX:ReservedCodeCacheSize=
#   JVM is running with Unscaled Compressed Oops mode in which the Java heap is
#     placed in the first 4GB address space. The Java Heap base address is the
#     maximum limit for the native heap growth. Please use -XX:HeapBaseMinAddress
#     to set the Java Heap base and to place the Java Heap above 4GB virtual address.
# This output file may be truncated or incomplete.
#
#  Out of Memory Error (arena.cpp:189), pid=4388, tid=26472
#
# JRE version: OpenJDK Runtime Environment (17.0.6) (build 17.0.6+0-b2043.56-9586694)
# Java VM: OpenJDK 64-Bit Server VM (17.0.6+0-b2043.56-9586694, mixed mode, tiered, compressed oops, compressed class ptrs, g1 gc, windows-amd64)
# No core dump will be written. Minidumps are not enabled by default on client versions of Windows
#

---------------  S U M M A R Y ------------

Command Line: --add-opens=java.base/java.util=ALL-UNNAMED --add-opens=java.base/java.lang=ALL-UNNAMED --add-opens=java.base/java.lang.invoke=ALL-UNNAMED --add-opens=java.prefs/java.util.prefs=ALL-UNNAMED --add-opens=java.base/java.nio.charset=ALL-UNNAMED --add-opens=java.base/java.net=ALL-UNNAMED --add-opens=java.base/java.util.concurrent.atomic=ALL-UNNAMED -Xmx2048m -Dfile.encoding=UTF-8 -Duser.country=RU -Duser.language=ru -Duser.variant org.gradle.launcher.daemon.bootstrap.GradleDaemon 8.0

Host: AMD FX(tm)-6350 Six-Core Processor             , 6 cores, 7G,  Windows 10 , 64 bit Build 19041 (10.0.19041.2913)
Time: Fri Jun  2 16:17:25 2023 RTZ 2 (s 10 , 64 bit Build 19041 (10.0.19041.2913) elapsed time: 6.866179 seconds (0d 0h 0m 6s)

---------------  T H R E A D  ---------------

Current thread (0x0000020f07de0ac0):  JavaThread "C2 CompilerThread1" daemon [_thread_in_native, id=26472, stack(0x000000c777700000,0x000000c777800000)]


Current CompileTask:
C2:   6866 3182       4       jdk.internal.loader.URLClassPath::getResource (74 bytes)

Stack: [0x000000c777700000,0x000000c777800000]
Native frames: (J=compiled Java code, j=interpreted, Vv=VM code, C=native code)
V  [jvm.dll+0x683b4a]
V  [jvm.dll+0x842654]
V  [jvm.dll+0x843dfe]
V  [jvm.dll+0x844463]
V  [jvm.dll+0x249b75]
V  [jvm.dll+0xabcac]
V  [jvm.dll+0xac27c]
V  [jvm.dll+0x56b8a8]
V  [jvm.dll+0x332f60]
V  [jvm.dll+0x3323da]
V  [jvm.dll+0x21c201]
V  [jvm.dll+0x21b621]
V  [jvm.dll+0x1a4fdd]
V  [jvm.dll+0x22b098]
V  [jvm.dll+0x229159]
V  [jvm.dll+0x7f809c]
V  [jvm.dll+0x7f25fa]
V  [jvm.dll+0x682985]
C  [ucrtbase.dll+0x21bb2]
C  [KERNEL32.DLL+0x17614]
C  [ntdll.dll+0x526a1]


---------------  P R O C E S S  ---------------

Threads class SMR info:
_java_thread_list=0x0000020f07a333d0, length=40, elements={
0x0000020f67de96c0, 0x0000020f7f7bc260, 0x0000020f7f7bcfe0, 0x0000020f7f7d9250,
0x0000020f7f7d9b10, 0x0000020f7f7da3d0, 0x0000020f7f7dcca0, 0x0000020f7f7dd940,
0x0000020f7f7dea90, 0x0000020f0494af20, 0x0000020f04ade440, 0x0000020f04ac1460,
0x0000020f05b53040, 0x0000020f05abf5d0, 0x0000020f05fad280, 0x0000020f07307e00,
0x0000020f07906030, 0x0000020f0515bc30, 0x0000020f0515e2b0, 0x0000020f0515d910,
0x0000020f0515c100, 0x0000020f0515f5f0, 0x0000020f0515c5d0, 0x0000020f0515caa0,
0x0000020f07de0ac0, 0x0000020f0515d440, 0x0000020f07806660, 0x0000020f0780ae90,
0x0000020f07806b30, 0x0000020f0780b830, 0x0000020f0780b360, 0x0000020f078057f0,
0x0000020f078091b0, 0x0000020f0780cb70, 0x0000020f07807e70, 0x0000020f07807000,
0x0000020f0780a4f0, 0x0000020f0780bd00, 0x0000020f0780c6a0, 0x0000020f0780a020
}

Java Threads: ( => current thread )
  0x0000020f67de96c0 JavaThread "main" [_thread_blocked, id=16452, stack(0x000000c775200000,0x000000c775300000)]
  0x0000020f7f7bc260 JavaThread "Reference Handler" daemon [_thread_blocked, id=15996, stack(0x000000c775900000,0x000000c775a00000)]
  0x0000020f7f7bcfe0 JavaThread "Finalizer" daemon [_thread_blocked, id=27104, stack(0x000000c775a00000,0x000000c775b00000)]
  0x0000020f7f7d9250 JavaThread "Signal Dispatcher" daemon [_thread_blocked, id=3676, stack(0x000000c775b00000,0x000000c775c00000)]
  0x0000020f7f7d9b10 JavaThread "Attach Listener" daemon [_thread_blocked, id=7368, stack(0x000000c775c00000,0x000000c775d00000)]
  0x0000020f7f7da3d0 JavaThread "Service Thread" daemon [_thread_blocked, id=2548, stack(0x000000c775d00000,0x000000c775e00000)]
  0x0000020f7f7dcca0 JavaThread "Monitor Deflation Thread" daemon [_thread_blocked, id=17824, stack(0x000000c775e00000,0x000000c775f00000)]
  0x0000020f7f7dd940 JavaThread "C2 CompilerThread0" daemon [_thread_in_native, id=26928, stack(0x000000c775f00000,0x000000c776000000)]
  0x0000020f7f7dea90 JavaThread "C1 CompilerThread0" daemon [_thread_blocked, id=17580, stack(0x000000c776000000,0x000000c776100000)]
  0x0000020f0494af20 JavaThread "Sweeper thread" daemon [_thread_blocked, id=27788, stack(0x000000c776100000,0x000000c776200000)]
  0x0000020f04ade440 JavaThread "Common-Cleaner" daemon [_thread_blocked, id=3780, stack(0x000000c776200000,0x000000c776300000)]
  0x0000020f04ac1460 JavaThread "Notification Thread" daemon [_thread_blocked, id=26784, stack(0x000000c776300000,0x000000c776400000)]
  0x0000020f05b53040 JavaThread "Daemon health stats" [_thread_blocked, id=2576, stack(0x000000c776a00000,0x000000c776b00000)]
  0x0000020f05abf5d0 JavaThread "Incoming local TCP Connector on port 56138" [_thread_in_native, id=7456, stack(0x000000c776500000,0x000000c776600000)]
  0x0000020f05fad280 JavaThread "Daemon periodic checks" [_thread_blocked, id=10928, stack(0x000000c776b00000,0x000000c776c00000)]
  0x0000020f07307e00 JavaThread "Daemon" [_thread_blocked, id=19140, stack(0x000000c776c00000,0x000000c776d00000)]
  0x0000020f07906030 JavaThread "Handler for socket connection from /127.0.0.1:56138 to /127.0.0.1:56139" [_thread_in_native, id=19992, stack(0x000000c776d00000,0x000000c776e00000)]
  0x0000020f0515bc30 JavaThread "Cancel handler" [_thread_blocked, id=7324, stack(0x000000c776e00000,0x000000c776f00000)]
  0x0000020f0515e2b0 JavaThread "Daemon worker" [_thread_in_vm, id=28460, stack(0x000000c776f00000,0x000000c777000000)]
  0x0000020f0515d910 JavaThread "Asynchronous log dispatcher for DefaultDaemonConnection: socket connection from /127.0.0.1:56138 to /127.0.0.1:56139" [_thread_blocked, id=2692, stack(0x000000c777000000,0x000000c777100000)]
  0x0000020f0515c100 JavaThread "Stdin handler" [_thread_blocked, id=6396, stack(0x000000c777100000,0x000000c777200000)]
  0x0000020f0515f5f0 JavaThread "Daemon client event forwarder" [_thread_blocked, id=8332, stack(0x000000c777200000,0x000000c777300000)]
  0x0000020f0515c5d0 JavaThread "Cache worker for journal cache (C:\Users\maxim\.gradle\caches\journal-1)" [_thread_blocked, id=11520, stack(0x000000c777500000,0x000000c777600000)]
  0x0000020f0515caa0 JavaThread "File lock request listener" [_thread_in_native, id=18692, stack(0x000000c777600000,0x000000c777700000)]
=>0x0000020f07de0ac0 JavaThread "C2 CompilerThread1" daemon [_thread_in_native, id=26472, stack(0x000000c777700000,0x000000c777800000)]
  0x0000020f0515d440 JavaThread "Cache worker for file hash cache (C:\Users\maxim\.gradle\caches\8.0\fileHashes)" [_thread_blocked, id=19496, stack(0x000000c777800000,0x000000c777900000)]
  0x0000020f07806660 JavaThread "File watcher server" daemon [_thread_in_native, id=28788, stack(0x000000c777900000,0x000000c777a00000)]
  0x0000020f0780ae90 JavaThread "File watcher consumer" daemon [_thread_blocked, id=11948, stack(0x000000c777a00000,0x000000c777b00000)]
  0x0000020f07806b30 JavaThread "jar transforms" [_thread_blocked, id=28696, stack(0x000000c777b00000,0x000000c777c00000)]
  0x0000020f0780b830 JavaThread "jar transforms Thread 2" [_thread_blocked, id=27668, stack(0x000000c777c00000,0x000000c777d00000)]
  0x0000020f0780b360 JavaThread "jar transforms Thread 3" [_thread_blocked, id=22624, stack(0x000000c777d00000,0x000000c777e00000)]
  0x0000020f078057f0 JavaThread "jar transforms Thread 4" [_thread_blocked, id=17236, stack(0x000000c777e00000,0x000000c777f00000)]
  0x0000020f078091b0 JavaThread "jar transforms Thread 5" [_thread_blocked, id=24852, stack(0x000000c777f00000,0x000000c778000000)]
  0x0000020f0780cb70 JavaThread "jar transforms Thread 6" [_thread_blocked, id=28596, stack(0x000000c778000000,0x000000c778100000)]
  0x0000020f07807e70 JavaThread "Cache worker for checksums cache (G:\Android\TopRedditApplication2\.gradle\8.0\checksums)" [_thread_blocked, id=19044, stack(0x000000c778100000,0x000000c778200000)]
  0x0000020f07807000 JavaThread "Cache worker for cache directory md-rule (C:\Users\maxim\.gradle\caches\8.0\md-rule)" [_thread_blocked, id=14048, stack(0x000000c778200000,0x000000c778300000)]
  0x0000020f0780a4f0 JavaThread "Cache worker for file content cache (C:\Users\maxim\.gradle\caches\8.0\fileContent)" [_thread_blocked, id=12640, stack(0x000000c778300000,0x000000c778400000)]
  0x0000020f0780bd00 JavaThread "Cache worker for file hash cache (G:\Android\TopRedditApplication2\.gradle\8.0\fileHashes)" [_thread_blocked, id=26260, stack(0x000000c778400000,0x000000c778500000)]
  0x0000020f0780c6a0 JavaThread "Cache worker for cache directory md-supplier (C:\Users\maxim\.gradle\caches\8.0\md-supplier)" [_thread_blocked, id=22664, stack(0x000000c778500000,0x000000c778600000)]
  0x0000020f0780a020 JavaThread "Cache worker for execution history cache (C:\Users\maxim\.gradle\caches\8.0\executionHistory)" [_thread_blocked, id=22256, stack(0x000000c778600000,0x000000c778700000)]

Other Threads:
  0x0000020f7f7a6590 VMThread "VM Thread" [stack: 0x000000c775800000,0x000000c775900000] [id=18948]
  0x0000020f04ae0d30 WatcherThread [stack: 0x000000c776400000,0x000000c776500000] [id=7192]
  0x0000020f67e45280 GCTaskThread "GC Thread#0" [stack: 0x000000c775300000,0x000000c775400000] [id=27692]
  0x0000020f04ff82a0 GCTaskThread "GC Thread#1" [stack: 0x000000c776600000,0x000000c776700000] [id=27968]
  0x0000020f04ff9820 GCTaskThread "GC Thread#2" [stack: 0x000000c776700000,0x000000c776800000] [id=7308]
  0x0000020f04ff8550 GCTaskThread "GC Thread#3" [stack: 0x000000c776800000,0x000000c776900000] [id=12788]
  0x0000020f04ff92c0 GCTaskThread "GC Thread#4" [stack: 0x000000c776900000,0x000000c776a00000] [id=26672]
  0x0000020f04ff9010 GCTaskThread "GC Thread#5" [stack: 0x000000c777300000,0x000000c777400000] [id=27372]
  0x0000020f67e58700 ConcurrentGCThread "G1 Main Marker" [stack: 0x000000c775400000,0x000000c775500000] [id=10576]
  0x0000020f67e597c0 ConcurrentGCThread "G1 Conc#0" [stack: 0x000000c775500000,0x000000c775600000] [id=21376]
  0x0000020f04ff9570 ConcurrentGCThread "G1 Conc#1" [stack: 0x000000c777400000,0x000000c777500000] [id=24432]
  0x0000020f67eb7f30 ConcurrentGCThread "G1 Refine#0" [stack: 0x000000c775600000,0x000000c775700000] [id=21656]
  0x0000020f67eb8860 ConcurrentGCThread "G1 Service" [stack: 0x000000c775700000,0x000000c775800000] [id=29132]

Threads with active compile tasks:
C2 CompilerThread0     6907 3403   !   4       jdk.internal.loader.URLClassPath$JarLoader::getResource (354 bytes)
C2 CompilerThread1     6907 3182       4       jdk.internal.loader.URLClassPath::getResource (74 bytes)

VM state: not at safepoint (normal execution)

VM Mutex/Monitor currently owned by a thread: None

Heap address: 0x0000000080000000, size: 2048 MB, Compressed Oops mode: 32-bit

CDS archive(s) not mapped
Compressed class space mapped at: 0x0000000100000000-0x0000000140000000, reserved size: 1073741824
Narrow klass base: 0x0000000000000000, Narrow klass shift: 3, Narrow klass range: 0x140000000

GC Precious Log:
 CPUs: 6 total, 6 available
 Memory: 8175M
 Large Page Support: Disabled
 NUMA Support: Disabled
 Compressed Oops: Enabled (32-bit)
 Heap Region Size: 1M
 Heap Min Capacity: 8M
 Heap Initial Capacity: 128M
 Heap Max Capacity: 2G
 Pre-touch: Disabled
 Parallel Workers: 6
 Concurrent Workers: 2
 Concurrent Refinement Workers: 6
 Periodic GC: Disabled

Heap:
 garbage-first heap   total 110592K, used 80321K [0x0000000080000000, 0x0000000100000000)
  region size 1024K, 28 young (28672K), 5 survivors (5120K)
 Metaspace       used 40494K, committed 40832K, reserved 1089536K
  class space    used 5468K, committed 5632K, reserved 1048576K

Heap Regions: E=young(eden), S=young(survivor), O=old, HS=humongous(starts), HC=humongous(continues), CS=collection set, F=free, OA=open archive, CA=closed archive, TAMS=top-at-mark-start (previous, next)
|   0|0x0000000080000000, 0x0000000080100000, 0x0000000080100000|100%|HS|  |TAMS 0x0000000080100000, 0x0000000080000000| Complete 
|   1|0x0000000080100000, 0x0000000080200000, 0x0000000080200000|100%|HC|  |TAMS 0x0000000080200000, 0x0000000080100000| Complete 
|   2|0x0000000080200000, 0x0000000080300000, 0x0000000080300000|100%|HC|  |TAMS 0x0000000080300000, 0x0000000080200000| Complete 
|   3|0x0000000080300000, 0x0000000080400000, 0x0000000080400000|100%|HC|  |TAMS 0x0000000080400000, 0x0000000080300000| Complete 
|   4|0x0000000080400000, 0x0000000080500000, 0x0000000080500000|100%| O|  |TAMS 0x0000000080500000, 0x0000000080400000| Untracked 
|   5|0x0000000080500000, 0x0000000080600000, 0x0000000080600000|100%| O|  |TAMS 0x0000000080600000, 0x0000000080500000| Untracked 
|   6|0x0000000080600000, 0x0000000080700000, 0x0000000080700000|100%| O|  |TAMS 0x0000000080700000, 0x0000000080600000| Untracked 
|   7|0x0000000080700000, 0x0000000080800000, 0x0000000080800000|100%| O|  |TAMS 0x0000000080800000, 0x0000000080700000| Untracked 
|   8|0x0000000080800000, 0x0000000080900000, 0x0000000080900000|100%| O|  |TAMS 0x0000000080900000, 0x0000000080800000| Untracked 
|   9|0x0000000080900000, 0x0000000080a00000, 0x0000000080a00000|100%| O|  |TAMS 0x0000000080a00000, 0x0000000080900000| Untracked 
|  10|0x0000000080a00000, 0x0000000080a52000, 0x0000000080b00000| 32%| O|  |TAMS 0x0000000080a52000, 0x0000000080a00000| Untracked 
|  11|0x0000000080b00000, 0x0000000080c00000, 0x0000000080c00000|100%| O|  |TAMS 0x0000000080c00000, 0x0000000080b00000| Untracked 
|  12|0x0000000080c00000, 0x0000000080d00000, 0x0000000080d00000|100%| O|  |TAMS 0x0000000080d00000, 0x0000000080c00000| Untracked 
|  13|0x0000000080d00000, 0x0000000080e00000, 0x0000000080e00000|100%| O|  |TAMS 0x0000000080e00000, 0x0000000080d00000| Untracked 
|  14|0x0000000080e00000, 0x0000000080f00000, 0x0000000080f00000|100%| O|  |TAMS 0x0000000080f00000, 0x0000000080e00000| Untracked 
|  15|0x0000000080f00000, 0x0000000081000000, 0x0000000081000000|100%| O|  |TAMS 0x0000000081000000, 0x0000000080f00000| Untracked 
|  16|0x0000000081000000, 0x0000000081100000, 0x0000000081100000|100%| O|  |TAMS 0x0000000081100000, 0x0000000081000000| Untracked 
|  17|0x0000000081100000, 0x0000000081200000, 0x0000000081200000|100%| O|  |TAMS 0x0000000081200000, 0x0000000081100000| Untracked 
|  18|0x0000000081200000, 0x0000000081300000, 0x0000000081300000|100%| O|  |TAMS 0x0000000081300000, 0x0000000081200000| Untracked 
|  19|0x0000000081300000, 0x0000000081400000, 0x0000000081400000|100%|HS|  |TAMS 0x0000000081400000, 0x0000000081300000| Complete 
|  20|0x0000000081400000, 0x0000000081500000, 0x0000000081500000|100%|HC|  |TAMS 0x0000000081500000, 0x0000000081400000| Complete 
|  21|0x0000000081500000, 0x0000000081600000, 0x0000000081600000|100%|HS|  |TAMS 0x0000000081600000, 0x0000000081500000| Complete 
|  22|0x0000000081600000, 0x0000000081700000, 0x0000000081700000|100%|HC|  |TAMS 0x0000000081700000, 0x0000000081600000| Complete 
|  23|0x0000000081700000, 0x0000000081800000, 0x0000000081800000|100%|HC|  |TAMS 0x0000000081800000, 0x0000000081700000| Complete 
|  24|0x0000000081800000, 0x0000000081900000, 0x0000000081900000|100%| O|  |TAMS 0x0000000081900000, 0x0000000081800000| Untracked 
|  25|0x0000000081900000, 0x0000000081a00000, 0x0000000081a00000|100%| O|  |TAMS 0x0000000081a00000, 0x0000000081900000| Untracked 
|  26|0x0000000081a00000, 0x0000000081b00000, 0x0000000081b00000|100%| O|  |TAMS 0x0000000081b00000, 0x0000000081a00000| Untracked 
|  27|0x0000000081b00000, 0x0000000081c00000, 0x0000000081c00000|100%| O|  |TAMS 0x0000000081c00000, 0x0000000081b00000| Untracked 
|  28|0x0000000081c00000, 0x0000000081d00000, 0x0000000081d00000|100%|HS|  |TAMS 0x0000000081d00000, 0x0000000081c00000| Complete 
|  29|0x0000000081d00000, 0x0000000081e00000, 0x0000000081e00000|100%|HC|  |TAMS 0x0000000081e00000, 0x0000000081d00000| Complete 
|  30|0x0000000081e00000, 0x0000000081f00000, 0x0000000081f00000|100%|HC|  |TAMS 0x0000000081f00000, 0x0000000081e00000| Complete 
|  31|0x0000000081f00000, 0x0000000082000000, 0x0000000082000000|100%|HS|  |TAMS 0x0000000082000000, 0x0000000081f00000| Complete 
|  32|0x0000000082000000, 0x0000000082100000, 0x0000000082100000|100%|HC|  |TAMS 0x0000000082100000, 0x0000000082000000| Complete 
|  33|0x0000000082100000, 0x0000000082200000, 0x0000000082200000|100%| O|  |TAMS 0x0000000082200000, 0x0000000082100000| Untracked 
|  34|0x0000000082200000, 0x0000000082300000, 0x0000000082300000|100%|HS|  |TAMS 0x0000000082300000, 0x0000000082200000| Complete 
|  35|0x0000000082300000, 0x0000000082400000, 0x0000000082400000|100%|HC|  |TAMS 0x0000000082400000, 0x0000000082300000| Complete 
|  36|0x0000000082400000, 0x0000000082500000, 0x0000000082500000|100%|HC|  |TAMS 0x0000000082500000, 0x0000000082400000| Complete 
|  37|0x0000000082500000, 0x0000000082600000, 0x0000000082600000|100%|HC|  |TAMS 0x0000000082600000, 0x0000000082500000| Complete 
|  38|0x0000000082600000, 0x0000000082700000, 0x0000000082700000|100%|HC|  |TAMS 0x0000000082700000, 0x0000000082600000| Complete 
|  39|0x0000000082700000, 0x0000000082800000, 0x0000000082800000|100%|HC|  |TAMS 0x0000000082800000, 0x0000000082700000| Complete 
|  40|0x0000000082800000, 0x0000000082813c00, 0x0000000082900000|  7%| O|  |TAMS 0x0000000082813c00, 0x0000000082800000| Untracked 
|  41|0x0000000082900000, 0x0000000082a00000, 0x0000000082a00000|100%|HS|  |TAMS 0x0000000082a00000, 0x0000000082900000| Complete 
|  42|0x0000000082a00000, 0x0000000082b00000, 0x0000000082b00000|100%|HS|  |TAMS 0x0000000082b00000, 0x0000000082a00000| Complete 
|  43|0x0000000082b00000, 0x0000000082c00000, 0x0000000082c00000|100%|HC|  |TAMS 0x0000000082c00000, 0x0000000082b00000| Complete 
|  44|0x0000000082c00000, 0x0000000082d00000, 0x0000000082d00000|100%|HC|  |TAMS 0x0000000082d00000, 0x0000000082c00000| Complete 
|  45|0x0000000082d00000, 0x0000000082e00000, 0x0000000082e00000|100%|HC|  |TAMS 0x0000000082e00000, 0x0000000082d00000| Complete 
|  46|0x0000000082e00000, 0x0000000082f00000, 0x0000000082f00000|100%|HC|  |TAMS 0x0000000082f00000, 0x0000000082e00000| Complete 
|  47|0x0000000082f00000, 0x0000000083000000, 0x0000000083000000|100%|HC|  |TAMS 0x0000000083000000, 0x0000000082f00000| Complete 
|  48|0x0000000083000000, 0x0000000083100000, 0x0000000083100000|100%|HC|  |TAMS 0x0000000083100000, 0x0000000083000000| Complete 
|  49|0x0000000083100000, 0x0000000083200000, 0x0000000083200000|100%|HC|  |TAMS 0x0000000083200000, 0x0000000083100000| Complete 
|  50|0x0000000083200000, 0x0000000083300000, 0x0000000083300000|100%|HC|  |TAMS 0x0000000083300000, 0x0000000083200000| Complete 
|  51|0x0000000083300000, 0x0000000083400000, 0x0000000083400000|100%|HC|  |TAMS 0x0000000083400000, 0x0000000083300000| Complete 
|  52|0x0000000083400000, 0x0000000083500000, 0x0000000083500000|100%|HS|  |TAMS 0x0000000083400000, 0x0000000083400000| Complete 
|  53|0x0000000083500000, 0x0000000083600000, 0x0000000083600000|100%|HC|  |TAMS 0x0000000083500000, 0x0000000083500000| Complete 
|  54|0x0000000083600000, 0x0000000083600000, 0x0000000083700000|  0%| F|  |TAMS 0x0000000083600000, 0x0000000083600000| Untracked 
|  55|0x0000000083700000, 0x0000000083700000, 0x0000000083800000|  0%| F|  |TAMS 0x0000000083700000, 0x0000000083700000| Untracked 
|  56|0x0000000083800000, 0x0000000083800000, 0x0000000083900000|  0%| F|  |TAMS 0x0000000083800000, 0x0000000083800000| Untracked 
|  57|0x0000000083900000, 0x0000000083900000, 0x0000000083a00000|  0%| F|  |TAMS 0x0000000083900000, 0x0000000083900000| Untracked 
|  58|0x0000000083a00000, 0x0000000083a00000, 0x0000000083b00000|  0%| F|  |TAMS 0x0000000083a00000, 0x0000000083a00000| Untracked 
|  59|0x0000000083b00000, 0x0000000083b00000, 0x0000000083c00000|  0%| F|  |TAMS 0x0000000083b00000, 0x0000000083b00000| Untracked 
|  60|0x0000000083c00000, 0x0000000083c00000, 0x0000000083d00000|  0%| F|  |TAMS 0x0000000083c00000, 0x0000000083c00000| Untracked 
|  61|0x0000000083d00000, 0x0000000083d00000, 0x0000000083e00000|  0%| F|  |TAMS 0x0000000083d00000, 0x0000000083d00000| Untracked 
|  62|0x0000000083e00000, 0x0000000083e00000, 0x0000000083f00000|  0%| F|  |TAMS 0x0000000083e00000, 0x0000000083e00000| Untracked 
|  63|0x0000000083f00000, 0x0000000083f00000, 0x0000000084000000|  0%| F|  |TAMS 0x0000000083f00000, 0x0000000083f00000| Untracked 
|  64|0x0000000084000000, 0x0000000084000000, 0x0000000084100000|  0%| F|  |TAMS 0x0000000084000000, 0x0000000084000000| Untracked 
|  65|0x0000000084100000, 0x0000000084100000, 0x0000000084200000|  0%| F|  |TAMS 0x0000000084100000, 0x0000000084100000| Untracked 
|  66|0x0000000084200000, 0x0000000084200000, 0x0000000084300000|  0%| F|  |TAMS 0x0000000084200000, 0x0000000084200000| Untracked 
|  67|0x0000000084300000, 0x0000000084300000, 0x0000000084400000|  0%| F|  |TAMS 0x0000000084300000, 0x0000000084300000| Untracked 
|  68|0x0000000084400000, 0x000000008440a918, 0x0000000084500000|  4%| S|CS|TAMS 0x0000000084400000, 0x0000000084400000| Complete 
|  69|0x0000000084500000, 0x0000000084600000, 0x0000000084600000|100%| S|CS|TAMS 0x0000000084500000, 0x0000000084500000| Complete 
|  70|0x0000000084600000, 0x0000000084700000, 0x0000000084700000|100%| S|CS|TAMS 0x0000000084600000, 0x0000000084600000| Complete 
|  71|0x0000000084700000, 0x0000000084800000, 0x0000000084800000|100%| S|CS|TAMS 0x0000000084700000, 0x0000000084700000| Complete 
|  72|0x0000000084800000, 0x0000000084900000, 0x0000000084900000|100%| S|CS|TAMS 0x0000000084800000, 0x0000000084800000| Complete 
|  73|0x0000000084900000, 0x0000000084900000, 0x0000000084a00000|  0%| F|  |TAMS 0x0000000084900000, 0x0000000084900000| Untracked 
|  74|0x0000000084a00000, 0x0000000084a00000, 0x0000000084b00000|  0%| F|  |TAMS 0x0000000084a00000, 0x0000000084a00000| Untracked 
|  75|0x0000000084b00000, 0x0000000084b00000, 0x0000000084c00000|  0%| F|  |TAMS 0x0000000084b00000, 0x0000000084b00000| Untracked 
|  76|0x0000000084c00000, 0x0000000084c00000, 0x0000000084d00000|  0%| F|  |TAMS 0x0000000084c00000, 0x0000000084c00000| Untracked 
|  77|0x0000000084d00000, 0x0000000084d00000, 0x0000000084e00000|  0%| F|  |TAMS 0x0000000084d00000, 0x0000000084d00000| Untracked 
|  78|0x0000000084e00000, 0x0000000084e00000, 0x0000000084f00000|  0%| F|  |TAMS 0x0000000084e00000, 0x0000000084e00000| Untracked 
|  79|0x0000000084f00000, 0x0000000084f00000, 0x0000000085000000|  0%| F|  |TAMS 0x0000000084f00000, 0x0000000084f00000| Untracked 
|  80|0x0000000085000000, 0x0000000085000000, 0x0000000085100000|  0%| F|  |TAMS 0x0000000085000000, 0x0000000085000000| Untracked 
|  81|0x0000000085100000, 0x0000000085100000, 0x0000000085200000|  0%| F|  |TAMS 0x0000000085100000, 0x0000000085100000| Untracked 
|  82|0x0000000085200000, 0x0000000085200000, 0x0000000085300000|  0%| F|  |TAMS 0x0000000085200000, 0x0000000085200000| Untracked 
|  83|0x0000000085300000, 0x0000000085300000, 0x0000000085400000|  0%| F|  |TAMS 0x0000000085300000, 0x0000000085300000| Untracked 
|  84|0x0000000085400000, 0x0000000085400000, 0x0000000085500000|  0%| F|  |TAMS 0x0000000085400000, 0x0000000085400000| Untracked 
|  85|0x0000000085500000, 0x00000000855f6338, 0x0000000085600000| 96%| E|  |TAMS 0x0000000085500000, 0x0000000085500000| Complete 
|  86|0x0000000085600000, 0x0000000085700000, 0x0000000085700000|100%| E|CS|TAMS 0x0000000085600000, 0x0000000085600000| Complete 
|  87|0x0000000085700000, 0x0000000085800000, 0x0000000085800000|100%| E|CS|TAMS 0x0000000085700000, 0x0000000085700000| Complete 
|  88|0x0000000085800000, 0x0000000085900000, 0x0000000085900000|100%| E|CS|TAMS 0x0000000085800000, 0x0000000085800000| Complete 
|  89|0x0000000085900000, 0x0000000085a00000, 0x0000000085a00000|100%| E|CS|TAMS 0x0000000085900000, 0x0000000085900000| Complete 
|  90|0x0000000085a00000, 0x0000000085b00000, 0x0000000085b00000|100%| E|CS|TAMS 0x0000000085a00000, 0x0000000085a00000| Complete 
|  91|0x0000000085b00000, 0x0000000085c00000, 0x0000000085c00000|100%| E|CS|TAMS 0x0000000085b00000, 0x0000000085b00000| Complete 
|  92|0x0000000085c00000, 0x0000000085d00000, 0x0000000085d00000|100%| E|CS|TAMS 0x0000000085c00000, 0x0000000085c00000| Complete 
|  93|0x0000000085d00000, 0x0000000085e00000, 0x0000000085e00000|100%| E|CS|TAMS 0x0000000085d00000, 0x0000000085d00000| Complete 
|  94|0x0000000085e00000, 0x0000000085f00000, 0x0000000085f00000|100%| E|CS|TAMS 0x0000000085e00000, 0x0000000085e00000| Complete 
|  95|0x0000000085f00000, 0x0000000086000000, 0x0000000086000000|100%| E|CS|TAMS 0x0000000085f00000, 0x0000000085f00000| Complete 
|  96|0x0000000086000000, 0x0000000086100000, 0x0000000086100000|100%| E|CS|TAMS 0x0000000086000000, 0x0000000086000000| Complete 
|  97|0x0000000086100000, 0x0000000086200000, 0x0000000086200000|100%| E|CS|TAMS 0x0000000086100000, 0x0000000086100000| Complete 
|  98|0x0000000086200000, 0x0000000086300000, 0x0000000086300000|100%| E|CS|TAMS 0x0000000086200000, 0x0000000086200000| Complete 
|  99|0x0000000086300000, 0x0000000086400000, 0x0000000086400000|100%| E|CS|TAMS 0x0000000086300000, 0x0000000086300000| Complete 
| 100|0x0000000086400000, 0x0000000086500000, 0x0000000086500000|100%| E|CS|TAMS 0x0000000086400000, 0x0000000086400000| Complete 
| 101|0x0000000086500000, 0x0000000086600000, 0x0000000086600000|100%| E|CS|TAMS 0x0000000086500000, 0x0000000086500000| Complete 
| 102|0x0000000086600000, 0x0000000086700000, 0x0000000086700000|100%| E|CS|TAMS 0x0000000086600000, 0x0000000086600000| Complete 
| 103|0x0000000086700000, 0x0000000086800000, 0x0000000086800000|100%| E|CS|TAMS 0x0000000086700000, 0x0000000086700000| Complete 
| 104|0x0000000086800000, 0x0000000086900000, 0x0000000086900000|100%| E|CS|TAMS 0x0000000086800000, 0x0000000086800000| Complete 
| 105|0x0000000086900000, 0x0000000086a00000, 0x0000000086a00000|100%| E|CS|TAMS 0x0000000086900000, 0x0000000086900000| Complete 
| 106|0x0000000086a00000, 0x0000000086b00000, 0x0000000086b00000|100%| E|CS|TAMS 0x0000000086a00000, 0x0000000086a00000| Complete 
| 127|0x0000000087f00000, 0x0000000088000000, 0x0000000088000000|100%| E|CS|TAMS 0x0000000087f00000, 0x0000000087f00000| Complete 

Card table byte_map: [0x0000020f7c6f0000,0x0000020f7caf0000] _byte_map_base: 0x0000020f7c2f0000

Marking Bits (Prev, Next): (CMBitMap*) 0x0000020f67e467b0, (CMBitMap*) 0x0000020f67e467f0
 Prev Bits: [0x0000020f7cef0000, 0x0000020f7eef0000)
 Next Bits: [0x0000020f00000000, 0x0000020f02000000)

Polling page: 0x0000020f67ec0000

Metaspace:

Usage:
  Non-class:     34.26 MB used.
      Class:      5.35 MB used.
       Both:     39.61 MB used.

Virtual space:
  Non-class space:       40.00 MB reserved,      34.44 MB ( 86%) committed,  5 nodes.
      Class space:        1.00 GB reserved,       5.56 MB ( <1%) committed,  1 nodes.
             Both:        1.04 GB reserved,      40.00 MB (  4%) committed. 

Chunk freelists:
   Non-Class:  672.00 KB
       Class:  2.48 MB
        Both:  3.12 MB

MaxMetaspaceSize: unlimited
CompressedClassSpaceSize: 1.00 GB
Initial GC threshold: 21.00 MB
Current GC threshold: 48.56 MB
CDS: off
MetaspaceReclaimPolicy: balanced
 - commit_granule_bytes: 65536.
 - commit_granule_words: 8192.
 - virtual_space_node_default_size: 1048576.
 - enlarge_chunks_in_place: 1.
 - new_chunks_are_fully_committed: 0.
 - uncommit_free_chunks: 1.
 - use_allocation_guard: 0.
 - handle_deallocations: 1.


Internal statistics:

num_allocs_failed_limit: 3.
num_arena_births: 390.
num_arena_deaths: 0.
num_vsnodes_births: 6.
num_vsnodes_deaths: 0.
num_space_committed: 640.
num_space_uncommitted: 0.
num_chunks_returned_to_freelist: 3.
num_chunks_taken_from_freelist: 1580.
num_chunk_merges: 3.
num_chunk_splits: 1009.
num_chunks_enlarged: 675.
num_purges: 0.
num_inconsistent_stats: 0.

CodeHeap 'non-profiled nmethods': size=120000Kb used=1848Kb max_used=1848Kb free=118151Kb
 bounds [0x0000020f74580000, 0x0000020f747f0000, 0x0000020f7bab0000]
CodeHeap 'profiled nmethods': size=120000Kb used=7135Kb max_used=7135Kb free=112864Kb
 bounds [0x0000020f6cab0000, 0x0000020f6d1b0000, 0x0000020f73fe0000]
CodeHeap 'non-nmethods': size=5760Kb used=1240Kb max_used=1277Kb free=4519Kb
 bounds [0x0000020f73fe0000, 0x0000020f74250000, 0x0000020f74580000]
 total_blobs=3966 nmethods=3416 adapters=463
 compilation: enabled
              stopped_count=0, restarted_count=0
 full_count=0

Compilation events (20 events):
Event: 6.844 Thread 0x0000020f7f7dea90 nmethod 3393 0x0000020f6d199c10 code [0x0000020f6d199de0, 0x0000020f6d19a208]
Event: 6.844 Thread 0x0000020f7f7dea90 3394       3       java.util.jar.JarFile::entryFor (10 bytes)
Event: 6.845 Thread 0x0000020f7f7dea90 nmethod 3394 0x0000020f6d19a390 code [0x0000020f6d19a540, 0x0000020f6d19a868]
Event: 6.845 Thread 0x0000020f7f7dea90 3395       3       java.util.jar.JarFile$JarFileEntry::<init> (16 bytes)
Event: 6.845 Thread 0x0000020f7f7dea90 nmethod 3395 0x0000020f6d19a990 code [0x0000020f6d19ab40, 0x0000020f6d19ada8]
Event: 6.845 Thread 0x0000020f7f7dea90 3396       3       java.util.jar.JarEntry::<init> (6 bytes)
Event: 6.845 Thread 0x0000020f7f7dea90 nmethod 3396 0x0000020f6d19ae90 code [0x0000020f6d19b020, 0x0000020f6d19b168]
Event: 6.845 Thread 0x0000020f7f7dd940 3403   !   4       jdk.internal.loader.URLClassPath$JarLoader::getResource (354 bytes)
Event: 6.846 Thread 0x0000020f7f7dea90 3404       3       java.util.zip.ZipFile$ZipEntryIterator::hasNext (17 bytes)
Event: 6.846 Thread 0x0000020f7f7dea90 nmethod 3404 0x0000020f6d19b210 code [0x0000020f6d19b3a0, 0x0000020f6d19b518]
Event: 6.846 Thread 0x0000020f7f7dea90 3405       3       java.util.zip.ZipFile$ZipEntryIterator::hasMoreElements (5 bytes)
Event: 6.846 Thread 0x0000020f7f7dea90 nmethod 3405 0x0000020f6d19b590 code [0x0000020f6d19b720, 0x0000020f6d19b8f8]
Event: 6.846 Thread 0x0000020f7f7dea90 3406       3       java.util.zip.ZipFile$ZipEntryIterator::nextElement (5 bytes)
Event: 6.846 Thread 0x0000020f7f7dea90 nmethod 3406 0x0000020f6d19b990 code [0x0000020f6d19bb40, 0x0000020f6d19bd08]
Event: 6.846 Thread 0x0000020f7f7dea90 3407       3       java.util.zip.ZipFile$ZipEntryIterator::nextElement (5 bytes)
Event: 6.846 Thread 0x0000020f7f7dea90 nmethod 3407 0x0000020f6d19be10 code [0x0000020f6d19bfc0, 0x0000020f6d19c108]
Event: 6.846 Thread 0x0000020f7f7dea90 3408   !   3       java.util.zip.ZipFile$ZipEntryIterator::next (71 bytes)
Event: 6.847 Thread 0x0000020f7f7dea90 nmethod 3408 0x0000020f6d19c190 code [0x0000020f6d19c380, 0x0000020f6d19c8a8]
Event: 6.863 Thread 0x0000020f7f7dea90 3410       3       com.sun.beans.introspect.MethodInfo$MethodOrder::compare (13 bytes)
Event: 6.863 Thread 0x0000020f7f7dea90 nmethod 3410 0x0000020f6d19cc90 code [0x0000020f6d19ce40, 0x0000020f6d19d148]

GC Heap History (18 events):
Event: 1.189 GC heap before
{Heap before GC invocations=0 (full 0):
 garbage-first heap   total 131072K, used 24576K [0x0000000080000000, 0x0000000100000000)
  region size 1024K, 21 young (21504K), 0 survivors (0K)
 Metaspace       used 10193K, committed 10368K, reserved 1064960K
  class space    used 1056K, committed 1088K, reserved 1048576K
}
Event: 1.196 GC heap after
{Heap after GC invocations=1 (full 0):
 garbage-first heap   total 131072K, used 10480K [0x0000000080000000, 0x0000000100000000)
  region size 1024K, 3 young (3072K), 3 survivors (3072K)
 Metaspace       used 10193K, committed 10368K, reserved 1064960K
  class space    used 1056K, committed 1088K, reserved 1048576K
}
Event: 1.813 GC heap before
{Heap before GC invocations=1 (full 0):
 garbage-first heap   total 131072K, used 36080K [0x0000000080000000, 0x0000000100000000)
  region size 1024K, 28 young (28672K), 3 survivors (3072K)
 Metaspace       used 11189K, committed 11392K, reserved 1064960K
  class space    used 1166K, committed 1280K, reserved 1048576K
}
Event: 1.818 GC heap after
{Heap after GC invocations=2 (full 0):
 garbage-first heap   total 131072K, used 11477K [0x0000000080000000, 0x0000000100000000)
  region size 1024K, 1 young (1024K), 1 survivors (1024K)
 Metaspace       used 11189K, committed 11392K, reserved 1064960K
  class space    used 1166K, committed 1280K, reserved 1048576K
}
Event: 3.356 GC heap before
{Heap before GC invocations=2 (full 0):
 garbage-first heap   total 131072K, used 53461K [0x0000000080000000, 0x0000000100000000)
  region size 1024K, 43 young (44032K), 1 survivors (1024K)
 Metaspace       used 21253K, committed 21504K, reserved 1073152K
  class space    used 2562K, committed 2688K, reserved 1048576K
}
Event: 3.365 GC heap after
{Heap after GC invocations=3 (full 0):
 garbage-first heap   total 131072K, used 18841K [0x0000000080000000, 0x0000000100000000)
  region size 1024K, 9 young (9216K), 9 survivors (9216K)
 Metaspace       used 21253K, committed 21504K, reserved 1073152K
  class space    used 2562K, committed 2688K, reserved 1048576K
}
Event: 4.219 GC heap before
{Heap before GC invocations=4 (full 0):
 garbage-first heap   total 71680K, used 52633K [0x0000000080000000, 0x0000000100000000)
  region size 1024K, 42 young (43008K), 9 survivors (9216K)
 Metaspace       used 26485K, committed 26816K, reserved 1073152K
  class space    used 3482K, committed 3648K, reserved 1048576K
}
Event: 4.235 GC heap after
{Heap after GC invocations=5 (full 0):
 garbage-first heap   total 71680K, used 20546K [0x0000000080000000, 0x0000000100000000)
  region size 1024K, 3 young (3072K), 3 survivors (3072K)
 Metaspace       used 26485K, committed 26816K, reserved 1073152K
  class space    used 3482K, committed 3648K, reserved 1048576K
}
Event: 4.922 GC heap before
{Heap before GC invocations=5 (full 0):
 garbage-first heap   total 71680K, used 49218K [0x0000000080000000, 0x0000000100000000)
  region size 1024K, 23 young (23552K), 3 survivors (3072K)
 Metaspace       used 29386K, committed 29760K, reserved 1081344K
  class space    used 3983K, committed 4160K, reserved 1048576K
}
Event: 4.929 GC heap after
{Heap after GC invocations=6 (full 0):
 garbage-first heap   total 71680K, used 34334K [0x0000000080000000, 0x0000000100000000)
  region size 1024K, 4 young (4096K), 4 survivors (4096K)
 Metaspace       used 29386K, committed 29760K, reserved 1081344K
  class space    used 3983K, committed 4160K, reserved 1048576K
}
Event: 4.958 GC heap before
{Heap before GC invocations=6 (full 0):
 garbage-first heap   total 71680K, used 40478K [0x0000000080000000, 0x0000000100000000)
  region size 1024K, 5 young (5120K), 4 survivors (4096K)
 Metaspace       used 29388K, committed 29760K, reserved 1081344K
  class space    used 3983K, committed 4160K, reserved 1048576K
}
Event: 4.963 GC heap after
{Heap after GC invocations=7 (full 0):
 garbage-first heap   total 71680K, used 40543K [0x0000000080000000, 0x0000000100000000)
  region size 1024K, 1 young (1024K), 1 survivors (1024K)
 Metaspace       used 29388K, committed 29760K, reserved 1081344K
  class space    used 3983K, committed 4160K, reserved 1048576K
}
Event: 5.033 GC heap before
{Heap before GC invocations=8 (full 0):
 garbage-first heap   total 75776K, used 42591K [0x0000000080000000, 0x0000000100000000)
  region size 1024K, 3 young (3072K), 1 survivors (1024K)
 Metaspace       used 29496K, committed 29888K, reserved 1081344K
  class space    used 3997K, committed 4160K, reserved 1048576K
}
Event: 5.034 GC heap after
{Heap after GC invocations=9 (full 0):
 garbage-first heap   total 75776K, used 41982K [0x0000000080000000, 0x0000000100000000)
  region size 1024K, 1 young (1024K), 1 survivors (1024K)
 Metaspace       used 29496K, committed 29888K, reserved 1081344K
  class space    used 3997K, committed 4160K, reserved 1048576K
}
Event: 5.116 GC heap before
{Heap before GC invocations=10 (full 0):
 garbage-first heap   total 92160K, used 52222K [0x0000000080000000, 0x0000000100000000)
  region size 1024K, 2 young (2048K), 1 survivors (1024K)
 Metaspace       used 29496K, committed 29888K, reserved 1081344K
  class space    used 3997K, committed 4160K, reserved 1048576K
}
Event: 5.118 GC heap after
{Heap after GC invocations=11 (full 0):
 garbage-first heap   total 110592K, used 52192K [0x0000000080000000, 0x0000000100000000)
  region size 1024K, 1 young (1024K), 1 survivors (1024K)
 Metaspace       used 29496K, committed 29888K, reserved 1081344K
  class space    used 3997K, committed 4160K, reserved 1048576K
}
Event: 5.985 GC heap before
{Heap before GC invocations=12 (full 0):
 garbage-first heap   total 110592K, used 88032K [0x0000000080000000, 0x0000000100000000)
  region size 1024K, 35 young (35840K), 1 survivors (1024K)
 Metaspace       used 34093K, committed 34496K, reserved 1081344K
  class space    used 4744K, committed 4928K, reserved 1048576K
}
Event: 5.990 GC heap after
{Heap after GC invocations=13 (full 0):
 garbage-first heap   total 110592K, used 57793K [0x0000000080000000, 0x0000000100000000)
  region size 1024K, 5 young (5120K), 5 survivors (5120K)
 Metaspace       used 34093K, committed 34496K, reserved 1081344K
  class space    used 4744K, committed 4928K, reserved 1048576K
}

Dll operation events (2 events):
Event: 0.070 Loaded shared library G:\Program\Android Studio\jbr\bin\java.dll
Event: 0.857 Loaded shared library G:\Program\Android Studio\jbr\bin\verify.dll

Deoptimization events (20 events):
Event: 6.296 Thread 0x0000020f0515e2b0 Uncommon trap: trap_request=0xffffffc6 fr.pc=0x0000020f746c896c relative=0x000000000000086c
Event: 6.296 Thread 0x0000020f0515e2b0 Uncommon trap: reason=bimorphic_or_optimized_type_check action=maybe_recompile pc=0x0000020f746c896c method=java.io.BufferedInputStream.read([BII)I @ 101 c2
Event: 6.296 Thread 0x0000020f0515e2b0 DEOPT PACKING pc=0x0000020f746c896c sp=0x000000c776ff76e0
Event: 6.296 Thread 0x0000020f0515e2b0 DEOPT UNPACKING pc=0x0000020f740369a3 sp=0x000000c776ff7698 mode 2
Event: 6.297 Thread 0x0000020f0515e2b0 Uncommon trap: trap_request=0xffffffc6 fr.pc=0x0000020f746c896c relative=0x000000000000086c
Event: 6.297 Thread 0x0000020f0515e2b0 Uncommon trap: reason=bimorphic_or_optimized_type_check action=maybe_recompile pc=0x0000020f746c896c method=java.io.BufferedInputStream.read([BII)I @ 101 c2
Event: 6.297 Thread 0x0000020f0515e2b0 DEOPT PACKING pc=0x0000020f746c896c sp=0x000000c776ff76e0
Event: 6.297 Thread 0x0000020f0515e2b0 DEOPT UNPACKING pc=0x0000020f740369a3 sp=0x000000c776ff7698 mode 2
Event: 6.301 Thread 0x0000020f0515e2b0 Uncommon trap: trap_request=0xffffffc6 fr.pc=0x0000020f746c896c relative=0x000000000000086c
Event: 6.301 Thread 0x0000020f0515e2b0 Uncommon trap: reason=bimorphic_or_optimized_type_check action=maybe_recompile pc=0x0000020f746c896c method=java.io.BufferedInputStream.read([BII)I @ 101 c2
Event: 6.301 Thread 0x0000020f0515e2b0 DEOPT PACKING pc=0x0000020f746c896c sp=0x000000c776ff76e0
Event: 6.301 Thread 0x0000020f0515e2b0 DEOPT UNPACKING pc=0x0000020f740369a3 sp=0x000000c776ff7698 mode 2
Event: 6.612 Thread 0x0000020f0515e2b0 Uncommon trap: trap_request=0xffffff45 fr.pc=0x0000020f746f4000 relative=0x0000000000000600
Event: 6.612 Thread 0x0000020f0515e2b0 Uncommon trap: reason=unstable_if action=reinterpret pc=0x0000020f746f4000 method=java.util.Properties$LineReader.readLine()I @ 95 c2
Event: 6.612 Thread 0x0000020f0515e2b0 DEOPT PACKING pc=0x0000020f746f4000 sp=0x000000c776ff7750
Event: 6.612 Thread 0x0000020f0515e2b0 DEOPT UNPACKING pc=0x0000020f740369a3 sp=0x000000c776ff7700 mode 2
Event: 6.838 Thread 0x0000020f0515e2b0 Uncommon trap: trap_request=0xffffff54 fr.pc=0x0000020f7463ce38 relative=0x0000000000001078
Event: 6.838 Thread 0x0000020f0515e2b0 Uncommon trap: reason=speculate_null_assert action=make_not_entrant pc=0x0000020f7463ce38 method=jdk.internal.loader.URLClassPath$JarLoader.getResource(Ljava/lang/String;ZLjava/util/Set;)Ljdk/internal/loader/Resource; @ 17 c2
Event: 6.838 Thread 0x0000020f0515e2b0 DEOPT PACKING pc=0x0000020f7463ce38 sp=0x000000c776ff6450
Event: 6.838 Thread 0x0000020f0515e2b0 DEOPT UNPACKING pc=0x0000020f740369a3 sp=0x000000c776ff63e8 mode 2

Classes unloaded (0 events):
No events

Classes redefined (0 events):
No events

Internal exceptions (20 events):
Event: 5.728 Thread 0x0000020f0515e2b0 Exception <a 'java/lang/NoSuchMethodError'{0x00000000855a4370}: 'java.lang.Object java.lang.invoke.DirectMethodHandle$Holder.newInvokeSpecial(java.lang.Object, java.lang.Object, java.lang.Object, java.lang.Object, java.lang.Object, java.lang.Object, java.lang.Object, java.lang.Object, java.lang.Object, java.lang.Object, java.lang.Object)'> (0x00000000855a4370) 
thrown [s\src\hotspot\share\interpreter\linkResolver.cpp, line 771]
Event: 5.728 Thread 0x0000020f0515e2b0 Exception <a 'java/lang/NoSuchMethodError'{0x00000000855a9408}: 'java.lang.Object java.lang.invoke.Invokers$Holder.linkToTargetMethod(java.lang.Object, java.lang.Object, java.lang.Object, java.lang.Object, java.lang.Object, java.lang.Object, java.lang.Object, java.lang.Object, java.lang.Object, java.lang.Object, java.lang.Object)'> (0x00000000855a9408) 
thrown [s\src\hotspot\share\interpreter\linkResolver.cpp, line 771]
Event: 5.733 Thread 0x0000020f0515e2b0 Exception <a 'java/lang/NoSuchMethodError'{0x00000000855f1238}: 'java.lang.Object java.lang.invoke.DirectMethodHandle$Holder.invokeSpecial(java.lang.Object, java.lang.Object, java.lang.Object, java.lang.Object, java.lang.Object, java.lang.Object, java.lang.Object, java.lang.Object, java.lang.Object, java.lang.Object, java.lang.Object, java.lang.Object, java.lang.Object, java.lang.Object)'> (0x00000000855f1238) 
thrown [s\src\hotspot\share\interpreter\linkResolver.cpp, line 771]
Event: 5.735 Thread 0x0000020f0515e2b0 Exception <a 'java/lang/NoSuchMethodError'{0x0000000085404be0}: 'java.lang.Object java.lang.invoke.DirectMethodHandle$Holder.newInvokeSpecial(java.lang.Object, java.lang.Object, java.lang.Object, java.lang.Object, java.lang.Object, java.lang.Object, java.lang.Object, java.lang.Object, java.lang.Object, java.lang.Object, java.lang.Object, java.lang.Object)'> (0x0000000085404be0) 
thrown [s\src\hotspot\share\interpreter\linkResolver.cpp, line 771]
Event: 5.735 Thread 0x0000020f0515e2b0 Exception <a 'java/lang/NoSuchMethodError'{0x000000008540a578}: 'java.lang.Object java.lang.invoke.Invokers$Holder.linkToTargetMethod(java.lang.Object, java.lang.Object, java.lang.Object, java.lang.Object, java.lang.Object, java.lang.Object, java.lang.Object, java.lang.Object, java.lang.Object, java.lang.Object, java.lang.Object, java.lang.Object)'> (0x000000008540a578) 
thrown [s\src\hotspot\share\interpreter\linkResolver.cpp, line 771]
Event: 5.757 Thread 0x0000020f0515e2b0 Exception <a 'java/lang/NoSuchMethodError'{0x00000000854cabc8}: 'java.lang.Object java.lang.invoke.DirectMethodHandle$Holder.invokeStaticInit(java.lang.Object, java.lang.Object, java.lang.Object, java.lang.Object)'> (0x00000000854cabc8) 
thrown [s\src\hotspot\share\interpreter\linkResolver.cpp, line 771]
Event: 5.946 Thread 0x0000020f0515e2b0 Exception <a 'java/lang/NoSuchMethodError'{0x0000000084a4ea28}: 'java.lang.Object java.lang.invoke.DirectMethodHandle$Holder.newInvokeSpecial(java.lang.Object, java.lang.Object, java.lang.Object, java.lang.Object, java.lang.Object, java.lang.Object, java.lang.Object, java.lang.Object)'> (0x0000000084a4ea28) 
thrown [s\src\hotspot\share\interpreter\linkResolver.cpp, line 771]
Event: 5.947 Thread 0x0000020f0515e2b0 Exception <a 'java/lang/NoSuchMethodError'{0x0000000084a54808}: 'java.lang.Object java.lang.invoke.Invokers$Holder.linkToTargetMethod(java.lang.Object, java.lang.Object, java.lang.Object, java.lang.Object, java.lang.Object, java.lang.Object, java.lang.Object, java.lang.Object)'> (0x0000000084a54808) 
thrown [s\src\hotspot\share\interpreter\linkResolver.cpp, line 771]
Event: 5.956 Thread 0x0000020f0515e2b0 Exception <a 'java/lang/IncompatibleClassChangeError'{0x0000000084ab7af0}: Found class java.lang.Object, but interface was expected> (0x0000000084ab7af0) 
thrown [s\src\hotspot\share\interpreter\linkResolver.cpp, line 838]
Event: 6.240 Thread 0x0000020f0515e2b0 Exception <a 'java/lang/NoSuchMethodError'{0x000000008641ba50}: 'java.lang.Object java.lang.invoke.DirectMethodHandle$Holder.invokeSpecial(java.lang.Object, java.lang.Object, java.lang.Object, int, java.lang.Object, java.lang.Object)'> (0x000000008641ba50) 
thrown [s\src\hotspot\share\interpreter\linkResolver.cpp, line 771]
Event: 6.447 Thread 0x0000020f0515e2b0 Exception <a 'java/lang/NoSuchMethodError'{0x00000000860693f8}: 'void java.lang.invoke.DirectMethodHandle$Holder.invokeStaticInit(java.lang.Object, java.lang.Object, java.lang.Object)'> (0x00000000860693f8) 
thrown [s\src\hotspot\share\interpreter\linkResolver.cpp, line 771]
Event: 6.449 Thread 0x0000020f0515e2b0 Exception <a 'java/lang/NoSuchMethodError'{0x0000000086070b40}: 'void java.lang.invoke.DirectMethodHandle$Holder.invokeStaticInit(java.lang.Object, java.lang.Object, java.lang.Object, java.lang.Object)'> (0x0000000086070b40) 
thrown [s\src\hotspot\share\interpreter\linkResolver.cpp, line 771]
Event: 6.452 Thread 0x0000020f0515e2b0 Exception <a 'java/lang/NoSuchMethodError'{0x0000000086093980}: 'void java.lang.invoke.DirectMethodHandle$Holder.invokeStaticInit(java.lang.Object, java.lang.Object, java.lang.Object, java.lang.Object, java.lang.Object)'> (0x0000000086093980) 
thrown [s\src\hotspot\share\interpreter\linkResolver.cpp, line 771]
Event: 6.476 Thread 0x0000020f0515e2b0 Exception <a 'java/lang/NoSuchMethodError'{0x00000000860edcd0}: 'int java.lang.invoke.DirectMethodHandle$Holder.invokeStaticInit(java.lang.Object, java.lang.Object, java.lang.Object, java.lang.Object)'> (0x00000000860edcd0) 
thrown [s\src\hotspot\share\interpreter\linkResolver.cpp, line 771]
Event: 6.841 Thread 0x0000020f0515e2b0 Exception <a 'java/lang/ClassNotFoundException'{0x00000000857ac9f8}: groovy/lang/ExpandoMetaClassBeanInfo> (0x00000000857ac9f8) 
thrown [s\src\hotspot\share\classfile\systemDictionary.cpp, line 256]
Event: 6.846 Thread 0x0000020f0515e2b0 Exception <a 'java/lang/ClassNotFoundException'{0x00000000857c4588}: groovy/lang/MetaClassImplBeanInfo> (0x00000000857c4588) 
thrown [s\src\hotspot\share\classfile\systemDictionary.cpp, line 256]
Event: 6.847 Thread 0x0000020f0515e2b0 Exception <a 'java/lang/ClassNotFoundException'{0x00000000857ca010}: java/lang/ObjectBeanInfo> (0x00000000857ca010) 
thrown [s\src\hotspot\share\classfile\systemDictionary.cpp, line 256]
Event: 6.848 Thread 0x0000020f0515e2b0 Exception <a 'java/lang/ClassNotFoundException'{0x00000000857d0150}: java/lang/ObjectCustomizer> (0x00000000857d0150) 
thrown [s\src\hotspot\share\classfile\systemDictionary.cpp, line 256]
Event: 6.853 Thread 0x0000020f0515e2b0 Exception <a 'java/lang/IncompatibleClassChangeError'{0x00000000857d4e20}: Found class java.lang.Object, but interface was expected> (0x00000000857d4e20) 
thrown [s\src\hotspot\share\interpreter\linkResolver.cpp, line 838]
Event: 6.862 Thread 0x0000020f0515e2b0 Exception <a 'java/lang/ClassNotFoundException'{0x00000000857f18f0}: groovy/lang/MetaClassImplCustomizer> (0x00000000857f18f0) 
thrown [s\src\hotspot\share\classfile\systemDictionary.cpp, line 256]

VM Operations (20 events):
Event: 5.116 Executing VM operation: G1TryInitiateConcMark
Event: 5.119 Executing VM operation: G1TryInitiateConcMark done
Event: 5.136 Executing VM operation: G1Concurrent
Event: 5.137 Executing VM operation: G1Concurrent done
Event: 5.146 Executing VM operation: G1Concurrent
Event: 5.146 Executing VM operation: G1Concurrent done
Event: 5.252 Executing VM operation: HandshakeAllThreads
Event: 5.252 Executing VM operation: HandshakeAllThreads done
Event: 5.674 Executing VM operation: HandshakeAllThreads
Event: 5.674 Executing VM operation: HandshakeAllThreads done
Event: 5.896 Executing VM operation: HandshakeAllThreads
Event: 5.896 Executing VM operation: HandshakeAllThreads done
Event: 5.938 Executing VM operation: HandshakeAllThreads
Event: 5.939 Executing VM operation: HandshakeAllThreads done
Event: 5.985 Executing VM operation: G1CollectForAllocation
Event: 5.991 Executing VM operation: G1CollectForAllocation done
Event: 6.355 Executing VM operation: HandshakeAllThreads
Event: 6.355 Executing VM operation: HandshakeAllThreads done
Event: 6.783 Executing VM operation: HandshakeAllThreads
Event: 6.783 Executing VM operation: HandshakeAllThreads done

Events (20 events):
Event: 6.851 loading class com/sun/beans/TypeResolver
Event: 6.851 loading class com/sun/beans/TypeResolver done
Event: 6.852 loading class com/sun/beans/WeakCache
Event: 6.852 loading class com/sun/beans/WeakCache done
Event: 6.853 loading class com/sun/beans/introspect/EventSetInfo
Event: 6.853 loading class com/sun/beans/introspect/EventSetInfo done
Event: 6.853 loading class com/sun/beans/introspect/PropertyInfo
Event: 6.854 loading class com/sun/beans/introspect/PropertyInfo done
Event: 6.854 loading class com/sun/beans/WildcardTypeImpl
Event: 6.854 loading class com/sun/beans/WildcardTypeImpl done
Event: 6.855 loading class java/beans/BeanProperty
Event: 6.855 loading class java/beans/BeanProperty done
Event: 6.855 loading class com/sun/beans/introspect/PropertyInfo$Name
Event: 6.855 loading class com/sun/beans/introspect/PropertyInfo$Name done
Event: 6.856 loading class java/beans/IndexedPropertyDescriptor
Event: 6.856 loading class java/beans/IndexedPropertyDescriptor done
Event: 6.857 loading class java/beans/GenericBeanInfo
Event: 6.857 loading class java/beans/SimpleBeanInfo
Event: 6.857 loading class java/beans/SimpleBeanInfo done
Event: 6.857 loading class java/beans/GenericBeanInfo done


Dynamic libraries:
0x00007ff7fe4c0000 - 0x00007ff7fe4ca000 	G:\Program\Android Studio\jbr\bin\java.exe
0x00007ffb3b8f0000 - 0x00007ffb3bae8000 	C:\Windows\SYSTEM32\ntdll.dll
0x00007ffb3a7a0000 - 0x00007ffb3a85f000 	C:\Windows\System32\KERNEL32.DLL
0x00007ffb39270000 - 0x00007ffb39566000 	C:\Windows\System32\KERNELBASE.dll
0x00007ffb39790000 - 0x00007ffb39890000 	C:\Windows\System32\ucrtbase.dll
0x00007ffb31ed0000 - 0x00007ffb31eeb000 	G:\Program\Android Studio\jbr\bin\VCRUNTIME140.dll
0x00007ffb2daa0000 - 0x00007ffb2dab7000 	G:\Program\Android Studio\jbr\bin\jli.dll
0x00007ffb39fa0000 - 0x00007ffb3a13d000 	C:\Windows\System32\USER32.dll
0x00007ffb39890000 - 0x00007ffb398b2000 	C:\Windows\System32\win32u.dll
0x00007ffb3a710000 - 0x00007ffb3a73c000 	C:\Windows\System32\GDI32.dll
0x00007ffb38fd0000 - 0x00007ffb390e5000 	C:\Windows\System32\gdi32full.dll
0x00007ffb391d0000 - 0x00007ffb3926d000 	C:\Windows\System32\msvcp_win.dll
0x00007ffb1f090000 - 0x00007ffb1f32a000 	C:\Windows\WinSxS\amd64_microsoft.windows.common-controls_6595b64144ccf1df_6.0.19041.1110_none_60b5254171f9507e\COMCTL32.dll
0x00007ffb3b520000 - 0x00007ffb3b5be000 	C:\Windows\System32\msvcrt.dll
0x00007ffb39c60000 - 0x00007ffb39c90000 	C:\Windows\System32\IMM32.DLL
0x00007ffb31070000 - 0x00007ffb3107c000 	G:\Program\Android Studio\jbr\bin\vcruntime140_1.dll
0x00007ffafb880000 - 0x00007ffafb90d000 	G:\Program\Android Studio\jbr\bin\msvcp140.dll
0x00007ffad1380000 - 0x00007ffad1fed000 	G:\Program\Android Studio\jbr\bin\server\jvm.dll
0x00007ffb39bb0000 - 0x00007ffb39c5f000 	C:\Windows\System32\ADVAPI32.dll
0x00007ffb3b480000 - 0x00007ffb3b51c000 	C:\Windows\System32\sechost.dll
0x00007ffb3b710000 - 0x00007ffb3b836000 	C:\Windows\System32\RPCRT4.dll
0x00007ffb13de0000 - 0x00007ffb13de9000 	C:\Windows\SYSTEM32\WSOCK32.dll
0x00007ffb3b6a0000 - 0x00007ffb3b70b000 	C:\Windows\System32\WS2_32.dll
0x00007ffb26840000 - 0x00007ffb26867000 	C:\Windows\SYSTEM32\WINMM.dll
0x00007ffb31d40000 - 0x00007ffb31d4a000 	C:\Windows\SYSTEM32\VERSION.dll
0x00007ffb36d90000 - 0x00007ffb36da2000 	C:\Windows\SYSTEM32\kernel.appcore.dll
0x00007ffb36740000 - 0x00007ffb3674a000 	G:\Program\Android Studio\jbr\bin\jimage.dll
0x00007ffb22d00000 - 0x00007ffb22ee4000 	C:\Windows\SYSTEM32\DBGHELP.DLL
0x00007ffb21480000 - 0x00007ffb214b4000 	C:\Windows\SYSTEM32\dbgcore.DLL
0x00007ffb398c0000 - 0x00007ffb39942000 	C:\Windows\System32\bcryptPrimitives.dll
0x00007ffb33d60000 - 0x00007ffb33d85000 	G:\Program\Android Studio\jbr\bin\java.dll
0x00007ffb33d40000 - 0x00007ffb33d58000 	G:\Program\Android Studio\jbr\bin\zip.dll
0x00007ffb3acd0000 - 0x00007ffb3b414000 	C:\Windows\System32\SHELL32.dll
0x00007ffb37070000 - 0x00007ffb37803000 	C:\Windows\SYSTEM32\windows.storage.dll
0x00007ffb3a320000 - 0x00007ffb3a674000 	C:\Windows\System32\combase.dll
0x00007ffb38950000 - 0x00007ffb3897e000 	C:\Windows\SYSTEM32\Wldp.dll
0x00007ffb3a270000 - 0x00007ffb3a31d000 	C:\Windows\System32\SHCORE.dll
0x00007ffb3b850000 - 0x00007ffb3b8a5000 	C:\Windows\System32\shlwapi.dll
0x00007ffb38f10000 - 0x00007ffb38f2f000 	C:\Windows\SYSTEM32\profapi.dll
0x00007ffb33cd0000 - 0x00007ffb33ce9000 	G:\Program\Android Studio\jbr\bin\net.dll
0x00007ffb31760000 - 0x00007ffb3186a000 	C:\Windows\SYSTEM32\WINHTTP.dll
0x00007ffb38730000 - 0x00007ffb3879a000 	C:\Windows\system32\mswsock.dll
0x00007ffb32000000 - 0x00007ffb32016000 	G:\Program\Android Studio\jbr\bin\nio.dll
0x00007ffb34c50000 - 0x00007ffb34c60000 	G:\Program\Android Studio\jbr\bin\verify.dll
0x00007ffb310d0000 - 0x00007ffb310f7000 	C:\Users\maxim\.gradle\native\68d5fa5c4cc2d200863cafc0d521ce42e7d3e7ee720ec0a83991735586a16f82\windows-amd64\native-platform.dll
0x00007ffaefaa0000 - 0x00007ffaefbe4000 	C:\Users\maxim\.gradle\native\e376f236ea51e6404a007f0833ffe2c6e607c4080706a723a18a27aeea778392\windows-amd64\native-platform-file-events.dll
0x00007ffb367c0000 - 0x00007ffb367c9000 	G:\Program\Android Studio\jbr\bin\management.dll
0x00007ffb34c60000 - 0x00007ffb34c6b000 	G:\Program\Android Studio\jbr\bin\management_ext.dll
0x00007ffb39c90000 - 0x00007ffb39c98000 	C:\Windows\System32\PSAPI.DLL
0x00007ffb38cc0000 - 0x00007ffb38cd8000 	C:\Windows\SYSTEM32\CRYPTSP.dll
0x00007ffb37f80000 - 0x00007ffb37fb4000 	C:\Windows\system32\rsaenh.dll
0x00007ffb390f0000 - 0x00007ffb39117000 	C:\Windows\System32\bcrypt.dll
0x00007ffb38ed0000 - 0x00007ffb38efe000 	C:\Windows\SYSTEM32\USERENV.dll
0x00007ffb388c0000 - 0x00007ffb388cc000 	C:\Windows\SYSTEM32\CRYPTBASE.dll
0x00007ffb383d0000 - 0x00007ffb3840c000 	C:\Windows\SYSTEM32\IPHLPAPI.DLL
0x00007ffb3b840000 - 0x00007ffb3b848000 	C:\Windows\System32\NSI.dll
0x00007ffb329a0000 - 0x00007ffb329b7000 	C:\Windows\SYSTEM32\dhcpcsvc6.DLL
0x00007ffb32860000 - 0x00007ffb3287d000 	C:\Windows\SYSTEM32\dhcpcsvc.DLL
0x00007ffb38410000 - 0x00007ffb384db000 	C:\Windows\SYSTEM32\DNSAPI.dll
0x00007ffb34a30000 - 0x00007ffb34a37000 	C:\Windows\system32\wshunix.dll

dbghelp: loaded successfully - version: 4.0.5 - missing functions: none
symbol engine: initialized successfully - sym options: 0x614 - pdb path: .;G:\Program\Android Studio\jbr\bin;C:\Windows\SYSTEM32;C:\Windows\WinSxS\amd64_microsoft.windows.common-controls_6595b64144ccf1df_6.0.19041.1110_none_60b5254171f9507e;G:\Program\Android Studio\jbr\bin\server;C:\Users\maxim\.gradle\native\68d5fa5c4cc2d200863cafc0d521ce42e7d3e7ee720ec0a83991735586a16f82\windows-amd64;C:\Users\maxim\.gradle\native\e376f236ea51e6404a007f0833ffe2c6e607c4080706a723a18a27aeea778392\windows-amd64

VM Arguments:
jvm_args: --add-opens=java.base/java.util=ALL-UNNAMED --add-opens=java.base/java.lang=ALL-UNNAMED --add-opens=java.base/java.lang.invoke=ALL-UNNAMED --add-opens=java.prefs/java.util.prefs=ALL-UNNAMED --add-opens=java.base/java.nio.charset=ALL-UNNAMED --add-opens=java.base/java.net=ALL-UNNAMED --add-opens=java.base/java.util.concurrent.atomic=ALL-UNNAMED -Xmx2048m -Dfile.encoding=UTF-8 -Duser.country=RU -Duser.language=ru -Duser.variant 
java_command: org.gradle.launcher.daemon.bootstrap.GradleDaemon 8.0
java_class_path (initial): C:\Users\maxim\.gradle\wrapper\dists\gradle-8.0-bin\ca5e32bp14vu59qr306oxotwh\gradle-8.0\lib\gradle-launcher-8.0.jar
Launcher Type: SUN_STANDARD

[Global flags]
     intx CICompilerCount                          = 3                                         {product} {ergonomic}
     uint ConcGCThreads                            = 2                                         {product} {ergonomic}
     uint G1ConcRefinementThreads                  = 6                                         {product} {ergonomic}
   size_t G1HeapRegionSize                         = 1048576                                   {product} {ergonomic}
    uintx GCDrainStackTargetSize                   = 64                                        {product} {ergonomic}
   size_t InitialHeapSize                          = 134217728                                 {product} {ergonomic}
   size_t MarkStackSize                            = 4194304                                   {product} {ergonomic}
   size_t MaxHeapSize                              = 2147483648                                {product} {command line}
   size_t MaxNewSize                               = 1287651328                                {product} {ergonomic}
   size_t MinHeapDeltaBytes                        = 1048576                                   {product} {ergonomic}
   size_t MinHeapSize                              = 8388608                                   {product} {ergonomic}
    uintx NonNMethodCodeHeapSize                   = 5832780                                {pd product} {ergonomic}
    uintx NonProfiledCodeHeapSize                  = 122912730                              {pd product} {ergonomic}
    uintx ProfiledCodeHeapSize                     = 122912730                              {pd product} {ergonomic}
    uintx ReservedCodeCacheSize                    = 251658240                              {pd product} {ergonomic}
     bool SegmentedCodeCache                       = true                                      {product} {ergonomic}
   size_t SoftMaxHeapSize                          = 2147483648                             {manageable} {ergonomic}
     bool UseCompressedClassPointers               = true                           {product lp64_product} {ergonomic}
     bool UseCompressedOops                        = true                           {product lp64_product} {ergonomic}
     bool UseG1GC                                  = true                                      {product} {ergonomic}
     bool UseLargePagesIndividualAllocation        = false                                  {pd product} {ergonomic}

Logging:
Log output configuration:
 #0: stdout all=warning uptime,level,tags
 #1: stderr all=off uptime,level,tags

Environment Variables:
PATH=C:\Program Files\Common Files\Oracle\Java\javapath;C:\Windows\system32;C:\Windows;C:\Windows\System32\Wbem;C:\Windows\System32\WindowsPowerShell\v1.0\;C:\Windows\System32\OpenSSH\;C:\Program Files\NVIDIA Corporation\NVIDIA NvDLISR;C:\Program Files\Git\cmd;C:\Program Files (x86)\NVIDIA Corporation\PhysX\Common;C:\Program Files\Docker\Docker\resources\bin;C:\Program Files\MySQL\MySQL Shell 8.0\bin\;C:\Users\maxim\AppData\Local\Microsoft\WindowsApps;
USERNAME=maxim
OS=Windows_NT
PROCESSOR_IDENTIFIER=AMD64 Family 21 Model 2 Stepping 0, AuthenticAMD
TMP=C:\Users\maxim\AppData\Local\Temp
TEMP=C:\Users\maxim\AppData\Local\Temp



---------------  S Y S T E M  ---------------

OS:
 Windows 10 , 64 bit Build 19041 (10.0.19041.2913)
OS uptime: 3 days 2:13 hours
Hyper-V role detected

CPU: total 6 (initial active 6) (6 cores per cpu, 1 threads per core) family 21 model 2 stepping 0 microcode 0x0, cx8, cmov, fxsr, mmx, 3dnowpref, sse, sse2, sse3, ssse3, sse4a, sse4.1, sse4.2, popcnt, lzcnt, tsc, tscinvbit, avx, aes, clmul, bmi1, fma, vzeroupper, clflush, hv

Memory: 4k page, system-wide physical 8175M (416M free)
TotalPageFile size 22477M (AvailPageFile size 4M)
current process WorkingSet (physical memory assigned to process): 237M, peak: 237M
current process commit charge ("private bytes"): 280M, peak: 281M

vm_info: OpenJDK 64-Bit Server VM (17.0.6+0-b2043.56-9586694) for windows-amd64 JRE (17.0.6+0-b2043.56-9586694), built on Feb  9 2023 20:06:20 by "androidbuild" with MS VC++ 16.10 / 16.11 (VS2019)

END.
