#
# There is insufficient memory for the Java Runtime Environment to continue.
# Native memory allocation (malloc) failed to allocate 2237152 bytes for Chunk::new
# Possible reasons:
#   The system is out of physical RAM or swap space
#   The process is running with CompressedOops enabled, and the Java Heap may be blocking the growth of the native heap
# Possible solutions:
#   Reduce memory load on the system
#   Increase physical memory or swap space
#   Check if swap backing store is full
#   Decrease Java heap size (-Xmx/-Xms)
#   Decrease number of Java threads
#   Decrease Java thread stack sizes (-Xss)
#   Set larger code cache with -XX:ReservedCodeCacheSize=
#   JVM is running with Unscaled Compressed Oops mode in which the Java heap is
#     placed in the first 4GB address space. The Java Heap base address is the
#     maximum limit for the native heap growth. Please use -XX:HeapBaseMinAddress
#     to set the Java Heap base and to place the Java Heap above 4GB virtual address.
# This output file may be truncated or incomplete.
#
#  Out of Memory Error (arena.cpp:189), pid=14296, tid=23352
#
# JRE version: OpenJDK Runtime Environment (17.0.6) (build 17.0.6+0-b2043.56-9586694)
# Java VM: OpenJDK 64-Bit Server VM (17.0.6+0-b2043.56-9586694, mixed mode, tiered, compressed oops, compressed class ptrs, g1 gc, windows-amd64)
# No core dump will be written. Minidumps are not enabled by default on client versions of Windows
#

---------------  S U M M A R Y ------------

Command Line: --add-opens=java.base/java.util=ALL-UNNAMED --add-opens=java.base/java.lang=ALL-UNNAMED --add-opens=java.base/java.lang.invoke=ALL-UNNAMED --add-opens=java.prefs/java.util.prefs=ALL-UNNAMED --add-opens=java.base/java.nio.charset=ALL-UNNAMED --add-opens=java.base/java.net=ALL-UNNAMED --add-opens=java.base/java.util.concurrent.atomic=ALL-UNNAMED -Xmx2048m -Dfile.encoding=UTF-8 -Duser.country=RU -Duser.language=ru -Duser.variant org.gradle.launcher.daemon.bootstrap.GradleDaemon 8.0

Host: AMD FX(tm)-6350 Six-Core Processor             , 6 cores, 7G,  Windows 10 , 64 bit Build 19041 (10.0.19041.2913)
Time: Fri Jun  2 16:15:13 2023 RTZ 2 (s 10 , 64 bit Build 19041 (10.0.19041.2913) elapsed time: 8.351162 seconds (0d 0h 0m 8s)

---------------  T H R E A D  ---------------

Current thread (0x00000267c3d35150):  JavaThread "C2 CompilerThread0" daemon [_thread_in_native, id=23352, stack(0x0000007123400000,0x0000007123500000)]


Current CompileTask:
C2:   8351 5419       4       java.lang.invoke.MethodType::makeImpl (109 bytes)

Stack: [0x0000007123400000,0x0000007123500000]
Native frames: (J=compiled Java code, j=interpreted, Vv=VM code, C=native code)
V  [jvm.dll+0x683b4a]
V  [jvm.dll+0x842654]
V  [jvm.dll+0x843dfe]
V  [jvm.dll+0x844463]
V  [jvm.dll+0x249b75]
V  [jvm.dll+0xabcac]
V  [jvm.dll+0xac27c]
V  [jvm.dll+0x368857]
V  [jvm.dll+0x332f31]
V  [jvm.dll+0x3323da]
V  [jvm.dll+0x21c201]
V  [jvm.dll+0x21b621]
V  [jvm.dll+0x1a4fdd]
V  [jvm.dll+0x22b098]
V  [jvm.dll+0x229159]
V  [jvm.dll+0x7f809c]
V  [jvm.dll+0x7f25fa]
V  [jvm.dll+0x682985]
C  [ucrtbase.dll+0x21bb2]
C  [KERNEL32.DLL+0x17614]
C  [ntdll.dll+0x526a1]


---------------  P R O C E S S  ---------------

Threads class SMR info:
_java_thread_list=0x00000267c8cbcaf0, length=102, elements={
0x00000267a9979fe0, 0x00000267c33a8260, 0x00000267c33a8fe0, 0x00000267c3d3a1e0,
0x00000267c3d3aaa0, 0x00000267c3d3b570, 0x00000267c3d32320, 0x00000267c3d35150,
0x00000267c3d4d3a0, 0x00000267c3d4dcc0, 0x00000267c3eb4370, 0x00000267c3eb7890,
0x00000267c56d1f50, 0x00000267c5302480, 0x00000267c5696f20, 0x00000267c5692440,
0x00000267c5423dc0, 0x00000267c6edcd20, 0x00000267c691ee80, 0x00000267c568d870,
0x00000267c568f550, 0x00000267c568c530, 0x00000267c568dd40, 0x00000267c568e210,
0x00000267c568e6e0, 0x00000267c568ebb0, 0x00000267c568f080, 0x00000267c568fa20,
0x00000267c568c060, 0x00000267c568ca00, 0x00000267c568ced0, 0x00000267c568d3a0,
0x00000267c8b4bd60, 0x00000267c8b4a550, 0x00000267c84d1770, 0x00000267c8b4c230,
0x00000267c8b4a080, 0x00000267c8b4df10, 0x00000267c8b47530, 0x00000267c8b4cbd0,
0x00000267c8b4aef0, 0x00000267c8b49210, 0x00000267c8b4d570, 0x00000267c8b47a00,
0x00000267c8b4e3e0, 0x00000267c8b4b3c0, 0x00000267c8b47ed0, 0x00000267c8b4aa20,
0x00000267c8b4b890, 0x00000267c8b48870, 0x00000267c8b4da40, 0x00000267c8b48d40,
0x00000267c8b496e0, 0x00000267c8b49bb0, 0x00000267c8cda620, 0x00000267c8cdd640,
0x00000267c8cd8e10, 0x00000267c8cd97b0, 0x00000267c8cdaaf0, 0x00000267c8cdee50,
0x00000267c8cdf320, 0x00000267c8cdf7f0, 0x00000267c8cddb10, 0x00000267c8cdc300,
0x00000267c8cdcca0, 0x00000267c8cdfcc0, 0x00000267c8cdb960, 0x00000267c8cde4b0,
0x00000267c8ce0190, 0x00000267c8cddfe0, 0x00000267c8cdafc0, 0x00000267c8cdc7d0,
0x00000267c8cd8940, 0x00000267c8cdb490, 0x00000267c8cdbe30, 0x00000267c8cdd170,
0x00000267c8cd92e0, 0x00000267c8cde980, 0x00000267c8cd9c80, 0x00000267c8cda150,
0x00000267c70714d0, 0x00000267c7071e70, 0x00000267c70749c0, 0x00000267c7074e90,
0x00000267c7072810, 0x00000267c706d640, 0x00000267c7071000, 0x00000267c7074020,
0x00000267c7072ce0, 0x00000267c70731b0, 0x00000267c706db10, 0x00000267c70719a0,
0x00000267c706dfe0, 0x00000267c7072340, 0x00000267c7073680, 0x00000267c7073b50,
0x00000267c70744f0, 0x00000267c706e4b0, 0x00000267c706e980, 0x00000267c706ee50,
0x00000267c706f320, 0x00000267c706f7f0
}

Java Threads: ( => current thread )
  0x00000267a9979fe0 JavaThread "main" [_thread_blocked, id=22036, stack(0x0000007122700000,0x0000007122800000)]
  0x00000267c33a8260 JavaThread "Reference Handler" daemon [_thread_blocked, id=13128, stack(0x0000007122e00000,0x0000007122f00000)]
  0x00000267c33a8fe0 JavaThread "Finalizer" daemon [_thread_blocked, id=28408, stack(0x0000007122f00000,0x0000007123000000)]
  0x00000267c3d3a1e0 JavaThread "Signal Dispatcher" daemon [_thread_blocked, id=12804, stack(0x0000007123000000,0x0000007123100000)]
  0x00000267c3d3aaa0 JavaThread "Attach Listener" daemon [_thread_blocked, id=25912, stack(0x0000007123100000,0x0000007123200000)]
  0x00000267c3d3b570 JavaThread "Service Thread" daemon [_thread_blocked, id=21344, stack(0x0000007123200000,0x0000007123300000)]
  0x00000267c3d32320 JavaThread "Monitor Deflation Thread" daemon [_thread_blocked, id=3988, stack(0x0000007123300000,0x0000007123400000)]
=>0x00000267c3d35150 JavaThread "C2 CompilerThread0" daemon [_thread_in_native, id=23352, stack(0x0000007123400000,0x0000007123500000)]
  0x00000267c3d4d3a0 JavaThread "C1 CompilerThread0" daemon [_thread_in_vm, id=8232, stack(0x0000007123500000,0x0000007123600000)]
  0x00000267c3d4dcc0 JavaThread "Sweeper thread" daemon [_thread_blocked, id=2644, stack(0x0000007123600000,0x0000007123700000)]
  0x00000267c3eb4370 JavaThread "Common-Cleaner" daemon [_thread_blocked, id=24372, stack(0x0000007123700000,0x0000007123800000)]
  0x00000267c3eb7890 JavaThread "Notification Thread" daemon [_thread_blocked, id=9592, stack(0x0000007123800000,0x0000007123900000)]
  0x00000267c56d1f50 JavaThread "Daemon health stats" [_thread_blocked, id=26424, stack(0x0000007123f00000,0x0000007124000000)]
  0x00000267c5302480 JavaThread "Incoming local TCP Connector on port 55812" [_thread_in_native, id=7556, stack(0x0000007124000000,0x0000007124100000)]
  0x00000267c5696f20 JavaThread "Daemon periodic checks" [_thread_blocked, id=15436, stack(0x0000007124100000,0x0000007124200000)]
  0x00000267c5692440 JavaThread "Daemon" [_thread_blocked, id=28508, stack(0x0000007124200000,0x0000007124300000)]
  0x00000267c5423dc0 JavaThread "Handler for socket connection from /127.0.0.1:55812 to /127.0.0.1:55813" [_thread_in_native, id=26532, stack(0x0000007124300000,0x0000007124400000)]
  0x00000267c6edcd20 JavaThread "Cancel handler" [_thread_blocked, id=29408, stack(0x0000007124400000,0x0000007124500000)]
  0x00000267c691ee80 JavaThread "Daemon worker" [_thread_in_native, id=29360, stack(0x0000007124500000,0x0000007124600000)]
  0x00000267c568d870 JavaThread "Asynchronous log dispatcher for DefaultDaemonConnection: socket connection from /127.0.0.1:55812 to /127.0.0.1:55813" [_thread_blocked, id=29448, stack(0x0000007124600000,0x0000007124700000)]
  0x00000267c568f550 JavaThread "Stdin handler" [_thread_blocked, id=29624, stack(0x0000007124700000,0x0000007124800000)]
  0x00000267c568c530 JavaThread "Daemon client event forwarder" [_thread_blocked, id=22976, stack(0x0000007124800000,0x0000007124900000)]
  0x00000267c568dd40 JavaThread "Cache worker for journal cache (C:\Users\maxim\.gradle\caches\journal-1)" [_thread_blocked, id=21452, stack(0x0000007124b00000,0x0000007124c00000)]
  0x00000267c568e210 JavaThread "File lock request listener" [_thread_in_native, id=25224, stack(0x0000007124c00000,0x0000007124d00000)]
  0x00000267c568e6e0 JavaThread "Cache worker for file hash cache (C:\Users\maxim\.gradle\caches\8.0\fileHashes)" [_thread_blocked, id=13164, stack(0x0000007124d00000,0x0000007124e00000)]
  0x00000267c568ebb0 JavaThread "File watcher server" daemon [_thread_in_native, id=17672, stack(0x0000007124e00000,0x0000007124f00000)]
  0x00000267c568f080 JavaThread "File watcher consumer" daemon [_thread_blocked, id=29040, stack(0x0000007124f00000,0x0000007125000000)]
  0x00000267c568fa20 JavaThread "Cache worker for checksums cache (G:\Android\TopRedditApplication2\.gradle\8.0\checksums)" [_thread_blocked, id=20260, stack(0x0000007125000000,0x0000007125100000)]
  0x00000267c568c060 JavaThread "Cache worker for cache directory md-rule (C:\Users\maxim\.gradle\caches\8.0\md-rule)" [_thread_blocked, id=15200, stack(0x0000007125100000,0x0000007125200000)]
  0x00000267c568ca00 JavaThread "Cache worker for file content cache (C:\Users\maxim\.gradle\caches\8.0\fileContent)" [_thread_blocked, id=29004, stack(0x0000007125200000,0x0000007125300000)]
  0x00000267c568ced0 JavaThread "Cache worker for file hash cache (G:\Android\TopRedditApplication2\.gradle\8.0\fileHashes)" [_thread_blocked, id=26044, stack(0x0000007125300000,0x0000007125400000)]
  0x00000267c568d3a0 JavaThread "Cache worker for cache directory md-supplier (C:\Users\maxim\.gradle\caches\8.0\md-supplier)" [_thread_blocked, id=21320, stack(0x0000007125400000,0x0000007125500000)]
  0x00000267c8b4bd60 JavaThread "Cache worker for execution history cache (C:\Users\maxim\.gradle\caches\8.0\executionHistory)" [_thread_blocked, id=15728, stack(0x0000007125500000,0x0000007125600000)]
  0x00000267c8b4a550 JavaThread "jar transforms" [_thread_blocked, id=29440, stack(0x0000007123a00000,0x0000007123b00000)]
  0x00000267c84d1770 JavaThread "C2 CompilerThread1" daemon [_thread_in_native, id=27972, stack(0x0000007125600000,0x0000007125700000)]
  0x00000267c8b4c230 JavaThread "jar transforms Thread 2" [_thread_blocked, id=29212, stack(0x0000007125700000,0x0000007125800000)]
  0x00000267c8b4a080 JavaThread "jar transforms Thread 3" [_thread_blocked, id=21568, stack(0x0000007125800000,0x0000007125900000)]
  0x00000267c8b4df10 JavaThread "jar transforms Thread 4" [_thread_blocked, id=15552, stack(0x0000007125900000,0x0000007125a00000)]
  0x00000267c8b47530 JavaThread "Cache worker for dependencies-accessors (G:\Android\TopRedditApplication2\.gradle\8.0\dependencies-accessors)" [_thread_blocked, id=27792, stack(0x0000007125a00000,0x0000007125b00000)]
  0x00000267c8b4cbd0 JavaThread "jar transforms Thread 5" [_thread_blocked, id=26824, stack(0x0000007125b00000,0x0000007125c00000)]
  0x00000267c8b4aef0 JavaThread "Cache worker for Build Output Cleanup Cache (G:\Android\TopRedditApplication2\.gradle\buildOutputCleanup)" [_thread_blocked, id=7836, stack(0x0000007125c00000,0x0000007125d00000)]
  0x00000267c8b49210 JavaThread "Unconstrained build operations" [_thread_blocked, id=18368, stack(0x0000007125d00000,0x0000007125e00000)]
  0x00000267c8b4d570 JavaThread "Unconstrained build operations Thread 2" [_thread_blocked, id=24348, stack(0x0000007125e00000,0x0000007125f00000)]
  0x00000267c8b47a00 JavaThread "Unconstrained build operations Thread 3" [_thread_blocked, id=10976, stack(0x0000007125f00000,0x0000007126000000)]
  0x00000267c8b4e3e0 JavaThread "Unconstrained build operations Thread 4" [_thread_blocked, id=20564, stack(0x0000007126000000,0x0000007126100000)]
  0x00000267c8b4b3c0 JavaThread "Unconstrained build operations Thread 5" [_thread_blocked, id=18688, stack(0x0000007126100000,0x0000007126200000)]
  0x00000267c8b47ed0 JavaThread "Unconstrained build operations Thread 6" [_thread_blocked, id=7424, stack(0x0000007126200000,0x0000007126300000)]
  0x00000267c8b4aa20 JavaThread "Unconstrained build operations Thread 7" [_thread_blocked, id=7560, stack(0x0000007126300000,0x0000007126400000)]
  0x00000267c8b4b890 JavaThread "Unconstrained build operations Thread 8" [_thread_blocked, id=12536, stack(0x0000007126400000,0x0000007126500000)]
  0x00000267c8b48870 JavaThread "Unconstrained build operations Thread 9" [_thread_blocked, id=29080, stack(0x0000007126500000,0x0000007126600000)]
  0x00000267c8b4da40 JavaThread "Unconstrained build operations Thread 10" [_thread_blocked, id=26620, stack(0x0000007126600000,0x0000007126700000)]
  0x00000267c8b48d40 JavaThread "Unconstrained build operations Thread 11" [_thread_blocked, id=28540, stack(0x0000007126700000,0x0000007126800000)]
  0x00000267c8b496e0 JavaThread "Unconstrained build operations Thread 12" [_thread_blocked, id=20996, stack(0x0000007126800000,0x0000007126900000)]
  0x00000267c8b49bb0 JavaThread "Unconstrained build operations Thread 13" [_thread_blocked, id=29028, stack(0x0000007126900000,0x0000007126a00000)]
  0x00000267c8cda620 JavaThread "Unconstrained build operations Thread 14" [_thread_blocked, id=6172, stack(0x0000007126a00000,0x0000007126b00000)]
  0x00000267c8cdd640 JavaThread "Unconstrained build operations Thread 15" [_thread_blocked, id=13864, stack(0x0000007126b00000,0x0000007126c00000)]
  0x00000267c8cd8e10 JavaThread "Unconstrained build operations Thread 16" [_thread_blocked, id=18392, stack(0x0000007126c00000,0x0000007126d00000)]
  0x00000267c8cd97b0 JavaThread "Unconstrained build operations Thread 17" [_thread_blocked, id=14400, stack(0x0000007126d00000,0x0000007126e00000)]
  0x00000267c8cdaaf0 JavaThread "Unconstrained build operations Thread 18" [_thread_blocked, id=28860, stack(0x0000007126e00000,0x0000007126f00000)]
  0x00000267c8cdee50 JavaThread "Unconstrained build operations Thread 19" [_thread_blocked, id=28632, stack(0x0000007126f00000,0x0000007127000000)]
  0x00000267c8cdf320 JavaThread "Unconstrained build operations Thread 20" [_thread_blocked, id=15036, stack(0x0000007127000000,0x0000007127100000)]
  0x00000267c8cdf7f0 JavaThread "Unconstrained build operations Thread 21" [_thread_blocked, id=17376, stack(0x0000007127100000,0x0000007127200000)]
  0x00000267c8cddb10 JavaThread "Unconstrained build operations Thread 22" [_thread_blocked, id=1604, stack(0x0000007127200000,0x0000007127300000)]
  0x00000267c8cdc300 JavaThread "Unconstrained build operations Thread 23" [_thread_blocked, id=28992, stack(0x0000007127300000,0x0000007127400000)]
  0x00000267c8cdcca0 JavaThread "Unconstrained build operations Thread 24" [_thread_blocked, id=2340, stack(0x0000007127400000,0x0000007127500000)]
  0x00000267c8cdfcc0 JavaThread "Unconstrained build operations Thread 25" [_thread_blocked, id=244, stack(0x0000007127500000,0x0000007127600000)]
  0x00000267c8cdb960 JavaThread "Unconstrained build operations Thread 26" [_thread_blocked, id=29088, stack(0x0000007127600000,0x0000007127700000)]
  0x00000267c8cde4b0 JavaThread "Unconstrained build operations Thread 27" [_thread_blocked, id=2544, stack(0x0000007127700000,0x0000007127800000)]
  0x00000267c8ce0190 JavaThread "Unconstrained build operations Thread 28" [_thread_blocked, id=12840, stack(0x0000007127800000,0x0000007127900000)]
  0x00000267c8cddfe0 JavaThread "Unconstrained build operations Thread 29" [_thread_blocked, id=16580, stack(0x0000007127900000,0x0000007127a00000)]
  0x00000267c8cdafc0 JavaThread "Unconstrained build operations Thread 30" [_thread_blocked, id=29380, stack(0x0000007127a00000,0x0000007127b00000)]
  0x00000267c8cdc7d0 JavaThread "Unconstrained build operations Thread 31" [_thread_blocked, id=6148, stack(0x0000007127b00000,0x0000007127c00000)]
  0x00000267c8cd8940 JavaThread "Unconstrained build operations Thread 32" [_thread_blocked, id=25096, stack(0x0000007127c00000,0x0000007127d00000)]
  0x00000267c8cdb490 JavaThread "Unconstrained build operations Thread 33" [_thread_blocked, id=10184, stack(0x0000007127d00000,0x0000007127e00000)]
  0x00000267c8cdbe30 JavaThread "Unconstrained build operations Thread 34" [_thread_blocked, id=3692, stack(0x0000007127e00000,0x0000007127f00000)]
  0x00000267c8cdd170 JavaThread "Unconstrained build operations Thread 35" [_thread_blocked, id=18500, stack(0x0000007127f00000,0x0000007128000000)]
  0x00000267c8cd92e0 JavaThread "Unconstrained build operations Thread 36" [_thread_blocked, id=5112, stack(0x0000007128000000,0x0000007128100000)]
  0x00000267c8cde980 JavaThread "Unconstrained build operations Thread 37" [_thread_blocked, id=20028, stack(0x0000007128100000,0x0000007128200000)]
  0x00000267c8cd9c80 JavaThread "Unconstrained build operations Thread 38" [_thread_blocked, id=13160, stack(0x0000007128200000,0x0000007128300000)]
  0x00000267c8cda150 JavaThread "Unconstrained build operations Thread 39" [_thread_blocked, id=3540, stack(0x0000007128300000,0x0000007128400000)]
  0x00000267c70714d0 JavaThread "Unconstrained build operations Thread 40" [_thread_blocked, id=14772, stack(0x0000007128400000,0x0000007128500000)]
  0x00000267c7071e70 JavaThread "Unconstrained build operations Thread 41" [_thread_blocked, id=28784, stack(0x0000007128500000,0x0000007128600000)]
  0x00000267c70749c0 JavaThread "Unconstrained build operations Thread 42" [_thread_blocked, id=16880, stack(0x0000007128600000,0x0000007128700000)]
  0x00000267c7074e90 JavaThread "Unconstrained build operations Thread 43" [_thread_blocked, id=25448, stack(0x0000007128700000,0x0000007128800000)]
  0x00000267c7072810 JavaThread "Unconstrained build operations Thread 44" [_thread_blocked, id=9372, stack(0x0000007128800000,0x0000007128900000)]
  0x00000267c706d640 JavaThread "Unconstrained build operations Thread 45" [_thread_blocked, id=10980, stack(0x0000007128900000,0x0000007128a00000)]
  0x00000267c7071000 JavaThread "Unconstrained build operations Thread 46" [_thread_blocked, id=27880, stack(0x0000007128a00000,0x0000007128b00000)]
  0x00000267c7074020 JavaThread "Unconstrained build operations Thread 47" [_thread_blocked, id=13868, stack(0x0000007128b00000,0x0000007128c00000)]
  0x00000267c7072ce0 JavaThread "Unconstrained build operations Thread 48" [_thread_blocked, id=18132, stack(0x0000007128c00000,0x0000007128d00000)]
  0x00000267c70731b0 JavaThread "Unconstrained build operations Thread 49" [_thread_blocked, id=28752, stack(0x0000007128d00000,0x0000007128e00000)]
  0x00000267c706db10 JavaThread "Unconstrained build operations Thread 50" [_thread_blocked, id=13228, stack(0x0000007128e00000,0x0000007128f00000)]
  0x00000267c70719a0 JavaThread "Unconstrained build operations Thread 51" [_thread_blocked, id=25716, stack(0x0000007128f00000,0x0000007129000000)]
  0x00000267c706dfe0 JavaThread "Unconstrained build operations Thread 52" [_thread_blocked, id=21520, stack(0x0000007129000000,0x0000007129100000)]
  0x00000267c7072340 JavaThread "Unconstrained build operations Thread 53" [_thread_blocked, id=14496, stack(0x0000007129100000,0x0000007129200000)]
  0x00000267c7073680 JavaThread "Unconstrained build operations Thread 54" [_thread_blocked, id=6156, stack(0x0000007129200000,0x0000007129300000)]
  0x00000267c7073b50 JavaThread "Unconstrained build operations Thread 55" [_thread_blocked, id=14892, stack(0x0000007129300000,0x0000007129400000)]
  0x00000267c70744f0 JavaThread "Unconstrained build operations Thread 56" [_thread_blocked, id=28560, stack(0x0000007129400000,0x0000007129500000)]
  0x00000267c706e4b0 JavaThread "Unconstrained build operations Thread 57" [_thread_blocked, id=25924, stack(0x0000007129500000,0x0000007129600000)]
  0x00000267c706e980 JavaThread "Unconstrained build operations Thread 58" [_thread_blocked, id=28088, stack(0x0000007129600000,0x0000007129700000)]
  0x00000267c706ee50 JavaThread "Unconstrained build operations Thread 59" [_thread_blocked, id=15884, stack(0x0000007129700000,0x0000007129800000)]
  0x00000267c706f320 JavaThread "Unconstrained build operations Thread 60" [_thread_blocked, id=22928, stack(0x0000007129800000,0x0000007129900000)]
  0x00000267c706f7f0 JavaThread "jar transforms Thread 6" [_thread_blocked, id=7280, stack(0x0000007129900000,0x0000007129a00000)]

Other Threads:
  0x00000267c33850f0 VMThread "VM Thread" [stack: 0x0000007122d00000,0x0000007122e00000] [id=26696]
  0x00000267a99f3ab0 WatcherThread [stack: 0x0000007123900000,0x0000007123a00000] [id=21488]
  0x00000267a99d5ba0 GCTaskThread "GC Thread#0" [stack: 0x0000007122800000,0x0000007122900000] [id=20976]
  0x00000267c4985b90 GCTaskThread "GC Thread#1" [stack: 0x0000007123b00000,0x0000007123c00000] [id=10796]
  0x00000267c4985e40 GCTaskThread "GC Thread#2" [stack: 0x0000007123c00000,0x0000007123d00000] [id=15460]
  0x00000267c4510540 GCTaskThread "GC Thread#3" [stack: 0x0000007123d00000,0x0000007123e00000] [id=15004]
  0x00000267c4c0ba80 GCTaskThread "GC Thread#4" [stack: 0x0000007123e00000,0x0000007123f00000] [id=18976]
  0x00000267c67bafa0 GCTaskThread "GC Thread#5" [stack: 0x0000007124900000,0x0000007124a00000] [id=25800]
  0x00000267a99e7a00 ConcurrentGCThread "G1 Main Marker" [stack: 0x0000007122900000,0x0000007122a00000] [id=12844]
  0x00000267a99e8320 ConcurrentGCThread "G1 Conc#0" [stack: 0x0000007122a00000,0x0000007122b00000] [id=24188]
  0x00000267c691f350 ConcurrentGCThread "G1 Conc#1" [stack: 0x0000007124a00000,0x0000007124b00000] [id=22832]
  0x00000267c31e00a0 ConcurrentGCThread "G1 Refine#0" [stack: 0x0000007122b00000,0x0000007122c00000] [id=19072]
  0x00000267c31e29e0 ConcurrentGCThread "G1 Service" [stack: 0x0000007122c00000,0x0000007122d00000] [id=22736]

Threads with active compile tasks:
C2 CompilerThread0     8392 5419       4       java.lang.invoke.MethodType::makeImpl (109 bytes)
C2 CompilerThread1     8392 5594 %     4       java.util.zip.ZipFile$Source::initCEN @ 240 (591 bytes)

VM state: not at safepoint (normal execution)

VM Mutex/Monitor currently owned by a thread: None

Heap address: 0x0000000080000000, size: 2048 MB, Compressed Oops mode: 32-bit

CDS archive(s) not mapped
Compressed class space mapped at: 0x0000000100000000-0x0000000140000000, reserved size: 1073741824
Narrow klass base: 0x0000000000000000, Narrow klass shift: 3, Narrow klass range: 0x140000000

GC Precious Log:
 CPUs: 6 total, 6 available
 Memory: 8175M
 Large Page Support: Disabled
 NUMA Support: Disabled
 Compressed Oops: Enabled (32-bit)
 Heap Region Size: 1M
 Heap Min Capacity: 8M
 Heap Initial Capacity: 128M
 Heap Max Capacity: 2G
 Pre-touch: Disabled
 Parallel Workers: 6
 Concurrent Workers: 2
 Concurrent Refinement Workers: 6
 Periodic GC: Disabled

Heap:
 garbage-first heap   total 86016K, used 65800K [0x0000000080000000, 0x0000000100000000)
  region size 1024K, 33 young (33792K), 2 survivors (2048K)
 Metaspace       used 51835K, committed 52288K, reserved 1097728K
  class space    used 6837K, committed 7040K, reserved 1048576K

Heap Regions: E=young(eden), S=young(survivor), O=old, HS=humongous(starts), HC=humongous(continues), CS=collection set, F=free, OA=open archive, CA=closed archive, TAMS=top-at-mark-start (previous, next)
|   0|0x0000000080000000, 0x0000000080100000, 0x0000000080100000|100%|HS|  |TAMS 0x0000000080100000, 0x0000000080000000| Complete 
|   1|0x0000000080100000, 0x0000000080200000, 0x0000000080200000|100%|HC|  |TAMS 0x0000000080200000, 0x0000000080100000| Complete 
|   2|0x0000000080200000, 0x0000000080300000, 0x0000000080300000|100%|HC|  |TAMS 0x0000000080300000, 0x0000000080200000| Complete 
|   3|0x0000000080300000, 0x0000000080400000, 0x0000000080400000|100%|HC|  |TAMS 0x0000000080400000, 0x0000000080300000| Complete 
|   4|0x0000000080400000, 0x0000000080500000, 0x0000000080500000|100%| O|  |TAMS 0x0000000080500000, 0x0000000080400000| Untracked 
|   5|0x0000000080500000, 0x0000000080600000, 0x0000000080600000|100%| O|  |TAMS 0x0000000080600000, 0x0000000080500000| Untracked 
|   6|0x0000000080600000, 0x0000000080700000, 0x0000000080700000|100%| O|  |TAMS 0x0000000080700000, 0x0000000080600000| Untracked 
|   7|0x0000000080700000, 0x0000000080800000, 0x0000000080800000|100%| O|  |TAMS 0x0000000080800000, 0x0000000080700000| Untracked 
|   8|0x0000000080800000, 0x0000000080900000, 0x0000000080900000|100%| O|  |TAMS 0x0000000080900000, 0x0000000080800000| Untracked 
|   9|0x0000000080900000, 0x0000000080a00000, 0x0000000080a00000|100%| O|  |TAMS 0x0000000080900000, 0x0000000080900000| Untracked 
|  10|0x0000000080a00000, 0x0000000080b00000, 0x0000000080b00000|100%| O|  |TAMS 0x0000000080b00000, 0x0000000080a00000| Untracked 
|  11|0x0000000080b00000, 0x0000000080c00000, 0x0000000080c00000|100%| O|  |TAMS 0x0000000080c00000, 0x0000000080b00000| Untracked 
|  12|0x0000000080c00000, 0x0000000080d00000, 0x0000000080d00000|100%| O|  |TAMS 0x0000000080d00000, 0x0000000080c00000| Untracked 
|  13|0x0000000080d00000, 0x0000000080e00000, 0x0000000080e00000|100%| O|  |TAMS 0x0000000080e00000, 0x0000000080d00000| Untracked 
|  14|0x0000000080e00000, 0x0000000080f00000, 0x0000000080f00000|100%| O|  |TAMS 0x0000000080f00000, 0x0000000080e00000| Untracked 
|  15|0x0000000080f00000, 0x0000000081000000, 0x0000000081000000|100%| O|  |TAMS 0x0000000081000000, 0x0000000080f00000| Untracked 
|  16|0x0000000081000000, 0x0000000081100000, 0x0000000081100000|100%| O|  |TAMS 0x0000000081100000, 0x0000000081000000| Untracked 
|  17|0x0000000081100000, 0x0000000081200000, 0x0000000081200000|100%| O|  |TAMS 0x0000000081200000, 0x0000000081100000| Untracked 
|  18|0x0000000081200000, 0x0000000081300000, 0x0000000081300000|100%| O|  |TAMS 0x0000000081300000, 0x0000000081200000| Untracked 
|  19|0x0000000081300000, 0x0000000081400000, 0x0000000081400000|100%| O|  |TAMS 0x0000000081400000, 0x0000000081300000| Untracked 
|  20|0x0000000081400000, 0x00000000814be600, 0x0000000081500000| 74%| O|  |TAMS 0x00000000814be600, 0x0000000081400000| Untracked 
|  21|0x0000000081500000, 0x0000000081600000, 0x0000000081600000|100%| O|  |TAMS 0x0000000081500000, 0x0000000081500000| Untracked 
|  22|0x0000000081600000, 0x0000000081700000, 0x0000000081700000|100%| O|  |TAMS 0x0000000081600000, 0x0000000081600000| Untracked 
|  23|0x0000000081700000, 0x0000000081800000, 0x0000000081800000|100%| O|  |TAMS 0x0000000081700000, 0x0000000081700000| Untracked 
|  24|0x0000000081800000, 0x0000000081900000, 0x0000000081900000|100%| O|  |TAMS 0x0000000081800000, 0x0000000081800000| Untracked 
|  25|0x0000000081900000, 0x0000000081a00000, 0x0000000081a00000|100%| O|  |TAMS 0x0000000081900000, 0x0000000081900000| Untracked 
|  26|0x0000000081a00000, 0x0000000081b00000, 0x0000000081b00000|100%| O|  |TAMS 0x0000000081a00000, 0x0000000081a00000| Untracked 
|  27|0x0000000081b00000, 0x0000000081c00000, 0x0000000081c00000|100%| O|  |TAMS 0x0000000081b00000, 0x0000000081b00000| Untracked 
|  28|0x0000000081c00000, 0x0000000081d00000, 0x0000000081d00000|100%| O|  |TAMS 0x0000000081c00000, 0x0000000081c00000| Untracked 
|  29|0x0000000081d00000, 0x0000000081e00000, 0x0000000081e00000|100%|HS|  |TAMS 0x0000000081d00000, 0x0000000081d00000| Complete 
|  30|0x0000000081e00000, 0x0000000081f00000, 0x0000000081f00000|100%| O|  |TAMS 0x0000000081e00000, 0x0000000081e00000| Untracked 
|  31|0x0000000081f00000, 0x0000000082000000, 0x0000000082000000|100%| O|  |TAMS 0x0000000081f00000, 0x0000000081f00000| Untracked 
|  32|0x0000000082000000, 0x00000000820ac600, 0x0000000082100000| 67%| O|  |TAMS 0x0000000082000000, 0x0000000082000000| Untracked 
|  33|0x0000000082100000, 0x0000000082200000, 0x0000000082200000|100%|HS|  |TAMS 0x0000000082100000, 0x0000000082100000| Complete 
|  34|0x0000000082200000, 0x0000000082200000, 0x0000000082300000|  0%| F|  |TAMS 0x0000000082200000, 0x0000000082200000| Untracked 
|  35|0x0000000082300000, 0x0000000082300000, 0x0000000082400000|  0%| F|  |TAMS 0x0000000082300000, 0x0000000082300000| Untracked 
|  36|0x0000000082400000, 0x0000000082400000, 0x0000000082500000|  0%| F|  |TAMS 0x0000000082400000, 0x0000000082400000| Untracked 
|  37|0x0000000082500000, 0x0000000082500000, 0x0000000082600000|  0%| F|  |TAMS 0x0000000082500000, 0x0000000082500000| Untracked 
|  38|0x0000000082600000, 0x0000000082600000, 0x0000000082700000|  0%| F|  |TAMS 0x0000000082600000, 0x0000000082600000| Untracked 
|  39|0x0000000082700000, 0x0000000082700000, 0x0000000082800000|  0%| F|  |TAMS 0x0000000082700000, 0x0000000082700000| Untracked 
|  40|0x0000000082800000, 0x0000000082800000, 0x0000000082900000|  0%| F|  |TAMS 0x0000000082800000, 0x0000000082800000| Untracked 
|  41|0x0000000082900000, 0x0000000082900000, 0x0000000082a00000|  0%| F|  |TAMS 0x0000000082900000, 0x0000000082900000| Untracked 
|  42|0x0000000082a00000, 0x0000000082a00000, 0x0000000082b00000|  0%| F|  |TAMS 0x0000000082a00000, 0x0000000082a00000| Untracked 
|  43|0x0000000082b00000, 0x0000000082b00000, 0x0000000082c00000|  0%| F|  |TAMS 0x0000000082b00000, 0x0000000082b00000| Untracked 
|  44|0x0000000082c00000, 0x0000000082c00000, 0x0000000082d00000|  0%| F|  |TAMS 0x0000000082c00000, 0x0000000082c00000| Untracked 
|  45|0x0000000082d00000, 0x0000000082d00000, 0x0000000082e00000|  0%| F|  |TAMS 0x0000000082d00000, 0x0000000082d00000| Untracked 
|  46|0x0000000082e00000, 0x0000000082e00000, 0x0000000082f00000|  0%| F|  |TAMS 0x0000000082e00000, 0x0000000082e00000| Untracked 
|  47|0x0000000082f00000, 0x0000000082f00000, 0x0000000083000000|  0%| F|  |TAMS 0x0000000082f00000, 0x0000000082f00000| Untracked 
|  48|0x0000000083000000, 0x0000000083000000, 0x0000000083100000|  0%| F|  |TAMS 0x0000000083000000, 0x0000000083000000| Untracked 
|  49|0x0000000083100000, 0x0000000083100000, 0x0000000083200000|  0%| F|  |TAMS 0x0000000083100000, 0x0000000083100000| Untracked 
|  50|0x0000000083200000, 0x00000000832d7668, 0x0000000083300000| 84%| S|CS|TAMS 0x0000000083200000, 0x0000000083200000| Complete 
|  51|0x0000000083300000, 0x0000000083400000, 0x0000000083400000|100%| S|CS|TAMS 0x0000000083300000, 0x0000000083300000| Complete 
|  52|0x0000000083400000, 0x0000000083400000, 0x0000000083500000|  0%| F|  |TAMS 0x0000000083400000, 0x0000000083400000| Untracked 
|  53|0x0000000083500000, 0x0000000083584010, 0x0000000083600000| 51%| E|  |TAMS 0x0000000083500000, 0x0000000083500000| Complete 
|  54|0x0000000083600000, 0x0000000083700000, 0x0000000083700000|100%| E|CS|TAMS 0x0000000083600000, 0x0000000083600000| Complete 
|  55|0x0000000083700000, 0x0000000083800000, 0x0000000083800000|100%| E|CS|TAMS 0x0000000083700000, 0x0000000083700000| Complete 
|  56|0x0000000083800000, 0x0000000083900000, 0x0000000083900000|100%| E|CS|TAMS 0x0000000083800000, 0x0000000083800000| Complete 
|  57|0x0000000083900000, 0x0000000083a00000, 0x0000000083a00000|100%| E|  |TAMS 0x0000000083900000, 0x0000000083900000| Complete 
|  58|0x0000000083a00000, 0x0000000083b00000, 0x0000000083b00000|100%| E|CS|TAMS 0x0000000083a00000, 0x0000000083a00000| Complete 
|  59|0x0000000083b00000, 0x0000000083c00000, 0x0000000083c00000|100%| E|CS|TAMS 0x0000000083b00000, 0x0000000083b00000| Complete 
|  60|0x0000000083c00000, 0x0000000083d00000, 0x0000000083d00000|100%| E|CS|TAMS 0x0000000083c00000, 0x0000000083c00000| Complete 
|  61|0x0000000083d00000, 0x0000000083e00000, 0x0000000083e00000|100%| E|CS|TAMS 0x0000000083d00000, 0x0000000083d00000| Complete 
|  62|0x0000000083e00000, 0x0000000083f00000, 0x0000000083f00000|100%| E|CS|TAMS 0x0000000083e00000, 0x0000000083e00000| Complete 
|  63|0x0000000083f00000, 0x0000000084000000, 0x0000000084000000|100%| E|CS|TAMS 0x0000000083f00000, 0x0000000083f00000| Complete 
|  64|0x0000000084000000, 0x0000000084100000, 0x0000000084100000|100%| E|CS|TAMS 0x0000000084000000, 0x0000000084000000| Complete 
|  65|0x0000000084100000, 0x0000000084200000, 0x0000000084200000|100%| E|CS|TAMS 0x0000000084100000, 0x0000000084100000| Complete 
|  66|0x0000000084200000, 0x0000000084300000, 0x0000000084300000|100%| E|CS|TAMS 0x0000000084200000, 0x0000000084200000| Complete 
|  67|0x0000000084300000, 0x0000000084400000, 0x0000000084400000|100%| E|CS|TAMS 0x0000000084300000, 0x0000000084300000| Complete 
|  68|0x0000000084400000, 0x0000000084500000, 0x0000000084500000|100%| E|CS|TAMS 0x0000000084400000, 0x0000000084400000| Complete 
|  69|0x0000000084500000, 0x0000000084600000, 0x0000000084600000|100%| E|CS|TAMS 0x0000000084500000, 0x0000000084500000| Complete 
|  70|0x0000000084600000, 0x0000000084700000, 0x0000000084700000|100%| E|CS|TAMS 0x0000000084600000, 0x0000000084600000| Complete 
|  71|0x0000000084700000, 0x0000000084800000, 0x0000000084800000|100%| E|CS|TAMS 0x0000000084700000, 0x0000000084700000| Complete 
|  72|0x0000000084800000, 0x0000000084900000, 0x0000000084900000|100%| E|CS|TAMS 0x0000000084800000, 0x0000000084800000| Complete 
|  73|0x0000000084900000, 0x0000000084a00000, 0x0000000084a00000|100%| E|CS|TAMS 0x0000000084900000, 0x0000000084900000| Complete 
|  74|0x0000000084a00000, 0x0000000084b00000, 0x0000000084b00000|100%| E|CS|TAMS 0x0000000084a00000, 0x0000000084a00000| Complete 
|  75|0x0000000084b00000, 0x0000000084c00000, 0x0000000084c00000|100%| E|CS|TAMS 0x0000000084b00000, 0x0000000084b00000| Complete 
|  76|0x0000000084c00000, 0x0000000084d00000, 0x0000000084d00000|100%| E|CS|TAMS 0x0000000084c00000, 0x0000000084c00000| Complete 
|  77|0x0000000084d00000, 0x0000000084e00000, 0x0000000084e00000|100%| E|CS|TAMS 0x0000000084d00000, 0x0000000084d00000| Complete 
|  78|0x0000000084e00000, 0x0000000084f00000, 0x0000000084f00000|100%| E|CS|TAMS 0x0000000084e00000, 0x0000000084e00000| Complete 
|  79|0x0000000084f00000, 0x0000000085000000, 0x0000000085000000|100%| E|CS|TAMS 0x0000000084f00000, 0x0000000084f00000| Complete 
|  80|0x0000000085000000, 0x0000000085100000, 0x0000000085100000|100%| E|CS|TAMS 0x0000000085000000, 0x0000000085000000| Complete 
|  81|0x0000000085100000, 0x0000000085200000, 0x0000000085200000|100%| E|CS|TAMS 0x0000000085100000, 0x0000000085100000| Complete 
|  82|0x0000000085200000, 0x0000000085300000, 0x0000000085300000|100%| E|CS|TAMS 0x0000000085200000, 0x0000000085200000| Complete 
| 127|0x0000000087f00000, 0x0000000088000000, 0x0000000088000000|100%| E|CS|TAMS 0x0000000087f00000, 0x0000000087f00000| Complete 

Card table byte_map: [0x00000267bc360000,0x00000267bc760000] _byte_map_base: 0x00000267bbf60000

Marking Bits (Prev, Next): (CMBitMap*) 0x00000267a99d70d0, (CMBitMap*) 0x00000267a99d7110
 Prev Bits: [0x00000267bcb60000, 0x00000267beb60000)
 Next Bits: [0x00000267beb60000, 0x00000267c0b60000)

Polling page: 0x00000267a9150000

Metaspace:

Usage:
  Non-class:     43.94 MB used.
      Class:      6.68 MB used.
       Both:     50.62 MB used.

Virtual space:
  Non-class space:       48.00 MB reserved,      44.19 MB ( 92%) committed,  6 nodes.
      Class space:        1.00 GB reserved,       6.88 MB ( <1%) committed,  1 nodes.
             Both:        1.05 GB reserved,      51.06 MB (  5%) committed. 

Chunk freelists:
   Non-Class:  3.73 MB
       Class:  1.10 MB
        Both:  4.83 MB

MaxMetaspaceSize: unlimited
CompressedClassSpaceSize: 1.00 GB
Initial GC threshold: 21.00 MB
Current GC threshold: 58.69 MB
CDS: off
MetaspaceReclaimPolicy: balanced
 - commit_granule_bytes: 65536.
 - commit_granule_words: 8192.
 - virtual_space_node_default_size: 1048576.
 - enlarge_chunks_in_place: 1.
 - new_chunks_are_fully_committed: 0.
 - uncommit_free_chunks: 1.
 - use_allocation_guard: 0.
 - handle_deallocations: 1.


Internal statistics:

num_allocs_failed_limit: 6.
num_arena_births: 480.
num_arena_deaths: 0.
num_vsnodes_births: 7.
num_vsnodes_deaths: 0.
num_space_committed: 817.
num_space_uncommitted: 0.
num_chunks_returned_to_freelist: 6.
num_chunks_taken_from_freelist: 2105.
num_chunk_merges: 6.
num_chunk_splits: 1411.
num_chunks_enlarged: 963.
num_purges: 0.
num_inconsistent_stats: 0.

CodeHeap 'non-profiled nmethods': size=120000Kb used=2849Kb max_used=2849Kb free=117151Kb
 bounds [0x00000267b4920000, 0x00000267b4bf0000, 0x00000267bbe50000]
CodeHeap 'profiled nmethods': size=120000Kb used=11022Kb max_used=11022Kb free=108977Kb
 bounds [0x00000267ace50000, 0x00000267ad920000, 0x00000267b4380000]
CodeHeap 'non-nmethods': size=5760Kb used=2308Kb max_used=2347Kb free=3451Kb
 bounds [0x00000267b4380000, 0x00000267b45f0000, 0x00000267b4920000]
 total_blobs=6412 nmethods=5589 adapters=736
 compilation: enabled
              stopped_count=0, restarted_count=0
 full_count=0

Compilation events (20 events):
Event: 8.322 Thread 0x00000267c3d4d3a0 5578       1       com.google.common.collect.MapMakerInternalMap$AbstractWeakKeyEntry::getHash (5 bytes)
Event: 8.322 Thread 0x00000267c3d4d3a0 nmethod 5578 0x00000267b4be3a10 code [0x00000267b4be3ba0, 0x00000267b4be3c78]
Event: 8.323 Thread 0x00000267c3d4d3a0 5586       3       org.codehaus.groovy.runtime.GroovyCategorySupport::getCategoryMethods (21 bytes)
Event: 8.323 Thread 0x00000267c3d4d3a0 nmethod 5586 0x00000267ad900590 code [0x00000267ad900780, 0x00000267ad900d48]
Event: 8.323 Thread 0x00000267c3d4d3a0 5587       3       org.codehaus.groovy.runtime.GroovyCategorySupport$MyThreadLocal::getInfoNullable (24 bytes)
Event: 8.324 Thread 0x00000267c3d4d3a0 nmethod 5587 0x00000267ad900f10 code [0x00000267ad9010e0, 0x00000267ad9015b8]
Event: 8.324 Thread 0x00000267c3d4d3a0 5588       3       org.codehaus.groovy.runtime.metaclass.MetaMethodIndex::getHeader (38 bytes)
Event: 8.324 Thread 0x00000267c3d4d3a0 nmethod 5588 0x00000267ad901710 code [0x00000267ad901900, 0x00000267ad901f18]
Event: 8.324 Thread 0x00000267c3d4d3a0 5589       3       org.gradle.internal.service.DefaultServiceRegistry::get (44 bytes)
Event: 8.325 Thread 0x00000267c3d4d3a0 nmethod 5589 0x00000267ad902190 code [0x00000267ad9024a0, 0x00000267ad903628]
Event: 8.325 Thread 0x00000267c3d4d3a0 5590       3       org.codehaus.groovy.reflection.CachedClass::getNewMetaMethods (166 bytes)
Event: 8.327 Thread 0x00000267c3d4d3a0 nmethod 5590 0x00000267ad903c10 code [0x00000267ad903f80, 0x00000267ad905648]
Event: 8.327 Thread 0x00000267c3d4d3a0 5591       3       org.gradle.internal.instantiation.generator.ParamsMatchingConstructorSelector::forParams (481 bytes)
Event: 8.329 Thread 0x00000267c3d4d3a0 nmethod 5591 0x00000267ad905e10 code [0x00000267ad906380, 0x00000267ad909458]
Event: 8.329 Thread 0x00000267c3d4d3a0 5592       3       org.gradle.internal.instantiation.generator.ParamsMatchingConstructorSelector::vetoParameters (1 bytes)
Event: 8.329 Thread 0x00000267c3d4d3a0 nmethod 5592 0x00000267ad90a410 code [0x00000267ad90a5a0, 0x00000267ad90a6b8]
Event: 8.329 Thread 0x00000267c3d4d3a0 5593       3       java.util.TreeMap::<init> (20 bytes)
Event: 8.330 Thread 0x00000267c3d4d3a0 nmethod 5593 0x00000267ad90a790 code [0x00000267ad90a940, 0x00000267ad90ab58]
Event: 8.345 Thread 0x00000267c3d4d3a0 5595       3       org.gradle.internal.instantiation.generator.AbstractClassGenerator$ClassGenerationHandler::startType (1 bytes)
Event: 8.345 Thread 0x00000267c3d4d3a0 nmethod 5595 0x00000267ad90ac10 code [0x00000267ad90ada0, 0x00000267ad90aeb8]

GC Heap History (20 events):
Event: 0.947 GC heap before
{Heap before GC invocations=0 (full 0):
 garbage-first heap   total 131072K, used 24576K [0x0000000080000000, 0x0000000100000000)
  region size 1024K, 21 young (21504K), 0 survivors (0K)
 Metaspace       used 10195K, committed 10368K, reserved 1064960K
  class space    used 1056K, committed 1088K, reserved 1048576K
}
Event: 0.957 GC heap after
{Heap after GC invocations=1 (full 0):
 garbage-first heap   total 131072K, used 10028K [0x0000000080000000, 0x0000000100000000)
  region size 1024K, 3 young (3072K), 3 survivors (3072K)
 Metaspace       used 10195K, committed 10368K, reserved 1064960K
  class space    used 1056K, committed 1088K, reserved 1048576K
}
Event: 1.547 GC heap before
{Heap before GC invocations=1 (full 0):
 garbage-first heap   total 131072K, used 35628K [0x0000000080000000, 0x0000000100000000)
  region size 1024K, 28 young (28672K), 3 survivors (3072K)
 Metaspace       used 11188K, committed 11392K, reserved 1064960K
  class space    used 1166K, committed 1280K, reserved 1048576K
}
Event: 1.554 GC heap after
{Heap after GC invocations=2 (full 0):
 garbage-first heap   total 131072K, used 11106K [0x0000000080000000, 0x0000000100000000)
  region size 1024K, 1 young (1024K), 1 survivors (1024K)
 Metaspace       used 11188K, committed 11392K, reserved 1064960K
  class space    used 1166K, committed 1280K, reserved 1048576K
}
Event: 2.915 GC heap before
{Heap before GC invocations=2 (full 0):
 garbage-first heap   total 131072K, used 54114K [0x0000000080000000, 0x0000000100000000)
  region size 1024K, 44 young (45056K), 1 survivors (1024K)
 Metaspace       used 21193K, committed 21504K, reserved 1073152K
  class space    used 2574K, committed 2752K, reserved 1048576K
}
Event: 2.927 GC heap after
{Heap after GC invocations=3 (full 0):
 garbage-first heap   total 131072K, used 18211K [0x0000000080000000, 0x0000000100000000)
  region size 1024K, 8 young (8192K), 8 survivors (8192K)
 Metaspace       used 21193K, committed 21504K, reserved 1073152K
  class space    used 2574K, committed 2752K, reserved 1048576K
}
Event: 3.660 GC heap before
{Heap before GC invocations=4 (full 0):
 garbage-first heap   total 65536K, used 48931K [0x0000000080000000, 0x0000000100000000)
  region size 1024K, 38 young (38912K), 8 survivors (8192K)
 Metaspace       used 25987K, committed 26240K, reserved 1073152K
  class space    used 3405K, committed 3520K, reserved 1048576K
}
Event: 3.673 GC heap after
{Heap after GC invocations=5 (full 0):
 garbage-first heap   total 65536K, used 20426K [0x0000000080000000, 0x0000000100000000)
  region size 1024K, 3 young (3072K), 3 survivors (3072K)
 Metaspace       used 25987K, committed 26240K, reserved 1073152K
  class space    used 3405K, committed 3520K, reserved 1048576K
}
Event: 3.697 GC heap before
{Heap before GC invocations=5 (full 0):
 garbage-first heap   total 65536K, used 21450K [0x0000000080000000, 0x0000000100000000)
  region size 1024K, 4 young (4096K), 3 survivors (3072K)
 Metaspace       used 26107K, committed 26432K, reserved 1073152K
  class space    used 3424K, committed 3584K, reserved 1048576K
}
Event: 3.702 GC heap after
{Heap after GC invocations=6 (full 0):
 garbage-first heap   total 65536K, used 20617K [0x0000000080000000, 0x0000000100000000)
  region size 1024K, 1 young (1024K), 1 survivors (1024K)
 Metaspace       used 26107K, committed 26432K, reserved 1073152K
  class space    used 3424K, committed 3584K, reserved 1048576K
}
Event: 4.281 GC heap before
{Heap before GC invocations=6 (full 0):
 garbage-first heap   total 65536K, used 46217K [0x0000000080000000, 0x0000000100000000)
  region size 1024K, 26 young (26624K), 1 survivors (1024K)
 Metaspace       used 30068K, committed 30336K, reserved 1081344K
  class space    used 4084K, committed 4224K, reserved 1048576K
}
Event: 4.288 GC heap after
{Heap after GC invocations=7 (full 0):
 garbage-first heap   total 105472K, used 21823K [0x0000000080000000, 0x0000000100000000)
  region size 1024K, 2 young (2048K), 2 survivors (2048K)
 Metaspace       used 30068K, committed 30336K, reserved 1081344K
  class space    used 4084K, committed 4224K, reserved 1048576K
}
Event: 4.996 GC heap before
{Heap before GC invocations=7 (full 0):
 garbage-first heap   total 105472K, used 53567K [0x0000000080000000, 0x0000000100000000)
  region size 1024K, 34 young (34816K), 2 survivors (2048K)
 Metaspace       used 35606K, committed 35968K, reserved 1081344K
  class space    used 4876K, committed 5056K, reserved 1048576K
}
Event: 5.006 GC heap after
{Heap after GC invocations=8 (full 0):
 garbage-first heap   total 105472K, used 24160K [0x0000000080000000, 0x0000000100000000)
  region size 1024K, 4 young (4096K), 4 survivors (4096K)
 Metaspace       used 35606K, committed 35968K, reserved 1081344K
  class space    used 4876K, committed 5056K, reserved 1048576K
}
Event: 6.071 GC heap before
{Heap before GC invocations=9 (full 0):
 garbage-first heap   total 86016K, used 70240K [0x0000000080000000, 0x0000000100000000)
  region size 1024K, 48 young (49152K), 4 survivors (4096K)
 Metaspace       used 42490K, committed 42880K, reserved 1089536K
  class space    used 5555K, committed 5696K, reserved 1048576K
}
Event: 6.083 GC heap after
{Heap after GC invocations=10 (full 0):
 garbage-first heap   total 86016K, used 29257K [0x0000000080000000, 0x0000000100000000)
  region size 1024K, 7 young (7168K), 7 survivors (7168K)
 Metaspace       used 42490K, committed 42880K, reserved 1089536K
  class space    used 5555K, committed 5696K, reserved 1048576K
}
Event: 6.899 GC heap before
{Heap before GC invocations=10 (full 0):
 garbage-first heap   total 86016K, used 64073K [0x0000000080000000, 0x0000000100000000)
  region size 1024K, 42 young (43008K), 7 survivors (7168K)
 Metaspace       used 46075K, committed 46464K, reserved 1089536K
  class space    used 6107K, committed 6272K, reserved 1048576K
}
Event: 6.910 GC heap after
{Heap after GC invocations=11 (full 0):
 garbage-first heap   total 86016K, used 32525K [0x0000000080000000, 0x0000000100000000)
  region size 1024K, 4 young (4096K), 4 survivors (4096K)
 Metaspace       used 46075K, committed 46464K, reserved 1089536K
  class space    used 6107K, committed 6272K, reserved 1048576K
}
Event: 7.698 GC heap before
{Heap before GC invocations=11 (full 0):
 garbage-first heap   total 86016K, used 66317K [0x0000000080000000, 0x0000000100000000)
  region size 1024K, 36 young (36864K), 4 survivors (4096K)
 Metaspace       used 50759K, committed 51200K, reserved 1097728K
  class space    used 6736K, committed 6912K, reserved 1048576K
}
Event: 7.707 GC heap after
{Heap after GC invocations=12 (full 0):
 garbage-first heap   total 86016K, used 34056K [0x0000000080000000, 0x0000000100000000)
  region size 1024K, 2 young (2048K), 2 survivors (2048K)
 Metaspace       used 50759K, committed 51200K, reserved 1097728K
  class space    used 6736K, committed 6912K, reserved 1048576K
}

Dll operation events (2 events):
Event: 0.021 Loaded shared library G:\Program\Android Studio\jbr\bin\java.dll
Event: 0.564 Loaded shared library G:\Program\Android Studio\jbr\bin\verify.dll

Deoptimization events (20 events):
Event: 8.269 Thread 0x00000267c691ee80 DEOPT PACKING pc=0x00000267acedc113 sp=0x00000071245f9200
Event: 8.269 Thread 0x00000267c691ee80 DEOPT UNPACKING pc=0x00000267b43d7143 sp=0x00000071245f8738 mode 0
Event: 8.275 Thread 0x00000267c691ee80 DEOPT PACKING pc=0x00000267ad6e2ad1 sp=0x00000071245f9180
Event: 8.275 Thread 0x00000267c691ee80 DEOPT UNPACKING pc=0x00000267b43d7143 sp=0x00000071245f8678 mode 0
Event: 8.295 Thread 0x00000267c691ee80 Uncommon trap: trap_request=0xffffff45 fr.pc=0x00000267b4b0cf9c relative=0x000000000000007c
Event: 8.295 Thread 0x00000267c691ee80 Uncommon trap: reason=unstable_if action=reinterpret pc=0x00000267b4b0cf9c method=java.util.Spliterator.getExactSizeIfKnown()J @ 9 c2
Event: 8.295 Thread 0x00000267c691ee80 DEOPT PACKING pc=0x00000267b4b0cf9c sp=0x00000071245fa7f0
Event: 8.295 Thread 0x00000267c691ee80 DEOPT UNPACKING pc=0x00000267b43d69a3 sp=0x00000071245fa788 mode 2
Event: 8.302 Thread 0x00000267c691ee80 Uncommon trap: trap_request=0xffffff45 fr.pc=0x00000267b4bbeda4 relative=0x00000000000001e4
Event: 8.302 Thread 0x00000267c691ee80 Uncommon trap: reason=unstable_if action=reinterpret pc=0x00000267b4bbeda4 method=java.lang.ThreadLocal$ThreadLocalMap.getEntryAfterMiss(Ljava/lang/ThreadLocal;ILjava/lang/ThreadLocal$ThreadLocalMap$Entry;)Ljava/lang/ThreadLocal$ThreadLocalMap$Entry; @ 30
Event: 8.302 Thread 0x00000267c691ee80 DEOPT PACKING pc=0x00000267b4bbeda4 sp=0x00000071245f9d60
Event: 8.302 Thread 0x00000267c691ee80 DEOPT UNPACKING pc=0x00000267b43d69a3 sp=0x00000071245f9bf0 mode 2
Event: 8.334 Thread 0x00000267c691ee80 Uncommon trap: trap_request=0xffffff45 fr.pc=0x00000267b4a99d68 relative=0x0000000000002708
Event: 8.334 Thread 0x00000267c691ee80 Uncommon trap: reason=unstable_if action=reinterpret pc=0x00000267b4a99d68 method=java.util.zip.ZipFile.getInputStream(Ljava/util/zip/ZipEntry;)Ljava/io/InputStream; @ 101 c2
Event: 8.334 Thread 0x00000267c691ee80 DEOPT PACKING pc=0x00000267b4a99d68 sp=0x00000071245f8970
Event: 8.334 Thread 0x00000267c691ee80 DEOPT UNPACKING pc=0x00000267b43d69a3 sp=0x00000071245f8928 mode 2
Event: 8.341 Thread 0x00000267c691ee80 Uncommon trap: trap_request=0xffffff45 fr.pc=0x00000267b49787fc relative=0x000000000000063c
Event: 8.341 Thread 0x00000267c691ee80 Uncommon trap: reason=unstable_if action=reinterpret pc=0x00000267b49787fc method=java.util.jar.Manifest$FastInputStream.readLine([BII)I @ 130 c2
Event: 8.341 Thread 0x00000267c691ee80 DEOPT PACKING pc=0x00000267b49787fc sp=0x00000071245f8900
Event: 8.341 Thread 0x00000267c691ee80 DEOPT UNPACKING pc=0x00000267b43d69a3 sp=0x00000071245f8890 mode 2

Classes unloaded (0 events):
No events

Classes redefined (0 events):
No events

Internal exceptions (20 events):
Event: 7.582 Thread 0x00000267c691ee80 Exception <a 'java/lang/NoSuchMethodError'{0x00000000837244f8}: 'java.lang.Object java.lang.invoke.DelegatingMethodHandle$Holder.delegate(java.lang.Object, java.lang.Object, java.lang.Object, java.lang.Object, java.lang.Object, java.lang.Object, java.lang.Object, java.lang.Object, java.lang.Object, java.lang.Object, java.lang.Object, java.lang.Object, java.lang.Object, java.lang.Object, java.lang.Object, java.lang.Object, java.lang.Object, java.lang.Object, java.lang.Object, java.lang.Object, java.lang.Obj
Event: 7.598 Thread 0x00000267c691ee80 Exception <a 'java/lang/NoSuchMethodError'{0x00000000837a8bd0}: 'java.lang.Object java.lang.invoke.DirectMethodHandle$Holder.invokeStatic(java.lang.Object, java.lang.Object, java.lang.Object, java.lang.Object, java.lang.Object, java.lang.Object, java.lang.Object, java.lang.Object, java.lang.Object, java.lang.Object, java.lang.Object, java.lang.Object, java.lang.Object, java.lang.Object, java.lang.Object, java.lang.Object, java.lang.Object)'> (0x00000000837a8bd0) 
thrown [s\src\hotspot\share\interpreter\lin
Event: 7.603 Thread 0x00000267c691ee80 Exception <a 'java/lang/NoSuchMethodError'{0x00000000837d0f50}: 'java.lang.Object java.lang.invoke.DirectMethodHandle$Holder.invokeStatic(java.lang.Object, java.lang.Object, java.lang.Object, java.lang.Object, java.lang.Object, java.lang.Object, java.lang.Object, java.lang.Object, java.lang.Object, java.lang.Object, java.lang.Object, java.lang.Object, java.lang.Object, java.lang.Object, java.lang.Object, java.lang.Object, java.lang.Object, java.lang.Object)'> (0x00000000837d0f50) 
thrown [s\src\hotspot\sha
Event: 7.606 Thread 0x00000267c691ee80 Exception <a 'java/lang/NoSuchMethodError'{0x00000000837f9b20}: 'java.lang.Object java.lang.invoke.DirectMethodHandle$Holder.invokeStatic(java.lang.Object, java.lang.Object, java.lang.Object, java.lang.Object, java.lang.Object, java.lang.Object, java.lang.Object, java.lang.Object, java.lang.Object, java.lang.Object, java.lang.Object, java.lang.Object, java.lang.Object, java.lang.Object, java.lang.Object, java.lang.Object, java.lang.Object, java.lang.Object, java.lang.Object)'> (0x00000000837f9b20) 
thrown 
Event: 7.610 Thread 0x00000267c691ee80 Exception <a 'java/lang/NoSuchMethodError'{0x0000000083623e20}: 'java.lang.Object java.lang.invoke.DirectMethodHandle$Holder.invokeStatic(java.lang.Object, java.lang.Object, java.lang.Object, java.lang.Object, java.lang.Object, java.lang.Object, java.lang.Object, java.lang.Object, java.lang.Object, java.lang.Object, java.lang.Object, java.lang.Object, java.lang.Object, java.lang.Object, java.lang.Object, java.lang.Object, java.lang.Object, java.lang.Object, java.lang.Object, java.lang.Object)'> (0x00000000
Event: 7.613 Thread 0x00000267c691ee80 Exception <a 'java/lang/NoSuchMethodError'{0x000000008364ecd8}: 'java.lang.Object java.lang.invoke.DirectMethodHandle$Holder.invokeStatic(java.lang.Object, java.lang.Object, java.lang.Object, java.lang.Object, java.lang.Object, java.lang.Object, java.lang.Object, java.lang.Object, java.lang.Object, java.lang.Object, java.lang.Object, java.lang.Object, java.lang.Object, java.lang.Object, java.lang.Object, java.lang.Object, java.lang.Object, java.lang.Object, java.lang.Object, java.lang.Object, java.lang.Obj
Event: 7.617 Thread 0x00000267c691ee80 Exception <a 'java/lang/NoSuchMethodError'{0x000000008367a530}: 'java.lang.Object java.lang.invoke.DirectMethodHandle$Holder.invokeStatic(java.lang.Object, java.lang.Object, java.lang.Object, java.lang.Object, java.lang.Object, java.lang.Object, java.lang.Object, java.lang.Object, java.lang.Object, java.lang.Object, java.lang.Object, java.lang.Object, java.lang.Object, java.lang.Object, java.lang.Object, java.lang.Object, java.lang.Object, java.lang.Object, java.lang.Object, java.lang.Object, java.lang.Obj
Event: 7.626 Thread 0x00000267c691ee80 Exception <a 'java/lang/NoSuchMethodError'{0x00000000836a7a68}: 'java.lang.Object java.lang.invoke.DirectMethodHandle$Holder.invokeStatic(java.lang.Object, java.lang.Object, java.lang.Object, java.lang.Object, java.lang.Object, java.lang.Object, java.lang.Object, java.lang.Object, java.lang.Object, java.lang.Object, java.lang.Object, java.lang.Object, java.lang.Object, java.lang.Object, java.lang.Object, java.lang.Object, java.lang.Object, java.lang.Object, java.lang.Object, java.lang.Object, java.lang.Obj
Event: 7.629 Thread 0x00000267c691ee80 Exception <a 'java/lang/NoSuchMethodError'{0x00000000836d6610}: 'java.lang.Object java.lang.invoke.DirectMethodHandle$Holder.invokeStatic(java.lang.Object, java.lang.Object, java.lang.Object, java.lang.Object, java.lang.Object, java.lang.Object, java.lang.Object, java.lang.Object, java.lang.Object, java.lang.Object, java.lang.Object, java.lang.Object, java.lang.Object, java.lang.Object, java.lang.Object, java.lang.Object, java.lang.Object, java.lang.Object, java.lang.Object, java.lang.Object, java.lang.Obj
Event: 8.292 Thread 0x00000267c691ee80 Exception <a 'java/lang/NoSuchMethodError'{0x0000000083bfcff0}: 'long java.lang.invoke.DirectMethodHandle$Holder.invokeVirtual(java.lang.Object, java.lang.Object)'> (0x0000000083bfcff0) 
thrown [s\src\hotspot\share\interpreter\linkResolver.cpp, line 771]
Event: 8.297 Thread 0x00000267c568c530 Exception <a 'java/lang/NoSuchMethodError'{0x0000000083a8bf40}: static Lorg/gradle/internal/build/event/types/DefaultOperationFinishedProgressEvent;.<clinit>()V> (0x0000000083a8bf40) 
thrown [s\src\hotspot\share\prims\jni.cpp, line 1108]
Event: 8.300 Thread 0x00000267c568c530 Exception <a 'java/lang/NoSuchMethodError'{0x0000000083aafad0}: static Lorg/gradle/internal/build/event/types/DefaultProjectConfigurationSuccessResult;.<clinit>()V> (0x0000000083aafad0) 
thrown [s\src\hotspot\share\prims\jni.cpp, line 1108]
Event: 8.300 Thread 0x00000267c568c530 Exception <a 'java/lang/NoSuchMethodError'{0x0000000083ab0dc8}: static Lorg/gradle/internal/build/event/types/AbstractProjectConfigurationResult;.<clinit>()V> (0x0000000083ab0dc8) 
thrown [s\src\hotspot\share\prims\jni.cpp, line 1108]
Event: 8.300 Thread 0x00000267c568c530 Exception <a 'java/lang/NoSuchMethodError'{0x0000000083ab2078}: static Lorg/gradle/internal/build/event/types/AbstractOperationResult;.<clinit>()V> (0x0000000083ab2078) 
thrown [s\src\hotspot\share\prims\jni.cpp, line 1108]
Event: 8.300 Thread 0x00000267c568c530 Exception <a 'java/lang/NoSuchMethodError'{0x0000000083ab3290}: static Lorg/gradle/internal/build/event/types/AbstractResult;.<clinit>()V> (0x0000000083ab3290) 
thrown [s\src\hotspot\share\prims\jni.cpp, line 1108]
Event: 8.304 Thread 0x00000267c568c530 Exception <a 'java/lang/NoSuchMethodError'{0x0000000083ac7f80}: static Lorg/gradle/internal/build/event/types/DefaultPluginApplicationResult;.<clinit>()V> (0x0000000083ac7f80) 
thrown [s\src\hotspot\share\prims\jni.cpp, line 1108]
Event: 8.305 Thread 0x00000267c568c530 Exception <a 'java/lang/NoSuchMethodError'{0x0000000083ad2e18}: static Lorg/gradle/internal/build/event/types/DefaultBinaryPluginIdentifier;.<clinit>()V> (0x0000000083ad2e18) 
thrown [s\src\hotspot\share\prims\jni.cpp, line 1108]
Event: 8.308 Thread 0x00000267c568c530 Exception <a 'java/lang/NoSuchMethodError'{0x0000000083ae7a98}: static Lorg/gradle/internal/build/event/types/DefaultScriptPluginIdentifier;.<clinit>()V> (0x0000000083ae7a98) 
thrown [s\src\hotspot\share\prims\jni.cpp, line 1108]
Event: 8.322 Thread 0x00000267c691ee80 Exception <a 'java/lang/ClassNotFoundException'{0x0000000083917bf0}: build_39la1jgy69q0s5jhiocbte2d3BeanInfo> (0x0000000083917bf0) 
thrown [s\src\hotspot\share\classfile\systemDictionary.cpp, line 256]
Event: 8.322 Thread 0x00000267c691ee80 Exception <a 'java/lang/ClassNotFoundException'{0x000000008391e470}: build_39la1jgy69q0s5jhiocbte2d3Customizer> (0x000000008391e470) 
thrown [s\src\hotspot\share\classfile\systemDictionary.cpp, line 256]

VM Operations (20 events):
Event: 6.760 Executing VM operation: HandshakeAllThreads
Event: 6.760 Executing VM operation: HandshakeAllThreads done
Event: 6.762 Executing VM operation: ICBufferFull
Event: 6.762 Executing VM operation: ICBufferFull done
Event: 6.899 Executing VM operation: G1CollectForAllocation
Event: 6.910 Executing VM operation: G1CollectForAllocation done
Event: 7.002 Executing VM operation: HandshakeAllThreads
Event: 7.002 Executing VM operation: HandshakeAllThreads done
Event: 7.003 Executing VM operation: HandshakeAllThreads
Event: 7.003 Executing VM operation: HandshakeAllThreads done
Event: 7.698 Executing VM operation: G1CollectForAllocation
Event: 7.707 Executing VM operation: G1CollectForAllocation done
Event: 7.923 Executing VM operation: HandshakeAllThreads
Event: 7.923 Executing VM operation: HandshakeAllThreads done
Event: 7.983 Executing VM operation: ICBufferFull
Event: 7.983 Executing VM operation: ICBufferFull done
Event: 8.243 Executing VM operation: ICBufferFull
Event: 8.243 Executing VM operation: ICBufferFull done
Event: 8.294 Executing VM operation: HandshakeAllThreads
Event: 8.294 Executing VM operation: HandshakeAllThreads done

Events (20 events):
Event: 8.055 Thread 0x00000267c7073680 Thread added: 0x00000267c7073680
Event: 8.055 Thread 0x00000267c7073b50 Thread added: 0x00000267c7073b50
Event: 8.055 Thread 0x00000267c70744f0 Thread added: 0x00000267c70744f0
Event: 8.056 Thread 0x00000267c706e4b0 Thread added: 0x00000267c706e4b0
Event: 8.056 Thread 0x00000267c706e980 Thread added: 0x00000267c706e980
Event: 8.056 Thread 0x00000267c706ee50 Thread added: 0x00000267c706ee50
Event: 8.056 Thread 0x00000267c706f320 Thread added: 0x00000267c706f320
Event: 8.169 Thread 0x00000267c706f7f0 Thread added: 0x00000267c706f7f0
Event: 8.293 loading class java/util/stream/SortedOps
Event: 8.293 loading class java/util/stream/SortedOps done
Event: 8.293 loading class java/util/stream/SortedOps$OfRef
Event: 8.293 loading class java/util/stream/ReferencePipeline$StatefulOp
Event: 8.293 loading class java/util/stream/ReferencePipeline$StatefulOp done
Event: 8.293 loading class java/util/stream/SortedOps$OfRef done
Event: 8.295 loading class java/util/stream/SortedOps$RefSortingSink
Event: 8.295 loading class java/util/stream/SortedOps$AbstractRefSortingSink
Event: 8.295 loading class java/util/stream/SortedOps$AbstractRefSortingSink done
Event: 8.295 loading class java/util/stream/SortedOps$RefSortingSink done
Event: 8.306 loading class java/time/Ser
Event: 8.306 loading class java/time/Ser done


Dynamic libraries:
0x00007ff7fe4c0000 - 0x00007ff7fe4ca000 	G:\Program\Android Studio\jbr\bin\java.exe
0x00007ffb3b8f0000 - 0x00007ffb3bae8000 	C:\Windows\SYSTEM32\ntdll.dll
0x00007ffb3a7a0000 - 0x00007ffb3a85f000 	C:\Windows\System32\KERNEL32.DLL
0x00007ffb39270000 - 0x00007ffb39566000 	C:\Windows\System32\KERNELBASE.dll
0x00007ffb39790000 - 0x00007ffb39890000 	C:\Windows\System32\ucrtbase.dll
0x00007ffb31ed0000 - 0x00007ffb31eeb000 	G:\Program\Android Studio\jbr\bin\VCRUNTIME140.dll
0x00007ffb2daa0000 - 0x00007ffb2dab7000 	G:\Program\Android Studio\jbr\bin\jli.dll
0x00007ffb39fa0000 - 0x00007ffb3a13d000 	C:\Windows\System32\USER32.dll
0x00007ffb1f090000 - 0x00007ffb1f32a000 	C:\Windows\WinSxS\amd64_microsoft.windows.common-controls_6595b64144ccf1df_6.0.19041.1110_none_60b5254171f9507e\COMCTL32.dll
0x00007ffb39890000 - 0x00007ffb398b2000 	C:\Windows\System32\win32u.dll
0x00007ffb3b520000 - 0x00007ffb3b5be000 	C:\Windows\System32\msvcrt.dll
0x00007ffb3a710000 - 0x00007ffb3a73c000 	C:\Windows\System32\GDI32.dll
0x00007ffb38fd0000 - 0x00007ffb390e5000 	C:\Windows\System32\gdi32full.dll
0x00007ffb391d0000 - 0x00007ffb3926d000 	C:\Windows\System32\msvcp_win.dll
0x00007ffb39c60000 - 0x00007ffb39c90000 	C:\Windows\System32\IMM32.DLL
0x00007ffb31070000 - 0x00007ffb3107c000 	G:\Program\Android Studio\jbr\bin\vcruntime140_1.dll
0x00007ffafb880000 - 0x00007ffafb90d000 	G:\Program\Android Studio\jbr\bin\msvcp140.dll
0x00007ffad1380000 - 0x00007ffad1fed000 	G:\Program\Android Studio\jbr\bin\server\jvm.dll
0x00007ffb39bb0000 - 0x00007ffb39c5f000 	C:\Windows\System32\ADVAPI32.dll
0x00007ffb3b480000 - 0x00007ffb3b51c000 	C:\Windows\System32\sechost.dll
0x00007ffb3b710000 - 0x00007ffb3b836000 	C:\Windows\System32\RPCRT4.dll
0x00007ffb31d40000 - 0x00007ffb31d4a000 	C:\Windows\SYSTEM32\VERSION.dll
0x00007ffb26840000 - 0x00007ffb26867000 	C:\Windows\SYSTEM32\WINMM.dll
0x00007ffb13de0000 - 0x00007ffb13de9000 	C:\Windows\SYSTEM32\WSOCK32.dll
0x00007ffb3b6a0000 - 0x00007ffb3b70b000 	C:\Windows\System32\WS2_32.dll
0x00007ffb36d90000 - 0x00007ffb36da2000 	C:\Windows\SYSTEM32\kernel.appcore.dll
0x00007ffb36740000 - 0x00007ffb3674a000 	G:\Program\Android Studio\jbr\bin\jimage.dll
0x00007ffb22d00000 - 0x00007ffb22ee4000 	C:\Windows\SYSTEM32\DBGHELP.DLL
0x00007ffb21480000 - 0x00007ffb214b4000 	C:\Windows\SYSTEM32\dbgcore.DLL
0x00007ffb398c0000 - 0x00007ffb39942000 	C:\Windows\System32\bcryptPrimitives.dll
0x00007ffb33d60000 - 0x00007ffb33d85000 	G:\Program\Android Studio\jbr\bin\java.dll
0x00007ffb33d40000 - 0x00007ffb33d58000 	G:\Program\Android Studio\jbr\bin\zip.dll
0x00007ffb3acd0000 - 0x00007ffb3b414000 	C:\Windows\System32\SHELL32.dll
0x00007ffb37070000 - 0x00007ffb37803000 	C:\Windows\SYSTEM32\windows.storage.dll
0x00007ffb3a320000 - 0x00007ffb3a674000 	C:\Windows\System32\combase.dll
0x00007ffb38950000 - 0x00007ffb3897e000 	C:\Windows\SYSTEM32\Wldp.dll
0x00007ffb3a270000 - 0x00007ffb3a31d000 	C:\Windows\System32\SHCORE.dll
0x00007ffb3b850000 - 0x00007ffb3b8a5000 	C:\Windows\System32\shlwapi.dll
0x00007ffb38f10000 - 0x00007ffb38f2f000 	C:\Windows\SYSTEM32\profapi.dll
0x00007ffb33cd0000 - 0x00007ffb33ce9000 	G:\Program\Android Studio\jbr\bin\net.dll
0x00007ffb31760000 - 0x00007ffb3186a000 	C:\Windows\SYSTEM32\WINHTTP.dll
0x00007ffb38730000 - 0x00007ffb3879a000 	C:\Windows\system32\mswsock.dll
0x00007ffb32000000 - 0x00007ffb32016000 	G:\Program\Android Studio\jbr\bin\nio.dll
0x00007ffb34c50000 - 0x00007ffb34c60000 	G:\Program\Android Studio\jbr\bin\verify.dll
0x00007ffb310d0000 - 0x00007ffb310f7000 	C:\Users\maxim\.gradle\native\68d5fa5c4cc2d200863cafc0d521ce42e7d3e7ee720ec0a83991735586a16f82\windows-amd64\native-platform.dll
0x00007ffaefaa0000 - 0x00007ffaefbe4000 	C:\Users\maxim\.gradle\native\e376f236ea51e6404a007f0833ffe2c6e607c4080706a723a18a27aeea778392\windows-amd64\native-platform-file-events.dll
0x00007ffb367c0000 - 0x00007ffb367c9000 	G:\Program\Android Studio\jbr\bin\management.dll
0x00007ffb34c60000 - 0x00007ffb34c6b000 	G:\Program\Android Studio\jbr\bin\management_ext.dll
0x00007ffb39c90000 - 0x00007ffb39c98000 	C:\Windows\System32\PSAPI.DLL
0x00007ffb38cc0000 - 0x00007ffb38cd8000 	C:\Windows\SYSTEM32\CRYPTSP.dll
0x00007ffb37f80000 - 0x00007ffb37fb4000 	C:\Windows\system32\rsaenh.dll
0x00007ffb390f0000 - 0x00007ffb39117000 	C:\Windows\System32\bcrypt.dll
0x00007ffb38ed0000 - 0x00007ffb38efe000 	C:\Windows\SYSTEM32\USERENV.dll
0x00007ffb388c0000 - 0x00007ffb388cc000 	C:\Windows\SYSTEM32\CRYPTBASE.dll
0x00007ffb383d0000 - 0x00007ffb3840c000 	C:\Windows\SYSTEM32\IPHLPAPI.DLL
0x00007ffb3b840000 - 0x00007ffb3b848000 	C:\Windows\System32\NSI.dll
0x00007ffb329a0000 - 0x00007ffb329b7000 	C:\Windows\SYSTEM32\dhcpcsvc6.DLL
0x00007ffb32860000 - 0x00007ffb3287d000 	C:\Windows\SYSTEM32\dhcpcsvc.DLL
0x00007ffb38410000 - 0x00007ffb384db000 	C:\Windows\SYSTEM32\DNSAPI.dll
0x00007ffb34a30000 - 0x00007ffb34a37000 	C:\Windows\system32\wshunix.dll

dbghelp: loaded successfully - version: 4.0.5 - missing functions: none
symbol engine: initialized successfully - sym options: 0x614 - pdb path: .;G:\Program\Android Studio\jbr\bin;C:\Windows\SYSTEM32;C:\Windows\WinSxS\amd64_microsoft.windows.common-controls_6595b64144ccf1df_6.0.19041.1110_none_60b5254171f9507e;G:\Program\Android Studio\jbr\bin\server;C:\Users\maxim\.gradle\native\68d5fa5c4cc2d200863cafc0d521ce42e7d3e7ee720ec0a83991735586a16f82\windows-amd64;C:\Users\maxim\.gradle\native\e376f236ea51e6404a007f0833ffe2c6e607c4080706a723a18a27aeea778392\windows-amd64

VM Arguments:
jvm_args: --add-opens=java.base/java.util=ALL-UNNAMED --add-opens=java.base/java.lang=ALL-UNNAMED --add-opens=java.base/java.lang.invoke=ALL-UNNAMED --add-opens=java.prefs/java.util.prefs=ALL-UNNAMED --add-opens=java.base/java.nio.charset=ALL-UNNAMED --add-opens=java.base/java.net=ALL-UNNAMED --add-opens=java.base/java.util.concurrent.atomic=ALL-UNNAMED -Xmx2048m -Dfile.encoding=UTF-8 -Duser.country=RU -Duser.language=ru -Duser.variant 
java_command: org.gradle.launcher.daemon.bootstrap.GradleDaemon 8.0
java_class_path (initial): C:\Users\maxim\.gradle\wrapper\dists\gradle-8.0-bin\ca5e32bp14vu59qr306oxotwh\gradle-8.0\lib\gradle-launcher-8.0.jar
Launcher Type: SUN_STANDARD

[Global flags]
     intx CICompilerCount                          = 3                                         {product} {ergonomic}
     uint ConcGCThreads                            = 2                                         {product} {ergonomic}
     uint G1ConcRefinementThreads                  = 6                                         {product} {ergonomic}
   size_t G1HeapRegionSize                         = 1048576                                   {product} {ergonomic}
    uintx GCDrainStackTargetSize                   = 64                                        {product} {ergonomic}
   size_t InitialHeapSize                          = 134217728                                 {product} {ergonomic}
   size_t MarkStackSize                            = 4194304                                   {product} {ergonomic}
   size_t MaxHeapSize                              = 2147483648                                {product} {command line}
   size_t MaxNewSize                               = 1287651328                                {product} {ergonomic}
   size_t MinHeapDeltaBytes                        = 1048576                                   {product} {ergonomic}
   size_t MinHeapSize                              = 8388608                                   {product} {ergonomic}
    uintx NonNMethodCodeHeapSize                   = 5832780                                {pd product} {ergonomic}
    uintx NonProfiledCodeHeapSize                  = 122912730                              {pd product} {ergonomic}
    uintx ProfiledCodeHeapSize                     = 122912730                              {pd product} {ergonomic}
    uintx ReservedCodeCacheSize                    = 251658240                              {pd product} {ergonomic}
     bool SegmentedCodeCache                       = true                                      {product} {ergonomic}
   size_t SoftMaxHeapSize                          = 2147483648                             {manageable} {ergonomic}
     bool UseCompressedClassPointers               = true                           {product lp64_product} {ergonomic}
     bool UseCompressedOops                        = true                           {product lp64_product} {ergonomic}
     bool UseG1GC                                  = true                                      {product} {ergonomic}
     bool UseLargePagesIndividualAllocation        = false                                  {pd product} {ergonomic}

Logging:
Log output configuration:
 #0: stdout all=warning uptime,level,tags
 #1: stderr all=off uptime,level,tags

Environment Variables:
PATH=C:\Program Files\Common Files\Oracle\Java\javapath;C:\Windows\system32;C:\Windows;C:\Windows\System32\Wbem;C:\Windows\System32\WindowsPowerShell\v1.0\;C:\Windows\System32\OpenSSH\;C:\Program Files\NVIDIA Corporation\NVIDIA NvDLISR;C:\Program Files\Git\cmd;C:\Program Files (x86)\NVIDIA Corporation\PhysX\Common;C:\Program Files\Docker\Docker\resources\bin;C:\Program Files\MySQL\MySQL Shell 8.0\bin\;C:\Users\maxim\AppData\Local\Microsoft\WindowsApps;
USERNAME=maxim
OS=Windows_NT
PROCESSOR_IDENTIFIER=AMD64 Family 21 Model 2 Stepping 0, AuthenticAMD
TMP=C:\Users\maxim\AppData\Local\Temp
TEMP=C:\Users\maxim\AppData\Local\Temp



---------------  S Y S T E M  ---------------

OS:
 Windows 10 , 64 bit Build 19041 (10.0.19041.2913)
OS uptime: 3 days 2:11 hours
Hyper-V role detected

CPU: total 6 (initial active 6) (6 cores per cpu, 1 threads per core) family 21 model 2 stepping 0 microcode 0x0, cx8, cmov, fxsr, mmx, 3dnowpref, sse, sse2, sse3, ssse3, sse4a, sse4.1, sse4.2, popcnt, lzcnt, tsc, tscinvbit, avx, aes, clmul, bmi1, fma, vzeroupper, clflush, hv

Memory: 4k page, system-wide physical 8175M (442M free)
TotalPageFile size 22477M (AvailPageFile size 8M)
current process WorkingSet (physical memory assigned to process): 253M, peak: 253M
current process commit charge ("private bytes"): 286M, peak: 303M

vm_info: OpenJDK 64-Bit Server VM (17.0.6+0-b2043.56-9586694) for windows-amd64 JRE (17.0.6+0-b2043.56-9586694), built on Feb  9 2023 20:06:20 by "androidbuild" with MS VC++ 16.10 / 16.11 (VS2019)

END.
