#
# There is insufficient memory for the Java Runtime Environment to continue.
# Native memory allocation (mmap) failed to map 19922944 bytes for G1 virtual space
# Possible reasons:
#   The system is out of physical RAM or swap space
#   The process is running with CompressedOops enabled, and the Java Heap may be blocking the growth of the native heap
# Possible solutions:
#   Reduce memory load on the system
#   Increase physical memory or swap space
#   Check if swap backing store is full
#   Decrease Java heap size (-Xmx/-Xms)
#   Decrease number of Java threads
#   Decrease Java thread stack sizes (-Xss)
#   Set larger code cache with -XX:ReservedCodeCacheSize=
#   JVM is running with Unscaled Compressed Oops mode in which the Java heap is
#     placed in the first 4GB address space. The Java Heap base address is the
#     maximum limit for the native heap growth. Please use -XX:HeapBaseMinAddress
#     to set the Java Heap base and to place the Java Heap above 4GB virtual address.
# This output file may be truncated or incomplete.
#
#  Out of Memory Error (os_windows.cpp:3769), pid=28620, tid=17580
#
# JRE version: OpenJDK Runtime Environment (17.0.6) (build 17.0.6+0-b2043.56-9586694)
# Java VM: OpenJDK 64-Bit Server VM (17.0.6+0-b2043.56-9586694, mixed mode, tiered, compressed oops, compressed class ptrs, g1 gc, windows-amd64)
# No core dump will be written. Minidumps are not enabled by default on client versions of Windows
#

---------------  S U M M A R Y ------------

Command Line: --add-opens=java.base/java.util=ALL-UNNAMED --add-opens=java.base/java.lang=ALL-UNNAMED --add-opens=java.base/java.lang.invoke=ALL-UNNAMED --add-opens=java.prefs/java.util.prefs=ALL-UNNAMED --add-opens=java.base/java.nio.charset=ALL-UNNAMED --add-opens=java.base/java.net=ALL-UNNAMED --add-opens=java.base/java.util.concurrent.atomic=ALL-UNNAMED -Xmx2048m -Dfile.encoding=UTF-8 -Duser.country=RU -Duser.language=ru -Duser.variant org.gradle.launcher.daemon.bootstrap.GradleDaemon 8.0

Host: AMD FX(tm)-6350 Six-Core Processor             , 6 cores, 7G,  Windows 10 , 64 bit Build 19041 (10.0.19041.2913)
Time: Fri Jun  2 16:11:31 2023 RTZ 2 (s 10 , 64 bit Build 19041 (10.0.19041.2913) elapsed time: 13.779458 seconds (0d 0h 0m 13s)

---------------  T H R E A D  ---------------

Current thread (0x0000023cfbc21460):  VMThread "VM Thread" [stack: 0x0000009901300000,0x0000009901400000] [id=17580]

Stack: [0x0000009901300000,0x0000009901400000]
Native frames: (J=compiled Java code, j=interpreted, Vv=VM code, C=native code)
V  [jvm.dll+0x683b4a]
V  [jvm.dll+0x842654]
V  [jvm.dll+0x843dfe]
V  [jvm.dll+0x844463]
V  [jvm.dll+0x249b75]
V  [jvm.dll+0x680a19]
V  [jvm.dll+0x674f0a]
V  [jvm.dll+0x309acb]
V  [jvm.dll+0x310f86]
V  [jvm.dll+0x3608ee]
V  [jvm.dll+0x360b1f]
V  [jvm.dll+0x2dfbf8]
V  [jvm.dll+0x2ddec4]
V  [jvm.dll+0x2dd4cc]
V  [jvm.dll+0x322261]
V  [jvm.dll+0x84893b]
V  [jvm.dll+0x849674]
V  [jvm.dll+0x849b8d]
V  [jvm.dll+0x849f64]
V  [jvm.dll+0x84a030]
V  [jvm.dll+0x7f25fa]
V  [jvm.dll+0x682985]
C  [ucrtbase.dll+0x21bb2]
C  [KERNEL32.DLL+0x17614]
C  [ntdll.dll+0x526a1]

VM_Operation (0x0000009902af4d40): G1TryInitiateConcMark, mode: safepoint, requested by thread 0x0000023cfbe29890


---------------  P R O C E S S  ---------------

Threads class SMR info:
_java_thread_list=0x0000023c83dc31b0, length=103, elements={
0x0000023ce1859fe0, 0x0000023cfbc37260, 0x0000023cfbc37fe0, 0x0000023cfbc63990,
0x0000023cfbc64250, 0x0000023cfbc7abb0, 0x0000023cfbc7d890, 0x0000023cfbc7e810,
0x0000023cfbc92ee0, 0x0000023cfbc93ff0, 0x0000023cfbe293c0, 0x0000023cfbe2b0a0,
0x0000023cfbe29d60, 0x0000023cfbe2abd0, 0x0000023cfbe2a230, 0x0000023cfbe2b570,
0x0000023cfbe2ba40, 0x0000023cfbe28ef0, 0x0000023cfbe29890, 0x0000023cfbe28080,
0x0000023cfe0c4f90, 0x0000023cfe0c7610, 0x0000023cfe0c45f0, 0x0000023cfe0c6c70,
0x0000023cfe0c2910, 0x0000023cfe0c62d0, 0x0000023cfe0c5930, 0x0000023cfe0c7140,
0x0000023cfe0c5e00, 0x0000023cfe0c8e20, 0x0000023cfe0c7fb0, 0x0000023cfe0c4ac0,
0x0000023cfe0c92f0, 0x0000023cfe0c4120, 0x0000023cfe0c67a0, 0x0000023cfe0c97c0,
0x0000023cfe0c1f70, 0x0000023cfe0c32b0, 0x0000023cfe0c3780, 0x0000023cfe0c5460,
0x0000023c80fc5220, 0x0000023c80fca8c0, 0x0000023c80fca3f0, 0x0000023c80fc90b0,
0x0000023c80fc6f00, 0x0000023c80fc6090, 0x0000023c80fc43b0, 0x0000023c80fc3070,
0x0000023c80fc56f0, 0x0000023c80fc6560, 0x0000023c80fc9580, 0x0000023c80fc6a30,
0x0000023c80fc73d0, 0x0000023c80fc78a0, 0x0000023c80fc7d70, 0x0000023c80fc4880,
0x0000023c80fc8240, 0x0000023c80fc3a10, 0x0000023c80fc4d50, 0x0000023c80fc3ee0,
0x0000023c80fc8710, 0x0000023c80fc8be0, 0x0000023c80fc9a50, 0x0000023c80fc3540,
0x0000023c8136d270, 0x0000023c8136b0c0, 0x0000023c8136d740, 0x0000023c8136ef50,
0x0000023c8136ba60, 0x0000023c81370c30, 0x0000023c8136e5b0, 0x0000023c813715d0,
0x0000023c81370760, 0x0000023c8136fdc0, 0x0000023c81371aa0, 0x0000023c81372910,
0x0000023c8136dc10, 0x0000023c8136e0e0, 0x0000023c8136ea80, 0x0000023c8136f420,
0x0000023c81371f70, 0x0000023c81372440, 0x0000023c81371100, 0x0000023c8136c8d0,
0x0000023c8136b590, 0x0000023c8136f8f0, 0x0000023c8136bf30, 0x0000023c81370290,
0x0000023c8136c400, 0x0000023c8136cda0, 0x0000023c811e1760, 0x0000023c811e1c30,
0x0000023c811e6930, 0x0000023c811e2100, 0x0000023c811e08f0, 0x0000023c811e5f90,
0x0000023c811e6460, 0x0000023c811dff50, 0x0000023c811e0420, 0x0000023c811e55f0,
0x0000023c811df0e0, 0x0000023c811e0dc0, 0x0000023c811e3440
}

Java Threads: ( => current thread )
  0x0000023ce1859fe0 JavaThread "main" [_thread_blocked, id=21488, stack(0x0000009900d00000,0x0000009900e00000)]
  0x0000023cfbc37260 JavaThread "Reference Handler" daemon [_thread_blocked, id=13164, stack(0x0000009901400000,0x0000009901500000)]
  0x0000023cfbc37fe0 JavaThread "Finalizer" daemon [_thread_blocked, id=28852, stack(0x0000009901500000,0x0000009901600000)]
  0x0000023cfbc63990 JavaThread "Signal Dispatcher" daemon [_thread_blocked, id=17672, stack(0x0000009901600000,0x0000009901700000)]
  0x0000023cfbc64250 JavaThread "Attach Listener" daemon [_thread_blocked, id=29040, stack(0x0000009901700000,0x0000009901800000)]
  0x0000023cfbc7abb0 JavaThread "Service Thread" daemon [_thread_blocked, id=25176, stack(0x0000009901800000,0x0000009901900000)]
  0x0000023cfbc7d890 JavaThread "Monitor Deflation Thread" daemon [_thread_blocked, id=20260, stack(0x0000009901900000,0x0000009901a00000)]
  0x0000023cfbc7e810 JavaThread "C2 CompilerThread0" daemon [_thread_in_native, id=23304, stack(0x0000009901a00000,0x0000009901b00000)]
  0x0000023cfbc92ee0 JavaThread "C1 CompilerThread0" daemon [_thread_blocked, id=17436, stack(0x0000009901b00000,0x0000009901c00000)]
  0x0000023cfbc93ff0 JavaThread "Sweeper thread" daemon [_thread_blocked, id=15200, stack(0x0000009901c00000,0x0000009901d00000)]
  0x0000023cfbe293c0 JavaThread "Common-Cleaner" daemon [_thread_blocked, id=28032, stack(0x0000009901d00000,0x0000009901e00000)]
  0x0000023cfbe2b0a0 JavaThread "Notification Thread" daemon [_thread_blocked, id=29004, stack(0x0000009901e00000,0x0000009901f00000)]
  0x0000023cfbe29d60 JavaThread "Daemon health stats" [_thread_blocked, id=9632, stack(0x0000009902400000,0x0000009902500000)]
  0x0000023cfbe2abd0 JavaThread "Incoming local TCP Connector on port 55393" [_thread_in_native, id=22844, stack(0x0000009902500000,0x0000009902600000)]
  0x0000023cfbe2a230 JavaThread "Daemon periodic checks" [_thread_blocked, id=1104, stack(0x0000009902600000,0x0000009902700000)]
  0x0000023cfbe2b570 JavaThread "Daemon" [_thread_blocked, id=22764, stack(0x0000009902700000,0x0000009902800000)]
  0x0000023cfbe2ba40 JavaThread "Handler for socket connection from /127.0.0.1:55393 to /127.0.0.1:55394" [_thread_in_native, id=28544, stack(0x0000009902800000,0x0000009902900000)]
  0x0000023cfbe28ef0 JavaThread "Cancel handler" [_thread_blocked, id=27160, stack(0x0000009902900000,0x0000009902a00000)]
  0x0000023cfbe29890 JavaThread "Daemon worker" [_thread_blocked, id=7280, stack(0x0000009902a00000,0x0000009902b00000)]
  0x0000023cfbe28080 JavaThread "Asynchronous log dispatcher for DefaultDaemonConnection: socket connection from /127.0.0.1:55393 to /127.0.0.1:55394" [_thread_blocked, id=9700, stack(0x0000009902b00000,0x0000009902c00000)]
  0x0000023cfe0c4f90 JavaThread "Stdin handler" [_thread_blocked, id=308, stack(0x0000009902c00000,0x0000009902d00000)]
  0x0000023cfe0c7610 JavaThread "Daemon client event forwarder" [_thread_blocked, id=10588, stack(0x0000009902d00000,0x0000009902e00000)]
  0x0000023cfe0c45f0 JavaThread "Cache worker for journal cache (C:\Users\maxim\.gradle\caches\journal-1)" [_thread_blocked, id=9592, stack(0x0000009903000000,0x0000009903100000)]
  0x0000023cfe0c6c70 JavaThread "File lock request listener" [_thread_in_native, id=24280, stack(0x0000009903100000,0x0000009903200000)]
  0x0000023cfe0c2910 JavaThread "Cache worker for file hash cache (C:\Users\maxim\.gradle\caches\8.0\fileHashes)" [_thread_blocked, id=18692, stack(0x0000009903200000,0x0000009903300000)]
  0x0000023cfe0c62d0 JavaThread "File watcher server" daemon [_thread_in_native, id=19820, stack(0x0000009903300000,0x0000009903400000)]
  0x0000023cfe0c5930 JavaThread "File watcher consumer" daemon [_thread_blocked, id=18468, stack(0x0000009903400000,0x0000009903500000)]
  0x0000023cfe0c7140 JavaThread "Cache worker for checksums cache (G:\Android\TopRedditApplication2\.gradle\8.0\checksums)" [_thread_blocked, id=29408, stack(0x0000009903500000,0x0000009903600000)]
  0x0000023cfe0c5e00 JavaThread "Cache worker for cache directory md-rule (C:\Users\maxim\.gradle\caches\8.0\md-rule)" [_thread_blocked, id=23312, stack(0x0000009903600000,0x0000009903700000)]
  0x0000023cfe0c8e20 JavaThread "Cache worker for file content cache (C:\Users\maxim\.gradle\caches\8.0\fileContent)" [_thread_blocked, id=7624, stack(0x0000009903700000,0x0000009903800000)]
  0x0000023cfe0c7fb0 JavaThread "Cache worker for file hash cache (G:\Android\TopRedditApplication2\.gradle\8.0\fileHashes)" [_thread_blocked, id=29108, stack(0x0000009903800000,0x0000009903900000)]
  0x0000023cfe0c4ac0 JavaThread "Cache worker for cache directory md-supplier (C:\Users\maxim\.gradle\caches\8.0\md-supplier)" [_thread_blocked, id=29616, stack(0x0000009903900000,0x0000009903a00000)]
  0x0000023cfe0c92f0 JavaThread "Cache worker for execution history cache (C:\Users\maxim\.gradle\caches\8.0\executionHistory)" [_thread_blocked, id=14368, stack(0x0000009903a00000,0x0000009903b00000)]
  0x0000023cfe0c4120 JavaThread "jar transforms" [_thread_blocked, id=25712, stack(0x0000009903b00000,0x0000009903c00000)]
  0x0000023cfe0c67a0 JavaThread "jar transforms Thread 2" [_thread_blocked, id=14564, stack(0x0000009903c00000,0x0000009903d00000)]
  0x0000023cfe0c97c0 JavaThread "jar transforms Thread 3" [_thread_blocked, id=21396, stack(0x0000009903e00000,0x0000009903f00000)]
  0x0000023cfe0c1f70 JavaThread "jar transforms Thread 4" [_thread_blocked, id=16988, stack(0x0000009903f00000,0x0000009904000000)]
  0x0000023cfe0c32b0 JavaThread "Cache worker for dependencies-accessors (G:\Android\TopRedditApplication2\.gradle\8.0\dependencies-accessors)" [_thread_blocked, id=27496, stack(0x0000009904000000,0x0000009904100000)]
  0x0000023cfe0c3780 JavaThread "jar transforms Thread 5" [_thread_blocked, id=28976, stack(0x0000009904100000,0x0000009904200000)]
  0x0000023cfe0c5460 JavaThread "Cache worker for Build Output Cleanup Cache (G:\Android\TopRedditApplication2\.gradle\buildOutputCleanup)" [_thread_blocked, id=2844, stack(0x0000009904200000,0x0000009904300000)]
  0x0000023c80fc5220 JavaThread "Unconstrained build operations" [_thread_blocked, id=28988, stack(0x0000009904300000,0x0000009904400000)]
  0x0000023c80fca8c0 JavaThread "Unconstrained build operations Thread 2" [_thread_blocked, id=29148, stack(0x0000009904400000,0x0000009904500000)]
  0x0000023c80fca3f0 JavaThread "Unconstrained build operations Thread 3" [_thread_blocked, id=2644, stack(0x0000009904500000,0x0000009904600000)]
  0x0000023c80fc90b0 JavaThread "Unconstrained build operations Thread 4" [_thread_blocked, id=8232, stack(0x0000009904600000,0x0000009904700000)]
  0x0000023c80fc6f00 JavaThread "Unconstrained build operations Thread 5" [_thread_blocked, id=24372, stack(0x0000009904700000,0x0000009904800000)]
  0x0000023c80fc6090 JavaThread "Unconstrained build operations Thread 6" [_thread_blocked, id=28444, stack(0x0000009904800000,0x0000009904900000)]
  0x0000023c80fc43b0 JavaThread "Unconstrained build operations Thread 7" [_thread_blocked, id=11504, stack(0x0000009904900000,0x0000009904a00000)]
  0x0000023c80fc3070 JavaThread "Unconstrained build operations Thread 8" [_thread_blocked, id=25520, stack(0x0000009904a00000,0x0000009904b00000)]
  0x0000023c80fc56f0 JavaThread "Unconstrained build operations Thread 9" [_thread_blocked, id=23996, stack(0x0000009904b00000,0x0000009904c00000)]
  0x0000023c80fc6560 JavaThread "Unconstrained build operations Thread 10" [_thread_blocked, id=12700, stack(0x0000009904c00000,0x0000009904d00000)]
  0x0000023c80fc9580 JavaThread "Unconstrained build operations Thread 11" [_thread_blocked, id=29080, stack(0x0000009904d00000,0x0000009904e00000)]
  0x0000023c80fc6a30 JavaThread "Unconstrained build operations Thread 12" [_thread_blocked, id=27772, stack(0x0000009904e00000,0x0000009904f00000)]
  0x0000023c80fc73d0 JavaThread "Unconstrained build operations Thread 13" [_thread_blocked, id=4068, stack(0x0000009904f00000,0x0000009905000000)]
  0x0000023c80fc78a0 JavaThread "Unconstrained build operations Thread 14" [_thread_blocked, id=28860, stack(0x0000009905000000,0x0000009905100000)]
  0x0000023c80fc7d70 JavaThread "Unconstrained build operations Thread 15" [_thread_blocked, id=18764, stack(0x0000009905100000,0x0000009905200000)]
  0x0000023c80fc4880 JavaThread "Unconstrained build operations Thread 16" [_thread_blocked, id=10820, stack(0x0000009905200000,0x0000009905300000)]
  0x0000023c80fc8240 JavaThread "Unconstrained build operations Thread 17" [_thread_blocked, id=5824, stack(0x0000009905300000,0x0000009905400000)]
  0x0000023c80fc3a10 JavaThread "Unconstrained build operations Thread 18" [_thread_blocked, id=28652, stack(0x0000009905400000,0x0000009905500000)]
  0x0000023c80fc4d50 JavaThread "Unconstrained build operations Thread 19" [_thread_blocked, id=5908, stack(0x0000009905500000,0x0000009905600000)]
  0x0000023c80fc3ee0 JavaThread "Unconstrained build operations Thread 20" [_thread_blocked, id=21376, stack(0x0000009905600000,0x0000009905700000)]
  0x0000023c80fc8710 JavaThread "Unconstrained build operations Thread 21" [_thread_blocked, id=8584, stack(0x0000009905700000,0x0000009905800000)]
  0x0000023c80fc8be0 JavaThread "Unconstrained build operations Thread 22" [_thread_blocked, id=17844, stack(0x0000009905800000,0x0000009905900000)]
  0x0000023c80fc9a50 JavaThread "Unconstrained build operations Thread 23" [_thread_blocked, id=29688, stack(0x0000009905900000,0x0000009905a00000)]
  0x0000023c80fc3540 JavaThread "Unconstrained build operations Thread 24" [_thread_blocked, id=23680, stack(0x0000009905a00000,0x0000009905b00000)]
  0x0000023c8136d270 JavaThread "Unconstrained build operations Thread 25" [_thread_blocked, id=26696, stack(0x0000009905b00000,0x0000009905c00000)]
  0x0000023c8136b0c0 JavaThread "Unconstrained build operations Thread 26" [_thread_blocked, id=28664, stack(0x0000009905c00000,0x0000009905d00000)]
  0x0000023c8136d740 JavaThread "Unconstrained build operations Thread 27" [_thread_blocked, id=4144, stack(0x0000009905d00000,0x0000009905e00000)]
  0x0000023c8136ef50 JavaThread "Unconstrained build operations Thread 28" [_thread_blocked, id=15036, stack(0x0000009905e00000,0x0000009905f00000)]
  0x0000023c8136ba60 JavaThread "Unconstrained build operations Thread 29" [_thread_blocked, id=1604, stack(0x0000009905f00000,0x0000009906000000)]
  0x0000023c81370c30 JavaThread "Unconstrained build operations Thread 30" [_thread_blocked, id=18872, stack(0x0000009906000000,0x0000009906100000)]
  0x0000023c8136e5b0 JavaThread "Unconstrained build operations Thread 31" [_thread_blocked, id=29380, stack(0x0000009906100000,0x0000009906200000)]
  0x0000023c813715d0 JavaThread "Unconstrained build operations Thread 32" [_thread_blocked, id=28184, stack(0x0000009906200000,0x0000009906300000)]
  0x0000023c81370760 JavaThread "Unconstrained build operations Thread 33" [_thread_blocked, id=6148, stack(0x0000009906300000,0x0000009906400000)]
  0x0000023c8136fdc0 JavaThread "Unconstrained build operations Thread 34" [_thread_blocked, id=5112, stack(0x0000009906400000,0x0000009906500000)]
  0x0000023c81371aa0 JavaThread "Unconstrained build operations Thread 35" [_thread_blocked, id=10184, stack(0x0000009906500000,0x0000009906600000)]
  0x0000023c81372910 JavaThread "Unconstrained build operations Thread 36" [_thread_blocked, id=23000, stack(0x0000009906600000,0x0000009906700000)]
  0x0000023c8136dc10 JavaThread "Unconstrained build operations Thread 37" [_thread_blocked, id=3592, stack(0x0000009906700000,0x0000009906800000)]
  0x0000023c8136e0e0 JavaThread "Unconstrained build operations Thread 38" [_thread_blocked, id=6396, stack(0x0000009906800000,0x0000009906900000)]
  0x0000023c8136ea80 JavaThread "Unconstrained build operations Thread 39" [_thread_blocked, id=2388, stack(0x0000009906900000,0x0000009906a00000)]
  0x0000023c8136f420 JavaThread "Unconstrained build operations Thread 40" [_thread_blocked, id=22500, stack(0x0000009906a00000,0x0000009906b00000)]
  0x0000023c81371f70 JavaThread "Unconstrained build operations Thread 41" [_thread_blocked, id=8668, stack(0x0000009906b00000,0x0000009906c00000)]
  0x0000023c81372440 JavaThread "Unconstrained build operations Thread 42" [_thread_blocked, id=26424, stack(0x0000009906c00000,0x0000009906d00000)]
  0x0000023c81371100 JavaThread "Unconstrained build operations Thread 43" [_thread_blocked, id=19120, stack(0x0000009906d00000,0x0000009906e00000)]
  0x0000023c8136c8d0 JavaThread "Unconstrained build operations Thread 44" [_thread_blocked, id=28488, stack(0x0000009906e00000,0x0000009906f00000)]
  0x0000023c8136b590 JavaThread "Unconstrained build operations Thread 45" [_thread_blocked, id=7192, stack(0x0000009906f00000,0x0000009907000000)]
  0x0000023c8136f8f0 JavaThread "Unconstrained build operations Thread 46" [_thread_blocked, id=5184, stack(0x0000009907000000,0x0000009907100000)]
  0x0000023c8136bf30 JavaThread "Unconstrained build operations Thread 47" [_thread_blocked, id=17112, stack(0x0000009907100000,0x0000009907200000)]
  0x0000023c81370290 JavaThread "Unconstrained build operations Thread 48" [_thread_blocked, id=28728, stack(0x0000009907200000,0x0000009907300000)]
  0x0000023c8136c400 JavaThread "Unconstrained build operations Thread 49" [_thread_blocked, id=15996, stack(0x0000009907300000,0x0000009907400000)]
  0x0000023c8136cda0 JavaThread "Unconstrained build operations Thread 50" [_thread_blocked, id=13492, stack(0x0000009907400000,0x0000009907500000)]
  0x0000023c811e1760 JavaThread "Unconstrained build operations Thread 51" [_thread_blocked, id=26560, stack(0x0000009907500000,0x0000009907600000)]
  0x0000023c811e1c30 JavaThread "Unconstrained build operations Thread 52" [_thread_blocked, id=6200, stack(0x0000009907600000,0x0000009907700000)]
  0x0000023c811e6930 JavaThread "Unconstrained build operations Thread 53" [_thread_blocked, id=8204, stack(0x0000009907700000,0x0000009907800000)]
  0x0000023c811e2100 JavaThread "Unconstrained build operations Thread 54" [_thread_blocked, id=4128, stack(0x0000009907800000,0x0000009907900000)]
  0x0000023c811e08f0 JavaThread "Unconstrained build operations Thread 55" [_thread_blocked, id=5704, stack(0x0000009907900000,0x0000009907a00000)]
  0x0000023c811e5f90 JavaThread "Unconstrained build operations Thread 56" [_thread_blocked, id=22036, stack(0x0000009907a00000,0x0000009907b00000)]
  0x0000023c811e6460 JavaThread "Unconstrained build operations Thread 57" [_thread_blocked, id=18896, stack(0x0000009907b00000,0x0000009907c00000)]
  0x0000023c811dff50 JavaThread "Unconstrained build operations Thread 58" [_thread_blocked, id=9020, stack(0x0000009907c00000,0x0000009907d00000)]
  0x0000023c811e0420 JavaThread "Unconstrained build operations Thread 59" [_thread_blocked, id=13728, stack(0x0000009907d00000,0x0000009907e00000)]
  0x0000023c811e55f0 JavaThread "Unconstrained build operations Thread 60" [_thread_blocked, id=20156, stack(0x0000009907e00000,0x0000009907f00000)]
  0x0000023c811df0e0 JavaThread "jar transforms Thread 6" [_thread_blocked, id=14644, stack(0x0000009907f00000,0x0000009908000000)]
  0x0000023c811e0dc0 JavaThread "build event listener" [_thread_blocked, id=28196, stack(0x0000009908000000,0x0000009908100000)]
  0x0000023c811e3440 JavaThread "Memory manager" [_thread_blocked, id=20528, stack(0x0000009908100000,0x0000009908200000)]

Other Threads:
=>0x0000023cfbc21460 VMThread "VM Thread" [stack: 0x0000009901300000,0x0000009901400000] [id=17580]
  0x0000023ce18d0d10 WatcherThread [stack: 0x0000009901f00000,0x0000009902000000] [id=21320]
  0x0000023ce18b5ba0 GCTaskThread "GC Thread#0" [stack: 0x0000009900e00000,0x0000009900f00000] [id=29624]
  0x0000023cfc2edd80 GCTaskThread "GC Thread#1" [stack: 0x0000009902000000,0x0000009902100000] [id=26044]
  0x0000023cfc2eeda0 GCTaskThread "GC Thread#2" [stack: 0x0000009902100000,0x0000009902200000] [id=24340]
  0x0000023cfc2ed820 GCTaskThread "GC Thread#3" [stack: 0x0000009902200000,0x0000009902300000] [id=14080]
  0x0000023cfc2ed570 GCTaskThread "GC Thread#4" [stack: 0x0000009902300000,0x0000009902400000] [id=27176]
  0x0000023cfc2ee2e0 GCTaskThread "GC Thread#5" [stack: 0x0000009902e00000,0x0000009902f00000] [id=29276]
  0x0000023ce18c7a00 ConcurrentGCThread "G1 Main Marker" [stack: 0x0000009900f00000,0x0000009901000000] [id=25800]
  0x0000023ce18c8ac0 ConcurrentGCThread "G1 Conc#0" [stack: 0x0000009901000000,0x0000009901100000] [id=22832]
  0x0000023cfc2ee840 ConcurrentGCThread "G1 Conc#1" [stack: 0x0000009902f00000,0x0000009903000000] [id=28408]
  0x0000023ce192e790 ConcurrentGCThread "G1 Refine#0" [stack: 0x0000009901100000,0x0000009901200000] [id=21452]
  0x0000023c808c1230 ConcurrentGCThread "G1 Refine#1" [stack: 0x0000009903d00000,0x0000009903e00000] [id=24752]
  0x0000023cfb0f4290 ConcurrentGCThread "G1 Service" [stack: 0x0000009901200000,0x0000009901300000] [id=29100]

Threads with active compile tasks:
C2 CompilerThread0    13836 6599       4       java.lang.invoke.MethodType::makeImpl (109 bytes)

VM state: at safepoint (normal execution)

VM Mutex/Monitor currently owned by a thread:  ([mutex/lock_event])
[0x0000023ce1854b50] Threads_lock - owner thread: 0x0000023cfbc21460
[0x0000023ce1855de0] Heap_lock - owner thread: 0x0000023cfbe29890

Heap address: 0x0000000080000000, size: 2048 MB, Compressed Oops mode: 32-bit

CDS archive(s) not mapped
Compressed class space mapped at: 0x0000000100000000-0x0000000140000000, reserved size: 1073741824
Narrow klass base: 0x0000000000000000, Narrow klass shift: 3, Narrow klass range: 0x140000000

GC Precious Log:
 CPUs: 6 total, 6 available
 Memory: 8175M
 Large Page Support: Disabled
 NUMA Support: Disabled
 Compressed Oops: Enabled (32-bit)
 Heap Region Size: 1M
 Heap Min Capacity: 8M
 Heap Initial Capacity: 128M
 Heap Max Capacity: 2G
 Pre-touch: Disabled
 Parallel Workers: 6
 Concurrent Workers: 2
 Concurrent Refinement Workers: 6
 Periodic GC: Disabled

Heap:
 garbage-first heap   total 97280K, used 52901K [0x0000000080000000, 0x0000000100000000)
  region size 1024K, 2 young (2048K), 2 survivors (2048K)
 Metaspace       used 66713K, committed 67264K, reserved 1114112K
  class space    used 8779K, committed 9024K, reserved 1048576K

Heap Regions: E=young(eden), S=young(survivor), O=old, HS=humongous(starts), HC=humongous(continues), CS=collection set, F=free, OA=open archive, CA=closed archive, TAMS=top-at-mark-start (previous, next)
|   0|0x0000000080000000, 0x0000000080100000, 0x0000000080100000|100%|HS|  |TAMS 0x0000000080100000, 0x0000000080100000| Complete 
|   1|0x0000000080100000, 0x0000000080200000, 0x0000000080200000|100%|HC|  |TAMS 0x0000000080200000, 0x0000000080200000| Complete 
|   2|0x0000000080200000, 0x0000000080300000, 0x0000000080300000|100%|HC|  |TAMS 0x0000000080300000, 0x0000000080300000| Complete 
|   3|0x0000000080300000, 0x0000000080400000, 0x0000000080400000|100%|HC|  |TAMS 0x0000000080400000, 0x0000000080400000| Complete 
|   4|0x0000000080400000, 0x0000000080500000, 0x0000000080500000|100%| O|  |TAMS 0x0000000080500000, 0x0000000080500000| Untracked 
|   5|0x0000000080500000, 0x0000000080600000, 0x0000000080600000|100%| O|  |TAMS 0x0000000080600000, 0x0000000080600000| Untracked 
|   6|0x0000000080600000, 0x0000000080700000, 0x0000000080700000|100%| O|  |TAMS 0x0000000080700000, 0x0000000080700000| Untracked 
|   7|0x0000000080700000, 0x0000000080800000, 0x0000000080800000|100%| O|  |TAMS 0x0000000080800000, 0x0000000080800000| Untracked 
|   8|0x0000000080800000, 0x0000000080900000, 0x0000000080900000|100%| O|  |TAMS 0x0000000080900000, 0x0000000080900000| Untracked 
|   9|0x0000000080900000, 0x0000000080a00000, 0x0000000080a00000|100%| O|  |TAMS 0x0000000080a00000, 0x0000000080a00000| Untracked 
|  10|0x0000000080a00000, 0x0000000080b00000, 0x0000000080b00000|100%| O|  |TAMS 0x0000000080b00000, 0x0000000080b00000| Untracked 
|  11|0x0000000080b00000, 0x0000000080c00000, 0x0000000080c00000|100%| O|  |TAMS 0x0000000080c00000, 0x0000000080c00000| Untracked 
|  12|0x0000000080c00000, 0x0000000080d00000, 0x0000000080d00000|100%| O|  |TAMS 0x0000000080d00000, 0x0000000080d00000| Untracked 
|  13|0x0000000080d00000, 0x0000000080e00000, 0x0000000080e00000|100%| O|  |TAMS 0x0000000080e00000, 0x0000000080e00000| Untracked 
|  14|0x0000000080e00000, 0x0000000080f00000, 0x0000000080f00000|100%| O|  |TAMS 0x0000000080f00000, 0x0000000080f00000| Untracked 
|  15|0x0000000080f00000, 0x0000000081000000, 0x0000000081000000|100%| O|  |TAMS 0x0000000081000000, 0x0000000081000000| Untracked 
|  16|0x0000000081000000, 0x0000000081100000, 0x0000000081100000|100%| O|  |TAMS 0x0000000081100000, 0x0000000081100000| Untracked 
|  17|0x0000000081100000, 0x0000000081200000, 0x0000000081200000|100%| O|  |TAMS 0x0000000081200000, 0x0000000081200000| Untracked 
|  18|0x0000000081200000, 0x0000000081300000, 0x0000000081300000|100%| O|  |TAMS 0x0000000081300000, 0x0000000081300000| Untracked 
|  19|0x0000000081300000, 0x0000000081400000, 0x0000000081400000|100%| O|  |TAMS 0x0000000081400000, 0x0000000081400000| Untracked 
|  20|0x0000000081400000, 0x0000000081500000, 0x0000000081500000|100%|HS|  |TAMS 0x0000000081500000, 0x0000000081500000| Complete 
|  21|0x0000000081500000, 0x0000000081600000, 0x0000000081600000|100%| O|  |TAMS 0x0000000081600000, 0x0000000081600000| Untracked 
|  22|0x0000000081600000, 0x0000000081700000, 0x0000000081700000|100%| O|  |TAMS 0x0000000081700000, 0x0000000081700000| Untracked 
|  23|0x0000000081700000, 0x0000000081800000, 0x0000000081800000|100%| O|  |TAMS 0x0000000081800000, 0x0000000081800000| Untracked 
|  24|0x0000000081800000, 0x0000000081900000, 0x0000000081900000|100%| O|  |TAMS 0x0000000081900000, 0x0000000081900000| Untracked 
|  25|0x0000000081900000, 0x0000000081a00000, 0x0000000081a00000|100%| O|  |TAMS 0x0000000081a00000, 0x0000000081a00000| Untracked 
|  26|0x0000000081a00000, 0x0000000081b00000, 0x0000000081b00000|100%| O|  |TAMS 0x0000000081b00000, 0x0000000081b00000| Untracked 
|  27|0x0000000081b00000, 0x0000000081c00000, 0x0000000081c00000|100%| O|  |TAMS 0x0000000081c00000, 0x0000000081c00000| Untracked 
|  28|0x0000000081c00000, 0x0000000081d00000, 0x0000000081d00000|100%| O|  |TAMS 0x0000000081d00000, 0x0000000081d00000| Untracked 
|  29|0x0000000081d00000, 0x0000000081e00000, 0x0000000081e00000|100%| O|  |TAMS 0x0000000081e00000, 0x0000000081e00000| Untracked 
|  30|0x0000000081e00000, 0x0000000081f00000, 0x0000000081f00000|100%| O|  |TAMS 0x0000000081f00000, 0x0000000081f00000| Untracked 
|  31|0x0000000081f00000, 0x0000000082000000, 0x0000000082000000|100%| O|  |TAMS 0x0000000082000000, 0x0000000082000000| Untracked 
|  32|0x0000000082000000, 0x0000000082100000, 0x0000000082100000|100%|HS|  |TAMS 0x0000000082100000, 0x0000000082100000| Complete 
|  33|0x0000000082100000, 0x0000000082200000, 0x0000000082200000|100%| O|  |TAMS 0x0000000082200000, 0x0000000082200000| Untracked 
|  34|0x0000000082200000, 0x0000000082300000, 0x0000000082300000|100%| O|  |TAMS 0x0000000082300000, 0x0000000082300000| Untracked 
|  35|0x0000000082300000, 0x0000000082400000, 0x0000000082400000|100%| O|  |TAMS 0x0000000082400000, 0x0000000082400000| Untracked 
|  36|0x0000000082400000, 0x0000000082500000, 0x0000000082500000|100%| O|  |TAMS 0x0000000082500000, 0x0000000082500000| Untracked 
|  37|0x0000000082500000, 0x0000000082600000, 0x0000000082600000|100%| O|  |TAMS 0x0000000082600000, 0x0000000082600000| Untracked 
|  38|0x0000000082600000, 0x0000000082700000, 0x0000000082700000|100%| O|  |TAMS 0x0000000082700000, 0x0000000082700000| Untracked 
|  39|0x0000000082700000, 0x0000000082800000, 0x0000000082800000|100%| O|  |TAMS 0x0000000082800000, 0x0000000082800000| Untracked 
|  40|0x0000000082800000, 0x0000000082900000, 0x0000000082900000|100%| O|  |TAMS 0x0000000082900000, 0x0000000082900000| Untracked 
|  41|0x0000000082900000, 0x0000000082a00000, 0x0000000082a00000|100%| O|  |TAMS 0x0000000082a00000, 0x0000000082a00000| Untracked 
|  42|0x0000000082a00000, 0x0000000082b00000, 0x0000000082b00000|100%| O|  |TAMS 0x0000000082b00000, 0x0000000082b00000| Untracked 
|  43|0x0000000082b00000, 0x0000000082c00000, 0x0000000082c00000|100%| O|  |TAMS 0x0000000082c00000, 0x0000000082c00000| Untracked 
|  44|0x0000000082c00000, 0x0000000082d00000, 0x0000000082d00000|100%| O|  |TAMS 0x0000000082c00000, 0x0000000082c00000| Untracked 
|  45|0x0000000082d00000, 0x0000000082e00000, 0x0000000082e00000|100%| O|  |TAMS 0x0000000082d00000, 0x0000000082d00000| Untracked 
|  46|0x0000000082e00000, 0x0000000082e7c400, 0x0000000082f00000| 48%| O|  |TAMS 0x0000000082e00000, 0x0000000082e00000| Untracked 
|  47|0x0000000082f00000, 0x0000000082f00000, 0x0000000083000000|  0%| F|  |TAMS 0x0000000082f00000, 0x0000000082f00000| Untracked 
|  48|0x0000000083000000, 0x0000000083100000, 0x0000000083100000|100%| O|  |TAMS 0x0000000083100000, 0x0000000083100000| Untracked 
|  49|0x0000000083100000, 0x0000000083100000, 0x0000000083200000|  0%| F|  |TAMS 0x0000000083100000, 0x0000000083100000| Untracked 
|  50|0x0000000083200000, 0x0000000083300000, 0x0000000083300000|100%| O|  |TAMS 0x0000000083300000, 0x0000000083300000| Untracked 
|  51|0x0000000083300000, 0x0000000083400000, 0x0000000083400000|100%| O|  |TAMS 0x0000000083400000, 0x0000000083400000| Untracked 
|  52|0x0000000083400000, 0x0000000083500000, 0x0000000083500000|100%| O|  |TAMS 0x0000000083415400, 0x0000000083478e00| Untracked 
|  53|0x0000000083500000, 0x0000000083500000, 0x0000000083600000|  0%| F|  |TAMS 0x0000000083500000, 0x0000000083500000| Untracked 
|  54|0x0000000083600000, 0x0000000083600000, 0x0000000083700000|  0%| F|  |TAMS 0x0000000083600000, 0x0000000083600000| Untracked 
|  55|0x0000000083700000, 0x0000000083700000, 0x0000000083800000|  0%| F|  |TAMS 0x0000000083700000, 0x0000000083700000| Untracked 
|  56|0x0000000083800000, 0x0000000083800000, 0x0000000083900000|  0%| F|  |TAMS 0x0000000083800000, 0x0000000083800000| Untracked 
|  57|0x0000000083900000, 0x0000000083900000, 0x0000000083a00000|  0%| F|  |TAMS 0x0000000083900000, 0x0000000083900000| Untracked 
|  58|0x0000000083a00000, 0x0000000083a00000, 0x0000000083b00000|  0%| F|  |TAMS 0x0000000083a00000, 0x0000000083a00000| Untracked 
|  59|0x0000000083b00000, 0x0000000083b00000, 0x0000000083c00000|  0%| F|  |TAMS 0x0000000083b00000, 0x0000000083b00000| Untracked 
|  60|0x0000000083c00000, 0x0000000083c00000, 0x0000000083d00000|  0%| F|  |TAMS 0x0000000083c00000, 0x0000000083c00000| Untracked 
|  61|0x0000000083d00000, 0x0000000083d00000, 0x0000000083e00000|  0%| F|  |TAMS 0x0000000083d00000, 0x0000000083d00000| Untracked 
|  62|0x0000000083e00000, 0x0000000083e00000, 0x0000000083f00000|  0%| F|  |TAMS 0x0000000083e00000, 0x0000000083e00000| Untracked 
|  63|0x0000000083f00000, 0x0000000083f00000, 0x0000000084000000|  0%| F|  |TAMS 0x0000000083f00000, 0x0000000083f00000| Untracked 
|  64|0x0000000084000000, 0x0000000084000000, 0x0000000084100000|  0%| F|  |TAMS 0x0000000084000000, 0x0000000084000000| Untracked 
|  65|0x0000000084100000, 0x0000000084100000, 0x0000000084200000|  0%| F|  |TAMS 0x0000000084100000, 0x0000000084100000| Untracked 
|  66|0x0000000084200000, 0x0000000084200000, 0x0000000084300000|  0%| F|  |TAMS 0x0000000084200000, 0x0000000084200000| Untracked 
|  67|0x0000000084300000, 0x0000000084300000, 0x0000000084400000|  0%| F|  |TAMS 0x0000000084300000, 0x0000000084300000| Untracked 
|  68|0x0000000084400000, 0x0000000084400000, 0x0000000084500000|  0%| F|  |TAMS 0x0000000084400000, 0x0000000084400000| Untracked 
|  69|0x0000000084500000, 0x0000000084500000, 0x0000000084600000|  0%| F|  |TAMS 0x0000000084500000, 0x0000000084500000| Untracked 
|  70|0x0000000084600000, 0x0000000084600000, 0x0000000084700000|  0%| F|  |TAMS 0x0000000084600000, 0x0000000084600000| Untracked 
|  71|0x0000000084700000, 0x0000000084700000, 0x0000000084800000|  0%| F|  |TAMS 0x0000000084700000, 0x0000000084700000| Untracked 
|  72|0x0000000084800000, 0x0000000084800000, 0x0000000084900000|  0%| F|  |TAMS 0x0000000084800000, 0x0000000084800000| Untracked 
|  73|0x0000000084900000, 0x0000000084900000, 0x0000000084a00000|  0%| F|  |TAMS 0x0000000084900000, 0x0000000084900000| Untracked 
|  74|0x0000000084a00000, 0x0000000084a00000, 0x0000000084b00000|  0%| F|  |TAMS 0x0000000084a00000, 0x0000000084a00000| Untracked 
|  75|0x0000000084b00000, 0x0000000084b00000, 0x0000000084c00000|  0%| F|  |TAMS 0x0000000084b00000, 0x0000000084b00000| Untracked 
|  76|0x0000000084c00000, 0x0000000084c00000, 0x0000000084d00000|  0%| F|  |TAMS 0x0000000084c00000, 0x0000000084c00000| Untracked 
|  77|0x0000000084d00000, 0x0000000084d00000, 0x0000000084e00000|  0%| F|  |TAMS 0x0000000084d00000, 0x0000000084d00000| Untracked 
|  78|0x0000000084e00000, 0x0000000084e00000, 0x0000000084f00000|  0%| F|  |TAMS 0x0000000084e00000, 0x0000000084e00000| Untracked 
|  79|0x0000000084f00000, 0x0000000084f00000, 0x0000000085000000|  0%| F|  |TAMS 0x0000000084f00000, 0x0000000084f00000| Untracked 
|  80|0x0000000085000000, 0x0000000085000000, 0x0000000085100000|  0%| F|  |TAMS 0x0000000085000000, 0x0000000085000000| Untracked 
|  81|0x0000000085100000, 0x0000000085100000, 0x0000000085200000|  0%| F|  |TAMS 0x0000000085100000, 0x0000000085100000| Untracked 
|  82|0x0000000085200000, 0x0000000085200000, 0x0000000085300000|  0%| F|  |TAMS 0x0000000085200000, 0x0000000085200000| Untracked 
|  83|0x0000000085300000, 0x000000008532d2f0, 0x0000000085400000| 17%| S|CS|TAMS 0x0000000085300000, 0x0000000085300000| Complete 
|  84|0x0000000085400000, 0x0000000085500000, 0x0000000085500000|100%| S|CS|TAMS 0x0000000085400000, 0x0000000085400000| Complete 
|  85|0x0000000085500000, 0x0000000085500000, 0x0000000085600000|  0%| F|  |TAMS 0x0000000085500000, 0x0000000085500000| Untracked 
|  86|0x0000000085600000, 0x0000000085600000, 0x0000000085700000|  0%| F|  |TAMS 0x0000000085600000, 0x0000000085600000| Untracked 
|  87|0x0000000085700000, 0x0000000085700000, 0x0000000085800000|  0%| F|  |TAMS 0x0000000085700000, 0x0000000085700000| Untracked 
|  88|0x0000000085800000, 0x0000000085800000, 0x0000000085900000|  0%| F|  |TAMS 0x0000000085800000, 0x0000000085800000| Untracked 
|  89|0x0000000085900000, 0x0000000085900000, 0x0000000085a00000|  0%| F|  |TAMS 0x0000000085900000, 0x0000000085900000| Untracked 
|  90|0x0000000085a00000, 0x0000000085a00000, 0x0000000085b00000|  0%| F|  |TAMS 0x0000000085a00000, 0x0000000085a00000| Untracked 
|  91|0x0000000085b00000, 0x0000000085b00000, 0x0000000085c00000|  0%| F|  |TAMS 0x0000000085b00000, 0x0000000085b00000| Untracked 
|  92|0x0000000085c00000, 0x0000000085c00000, 0x0000000085d00000|  0%| F|  |TAMS 0x0000000085c00000, 0x0000000085c00000| Untracked 
|  93|0x0000000085d00000, 0x0000000085d00000, 0x0000000085e00000|  0%| F|  |TAMS 0x0000000085d00000, 0x0000000085d00000| Untracked 
| 127|0x0000000087f00000, 0x0000000087f00000, 0x0000000088000000|  0%| F|  |TAMS 0x0000000087f00000, 0x0000000087f00000| Untracked 

Card table byte_map: [0x0000023cf4240000,0x0000023cf4640000] _byte_map_base: 0x0000023cf3e40000

Marking Bits (Prev, Next): (CMBitMap*) 0x0000023ce18b70d0, (CMBitMap*) 0x0000023ce18b7110
 Prev Bits: [0x0000023cf4a40000, 0x0000023cf6a40000)
 Next Bits: [0x0000023cf6a40000, 0x0000023cf8a40000)

Polling page: 0x0000023cdf790000

Metaspace:

Usage:
  Non-class:     56.58 MB used.
      Class:      8.57 MB used.
       Both:     65.15 MB used.

Virtual space:
  Non-class space:       64.00 MB reserved,      56.88 MB ( 89%) committed,  8 nodes.
      Class space:        1.00 GB reserved,       8.81 MB ( <1%) committed,  1 nodes.
             Both:        1.06 GB reserved,      65.69 MB (  6%) committed. 

Chunk freelists:
   Non-Class:  2.80 MB
       Class:  3.13 MB
        Both:  5.93 MB

MaxMetaspaceSize: unlimited
CompressedClassSpaceSize: 1.00 GB
Initial GC threshold: 21.00 MB
Current GC threshold: 108.12 MB
CDS: off
MetaspaceReclaimPolicy: balanced
 - commit_granule_bytes: 65536.
 - commit_granule_words: 8192.
 - virtual_space_node_default_size: 1048576.
 - enlarge_chunks_in_place: 1.
 - new_chunks_are_fully_committed: 0.
 - uncommit_free_chunks: 1.
 - use_allocation_guard: 0.
 - handle_deallocations: 1.


Internal statistics:

num_allocs_failed_limit: 6.
num_arena_births: 614.
num_arena_deaths: 0.
num_vsnodes_births: 9.
num_vsnodes_deaths: 0.
num_space_committed: 1051.
num_space_uncommitted: 0.
num_chunks_returned_to_freelist: 6.
num_chunks_taken_from_freelist: 2782.
num_chunk_merges: 6.
num_chunk_splits: 1861.
num_chunks_enlarged: 1276.
num_purges: 0.
num_inconsistent_stats: 0.

CodeHeap 'non-profiled nmethods': size=120000Kb used=2409Kb max_used=3157Kb free=117590Kb
 bounds [0x0000023cec800000, 0x0000023cecb20000, 0x0000023cf3d30000]
CodeHeap 'profiled nmethods': size=120000Kb used=11194Kb max_used=13274Kb free=108805Kb
 bounds [0x0000023ce4d30000, 0x0000023ce5a30000, 0x0000023cec260000]
CodeHeap 'non-nmethods': size=5760Kb used=2347Kb max_used=2374Kb free=3412Kb
 bounds [0x0000023cec260000, 0x0000023cec4d0000, 0x0000023cec800000]
 total_blobs=6678 nmethods=5804 adapters=787
 compilation: enabled
              stopped_count=0, restarted_count=0
 full_count=0

Compilation events (20 events):
Event: 13.748 Thread 0x0000023cfbc92ee0 6689       1       org.gradle.api.internal.project.DefaultProjectStateRegistry$ProjectStateImpl::getProjectPath (5 bytes)
Event: 13.748 Thread 0x0000023cfbc92ee0 nmethod 6689 0x0000023cec97e590 code [0x0000023cec97e720, 0x0000023cec97e7f8]
Event: 13.749 Thread 0x0000023cfbc92ee0 6690       2       org.gradle.internal.ImmutableActionSet::add (93 bytes)
Event: 13.750 Thread 0x0000023cfbc92ee0 nmethod 6690 0x0000023ce5017d10 code [0x0000023ce5017f00, 0x0000023ce50182f8]
Event: 13.750 Thread 0x0000023cfbc92ee0 6691       2       org.gradle.api.internal.collections.AbstractIterationOrderRetainingElementSource::<init> (27 bytes)
Event: 13.750 Thread 0x0000023cfbc92ee0 nmethod 6691 0x0000023ce5209910 code [0x0000023ce5209ac0, 0x0000023ce5209ea8]
Event: 13.761 Thread 0x0000023cfbc92ee0 6692       2       java.io.FilterInputStream::read (11 bytes)
Event: 13.762 Thread 0x0000023cfbc92ee0 nmethod 6692 0x0000023ce501c110 code [0x0000023ce501c2a0, 0x0000023ce501c3c8]
Event: 13.762 Thread 0x0000023cfbc92ee0 6693       1       java.util.zip.ZipFile$ZipFileInputStream::size (5 bytes)
Event: 13.762 Thread 0x0000023cfbc92ee0 nmethod 6693 0x0000023cec817790 code [0x0000023cec817920, 0x0000023cec8179f8]
Event: 13.762 Thread 0x0000023cfbc92ee0 6694       2       java.io.InputStreamReader::read (11 bytes)
Event: 13.762 Thread 0x0000023cfbc92ee0 nmethod 6694 0x0000023ce502fe10 code [0x0000023ce502ffa0, 0x0000023ce50300c8]
Event: 13.763 Thread 0x0000023cfbc92ee0 6695   !   2       sun.nio.cs.StreamDecoder::read (196 bytes)
Event: 13.764 Thread 0x0000023cfbc92ee0 nmethod 6695 0x0000023ce4df0f90 code [0x0000023ce4df11c0, 0x0000023ce4df18e8]
Event: 13.764 Thread 0x0000023cfbc92ee0 6696       2       java.lang.String::decodeASCII (64 bytes)
Event: 13.764 Thread 0x0000023cfbc92ee0 nmethod 6696 0x0000023ce51a8910 code [0x0000023ce51a8ac0, 0x0000023ce51a8d38]
Event: 13.767 Thread 0x0000023cfbc92ee0 6698   !   2       sun.nio.cs.StreamDecoder::readBytes (271 bytes)
Event: 13.768 Thread 0x0000023cfbc92ee0 nmethod 6698 0x0000023ce4dd1d10 code [0x0000023ce4dd1fc0, 0x0000023ce4dd26c8]
Event: 13.768 Thread 0x0000023cfbc92ee0 6699       2       java.nio.HeapByteBuffer::compact (85 bytes)
Event: 13.768 Thread 0x0000023cfbc92ee0 nmethod 6699 0x0000023ce5084790 code [0x0000023ce5084940, 0x0000023ce5084b88]

GC Heap History (20 events):
Event: 6.668 GC heap after
{Heap after GC invocations=11 (full 0):
 garbage-first heap   total 86016K, used 29170K [0x0000000080000000, 0x0000000100000000)
  region size 1024K, 1 young (1024K), 1 survivors (1024K)
 Metaspace       used 42136K, committed 42432K, reserved 1089536K
  class space    used 5506K, committed 5632K, reserved 1048576K
}
Event: 7.308 GC heap before
{Heap before GC invocations=11 (full 0):
 garbage-first heap   total 86016K, used 65010K [0x0000000080000000, 0x0000000100000000)
  region size 1024K, 36 young (36864K), 1 survivors (1024K)
 Metaspace       used 45605K, committed 46080K, reserved 1089536K
  class space    used 6056K, committed 6272K, reserved 1048576K
}
Event: 7.314 GC heap after
{Heap after GC invocations=12 (full 0):
 garbage-first heap   total 86016K, used 31583K [0x0000000080000000, 0x0000000100000000)
  region size 1024K, 4 young (4096K), 4 survivors (4096K)
 Metaspace       used 45605K, committed 46080K, reserved 1089536K
  class space    used 6056K, committed 6272K, reserved 1048576K
}
Event: 7.949 GC heap before
{Heap before GC invocations=12 (full 0):
 garbage-first heap   total 86016K, used 64351K [0x0000000080000000, 0x0000000100000000)
  region size 1024K, 36 young (36864K), 4 survivors (4096K)
 Metaspace       used 50386K, committed 50880K, reserved 1097728K
  class space    used 6684K, committed 6912K, reserved 1048576K
}
Event: 7.955 GC heap after
{Heap after GC invocations=13 (full 0):
 garbage-first heap   total 86016K, used 33111K [0x0000000080000000, 0x0000000100000000)
  region size 1024K, 2 young (2048K), 2 survivors (2048K)
 Metaspace       used 50386K, committed 50880K, reserved 1097728K
  class space    used 6684K, committed 6912K, reserved 1048576K
}
Event: 9.164 GC heap before
{Heap before GC invocations=13 (full 0):
 garbage-first heap   total 86016K, used 67927K [0x0000000080000000, 0x0000000100000000)
  region size 1024K, 35 young (35840K), 2 survivors (2048K)
 Metaspace       used 51876K, committed 52352K, reserved 1097728K
  class space    used 6846K, committed 7040K, reserved 1048576K
}
Event: 9.172 GC heap after
{Heap after GC invocations=14 (full 0):
 garbage-first heap   total 86016K, used 39698K [0x0000000080000000, 0x0000000100000000)
  region size 1024K, 5 young (5120K), 5 survivors (5120K)
 Metaspace       used 51876K, committed 52352K, reserved 1097728K
  class space    used 6846K, committed 7040K, reserved 1048576K
}
Event: 10.224 GC heap before
{Heap before GC invocations=14 (full 0):
 garbage-first heap   total 86016K, used 67346K [0x0000000080000000, 0x0000000100000000)
  region size 1024K, 32 young (32768K), 5 survivors (5120K)
 Metaspace       used 55047K, committed 55552K, reserved 1097728K
  class space    used 7286K, committed 7488K, reserved 1048576K
}
Event: 10.234 GC heap after
{Heap after GC invocations=15 (full 0):
 garbage-first heap   total 86016K, used 43809K [0x0000000080000000, 0x0000000100000000)
  region size 1024K, 4 young (4096K), 4 survivors (4096K)
 Metaspace       used 55047K, committed 55552K, reserved 1097728K
  class space    used 7286K, committed 7488K, reserved 1048576K
}
Event: 11.269 GC heap before
{Heap before GC invocations=15 (full 0):
 garbage-first heap   total 86016K, used 66337K [0x0000000080000000, 0x0000000100000000)
  region size 1024K, 27 young (27648K), 4 survivors (4096K)
 Metaspace       used 58786K, committed 59328K, reserved 1105920K
  class space    used 7757K, committed 8000K, reserved 1048576K
}
Event: 11.276 GC heap after
{Heap after GC invocations=16 (full 0):
 garbage-first heap   total 86016K, used 45254K [0x0000000080000000, 0x0000000100000000)
  region size 1024K, 1 young (1024K), 1 survivors (1024K)
 Metaspace       used 58786K, committed 59328K, reserved 1105920K
  class space    used 7757K, committed 8000K, reserved 1048576K
}
Event: 11.869 GC heap before
{Heap before GC invocations=17 (full 0):
 garbage-first heap   total 86016K, used 61638K [0x0000000080000000, 0x0000000100000000)
  region size 1024K, 18 young (18432K), 1 survivors (1024K)
 Metaspace       used 62461K, committed 62912K, reserved 1105920K
  class space    used 8255K, committed 8448K, reserved 1048576K
}
Event: 11.879 GC heap after
{Heap after GC invocations=18 (full 0):
 garbage-first heap   total 86016K, used 47106K [0x0000000080000000, 0x0000000100000000)
  region size 1024K, 3 young (3072K), 3 survivors (3072K)
 Metaspace       used 62461K, committed 62912K, reserved 1105920K
  class space    used 8255K, committed 8448K, reserved 1048576K
}
Event: 12.049 GC heap before
{Heap before GC invocations=19 (full 0):
 garbage-first heap   total 89088K, used 59394K [0x0000000080000000, 0x0000000100000000)
  region size 1024K, 12 young (12288K), 3 survivors (3072K)
 Metaspace       used 62466K, committed 62976K, reserved 1105920K
  class space    used 8255K, committed 8448K, reserved 1048576K
}
Event: 12.058 GC heap after
{Heap after GC invocations=20 (full 0):
 garbage-first heap   total 89088K, used 52993K [0x0000000080000000, 0x0000000100000000)
  region size 1024K, 4 young (4096K), 4 survivors (4096K)
 Metaspace       used 62466K, committed 62976K, reserved 1105920K
  class space    used 8255K, committed 8448K, reserved 1048576K
}
Event: 13.015 GC heap before
{Heap before GC invocations=21 (full 0):
 garbage-first heap   total 97280K, used 70401K [0x0000000080000000, 0x0000000100000000)
  region size 1024K, 19 young (19456K), 4 survivors (4096K)
 Metaspace       used 64083K, committed 64576K, reserved 1105920K
  class space    used 8459K, committed 8640K, reserved 1048576K
}
Event: 13.020 GC heap after
{Heap after GC invocations=22 (full 0):
 garbage-first heap   total 97280K, used 49544K [0x0000000080000000, 0x0000000100000000)
  region size 1024K, 2 young (2048K), 2 survivors (2048K)
 Metaspace       used 64083K, committed 64576K, reserved 1105920K
  class space    used 8459K, committed 8640K, reserved 1048576K
}
Event: 13.567 GC heap before
{Heap before GC invocations=22 (full 0):
 garbage-first heap   total 97280K, used 71048K [0x0000000080000000, 0x0000000100000000)
  region size 1024K, 23 young (23552K), 2 survivors (2048K)
 Metaspace       used 65520K, committed 66112K, reserved 1114112K
  class space    used 8641K, committed 8896K, reserved 1048576K
}
Event: 13.572 GC heap after
{Heap after GC invocations=23 (full 0):
 garbage-first heap   total 97280K, used 51683K [0x0000000080000000, 0x0000000100000000)
  region size 1024K, 3 young (3072K), 3 survivors (3072K)
 Metaspace       used 65520K, committed 66112K, reserved 1114112K
  class space    used 8641K, committed 8896K, reserved 1048576K
}
Event: 13.769 GC heap before
{Heap before GC invocations=24 (full 0):
 garbage-first heap   total 97280K, used 60899K [0x0000000080000000, 0x0000000100000000)
  region size 1024K, 13 young (13312K), 3 survivors (3072K)
 Metaspace       used 66713K, committed 67264K, reserved 1114112K
  class space    used 8779K, committed 9024K, reserved 1048576K
}

Dll operation events (2 events):
Event: 0.010 Loaded shared library G:\Program\Android Studio\jbr\bin\java.dll
Event: 0.578 Loaded shared library G:\Program\Android Studio\jbr\bin\verify.dll

Deoptimization events (20 events):
Event: 13.768 Thread 0x0000023cfbe29890 DEOPT PACKING pc=0x0000023ce51f04cb sp=0x0000009902af64e0
Event: 13.768 Thread 0x0000023cfbe29890 DEOPT UNPACKING pc=0x0000023cec2b7143 sp=0x0000009902af5990 mode 0
Event: 13.768 Thread 0x0000023cfbe29890 DEOPT PACKING pc=0x0000023ce51f04cb sp=0x0000009902af64e0
Event: 13.768 Thread 0x0000023cfbe29890 DEOPT UNPACKING pc=0x0000023cec2b7143 sp=0x0000009902af5990 mode 0
Event: 13.768 Thread 0x0000023cfbe29890 DEOPT PACKING pc=0x0000023ce51f04cb sp=0x0000009902af64e0
Event: 13.768 Thread 0x0000023cfbe29890 DEOPT UNPACKING pc=0x0000023cec2b7143 sp=0x0000009902af5990 mode 0
Event: 13.768 Thread 0x0000023cfbe29890 DEOPT PACKING pc=0x0000023ce51f04cb sp=0x0000009902af64e0
Event: 13.768 Thread 0x0000023cfbe29890 DEOPT UNPACKING pc=0x0000023cec2b7143 sp=0x0000009902af5990 mode 0
Event: 13.768 Thread 0x0000023cfbe29890 DEOPT PACKING pc=0x0000023ce51f04cb sp=0x0000009902af64e0
Event: 13.768 Thread 0x0000023cfbe29890 DEOPT UNPACKING pc=0x0000023cec2b7143 sp=0x0000009902af5990 mode 0
Event: 13.769 Thread 0x0000023cfbe29890 DEOPT PACKING pc=0x0000023ce51f04cb sp=0x0000009902af64e0
Event: 13.769 Thread 0x0000023cfbe29890 DEOPT UNPACKING pc=0x0000023cec2b7143 sp=0x0000009902af5990 mode 0
Event: 13.769 Thread 0x0000023cfbe29890 DEOPT PACKING pc=0x0000023ce51f04cb sp=0x0000009902af64e0
Event: 13.769 Thread 0x0000023cfbe29890 DEOPT UNPACKING pc=0x0000023cec2b7143 sp=0x0000009902af5990 mode 0
Event: 13.769 Thread 0x0000023cfbe29890 DEOPT PACKING pc=0x0000023ce51f04cb sp=0x0000009902af64e0
Event: 13.769 Thread 0x0000023cfbe29890 DEOPT UNPACKING pc=0x0000023cec2b7143 sp=0x0000009902af5990 mode 0
Event: 13.769 Thread 0x0000023cfbe29890 DEOPT PACKING pc=0x0000023ce51f04cb sp=0x0000009902af64e0
Event: 13.769 Thread 0x0000023cfbe29890 DEOPT UNPACKING pc=0x0000023cec2b7143 sp=0x0000009902af5990 mode 0
Event: 13.769 Thread 0x0000023cfbe29890 DEOPT PACKING pc=0x0000023ce51f04cb sp=0x0000009902af64e0
Event: 13.769 Thread 0x0000023cfbe29890 DEOPT UNPACKING pc=0x0000023cec2b7143 sp=0x0000009902af5990 mode 0

Classes unloaded (0 events):
No events

Classes redefined (0 events):
No events

Internal exceptions (20 events):
Event: 11.456 Thread 0x0000023cfbe29890 Exception <a 'java/lang/IncompatibleClassChangeError'{0x00000000850b6ae0}: Found class java.lang.Object, but interface was expected> (0x00000000850b6ae0) 
thrown [s\src\hotspot\share\interpreter\linkResolver.cpp, line 838]
Event: 11.728 Thread 0x0000023cfbe29890 Implicit null exception at 0x0000023cec96788c to 0x0000023cec9679c2
Event: 12.283 Thread 0x0000023cfbe29890 Exception <a 'sun/nio/fs/WindowsException'{0x0000000085c77238}> (0x0000000085c77238) 
thrown [s\src\hotspot\share\prims\jni.cpp, line 517]
Event: 13.494 Thread 0x0000023cfbe29890 Exception <a 'java/lang/ClassNotFoundException'{0x0000000085073f70}: org/gradle/api/internal/project/DefaultProject_DecoratedBeanInfo> (0x0000000085073f70) 
thrown [s\src\hotspot\share\classfile\systemDictionary.cpp, line 256]
Event: 13.494 Thread 0x0000023cfbe29890 Exception <a 'java/lang/ClassNotFoundException'{0x000000008508b5c8}: org/gradle/api/internal/project/DefaultProjectBeanInfo> (0x000000008508b5c8) 
thrown [s\src\hotspot\share\classfile\systemDictionary.cpp, line 256]
Event: 13.495 Thread 0x0000023cfbe29890 Exception <a 'java/lang/ClassNotFoundException'{0x00000000850a3050}: org/gradle/api/internal/project/DefaultProjectCustomizer> (0x00000000850a3050) 
thrown [s\src\hotspot\share\classfile\systemDictionary.cpp, line 256]
Event: 13.502 Thread 0x0000023cfbe29890 Exception <a 'java/lang/ClassNotFoundException'{0x0000000084d572e8}: org/gradle/api/internal/project/DefaultProject_DecoratedCustomizer> (0x0000000084d572e8) 
thrown [s\src\hotspot\share\classfile\systemDictionary.cpp, line 256]
Event: 13.515 Thread 0x0000023cfbe29890 Exception <a 'java/lang/ClassNotFoundException'{0x0000000084c3c0b0}: org/gradle/api/plugins/internal/DefaultBasePluginConvention_DecoratedBeanInfo> (0x0000000084c3c0b0) 
thrown [s\src\hotspot\share\classfile\systemDictionary.cpp, line 256]
Event: 13.515 Thread 0x0000023cfbe29890 Exception <a 'java/lang/ClassNotFoundException'{0x0000000084c573c0}: org/gradle/api/plugins/internal/DefaultBasePluginConventionBeanInfo> (0x0000000084c573c0) 
thrown [s\src\hotspot\share\classfile\systemDictionary.cpp, line 256]
Event: 13.516 Thread 0x0000023cfbe29890 Exception <a 'java/lang/ClassNotFoundException'{0x0000000084c71fb0}: org/gradle/api/plugins/BasePluginConventionBeanInfo> (0x0000000084c71fb0) 
thrown [s\src\hotspot\share\classfile\systemDictionary.cpp, line 256]
Event: 13.517 Thread 0x0000023cfbe29890 Exception <a 'java/lang/ClassNotFoundException'{0x0000000084c8c8c0}: org/gradle/api/plugins/BasePluginConventionCustomizer> (0x0000000084c8c8c0) 
thrown [s\src\hotspot\share\classfile\systemDictionary.cpp, line 256]
Event: 13.519 Thread 0x0000023cfbe29890 Exception <a 'java/lang/ClassNotFoundException'{0x0000000084cb1cb0}: org/gradle/api/plugins/internal/DefaultBasePluginConventionCustomizer> (0x0000000084cb1cb0) 
thrown [s\src\hotspot\share\classfile\systemDictionary.cpp, line 256]
Event: 13.520 Thread 0x0000023cfbe29890 Exception <a 'java/lang/ClassNotFoundException'{0x0000000084cdfb20}: org/gradle/api/plugins/internal/DefaultBasePluginConvention_DecoratedCustomizer> (0x0000000084cdfb20) 
thrown [s\src\hotspot\share\classfile\systemDictionary.cpp, line 256]
Event: 13.525 Thread 0x0000023cfbe29890 Exception <a 'java/lang/ClassNotFoundException'{0x0000000084b55668}: org/gradle/api/plugins/internal/DefaultJavaPluginConvention_DecoratedBeanInfo> (0x0000000084b55668) 
thrown [s\src\hotspot\share\classfile\systemDictionary.cpp, line 256]
Event: 13.526 Thread 0x0000023cfbe29890 Exception <a 'java/lang/ClassNotFoundException'{0x0000000084b70bb8}: org/gradle/api/plugins/internal/DefaultJavaPluginConventionBeanInfo> (0x0000000084b70bb8) 
thrown [s\src\hotspot\share\classfile\systemDictionary.cpp, line 256]
Event: 13.527 Thread 0x0000023cfbe29890 Exception <a 'java/lang/ClassNotFoundException'{0x0000000084b8b500}: org/gradle/api/plugins/JavaPluginConventionBeanInfo> (0x0000000084b8b500) 
thrown [s\src\hotspot\share\classfile\systemDictionary.cpp, line 256]
Event: 13.527 Thread 0x0000023cfbe29890 Exception <a 'java/lang/ClassNotFoundException'{0x0000000084ba5e10}: org/gradle/api/plugins/JavaPluginConventionCustomizer> (0x0000000084ba5e10) 
thrown [s\src\hotspot\share\classfile\systemDictionary.cpp, line 256]
Event: 13.529 Thread 0x0000023cfbe29890 Exception <a 'java/lang/ClassNotFoundException'{0x0000000084bd5100}: org/gradle/api/plugins/internal/DefaultJavaPluginConventionCustomizer> (0x0000000084bd5100) 
thrown [s\src\hotspot\share\classfile\systemDictionary.cpp, line 256]
Event: 13.532 Thread 0x0000023cfbe29890 Exception <a 'java/lang/ClassNotFoundException'{0x0000000084a17378}: org/gradle/api/plugins/internal/DefaultJavaPluginConvention_DecoratedCustomizer> (0x0000000084a17378) 
thrown [s\src\hotspot\share\classfile\systemDictionary.cpp, line 256]
Event: 13.728 Thread 0x0000023cfbe29890 Implicit null exception at 0x0000023cecb0e6c8 to 0x0000023cecb0e778

VM Operations (20 events):
Event: 12.133 Executing VM operation: G1Concurrent done
Event: 12.153 Executing VM operation: G1Concurrent
Event: 12.155 Executing VM operation: G1Concurrent done
Event: 12.445 Executing VM operation: HandshakeAllThreads
Event: 12.445 Executing VM operation: HandshakeAllThreads done
Event: 13.014 Executing VM operation: G1CollectForAllocation
Event: 13.020 Executing VM operation: G1CollectForAllocation done
Event: 13.526 Executing VM operation: HandshakeAllThreads
Event: 13.527 Executing VM operation: HandshakeAllThreads done
Event: 13.567 Executing VM operation: G1CollectForAllocation
Event: 13.572 Executing VM operation: G1CollectForAllocation done
Event: 13.575 Executing VM operation: HandshakeAllThreads
Event: 13.575 Executing VM operation: HandshakeAllThreads done
Event: 13.600 Executing VM operation: HandshakeAllThreads
Event: 13.600 Executing VM operation: HandshakeAllThreads done
Event: 13.622 Executing VM operation: G1Concurrent
Event: 13.626 Executing VM operation: G1Concurrent done
Event: 13.644 Executing VM operation: G1Concurrent
Event: 13.644 Executing VM operation: G1Concurrent done
Event: 13.769 Executing VM operation: G1TryInitiateConcMark

Events (20 events):
Event: 13.610 Thread 0x0000023cfbc93ff0 flushing nmethod 0x0000023ce5945490
Event: 13.610 Thread 0x0000023cfbc93ff0 flushing nmethod 0x0000023ce5945890
Event: 13.610 Thread 0x0000023cfbc93ff0 flushing nmethod 0x0000023ce5945f10
Event: 13.610 Thread 0x0000023cfbc93ff0 flushing nmethod 0x0000023ce594d190
Event: 13.610 Thread 0x0000023cfbc93ff0 flushing nmethod 0x0000023ce594ef90
Event: 13.610 Thread 0x0000023cfbc93ff0 flushing nmethod 0x0000023ce5970210
Event: 13.615 loading class javax/management/InstanceAlreadyExistsException
Event: 13.615 loading class javax/management/InstanceAlreadyExistsException done
Event: 13.615 loading class javax/management/MBeanRegistrationException
Event: 13.616 loading class javax/management/MBeanRegistrationException done
Event: 13.616 loading class javax/management/NotCompliantMBeanException
Event: 13.616 loading class javax/management/NotCompliantMBeanException done
Event: 13.619 loading class com/sun/jmx/mbeanserver/StandardMBeanSupport
Event: 13.619 loading class com/sun/jmx/mbeanserver/StandardMBeanSupport done
Event: 13.619 loading class com/sun/jmx/mbeanserver/StandardMBeanIntrospector
Event: 13.619 loading class com/sun/jmx/mbeanserver/StandardMBeanIntrospector done
Event: 13.682 loading class javax/xml/stream/XMLStreamException
Event: 13.682 loading class javax/xml/stream/XMLStreamException done
Event: 13.704 loading class sun/reflect/annotation/AnnotationInvocationHandler$1
Event: 13.704 loading class sun/reflect/annotation/AnnotationInvocationHandler$1 done


Dynamic libraries:
0x00007ff70bde0000 - 0x00007ff70bdea000 	G:\Program\Android Studio\jbr\bin\java.exe
0x00007ffb3b8f0000 - 0x00007ffb3bae8000 	C:\Windows\SYSTEM32\ntdll.dll
0x00007ffb3a7a0000 - 0x00007ffb3a85f000 	C:\Windows\System32\KERNEL32.DLL
0x00007ffb39270000 - 0x00007ffb39566000 	C:\Windows\System32\KERNELBASE.dll
0x00007ffb39790000 - 0x00007ffb39890000 	C:\Windows\System32\ucrtbase.dll
0x00007ffb1f350000 - 0x00007ffb1f36b000 	G:\Program\Android Studio\jbr\bin\VCRUNTIME140.dll
0x00007ffb1bfc0000 - 0x00007ffb1bfd7000 	G:\Program\Android Studio\jbr\bin\jli.dll
0x00007ffb39fa0000 - 0x00007ffb3a13d000 	C:\Windows\System32\USER32.dll
0x00007ffb39890000 - 0x00007ffb398b2000 	C:\Windows\System32\win32u.dll
0x00007ffb1f090000 - 0x00007ffb1f32a000 	C:\Windows\WinSxS\amd64_microsoft.windows.common-controls_6595b64144ccf1df_6.0.19041.1110_none_60b5254171f9507e\COMCTL32.dll
0x00007ffb3a710000 - 0x00007ffb3a73c000 	C:\Windows\System32\GDI32.dll
0x00007ffb3b520000 - 0x00007ffb3b5be000 	C:\Windows\System32\msvcrt.dll
0x00007ffb38fd0000 - 0x00007ffb390e5000 	C:\Windows\System32\gdi32full.dll
0x00007ffb391d0000 - 0x00007ffb3926d000 	C:\Windows\System32\msvcp_win.dll
0x00007ffb39c60000 - 0x00007ffb39c90000 	C:\Windows\System32\IMM32.DLL
0x00007ffb31ed0000 - 0x00007ffb31edc000 	G:\Program\Android Studio\jbr\bin\vcruntime140_1.dll
0x00007ffaf6780000 - 0x00007ffaf680d000 	G:\Program\Android Studio\jbr\bin\msvcp140.dll
0x00007ffad1380000 - 0x00007ffad1fed000 	G:\Program\Android Studio\jbr\bin\server\jvm.dll
0x00007ffb39bb0000 - 0x00007ffb39c5f000 	C:\Windows\System32\ADVAPI32.dll
0x00007ffb3b480000 - 0x00007ffb3b51c000 	C:\Windows\System32\sechost.dll
0x00007ffb3b710000 - 0x00007ffb3b836000 	C:\Windows\System32\RPCRT4.dll
0x00007ffb13de0000 - 0x00007ffb13de9000 	C:\Windows\SYSTEM32\WSOCK32.dll
0x00007ffb26840000 - 0x00007ffb26867000 	C:\Windows\SYSTEM32\WINMM.dll
0x00007ffb3b6a0000 - 0x00007ffb3b70b000 	C:\Windows\System32\WS2_32.dll
0x00007ffb31d40000 - 0x00007ffb31d4a000 	C:\Windows\SYSTEM32\VERSION.dll
0x00007ffb36d90000 - 0x00007ffb36da2000 	C:\Windows\SYSTEM32\kernel.appcore.dll
0x00007ffb36740000 - 0x00007ffb3674a000 	G:\Program\Android Studio\jbr\bin\jimage.dll
0x00007ffb22d00000 - 0x00007ffb22ee4000 	C:\Windows\SYSTEM32\DBGHELP.DLL
0x00007ffb21480000 - 0x00007ffb214b4000 	C:\Windows\SYSTEM32\dbgcore.DLL
0x00007ffb398c0000 - 0x00007ffb39942000 	C:\Windows\System32\bcryptPrimitives.dll
0x00007ffb33d60000 - 0x00007ffb33d85000 	G:\Program\Android Studio\jbr\bin\java.dll
0x00007ffb33d40000 - 0x00007ffb33d58000 	G:\Program\Android Studio\jbr\bin\zip.dll
0x00007ffb3acd0000 - 0x00007ffb3b414000 	C:\Windows\System32\SHELL32.dll
0x00007ffb37070000 - 0x00007ffb37803000 	C:\Windows\SYSTEM32\windows.storage.dll
0x00007ffb3a320000 - 0x00007ffb3a674000 	C:\Windows\System32\combase.dll
0x00007ffb38950000 - 0x00007ffb3897e000 	C:\Windows\SYSTEM32\Wldp.dll
0x00007ffb3a270000 - 0x00007ffb3a31d000 	C:\Windows\System32\SHCORE.dll
0x00007ffb3b850000 - 0x00007ffb3b8a5000 	C:\Windows\System32\shlwapi.dll
0x00007ffb38f10000 - 0x00007ffb38f2f000 	C:\Windows\SYSTEM32\profapi.dll
0x00007ffb33cd0000 - 0x00007ffb33ce9000 	G:\Program\Android Studio\jbr\bin\net.dll
0x00007ffb31760000 - 0x00007ffb3186a000 	C:\Windows\SYSTEM32\WINHTTP.dll
0x00007ffb38730000 - 0x00007ffb3879a000 	C:\Windows\system32\mswsock.dll
0x00007ffb32000000 - 0x00007ffb32016000 	G:\Program\Android Studio\jbr\bin\nio.dll
0x00007ffb34c50000 - 0x00007ffb34c60000 	G:\Program\Android Studio\jbr\bin\verify.dll
0x00007ffb310d0000 - 0x00007ffb310f7000 	C:\Users\maxim\.gradle\native\68d5fa5c4cc2d200863cafc0d521ce42e7d3e7ee720ec0a83991735586a16f82\windows-amd64\native-platform.dll
0x00007ffaedff0000 - 0x00007ffaee134000 	C:\Users\maxim\.gradle\native\e376f236ea51e6404a007f0833ffe2c6e607c4080706a723a18a27aeea778392\windows-amd64\native-platform-file-events.dll
0x00007ffb367c0000 - 0x00007ffb367c9000 	G:\Program\Android Studio\jbr\bin\management.dll
0x00007ffb34c60000 - 0x00007ffb34c6b000 	G:\Program\Android Studio\jbr\bin\management_ext.dll
0x00007ffb39c90000 - 0x00007ffb39c98000 	C:\Windows\System32\PSAPI.DLL
0x00007ffb38cc0000 - 0x00007ffb38cd8000 	C:\Windows\SYSTEM32\CRYPTSP.dll
0x00007ffb37f80000 - 0x00007ffb37fb4000 	C:\Windows\system32\rsaenh.dll
0x00007ffb390f0000 - 0x00007ffb39117000 	C:\Windows\System32\bcrypt.dll
0x00007ffb38ed0000 - 0x00007ffb38efe000 	C:\Windows\SYSTEM32\USERENV.dll
0x00007ffb388c0000 - 0x00007ffb388cc000 	C:\Windows\SYSTEM32\CRYPTBASE.dll
0x00007ffb383d0000 - 0x00007ffb3840c000 	C:\Windows\SYSTEM32\IPHLPAPI.DLL
0x00007ffb3b840000 - 0x00007ffb3b848000 	C:\Windows\System32\NSI.dll
0x00007ffb329a0000 - 0x00007ffb329b7000 	C:\Windows\SYSTEM32\dhcpcsvc6.DLL
0x00007ffb32860000 - 0x00007ffb3287d000 	C:\Windows\SYSTEM32\dhcpcsvc.DLL
0x00007ffb38410000 - 0x00007ffb384db000 	C:\Windows\SYSTEM32\DNSAPI.dll
0x00007ffb34a30000 - 0x00007ffb34a37000 	C:\Windows\system32\wshunix.dll

dbghelp: loaded successfully - version: 4.0.5 - missing functions: none
symbol engine: initialized successfully - sym options: 0x614 - pdb path: .;G:\Program\Android Studio\jbr\bin;C:\Windows\SYSTEM32;C:\Windows\WinSxS\amd64_microsoft.windows.common-controls_6595b64144ccf1df_6.0.19041.1110_none_60b5254171f9507e;G:\Program\Android Studio\jbr\bin\server;C:\Users\maxim\.gradle\native\68d5fa5c4cc2d200863cafc0d521ce42e7d3e7ee720ec0a83991735586a16f82\windows-amd64;C:\Users\maxim\.gradle\native\e376f236ea51e6404a007f0833ffe2c6e607c4080706a723a18a27aeea778392\windows-amd64

VM Arguments:
jvm_args: --add-opens=java.base/java.util=ALL-UNNAMED --add-opens=java.base/java.lang=ALL-UNNAMED --add-opens=java.base/java.lang.invoke=ALL-UNNAMED --add-opens=java.prefs/java.util.prefs=ALL-UNNAMED --add-opens=java.base/java.nio.charset=ALL-UNNAMED --add-opens=java.base/java.net=ALL-UNNAMED --add-opens=java.base/java.util.concurrent.atomic=ALL-UNNAMED -Xmx2048m -Dfile.encoding=UTF-8 -Duser.country=RU -Duser.language=ru -Duser.variant 
java_command: org.gradle.launcher.daemon.bootstrap.GradleDaemon 8.0
java_class_path (initial): C:\Users\maxim\.gradle\wrapper\dists\gradle-8.0-bin\ca5e32bp14vu59qr306oxotwh\gradle-8.0\lib\gradle-launcher-8.0.jar
Launcher Type: SUN_STANDARD

[Global flags]
     intx CICompilerCount                          = 3                                         {product} {ergonomic}
     uint ConcGCThreads                            = 2                                         {product} {ergonomic}
     uint G1ConcRefinementThreads                  = 6                                         {product} {ergonomic}
   size_t G1HeapRegionSize                         = 1048576                                   {product} {ergonomic}
    uintx GCDrainStackTargetSize                   = 64                                        {product} {ergonomic}
   size_t InitialHeapSize                          = 134217728                                 {product} {ergonomic}
   size_t MarkStackSize                            = 4194304                                   {product} {ergonomic}
   size_t MaxHeapSize                              = 2147483648                                {product} {command line}
   size_t MaxNewSize                               = 1287651328                                {product} {ergonomic}
   size_t MinHeapDeltaBytes                        = 1048576                                   {product} {ergonomic}
   size_t MinHeapSize                              = 8388608                                   {product} {ergonomic}
    uintx NonNMethodCodeHeapSize                   = 5832780                                {pd product} {ergonomic}
    uintx NonProfiledCodeHeapSize                  = 122912730                              {pd product} {ergonomic}
    uintx ProfiledCodeHeapSize                     = 122912730                              {pd product} {ergonomic}
    uintx ReservedCodeCacheSize                    = 251658240                              {pd product} {ergonomic}
     bool SegmentedCodeCache                       = true                                      {product} {ergonomic}
   size_t SoftMaxHeapSize                          = 2147483648                             {manageable} {ergonomic}
     bool UseCompressedClassPointers               = true                           {product lp64_product} {ergonomic}
     bool UseCompressedOops                        = true                           {product lp64_product} {ergonomic}
     bool UseG1GC                                  = true                                      {product} {ergonomic}
     bool UseLargePagesIndividualAllocation        = false                                  {pd product} {ergonomic}

Logging:
Log output configuration:
 #0: stdout all=warning uptime,level,tags
 #1: stderr all=off uptime,level,tags

Environment Variables:
PATH=C:\Program Files\Common Files\Oracle\Java\javapath;C:\Windows\system32;C:\Windows;C:\Windows\System32\Wbem;C:\Windows\System32\WindowsPowerShell\v1.0\;C:\Windows\System32\OpenSSH\;C:\Program Files\NVIDIA Corporation\NVIDIA NvDLISR;C:\Program Files\Git\cmd;C:\Program Files (x86)\NVIDIA Corporation\PhysX\Common;C:\Program Files\Docker\Docker\resources\bin;C:\Program Files\MySQL\MySQL Shell 8.0\bin\;C:\Users\maxim\AppData\Local\Microsoft\WindowsApps;
USERNAME=maxim
OS=Windows_NT
PROCESSOR_IDENTIFIER=AMD64 Family 21 Model 2 Stepping 0, AuthenticAMD
TMP=C:\Users\maxim\AppData\Local\Temp
TEMP=C:\Users\maxim\AppData\Local\Temp



---------------  S Y S T E M  ---------------

OS:
 Windows 10 , 64 bit Build 19041 (10.0.19041.2913)
OS uptime: 3 days 2:07 hours
Hyper-V role detected

CPU: total 6 (initial active 6) (6 cores per cpu, 1 threads per core) family 21 model 2 stepping 0 microcode 0x0, cx8, cmov, fxsr, mmx, 3dnowpref, sse, sse2, sse3, ssse3, sse4a, sse4.1, sse4.2, popcnt, lzcnt, tsc, tscinvbit, avx, aes, clmul, bmi1, fma, vzeroupper, clflush, hv

Memory: 4k page, system-wide physical 8175M (358M free)
TotalPageFile size 22477M (AvailPageFile size 12M)
current process WorkingSet (physical memory assigned to process): 283M, peak: 285M
current process commit charge ("private bytes"): 314M, peak: 333M

vm_info: OpenJDK 64-Bit Server VM (17.0.6+0-b2043.56-9586694) for windows-amd64 JRE (17.0.6+0-b2043.56-9586694), built on Feb  9 2023 20:06:20 by "androidbuild" with MS VC++ 16.10 / 16.11 (VS2019)

END.
