#
# There is insufficient memory for the Java Runtime Environment to continue.
# Native memory allocation (mmap) failed to map 26214400 bytes for G1 virtual space
# Possible reasons:
#   The system is out of physical RAM or swap space
#   The process is running with CompressedOops enabled, and the Java Heap may be blocking the growth of the native heap
# Possible solutions:
#   Reduce memory load on the system
#   Increase physical memory or swap space
#   Check if swap backing store is full
#   Decrease Java heap size (-Xmx/-Xms)
#   Decrease number of Java threads
#   Decrease Java thread stack sizes (-Xss)
#   Set larger code cache with -XX:ReservedCodeCacheSize=
#   JVM is running with Unscaled Compressed Oops mode in which the Java heap is
#     placed in the first 4GB address space. The Java Heap base address is the
#     maximum limit for the native heap growth. Please use -XX:HeapBaseMinAddress
#     to set the Java Heap base and to place the Java Heap above 4GB virtual address.
# This output file may be truncated or incomplete.
#
#  Out of Memory Error (os_windows.cpp:3769), pid=292, tid=15960
#
# JRE version: OpenJDK Runtime Environment (17.0.6) (build 17.0.6+0-b2043.56-9586694)
# Java VM: OpenJDK 64-Bit Server VM (17.0.6+0-b2043.56-9586694, mixed mode, tiered, compressed oops, compressed class ptrs, g1 gc, windows-amd64)
# No core dump will be written. Minidumps are not enabled by default on client versions of Windows
#

---------------  S U M M A R Y ------------

Command Line: --add-opens=java.base/java.util=ALL-UNNAMED --add-opens=java.base/java.lang=ALL-UNNAMED --add-opens=java.base/java.lang.invoke=ALL-UNNAMED --add-opens=java.prefs/java.util.prefs=ALL-UNNAMED --add-opens=java.base/java.nio.charset=ALL-UNNAMED --add-opens=java.base/java.net=ALL-UNNAMED --add-opens=java.base/java.util.concurrent.atomic=ALL-UNNAMED -Xmx2048m -Dfile.encoding=UTF-8 -Duser.country=RU -Duser.language=ru -Duser.variant org.gradle.launcher.daemon.bootstrap.GradleDaemon 8.0

Host: AMD FX(tm)-6350 Six-Core Processor             , 6 cores, 7G,  Windows 10 , 64 bit Build 19041 (10.0.19041.2913)
Time: Fri Jun  2 16:12:50 2023 RTZ 2 (s 10 , 64 bit Build 19041 (10.0.19041.2913) elapsed time: 13.757737 seconds (0d 0h 0m 13s)

---------------  T H R E A D  ---------------

Current thread (0x0000020992020880):  VMThread "VM Thread" [stack: 0x0000003aa7200000,0x0000003aa7300000] [id=15960]

Stack: [0x0000003aa7200000,0x0000003aa7300000]
Native frames: (J=compiled Java code, j=interpreted, Vv=VM code, C=native code)
V  [jvm.dll+0x683b4a]
V  [jvm.dll+0x842654]
V  [jvm.dll+0x843dfe]
V  [jvm.dll+0x844463]
V  [jvm.dll+0x249b75]
V  [jvm.dll+0x680a19]
V  [jvm.dll+0x674f0a]
V  [jvm.dll+0x309acb]
V  [jvm.dll+0x310f86]
V  [jvm.dll+0x3608ee]
V  [jvm.dll+0x360b1f]
V  [jvm.dll+0x2dfbf8]
V  [jvm.dll+0x2ddec4]
V  [jvm.dll+0x2dd4cc]
V  [jvm.dll+0x321f3b]
V  [jvm.dll+0x84893b]
V  [jvm.dll+0x849674]
V  [jvm.dll+0x849b8d]
V  [jvm.dll+0x849f64]
V  [jvm.dll+0x84a030]
V  [jvm.dll+0x7f25fa]
V  [jvm.dll+0x682985]
C  [ucrtbase.dll+0x21bb2]
C  [KERNEL32.DLL+0x17614]
C  [ntdll.dll+0x526a1]

VM_Operation (0x0000003aa89f5e70): G1CollectForAllocation, mode: safepoint, requested by thread 0x00000209944d6cd0


---------------  P R O C E S S  ---------------

Threads class SMR info:
_java_thread_list=0x0000020993b54000, length=103, elements={
0x00000209f5b1a060, 0x0000020992033270, 0x0000020992033d30, 0x000002099152c9d0,
0x000002099152d290, 0x000002099152db50, 0x000002099152e410, 0x0000020991528850,
0x0000020992077020, 0x0000020992077d10, 0x00000209921ea9a0, 0x00000209921eb690,
0x00000209944e5af0, 0x000002099371bf30, 0x000002099390c860, 0x00000209939fbc90,
0x0000020993a3ec10, 0x000002099388de70, 0x00000209944d6cd0, 0x00000209944d71a0,
0x000002099449c220, 0x000002099449c6f0, 0x0000020993b9aa00, 0x0000020993b9a530,
0x0000020993b9c6e0, 0x0000020993b9bd40, 0x0000020993b9cbb0, 0x0000020993b9d550,
0x0000020993b9d080, 0x0000020993b9a060, 0x0000020993b9da20, 0x0000020993b9aed0,
0x0000020993b9b870, 0x0000020993b9c210, 0x00000209923a5550, 0x00000209923a5ef0,
0x00000209923a11f0, 0x00000209923a63c0, 0x00000209923a6890, 0x00000209923a4210,
0x00000209923a5080, 0x00000209923a4bb0, 0x00000209923a6d60, 0x00000209923a16c0,
0x00000209923a1b90, 0x00000209923a33a0, 0x00000209923a7230, 0x00000209923a7bd0,
0x00000209923a7700, 0x00000209923a2060, 0x00000209923a2530, 0x00000209923a3870,
0x00000209923a2a00, 0x00000209923a2ed0, 0x00000209923a3d40, 0x0000020996968220,
0x0000020996966540, 0x00000209969686f0, 0x0000020996968bc0, 0x0000020996969090,
0x0000020996966a10, 0x0000020996967880, 0x0000020996967d50, 0x0000020996969560,
0x000002099696c580, 0x00000209969673b0, 0x000002099696a8a0, 0x0000020996969f00,
0x000002099696bbe0, 0x000002099696cf20, 0x000002099696a3d0, 0x000002099696b240,
0x0000020996966ee0, 0x0000020996969a30, 0x000002099696ca50, 0x000002099696dd90,
0x000002099696d3f0, 0x000002099696ad70, 0x000002099696b710, 0x000002099696d8c0,
0x000002099696c0b0, 0x00000209964a13c0, 0x00000209964a30a0, 0x00000209964a48b0,
0x00000209964a2700, 0x00000209964a2bd0, 0x000002099649f6e0, 0x000002099649e870,
0x00000209964a0550, 0x000002099649fbb0, 0x00000209964a1d60, 0x000002099649e3a0,
0x000002099649ed40, 0x00000209964a0080, 0x00000209964a0a20, 0x00000209964a4d80,
0x000002099649f210, 0x00000209964a5250, 0x00000209964a0ef0, 0x00000209964a1890,
0x00000209964a5720, 0x00000209964a3f10, 0x00000209964a3570
}

Java Threads: ( => current thread )
  0x00000209f5b1a060 JavaThread "main" [_thread_blocked, id=10980, stack(0x0000003aa6c00000,0x0000003aa6d00000)]
  0x0000020992033270 JavaThread "Reference Handler" daemon [_thread_blocked, id=4388, stack(0x0000003aa7300000,0x0000003aa7400000)]
  0x0000020992033d30 JavaThread "Finalizer" daemon [_thread_blocked, id=21360, stack(0x0000003aa7400000,0x0000003aa7500000)]
  0x000002099152c9d0 JavaThread "Signal Dispatcher" daemon [_thread_blocked, id=17764, stack(0x0000003aa7500000,0x0000003aa7600000)]
  0x000002099152d290 JavaThread "Attach Listener" daemon [_thread_blocked, id=11572, stack(0x0000003aa7600000,0x0000003aa7700000)]
  0x000002099152db50 JavaThread "Service Thread" daemon [_thread_blocked, id=29412, stack(0x0000003aa7700000,0x0000003aa7800000)]
  0x000002099152e410 JavaThread "Monitor Deflation Thread" daemon [_thread_blocked, id=10612, stack(0x0000003aa7800000,0x0000003aa7900000)]
  0x0000020991528850 JavaThread "C2 CompilerThread0" daemon [_thread_blocked, id=17704, stack(0x0000003aa7900000,0x0000003aa7a00000)]
  0x0000020992077020 JavaThread "C1 CompilerThread0" daemon [_thread_blocked, id=25248, stack(0x0000003aa7a00000,0x0000003aa7b00000)]
  0x0000020992077d10 JavaThread "Sweeper thread" daemon [_thread_blocked, id=29324, stack(0x0000003aa7b00000,0x0000003aa7c00000)]
  0x00000209921ea9a0 JavaThread "Common-Cleaner" daemon [_thread_blocked, id=25168, stack(0x0000003aa7c00000,0x0000003aa7d00000)]
  0x00000209921eb690 JavaThread "Notification Thread" daemon [_thread_blocked, id=25740, stack(0x0000003aa7d00000,0x0000003aa7e00000)]
  0x00000209944e5af0 JavaThread "Daemon health stats" [_thread_blocked, id=16980, stack(0x0000003aa8300000,0x0000003aa8400000)]
  0x000002099371bf30 JavaThread "Incoming local TCP Connector on port 55554" [_thread_in_native, id=1452, stack(0x0000003aa8400000,0x0000003aa8500000)]
  0x000002099390c860 JavaThread "Daemon periodic checks" [_thread_blocked, id=19484, stack(0x0000003aa8500000,0x0000003aa8600000)]
  0x00000209939fbc90 JavaThread "Daemon" [_thread_blocked, id=7020, stack(0x0000003aa8600000,0x0000003aa8700000)]
  0x0000020993a3ec10 JavaThread "Handler for socket connection from /127.0.0.1:55554 to /127.0.0.1:55559" [_thread_in_native, id=27912, stack(0x0000003aa8700000,0x0000003aa8800000)]
  0x000002099388de70 JavaThread "Cancel handler" [_thread_blocked, id=18688, stack(0x0000003aa8800000,0x0000003aa8900000)]
  0x00000209944d6cd0 JavaThread "Daemon worker" [_thread_blocked, id=29468, stack(0x0000003aa8900000,0x0000003aa8a00000)]
  0x00000209944d71a0 JavaThread "Asynchronous log dispatcher for DefaultDaemonConnection: socket connection from /127.0.0.1:55554 to /127.0.0.1:55559" [_thread_blocked, id=25224, stack(0x0000003aa8a00000,0x0000003aa8b00000)]
  0x000002099449c220 JavaThread "Stdin handler" [_thread_blocked, id=29360, stack(0x0000003aa8b00000,0x0000003aa8c00000)]
  0x000002099449c6f0 JavaThread "Daemon client event forwarder" [_thread_blocked, id=28468, stack(0x0000003aa8c00000,0x0000003aa8d00000)]
  0x0000020993b9aa00 JavaThread "Cache worker for journal cache (C:\Users\maxim\.gradle\caches\journal-1)" [_thread_blocked, id=20340, stack(0x0000003aa8f00000,0x0000003aa9000000)]
  0x0000020993b9a530 JavaThread "File lock request listener" [_thread_in_native, id=2120, stack(0x0000003aa9000000,0x0000003aa9100000)]
  0x0000020993b9c6e0 JavaThread "Cache worker for file hash cache (C:\Users\maxim\.gradle\caches\8.0\fileHashes)" [_thread_blocked, id=596, stack(0x0000003aa9100000,0x0000003aa9200000)]
  0x0000020993b9bd40 JavaThread "File watcher server" daemon [_thread_in_native, id=24348, stack(0x0000003aa9200000,0x0000003aa9300000)]
  0x0000020993b9cbb0 JavaThread "File watcher consumer" daemon [_thread_blocked, id=17184, stack(0x0000003aa9300000,0x0000003aa9400000)]
  0x0000020993b9d550 JavaThread "Cache worker for checksums cache (G:\Android\TopRedditApplication2\.gradle\8.0\checksums)" [_thread_blocked, id=16964, stack(0x0000003aa9400000,0x0000003aa9500000)]
  0x0000020993b9d080 JavaThread "Cache worker for cache directory md-rule (C:\Users\maxim\.gradle\caches\8.0\md-rule)" [_thread_blocked, id=16560, stack(0x0000003aa9500000,0x0000003aa9600000)]
  0x0000020993b9a060 JavaThread "Cache worker for file content cache (C:\Users\maxim\.gradle\caches\8.0\fileContent)" [_thread_blocked, id=27160, stack(0x0000003aa9600000,0x0000003aa9700000)]
  0x0000020993b9da20 JavaThread "Cache worker for file hash cache (G:\Android\TopRedditApplication2\.gradle\8.0\fileHashes)" [_thread_blocked, id=7280, stack(0x0000003aa9700000,0x0000003aa9800000)]
  0x0000020993b9aed0 JavaThread "Cache worker for cache directory md-supplier (C:\Users\maxim\.gradle\caches\8.0\md-supplier)" [_thread_blocked, id=308, stack(0x0000003aa9800000,0x0000003aa9900000)]
  0x0000020993b9b870 JavaThread "Cache worker for execution history cache (C:\Users\maxim\.gradle\caches\8.0\executionHistory)" [_thread_blocked, id=13472, stack(0x0000003aa9900000,0x0000003aa9a00000)]
  0x0000020993b9c210 JavaThread "jar transforms" [_thread_blocked, id=21396, stack(0x0000003aa9a00000,0x0000003aa9b00000)]
  0x00000209923a5550 JavaThread "jar transforms Thread 2" [_thread_blocked, id=24752, stack(0x0000003aa9b00000,0x0000003aa9c00000)]
  0x00000209923a5ef0 JavaThread "jar transforms Thread 3" [_thread_blocked, id=29108, stack(0x0000003aa9c00000,0x0000003aa9d00000)]
  0x00000209923a11f0 JavaThread "jar transforms Thread 4" [_thread_blocked, id=25712, stack(0x0000003aa9d00000,0x0000003aa9e00000)]
  0x00000209923a63c0 JavaThread "Cache worker for dependencies-accessors (G:\Android\TopRedditApplication2\.gradle\8.0\dependencies-accessors)" [_thread_blocked, id=18468, stack(0x0000003aa9e00000,0x0000003aa9f00000)]
  0x00000209923a6890 JavaThread "jar transforms Thread 5" [_thread_blocked, id=23312, stack(0x0000003aa9f00000,0x0000003aaa000000)]
  0x00000209923a4210 JavaThread "Cache worker for Build Output Cleanup Cache (G:\Android\TopRedditApplication2\.gradle\buildOutputCleanup)" [_thread_blocked, id=28988, stack(0x0000003aaa000000,0x0000003aaa100000)]
  0x00000209923a5080 JavaThread "Unconstrained build operations" [_thread_blocked, id=28444, stack(0x0000003aaa100000,0x0000003aaa200000)]
  0x00000209923a4bb0 JavaThread "Unconstrained build operations Thread 2" [_thread_blocked, id=14892, stack(0x0000003aaa200000,0x0000003aaa300000)]
  0x00000209923a6d60 JavaThread "Unconstrained build operations Thread 3" [_thread_blocked, id=10588, stack(0x0000003aaa300000,0x0000003aaa400000)]
  0x00000209923a16c0 JavaThread "Unconstrained build operations Thread 4" [_thread_blocked, id=25520, stack(0x0000003aaa400000,0x0000003aaa500000)]
  0x00000209923a1b90 JavaThread "Unconstrained build operations Thread 5" [_thread_blocked, id=23996, stack(0x0000003aaa500000,0x0000003aaa600000)]
  0x00000209923a33a0 JavaThread "Unconstrained build operations Thread 6" [_thread_blocked, id=11504, stack(0x0000003aaa600000,0x0000003aaa700000)]
  0x00000209923a7230 JavaThread "Unconstrained build operations Thread 7" [_thread_blocked, id=29148, stack(0x0000003aaa700000,0x0000003aaa800000)]
  0x00000209923a7bd0 JavaThread "Unconstrained build operations Thread 8" [_thread_blocked, id=28880, stack(0x0000003aaa800000,0x0000003aaa900000)]
  0x00000209923a7700 JavaThread "Unconstrained build operations Thread 9" [_thread_blocked, id=6432, stack(0x0000003aaa900000,0x0000003aaaa00000)]
  0x00000209923a2060 JavaThread "Unconstrained build operations Thread 10" [_thread_blocked, id=17712, stack(0x0000003aaaa00000,0x0000003aaab00000)]
  0x00000209923a2530 JavaThread "Unconstrained build operations Thread 11" [_thread_blocked, id=28644, stack(0x0000003aaab00000,0x0000003aaac00000)]
  0x00000209923a3870 JavaThread "Unconstrained build operations Thread 12" [_thread_blocked, id=2648, stack(0x0000003aaac00000,0x0000003aaad00000)]
  0x00000209923a2a00 JavaThread "Unconstrained build operations Thread 13" [_thread_blocked, id=29028, stack(0x0000003aaad00000,0x0000003aaae00000)]
  0x00000209923a2ed0 JavaThread "Unconstrained build operations Thread 14" [_thread_blocked, id=2548, stack(0x0000003aaae00000,0x0000003aaaf00000)]
  0x00000209923a3d40 JavaThread "Unconstrained build operations Thread 15" [_thread_blocked, id=28984, stack(0x0000003aaaf00000,0x0000003aab000000)]
  0x0000020996968220 JavaThread "Unconstrained build operations Thread 16" [_thread_blocked, id=10796, stack(0x0000003aab000000,0x0000003aab100000)]
  0x0000020996966540 JavaThread "Unconstrained build operations Thread 17" [_thread_blocked, id=18856, stack(0x0000003aab100000,0x0000003aab200000)]
  0x00000209969686f0 JavaThread "Unconstrained build operations Thread 18" [_thread_blocked, id=28752, stack(0x0000003aab200000,0x0000003aab300000)]
  0x0000020996968bc0 JavaThread "Unconstrained build operations Thread 19" [_thread_blocked, id=17100, stack(0x0000003aab300000,0x0000003aab400000)]
  0x0000020996969090 JavaThread "Unconstrained build operations Thread 20" [_thread_blocked, id=7424, stack(0x0000003aab400000,0x0000003aab500000)]
  0x0000020996966a10 JavaThread "Unconstrained build operations Thread 21" [_thread_blocked, id=21572, stack(0x0000003aab500000,0x0000003aab600000)]
  0x0000020996967880 JavaThread "Unconstrained build operations Thread 22" [_thread_blocked, id=15884, stack(0x0000003aab600000,0x0000003aab700000)]
  0x0000020996967d50 JavaThread "Unconstrained build operations Thread 23" [_thread_blocked, id=19256, stack(0x0000003aab700000,0x0000003aab800000)]
  0x0000020996969560 JavaThread "Unconstrained build operations Thread 24" [_thread_blocked, id=29032, stack(0x0000003aab800000,0x0000003aab900000)]
  0x000002099696c580 JavaThread "Unconstrained build operations Thread 25" [_thread_blocked, id=28384, stack(0x0000003aab900000,0x0000003aaba00000)]
  0x00000209969673b0 JavaThread "Unconstrained build operations Thread 26" [_thread_blocked, id=29264, stack(0x0000003aaba00000,0x0000003aabb00000)]
  0x000002099696a8a0 JavaThread "Unconstrained build operations Thread 27" [_thread_blocked, id=26388, stack(0x0000003aabb00000,0x0000003aabc00000)]
  0x0000020996969f00 JavaThread "Unconstrained build operations Thread 28" [_thread_blocked, id=3360, stack(0x0000003aabc00000,0x0000003aabd00000)]
  0x000002099696bbe0 JavaThread "Unconstrained build operations Thread 29" [_thread_blocked, id=28512, stack(0x0000003aabd00000,0x0000003aabe00000)]
  0x000002099696cf20 JavaThread "Unconstrained build operations Thread 30" [_thread_blocked, id=8308, stack(0x0000003aabe00000,0x0000003aabf00000)]
  0x000002099696a3d0 JavaThread "Unconstrained build operations Thread 31" [_thread_blocked, id=20564, stack(0x0000003aabf00000,0x0000003aac000000)]
  0x000002099696b240 JavaThread "Unconstrained build operations Thread 32" [_thread_blocked, id=13220, stack(0x0000003aac000000,0x0000003aac100000)]
  0x0000020996966ee0 JavaThread "Unconstrained build operations Thread 33" [_thread_blocked, id=17132, stack(0x0000003aac100000,0x0000003aac200000)]
  0x0000020996969a30 JavaThread "Unconstrained build operations Thread 34" [_thread_blocked, id=7400, stack(0x0000003aac200000,0x0000003aac300000)]
  0x000002099696ca50 JavaThread "Unconstrained build operations Thread 35" [_thread_blocked, id=10976, stack(0x0000003aac300000,0x0000003aac400000)]
  0x000002099696dd90 JavaThread "Unconstrained build operations Thread 36" [_thread_blocked, id=28424, stack(0x0000003aac400000,0x0000003aac500000)]
  0x000002099696d3f0 JavaThread "Unconstrained build operations Thread 37" [_thread_blocked, id=28256, stack(0x0000003aac500000,0x0000003aac600000)]
  0x000002099696ad70 JavaThread "Unconstrained build operations Thread 38" [_thread_blocked, id=1272, stack(0x0000003aac600000,0x0000003aac700000)]
  0x000002099696b710 JavaThread "Unconstrained build operations Thread 39" [_thread_blocked, id=20028, stack(0x0000003aac700000,0x0000003aac800000)]
  0x000002099696d8c0 JavaThread "Unconstrained build operations Thread 40" [_thread_blocked, id=29628, stack(0x0000003aac800000,0x0000003aac900000)]
  0x000002099696c0b0 JavaThread "Unconstrained build operations Thread 41" [_thread_blocked, id=28784, stack(0x0000003aac900000,0x0000003aaca00000)]
  0x00000209964a13c0 JavaThread "Unconstrained build operations Thread 42" [_thread_blocked, id=27996, stack(0x0000003aaca00000,0x0000003aacb00000)]
  0x00000209964a30a0 JavaThread "Unconstrained build operations Thread 43" [_thread_blocked, id=12252, stack(0x0000003aacb00000,0x0000003aacc00000)]
  0x00000209964a48b0 JavaThread "Unconstrained build operations Thread 44" [_thread_blocked, id=28428, stack(0x0000003aacc00000,0x0000003aacd00000)]
  0x00000209964a2700 JavaThread "Unconstrained build operations Thread 45" [_thread_blocked, id=18788, stack(0x0000003aacd00000,0x0000003aace00000)]
  0x00000209964a2bd0 JavaThread "Unconstrained build operations Thread 46" [_thread_blocked, id=9632, stack(0x0000003aace00000,0x0000003aacf00000)]
  0x000002099649f6e0 JavaThread "Unconstrained build operations Thread 47" [_thread_blocked, id=1104, stack(0x0000003aacf00000,0x0000003aad000000)]
  0x000002099649e870 JavaThread "Unconstrained build operations Thread 48" [_thread_blocked, id=26720, stack(0x0000003aad000000,0x0000003aad100000)]
  0x00000209964a0550 JavaThread "Unconstrained build operations Thread 49" [_thread_blocked, id=28100, stack(0x0000003aad100000,0x0000003aad200000)]
  0x000002099649fbb0 JavaThread "Unconstrained build operations Thread 50" [_thread_blocked, id=14564, stack(0x0000003aad200000,0x0000003aad300000)]
  0x00000209964a1d60 JavaThread "Unconstrained build operations Thread 51" [_thread_blocked, id=22944, stack(0x0000003aad300000,0x0000003aad400000)]
  0x000002099649e3a0 JavaThread "Unconstrained build operations Thread 52" [_thread_blocked, id=28808, stack(0x0000003aad400000,0x0000003aad500000)]
  0x000002099649ed40 JavaThread "Unconstrained build operations Thread 53" [_thread_blocked, id=17844, stack(0x0000003aad500000,0x0000003aad600000)]
  0x00000209964a0080 JavaThread "Unconstrained build operations Thread 54" [_thread_blocked, id=28664, stack(0x0000003aad600000,0x0000003aad700000)]
  0x00000209964a0a20 JavaThread "Unconstrained build operations Thread 55" [_thread_blocked, id=18400, stack(0x0000003aad700000,0x0000003aad800000)]
  0x00000209964a4d80 JavaThread "Unconstrained build operations Thread 56" [_thread_blocked, id=28488, stack(0x0000003aad800000,0x0000003aad900000)]
  0x000002099649f210 JavaThread "Unconstrained build operations Thread 57" [_thread_blocked, id=5184, stack(0x0000003aad900000,0x0000003aada00000)]
  0x00000209964a5250 JavaThread "Unconstrained build operations Thread 58" [_thread_blocked, id=6628, stack(0x0000003aada00000,0x0000003aadb00000)]
  0x00000209964a0ef0 JavaThread "Unconstrained build operations Thread 59" [_thread_blocked, id=16252, stack(0x0000003aadb00000,0x0000003aadc00000)]
  0x00000209964a1890 JavaThread "Unconstrained build operations Thread 60" [_thread_blocked, id=18760, stack(0x0000003aadc00000,0x0000003aadd00000)]
  0x00000209964a5720 JavaThread "jar transforms Thread 6" [_thread_blocked, id=2680, stack(0x0000003aadd00000,0x0000003aade00000)]
  0x00000209964a3f10 JavaThread "build event listener" [_thread_blocked, id=29132, stack(0x0000003aade00000,0x0000003aadf00000)]
  0x00000209964a3570 JavaThread "Memory manager" [_thread_blocked, id=25616, stack(0x0000003aadf00000,0x0000003aae000000)]

Other Threads:
=>0x0000020992020880 VMThread "VM Thread" [stack: 0x0000003aa7200000,0x0000003aa7300000] [id=15960]
  0x0000020992204910 WatcherThread [stack: 0x0000003aa7e00000,0x0000003aa7f00000] [id=12872]
  0x00000209f5b75c60 GCTaskThread "GC Thread#0" [stack: 0x0000003aa6d00000,0x0000003aa6e00000] [id=7512]
  0x0000020992aca270 GCTaskThread "GC Thread#1" [stack: 0x0000003aa7f00000,0x0000003aa8000000] [id=23724]
  0x0000020992aca520 GCTaskThread "GC Thread#2" [stack: 0x0000003aa8000000,0x0000003aa8100000] [id=29600]
  0x0000020992388370 GCTaskThread "GC Thread#3" [stack: 0x0000003aa8100000,0x0000003aa8200000] [id=14304]
  0x0000020992d2cc80 GCTaskThread "GC Thread#4" [stack: 0x0000003aa8200000,0x0000003aa8300000] [id=26336]
  0x0000020994490c50 GCTaskThread "GC Thread#5" [stack: 0x0000003aa8d00000,0x0000003aa8e00000] [id=29300]
  0x00000209f5b87ac0 ConcurrentGCThread "G1 Main Marker" [stack: 0x0000003aa6e00000,0x0000003aa6f00000] [id=25448]
  0x00000209f5b89b90 ConcurrentGCThread "G1 Conc#0" [stack: 0x0000003aa6f00000,0x0000003aa7000000] [id=25876]
  0x00000209945b95e0 ConcurrentGCThread "G1 Conc#1" [stack: 0x0000003aa8e00000,0x0000003aa8f00000] [id=13868]
  0x00000209f5bed6d0 ConcurrentGCThread "G1 Refine#0" [stack: 0x0000003aa7000000,0x0000003aa7100000] [id=14468]
  0x00000209f5bee000 ConcurrentGCThread "G1 Service" [stack: 0x0000003aa7100000,0x0000003aa7200000] [id=20976]

Threads with active compile tasks:
C2 CompilerThread0    13812 6780       4       java.lang.Class::privateGetDeclaredMethods (64 bytes)

VM state: at safepoint (normal execution)

VM Mutex/Monitor currently owned by a thread:  ([mutex/lock_event])
[0x00000209f5b16370] Threads_lock - owner thread: 0x0000020992020880
[0x00000209f5b155f0] Heap_lock - owner thread: 0x00000209944d6cd0

Heap address: 0x0000000080000000, size: 2048 MB, Compressed Oops mode: 32-bit

CDS archive(s) not mapped
Compressed class space mapped at: 0x0000000100000000-0x0000000140000000, reserved size: 1073741824
Narrow klass base: 0x0000000000000000, Narrow klass shift: 3, Narrow klass range: 0x140000000

GC Precious Log:
 CPUs: 6 total, 6 available
 Memory: 8175M
 Large Page Support: Disabled
 NUMA Support: Disabled
 Compressed Oops: Enabled (32-bit)
 Heap Region Size: 1M
 Heap Min Capacity: 8M
 Heap Initial Capacity: 128M
 Heap Max Capacity: 2G
 Pre-touch: Disabled
 Parallel Workers: 6
 Concurrent Workers: 2
 Concurrent Refinement Workers: 6
 Periodic GC: Disabled

Heap:
 garbage-first heap   total 104448K, used 56316K [0x0000000080000000, 0x0000000100000000)
  region size 1024K, 3 young (3072K), 3 survivors (3072K)
 Metaspace       used 68533K, committed 69120K, reserved 1114112K
  class space    used 9036K, committed 9280K, reserved 1048576K

Heap Regions: E=young(eden), S=young(survivor), O=old, HS=humongous(starts), HC=humongous(continues), CS=collection set, F=free, OA=open archive, CA=closed archive, TAMS=top-at-mark-start (previous, next)
|   0|0x0000000080000000, 0x0000000080100000, 0x0000000080100000|100%|HS|  |TAMS 0x0000000080100000, 0x0000000080100000| Complete 
|   1|0x0000000080100000, 0x0000000080200000, 0x0000000080200000|100%|HC|  |TAMS 0x0000000080200000, 0x0000000080200000| Complete 
|   2|0x0000000080200000, 0x0000000080300000, 0x0000000080300000|100%|HC|  |TAMS 0x0000000080300000, 0x0000000080300000| Complete 
|   3|0x0000000080300000, 0x0000000080400000, 0x0000000080400000|100%|HC|  |TAMS 0x0000000080400000, 0x0000000080400000| Complete 
|   4|0x0000000080400000, 0x0000000080500000, 0x0000000080500000|100%| O|  |TAMS 0x0000000080500000, 0x0000000080500000| Untracked 
|   5|0x0000000080500000, 0x0000000080600000, 0x0000000080600000|100%| O|  |TAMS 0x0000000080600000, 0x0000000080600000| Untracked 
|   6|0x0000000080600000, 0x0000000080700000, 0x0000000080700000|100%| O|  |TAMS 0x0000000080700000, 0x0000000080700000| Untracked 
|   7|0x0000000080700000, 0x0000000080800000, 0x0000000080800000|100%| O|  |TAMS 0x0000000080800000, 0x0000000080800000| Untracked 
|   8|0x0000000080800000, 0x0000000080900000, 0x0000000080900000|100%| O|  |TAMS 0x0000000080900000, 0x0000000080900000| Untracked 
|   9|0x0000000080900000, 0x0000000080a00000, 0x0000000080a00000|100%|HS|  |TAMS 0x0000000080a00000, 0x0000000080a00000| Complete 
|  10|0x0000000080a00000, 0x0000000080b00000, 0x0000000080b00000|100%| O|  |TAMS 0x0000000080b00000, 0x0000000080b00000| Untracked 
|  11|0x0000000080b00000, 0x0000000080c00000, 0x0000000080c00000|100%| O|  |TAMS 0x0000000080c00000, 0x0000000080c00000| Untracked 
|  12|0x0000000080c00000, 0x0000000080d00000, 0x0000000080d00000|100%| O|  |TAMS 0x0000000080d00000, 0x0000000080d00000| Untracked 
|  13|0x0000000080d00000, 0x0000000080e00000, 0x0000000080e00000|100%| O|  |TAMS 0x0000000080e00000, 0x0000000080e00000| Untracked 
|  14|0x0000000080e00000, 0x0000000080f00000, 0x0000000080f00000|100%| O|  |TAMS 0x0000000080f00000, 0x0000000080f00000| Untracked 
|  15|0x0000000080f00000, 0x0000000081000000, 0x0000000081000000|100%| O|  |TAMS 0x0000000081000000, 0x0000000081000000| Untracked 
|  16|0x0000000081000000, 0x0000000081100000, 0x0000000081100000|100%| O|  |TAMS 0x0000000081100000, 0x0000000081100000| Untracked 
|  17|0x0000000081100000, 0x0000000081200000, 0x0000000081200000|100%| O|  |TAMS 0x0000000081200000, 0x0000000081200000| Untracked 
|  18|0x0000000081200000, 0x0000000081300000, 0x0000000081300000|100%| O|  |TAMS 0x0000000081300000, 0x0000000081300000| Untracked 
|  19|0x0000000081300000, 0x0000000081400000, 0x0000000081400000|100%| O|  |TAMS 0x0000000081400000, 0x0000000081400000| Untracked 
|  20|0x0000000081400000, 0x00000000814c6000, 0x0000000081500000| 77%| O|  |TAMS 0x00000000814c6000, 0x00000000814c6000| Untracked 
|  21|0x0000000081500000, 0x0000000081600000, 0x0000000081600000|100%| O|  |TAMS 0x0000000081600000, 0x0000000081600000| Untracked 
|  22|0x0000000081600000, 0x0000000081700000, 0x0000000081700000|100%| O|  |TAMS 0x0000000081700000, 0x0000000081700000| Untracked 
|  23|0x0000000081700000, 0x0000000081800000, 0x0000000081800000|100%| O|  |TAMS 0x0000000081800000, 0x0000000081800000| Untracked 
|  24|0x0000000081800000, 0x0000000081900000, 0x0000000081900000|100%| O|  |TAMS 0x0000000081900000, 0x0000000081900000| Untracked 
|  25|0x0000000081900000, 0x0000000081a00000, 0x0000000081a00000|100%| O|  |TAMS 0x0000000081a00000, 0x0000000081a00000| Untracked 
|  26|0x0000000081a00000, 0x0000000081b00000, 0x0000000081b00000|100%| O|  |TAMS 0x0000000081b00000, 0x0000000081b00000| Untracked 
|  27|0x0000000081b00000, 0x0000000081c00000, 0x0000000081c00000|100%| O|  |TAMS 0x0000000081c00000, 0x0000000081c00000| Untracked 
|  28|0x0000000081c00000, 0x0000000081d00000, 0x0000000081d00000|100%| O|  |TAMS 0x0000000081d00000, 0x0000000081d00000| Untracked 
|  29|0x0000000081d00000, 0x0000000081e00000, 0x0000000081e00000|100%| O|  |TAMS 0x0000000081e00000, 0x0000000081e00000| Untracked 
|  30|0x0000000081e00000, 0x0000000081e00000, 0x0000000081f00000|  0%| F|  |TAMS 0x0000000081e00000, 0x0000000081e00000| Untracked 
|  31|0x0000000081f00000, 0x0000000082000000, 0x0000000082000000|100%|HS|  |TAMS 0x0000000082000000, 0x0000000082000000| Complete 
|  32|0x0000000082000000, 0x0000000082100000, 0x0000000082100000|100%| O|  |TAMS 0x0000000082100000, 0x0000000082100000| Untracked 
|  33|0x0000000082100000, 0x0000000082200000, 0x0000000082200000|100%| O|  |TAMS 0x0000000082200000, 0x0000000082200000| Untracked 
|  34|0x0000000082200000, 0x0000000082300000, 0x0000000082300000|100%| O|  |TAMS 0x0000000082300000, 0x0000000082300000| Untracked 
|  35|0x0000000082300000, 0x0000000082400000, 0x0000000082400000|100%| O|  |TAMS 0x0000000082400000, 0x0000000082400000| Untracked 
|  36|0x0000000082400000, 0x0000000082500000, 0x0000000082500000|100%| O|  |TAMS 0x0000000082500000, 0x0000000082500000| Untracked 
|  37|0x0000000082500000, 0x0000000082600000, 0x0000000082600000|100%| O|  |TAMS 0x0000000082600000, 0x0000000082600000| Untracked 
|  38|0x0000000082600000, 0x0000000082700000, 0x0000000082700000|100%| O|  |TAMS 0x0000000082700000, 0x0000000082700000| Untracked 
|  39|0x0000000082700000, 0x0000000082800000, 0x0000000082800000|100%| O|  |TAMS 0x0000000082800000, 0x0000000082800000| Untracked 
|  40|0x0000000082800000, 0x0000000082900000, 0x0000000082900000|100%| O|  |TAMS 0x0000000082900000, 0x0000000082900000| Untracked 
|  41|0x0000000082900000, 0x0000000082a00000, 0x0000000082a00000|100%| O|  |TAMS 0x0000000082a00000, 0x0000000082a00000| Untracked 
|  42|0x0000000082a00000, 0x0000000082b00000, 0x0000000082b00000|100%| O|  |TAMS 0x0000000082b00000, 0x0000000082b00000| Untracked 
|  43|0x0000000082b00000, 0x0000000082c00000, 0x0000000082c00000|100%| O|  |TAMS 0x0000000082c00000, 0x0000000082c00000| Untracked 
|  44|0x0000000082c00000, 0x0000000082d00000, 0x0000000082d00000|100%| O|  |TAMS 0x0000000082d00000, 0x0000000082d00000| Untracked 
|  45|0x0000000082d00000, 0x0000000082e00000, 0x0000000082e00000|100%| O|  |TAMS 0x0000000082d00000, 0x0000000082e00000| Untracked 
|  46|0x0000000082e00000, 0x0000000082f00000, 0x0000000082f00000|100%| O|  |TAMS 0x0000000082e00000, 0x0000000082f00000| Untracked 
|  47|0x0000000082f00000, 0x0000000083000000, 0x0000000083000000|100%| O|  |TAMS 0x0000000082f00000, 0x0000000083000000| Untracked 
|  48|0x0000000083000000, 0x0000000083100000, 0x0000000083100000|100%| O|  |TAMS 0x0000000083000000, 0x0000000083100000| Untracked 
|  49|0x0000000083100000, 0x0000000083200000, 0x0000000083200000|100%| O|  |TAMS 0x0000000083200000, 0x0000000083200000| Untracked 
|  50|0x0000000083200000, 0x0000000083300000, 0x0000000083300000|100%| O|  |TAMS 0x0000000083300000, 0x0000000083300000| Untracked 
|  51|0x0000000083300000, 0x0000000083400000, 0x0000000083400000|100%| O|  |TAMS 0x0000000083300000, 0x0000000083400000| Untracked 
|  52|0x0000000083400000, 0x0000000083500000, 0x0000000083500000|100%| O|  |TAMS 0x0000000083500000, 0x0000000083500000| Untracked 
|  53|0x0000000083500000, 0x0000000083600000, 0x0000000083600000|100%| O|  |TAMS 0x0000000083553000, 0x0000000083600000| Untracked 
|  54|0x0000000083600000, 0x0000000083600000, 0x0000000083700000|  0%| F|  |TAMS 0x0000000083600000, 0x0000000083600000| Untracked 
|  55|0x0000000083700000, 0x0000000083700000, 0x0000000083800000|  0%| F|  |TAMS 0x0000000083700000, 0x0000000083700000| Untracked 
|  56|0x0000000083800000, 0x0000000083800000, 0x0000000083900000|  0%| F|  |TAMS 0x0000000083800000, 0x0000000083800000| Untracked 
|  57|0x0000000083900000, 0x0000000083900000, 0x0000000083a00000|  0%| F|  |TAMS 0x0000000083900000, 0x0000000083900000| Untracked 
|  58|0x0000000083a00000, 0x0000000083a00000, 0x0000000083b00000|  0%| F|  |TAMS 0x0000000083a00000, 0x0000000083a00000| Untracked 
|  59|0x0000000083b00000, 0x0000000083b00000, 0x0000000083c00000|  0%| F|  |TAMS 0x0000000083b00000, 0x0000000083b00000| Untracked 
|  60|0x0000000083c00000, 0x0000000083c00000, 0x0000000083d00000|  0%| F|  |TAMS 0x0000000083c00000, 0x0000000083c00000| Untracked 
|  61|0x0000000083d00000, 0x0000000083d00000, 0x0000000083e00000|  0%| F|  |TAMS 0x0000000083d00000, 0x0000000083d00000| Untracked 
|  62|0x0000000083e00000, 0x0000000083e00000, 0x0000000083f00000|  0%| F|  |TAMS 0x0000000083e00000, 0x0000000083e00000| Untracked 
|  63|0x0000000083f00000, 0x0000000083f00000, 0x0000000084000000|  0%| F|  |TAMS 0x0000000083f00000, 0x0000000083f00000| Untracked 
|  64|0x0000000084000000, 0x0000000084000000, 0x0000000084100000|  0%| F|  |TAMS 0x0000000084000000, 0x0000000084000000| Untracked 
|  65|0x0000000084100000, 0x0000000084100000, 0x0000000084200000|  0%| F|  |TAMS 0x0000000084100000, 0x0000000084100000| Untracked 
|  66|0x0000000084200000, 0x0000000084200000, 0x0000000084300000|  0%| F|  |TAMS 0x0000000084200000, 0x0000000084200000| Untracked 
|  67|0x0000000084300000, 0x0000000084300000, 0x0000000084400000|  0%| F|  |TAMS 0x0000000084300000, 0x0000000084300000| Untracked 
|  68|0x0000000084400000, 0x0000000084400000, 0x0000000084500000|  0%| F|  |TAMS 0x0000000084400000, 0x0000000084400000| Untracked 
|  69|0x0000000084500000, 0x0000000084500000, 0x0000000084600000|  0%| F|  |TAMS 0x0000000084500000, 0x0000000084500000| Untracked 
|  70|0x0000000084600000, 0x0000000084600000, 0x0000000084700000|  0%| F|  |TAMS 0x0000000084600000, 0x0000000084600000| Untracked 
|  71|0x0000000084700000, 0x0000000084700000, 0x0000000084800000|  0%| F|  |TAMS 0x0000000084700000, 0x0000000084700000| Untracked 
|  72|0x0000000084800000, 0x0000000084800000, 0x0000000084900000|  0%| F|  |TAMS 0x0000000084800000, 0x0000000084800000| Untracked 
|  73|0x0000000084900000, 0x00000000849392c0, 0x0000000084a00000| 22%| S|CS|TAMS 0x0000000084900000, 0x0000000084900000| Complete 
|  74|0x0000000084a00000, 0x0000000084b00000, 0x0000000084b00000|100%| S|CS|TAMS 0x0000000084a00000, 0x0000000084a00000| Complete 
|  75|0x0000000084b00000, 0x0000000084c00000, 0x0000000084c00000|100%| S|CS|TAMS 0x0000000084b00000, 0x0000000084b00000| Complete 
|  76|0x0000000084c00000, 0x0000000084c00000, 0x0000000084d00000|  0%| F|  |TAMS 0x0000000084c00000, 0x0000000084c00000| Untracked 
|  77|0x0000000084d00000, 0x0000000084d00000, 0x0000000084e00000|  0%| F|  |TAMS 0x0000000084d00000, 0x0000000084d00000| Untracked 
|  78|0x0000000084e00000, 0x0000000084e00000, 0x0000000084f00000|  0%| F|  |TAMS 0x0000000084e00000, 0x0000000084e00000| Untracked 
|  79|0x0000000084f00000, 0x0000000084f00000, 0x0000000085000000|  0%| F|  |TAMS 0x0000000084f00000, 0x0000000084f00000| Untracked 
|  80|0x0000000085000000, 0x0000000085000000, 0x0000000085100000|  0%| F|  |TAMS 0x0000000085000000, 0x0000000085000000| Untracked 
|  81|0x0000000085100000, 0x0000000085100000, 0x0000000085200000|  0%| F|  |TAMS 0x0000000085100000, 0x0000000085100000| Untracked 
|  82|0x0000000085200000, 0x0000000085200000, 0x0000000085300000|  0%| F|  |TAMS 0x0000000085200000, 0x0000000085200000| Untracked 
|  83|0x0000000085300000, 0x0000000085300000, 0x0000000085400000|  0%| F|  |TAMS 0x0000000085300000, 0x0000000085300000| Untracked 
|  84|0x0000000085400000, 0x0000000085400000, 0x0000000085500000|  0%| F|  |TAMS 0x0000000085400000, 0x0000000085400000| Untracked 
|  85|0x0000000085500000, 0x0000000085500000, 0x0000000085600000|  0%| F|  |TAMS 0x0000000085500000, 0x0000000085500000| Untracked 
|  86|0x0000000085600000, 0x0000000085600000, 0x0000000085700000|  0%| F|  |TAMS 0x0000000085600000, 0x0000000085600000| Untracked 
|  87|0x0000000085700000, 0x0000000085700000, 0x0000000085800000|  0%| F|  |TAMS 0x0000000085700000, 0x0000000085700000| Untracked 
|  88|0x0000000085800000, 0x0000000085800000, 0x0000000085900000|  0%| F|  |TAMS 0x0000000085800000, 0x0000000085800000| Untracked 
|  89|0x0000000085900000, 0x0000000085900000, 0x0000000085a00000|  0%| F|  |TAMS 0x0000000085900000, 0x0000000085900000| Untracked 
|  90|0x0000000085a00000, 0x0000000085a00000, 0x0000000085b00000|  0%| F|  |TAMS 0x0000000085a00000, 0x0000000085a00000| Untracked 
|  91|0x0000000085b00000, 0x0000000085b00000, 0x0000000085c00000|  0%| F|  |TAMS 0x0000000085b00000, 0x0000000085b00000| Untracked 
|  92|0x0000000085c00000, 0x0000000085c00000, 0x0000000085d00000|  0%| F|  |TAMS 0x0000000085c00000, 0x0000000085c00000| Untracked 
|  93|0x0000000085d00000, 0x0000000085d00000, 0x0000000085e00000|  0%| F|  |TAMS 0x0000000085d00000, 0x0000000085d00000| Untracked 
|  94|0x0000000085e00000, 0x0000000085e00000, 0x0000000085f00000|  0%| F|  |TAMS 0x0000000085e00000, 0x0000000085e00000| Untracked 
|  95|0x0000000085f00000, 0x0000000085f00000, 0x0000000086000000|  0%| F|  |TAMS 0x0000000085f00000, 0x0000000085f00000| Untracked 
|  96|0x0000000086000000, 0x0000000086000000, 0x0000000086100000|  0%| F|  |TAMS 0x0000000086000000, 0x0000000086000000| Untracked 
|  97|0x0000000086100000, 0x0000000086100000, 0x0000000086200000|  0%| F|  |TAMS 0x0000000086100000, 0x0000000086100000| Untracked 
|  98|0x0000000086200000, 0x0000000086200000, 0x0000000086300000|  0%| F|  |TAMS 0x0000000086200000, 0x0000000086200000| Untracked 
|  99|0x0000000086300000, 0x0000000086300000, 0x0000000086400000|  0%| F|  |TAMS 0x0000000086300000, 0x0000000086300000| Untracked 
| 100|0x0000000086400000, 0x0000000086400000, 0x0000000086500000|  0%| F|  |TAMS 0x0000000086400000, 0x0000000086400000| Untracked 
| 127|0x0000000087f00000, 0x0000000087f00000, 0x0000000088000000|  0%| F|  |TAMS 0x0000000087f00000, 0x0000000087f00000| Untracked 

Card table byte_map: [0x00000209fb430000,0x00000209fb830000] _byte_map_base: 0x00000209fb030000

Marking Bits (Prev, Next): (CMBitMap*) 0x00000209f5b77190, (CMBitMap*) 0x00000209f5b771d0
 Prev Bits: [0x00000209fbc30000, 0x00000209fdc30000)
 Next Bits: [0x00000209fdc30000, 0x00000209ffc30000)

Polling page: 0x00000209f5bf0000

Metaspace:

Usage:
  Non-class:     58.10 MB used.
      Class:      8.82 MB used.
       Both:     66.93 MB used.

Virtual space:
  Non-class space:       64.00 MB reserved,      58.44 MB ( 91%) committed,  8 nodes.
      Class space:        1.00 GB reserved,       9.06 MB ( <1%) committed,  1 nodes.
             Both:        1.06 GB reserved,      67.50 MB (  6%) committed. 

Chunk freelists:
   Non-Class:  1.30 MB
       Class:  2.89 MB
        Both:  4.19 MB

MaxMetaspaceSize: unlimited
CompressedClassSpaceSize: 1.00 GB
Initial GC threshold: 21.00 MB
Current GC threshold: 109.69 MB
CDS: off
MetaspaceReclaimPolicy: balanced
 - commit_granule_bytes: 65536.
 - commit_granule_words: 8192.
 - virtual_space_node_default_size: 1048576.
 - enlarge_chunks_in_place: 1.
 - new_chunks_are_fully_committed: 0.
 - uncommit_free_chunks: 1.
 - use_allocation_guard: 0.
 - handle_deallocations: 1.


Internal statistics:

num_allocs_failed_limit: 6.
num_arena_births: 622.
num_arena_deaths: 0.
num_vsnodes_births: 9.
num_vsnodes_deaths: 0.
num_space_committed: 1080.
num_space_uncommitted: 0.
num_chunks_returned_to_freelist: 6.
num_chunks_taken_from_freelist: 2863.
num_chunk_merges: 6.
num_chunk_splits: 1925.
num_chunks_enlarged: 1332.
num_purges: 0.
num_inconsistent_stats: 0.

CodeHeap 'non-profiled nmethods': size=120000Kb used=3131Kb max_used=3131Kb free=116868Kb
 bounds [0x0000020987ad0000, 0x0000020987de0000, 0x000002098f000000]
CodeHeap 'profiled nmethods': size=120000Kb used=13327Kb max_used=13327Kb free=106672Kb
 bounds [0x0000020980000000, 0x0000020980d10000, 0x0000020987530000]
CodeHeap 'non-nmethods': size=5760Kb used=2353Kb max_used=2390Kb free=3406Kb
 bounds [0x0000020987530000, 0x00000209877a0000, 0x0000020987ad0000]
 total_blobs=7679 nmethods=6800 adapters=792
 compilation: enabled
              stopped_count=0, restarted_count=0
 full_count=0

Compilation events (20 events):
Event: 13.719 Thread 0x0000020992077020 6858       2       org.gradle.internal.logging.progress.DefaultProgressLoggerFactory$ProgressLoggerImpl::assertRunning (63 bytes)
Event: 13.720 Thread 0x0000020992077020 nmethod 6858 0x0000020980d00b10 code [0x0000020980d00da0, 0x0000020980d01898]
Event: 13.720 Thread 0x0000020992077020 6861       2       org.gradle.internal.operations.DefaultBuildOperationListenerManager$1::finished (48 bytes)
Event: 13.720 Thread 0x0000020992077020 nmethod 6861 0x0000020980d01d10 code [0x0000020980d01ee0, 0x0000020980d02148]
Event: 13.720 Thread 0x0000020992077020 6859       2       org.gradle.internal.logging.events.ProgressCompleteEvent::<init> (27 bytes)
Event: 13.720 Thread 0x0000020992077020 nmethod 6859 0x0000020980d02310 code [0x0000020980d024a0, 0x0000020980d02678]
Event: 13.720 Thread 0x0000020992077020 6860       2       org.gradle.internal.logging.services.ProgressLoggingBridge::completed (11 bytes)
Event: 13.721 Thread 0x0000020992077020 nmethod 6860 0x0000020980d02710 code [0x0000020980d028a0, 0x0000020980d029c8]
Event: 13.721 Thread 0x0000020992077020 6862       2       org.gradle.tooling.internal.provider.runner.TestTaskExecutionTracker::finished (25 bytes)
Event: 13.721 Thread 0x0000020992077020 nmethod 6862 0x0000020980d02a90 code [0x0000020980d02c40, 0x0000020980d02dc8]
Event: 13.721 Thread 0x0000020992077020 6863       2       org.gradle.tooling.internal.provider.runner.ProjectConfigurationTracker::finished (56 bytes)
Event: 13.722 Thread 0x0000020992077020 nmethod 6863 0x0000020980d02e90 code [0x0000020980d030a0, 0x0000020980d03658]
Event: 13.727 Thread 0x0000020991528850 nmethod 6818 0x0000020987ddcc10 code [0x0000020987ddcde0, 0x0000020987ddd8d8]
Event: 13.727 Thread 0x0000020991528850 6781       4       java.lang.PublicMethods$MethodList::merge (192 bytes)
Event: 13.734 Thread 0x0000020991528850 nmethod 6781 0x0000020987ddde90 code [0x0000020987dde020, 0x0000020987dde458]
Event: 13.734 Thread 0x0000020991528850 6800       4       java.lang.AbstractStringBuilder::putStringAt (34 bytes)
Event: 13.738 Thread 0x0000020991528850 nmethod 6800 0x0000020987dde710 code [0x0000020987dde8a0, 0x0000020987ddeb68]
Event: 13.738 Thread 0x0000020991528850 6780       4       java.lang.Class::privateGetDeclaredMethods (64 bytes)
Event: 13.743 Thread 0x0000020992077020 6864   !   2       jdk.proxy1.$Proxy5::annotationType (29 bytes)
Event: 13.743 Thread 0x0000020992077020 nmethod 6864 0x0000020980d03a10 code [0x0000020980d03bc0, 0x0000020980d03e38]

GC Heap History (20 events):
Event: 9.075 GC heap after
{Heap after GC invocations=12 (full 0):
 garbage-first heap   total 86016K, used 34390K [0x0000000080000000, 0x0000000100000000)
  region size 1024K, 2 young (2048K), 2 survivors (2048K)
 Metaspace       used 50776K, committed 51200K, reserved 1097728K
  class space    used 6740K, committed 6912K, reserved 1048576K
}
Event: 10.187 GC heap before
{Heap before GC invocations=12 (full 0):
 garbage-first heap   total 86016K, used 69206K [0x0000000080000000, 0x0000000100000000)
  region size 1024K, 34 young (34816K), 2 survivors (2048K)
 Metaspace       used 51904K, committed 52352K, reserved 1097728K
  class space    used 6841K, committed 7040K, reserved 1048576K
}
Event: 10.197 GC heap after
{Heap after GC invocations=13 (full 0):
 garbage-first heap   total 86016K, used 42543K [0x0000000080000000, 0x0000000100000000)
  region size 1024K, 5 young (5120K), 5 survivors (5120K)
 Metaspace       used 51904K, committed 52352K, reserved 1097728K
  class space    used 6841K, committed 7040K, reserved 1048576K
}
Event: 10.823 GC heap before
{Heap before GC invocations=13 (full 0):
 garbage-first heap   total 86016K, used 66095K [0x0000000080000000, 0x0000000100000000)
  region size 1024K, 28 young (28672K), 5 survivors (5120K)
 Metaspace       used 54945K, committed 55424K, reserved 1097728K
  class space    used 7264K, committed 7488K, reserved 1048576K
}
Event: 10.830 GC heap after
{Heap after GC invocations=14 (full 0):
 garbage-first heap   total 86016K, used 44949K [0x0000000080000000, 0x0000000100000000)
  region size 1024K, 2 young (2048K), 2 survivors (2048K)
 Metaspace       used 54945K, committed 55424K, reserved 1097728K
  class space    used 7264K, committed 7488K, reserved 1048576K
}
Event: 11.392 GC heap before
{Heap before GC invocations=14 (full 0):
 garbage-first heap   total 86016K, used 66453K [0x0000000080000000, 0x0000000100000000)
  region size 1024K, 23 young (23552K), 2 survivors (2048K)
 Metaspace       used 58366K, committed 58944K, reserved 1105920K
  class space    used 7676K, committed 7936K, reserved 1048576K
}
Event: 11.397 GC heap after
{Heap after GC invocations=15 (full 0):
 garbage-first heap   total 86016K, used 45887K [0x0000000080000000, 0x0000000100000000)
  region size 1024K, 1 young (1024K), 1 survivors (1024K)
 Metaspace       used 58366K, committed 58944K, reserved 1105920K
  class space    used 7676K, committed 7936K, reserved 1048576K
}
Event: 12.038 GC heap before
{Heap before GC invocations=16 (full 0):
 garbage-first heap   total 86016K, used 65343K [0x0000000080000000, 0x0000000100000000)
  region size 1024K, 21 young (21504K), 1 survivors (1024K)
 Metaspace       used 62488K, committed 63040K, reserved 1105920K
  class space    used 8255K, committed 8512K, reserved 1048576K
}
Event: 12.043 GC heap after
{Heap after GC invocations=17 (full 0):
 garbage-first heap   total 86016K, used 47941K [0x0000000080000000, 0x0000000100000000)
  region size 1024K, 3 young (3072K), 3 survivors (3072K)
 Metaspace       used 62488K, committed 63040K, reserved 1105920K
  class space    used 8255K, committed 8512K, reserved 1048576K
}
Event: 12.125 GC heap before
{Heap before GC invocations=18 (full 0):
 garbage-first heap   total 104448K, used 60229K [0x0000000080000000, 0x0000000100000000)
  region size 1024K, 12 young (12288K), 3 survivors (3072K)
 Metaspace       used 62493K, committed 63040K, reserved 1105920K
  class space    used 8255K, committed 8512K, reserved 1048576K
}
Event: 12.133 GC heap after
{Heap after GC invocations=19 (full 0):
 garbage-first heap   total 104448K, used 53758K [0x0000000080000000, 0x0000000100000000)
  region size 1024K, 3 young (3072K), 3 survivors (3072K)
 Metaspace       used 62493K, committed 63040K, reserved 1105920K
  class space    used 8255K, committed 8512K, reserved 1048576K
}
Event: 12.637 GC heap before
{Heap before GC invocations=20 (full 0):
 garbage-first heap   total 104448K, used 77310K [0x0000000080000000, 0x0000000100000000)
  region size 1024K, 24 young (24576K), 3 survivors (3072K)
 Metaspace       used 64658K, committed 65216K, reserved 1105920K
  class space    used 8529K, committed 8768K, reserved 1048576K
}
Event: 12.642 GC heap after
{Heap after GC invocations=21 (full 0):
 garbage-first heap   total 104448K, used 52133K [0x0000000080000000, 0x0000000100000000)
  region size 1024K, 2 young (2048K), 2 survivors (2048K)
 Metaspace       used 64658K, committed 65216K, reserved 1105920K
  class space    used 8529K, committed 8768K, reserved 1048576K
}
Event: 13.090 GC heap before
{Heap before GC invocations=21 (full 0):
 garbage-first heap   total 104448K, used 74661K [0x0000000080000000, 0x0000000100000000)
  region size 1024K, 25 young (25600K), 2 survivors (2048K)
 Metaspace       used 66573K, committed 67136K, reserved 1114112K
  class space    used 8765K, committed 9024K, reserved 1048576K
}
Event: 13.095 GC heap after
{Heap after GC invocations=22 (full 0):
 garbage-first heap   total 104448K, used 54104K [0x0000000080000000, 0x0000000100000000)
  region size 1024K, 4 young (4096K), 4 survivors (4096K)
 Metaspace       used 66573K, committed 67136K, reserved 1114112K
  class space    used 8765K, committed 9024K, reserved 1048576K
}
Event: 13.446 GC heap before
{Heap before GC invocations=23 (full 0):
 garbage-first heap   total 104448K, used 76632K [0x0000000080000000, 0x0000000100000000)
  region size 1024K, 27 young (27648K), 4 survivors (4096K)
 Metaspace       used 67626K, committed 68224K, reserved 1114112K
  class space    used 8923K, committed 9216K, reserved 1048576K
}
Event: 13.452 GC heap after
{Heap after GC invocations=24 (full 0):
 garbage-first heap   total 104448K, used 54801K [0x0000000080000000, 0x0000000100000000)
  region size 1024K, 4 young (4096K), 4 survivors (4096K)
 Metaspace       used 67626K, committed 68224K, reserved 1114112K
  class space    used 8923K, committed 9216K, reserved 1048576K
}
Event: 13.460 GC heap before
{Heap before GC invocations=24 (full 0):
 garbage-first heap   total 104448K, used 55825K [0x0000000080000000, 0x0000000100000000)
  region size 1024K, 5 young (5120K), 4 survivors (4096K)
 Metaspace       used 67626K, committed 68224K, reserved 1114112K
  class space    used 8923K, committed 9216K, reserved 1048576K
}
Event: 13.467 GC heap after
{Heap after GC invocations=25 (full 0):
 garbage-first heap   total 104448K, used 54268K [0x0000000080000000, 0x0000000100000000)
  region size 1024K, 1 young (1024K), 1 survivors (1024K)
 Metaspace       used 67626K, committed 68224K, reserved 1114112K
  class space    used 8923K, committed 9216K, reserved 1048576K
}
Event: 13.750 GC heap before
{Heap before GC invocations=25 (full 0):
 garbage-first heap   total 104448K, used 79868K [0x0000000080000000, 0x0000000100000000)
  region size 1024K, 26 young (26624K), 1 survivors (1024K)
 Metaspace       used 68533K, committed 69120K, reserved 1114112K
  class space    used 9036K, committed 9280K, reserved 1048576K
}

Dll operation events (2 events):
Event: 0.016 Loaded shared library G:\Program\Android Studio\jbr\bin\java.dll
Event: 0.652 Loaded shared library G:\Program\Android Studio\jbr\bin\verify.dll

Deoptimization events (20 events):
Event: 13.221 Thread 0x00000209944d6cd0 Uncommon trap: trap_request=0xffffff45 fr.pc=0x0000020987beec84 relative=0x00000000000004c4
Event: 13.221 Thread 0x00000209944d6cd0 Uncommon trap: reason=unstable_if action=reinterpret pc=0x0000020987beec84 method=java.lang.AbstractStringBuilder.appendChars(Ljava/lang/String;II)V @ 11 c2
Event: 13.221 Thread 0x00000209944d6cd0 DEOPT PACKING pc=0x0000020987beec84 sp=0x0000003aa89f63b0
Event: 13.221 Thread 0x00000209944d6cd0 DEOPT UNPACKING pc=0x00000209875869a3 sp=0x0000003aa89f62e0 mode 2
Event: 13.222 Thread 0x00000209944d6cd0 Uncommon trap: trap_request=0xffffff45 fr.pc=0x0000020987bef5dc relative=0x000000000000013c
Event: 13.222 Thread 0x00000209944d6cd0 Uncommon trap: reason=unstable_if action=reinterpret pc=0x0000020987bef5dc method=java.lang.AbstractStringBuilder.appendChars(Ljava/lang/String;II)V @ 11 c2
Event: 13.222 Thread 0x00000209944d6cd0 DEOPT PACKING pc=0x0000020987bef5dc sp=0x0000003aa89f6320
Event: 13.222 Thread 0x00000209944d6cd0 DEOPT UNPACKING pc=0x00000209875869a3 sp=0x0000003aa89f62d0 mode 2
Event: 13.222 Thread 0x00000209944d6cd0 Uncommon trap: trap_request=0xffffff45 fr.pc=0x0000020987b760e8 relative=0x00000000000003c8
Event: 13.222 Thread 0x00000209944d6cd0 Uncommon trap: reason=unstable_if action=reinterpret pc=0x0000020987b760e8 method=java.lang.StringBuilder.toString()Ljava/lang/String; @ 4 c2
Event: 13.222 Thread 0x00000209944d6cd0 DEOPT PACKING pc=0x0000020987b760e8 sp=0x0000003aa89f6470
Event: 13.222 Thread 0x00000209944d6cd0 DEOPT UNPACKING pc=0x00000209875869a3 sp=0x0000003aa89f6440 mode 2
Event: 13.222 Thread 0x00000209944d6cd0 Uncommon trap: trap_request=0xffffff45 fr.pc=0x0000020987b193f0 relative=0x00000000000004b0
Event: 13.222 Thread 0x00000209944d6cd0 Uncommon trap: reason=unstable_if action=reinterpret pc=0x0000020987b193f0 method=java.lang.AbstractStringBuilder.putStringAt(ILjava/lang/String;II)V @ 8 c2
Event: 13.222 Thread 0x00000209944d6cd0 DEOPT PACKING pc=0x0000020987b193f0 sp=0x0000003aa89f63e0
Event: 13.222 Thread 0x00000209944d6cd0 DEOPT UNPACKING pc=0x00000209875869a3 sp=0x0000003aa89f62b0 mode 2
Event: 13.222 Thread 0x00000209944d6cd0 Uncommon trap: trap_request=0xffffff45 fr.pc=0x0000020987b0733c relative=0x000000000000011c
Event: 13.222 Thread 0x00000209944d6cd0 Uncommon trap: reason=unstable_if action=reinterpret pc=0x0000020987b0733c method=java.lang.AbstractStringBuilder.putStringAt(ILjava/lang/String;II)V @ 8 c2
Event: 13.222 Thread 0x00000209944d6cd0 DEOPT PACKING pc=0x0000020987b0733c sp=0x0000003aa89f6350
Event: 13.222 Thread 0x00000209944d6cd0 DEOPT UNPACKING pc=0x00000209875869a3 sp=0x0000003aa89f6298 mode 2

Classes unloaded (0 events):
No events

Classes redefined (0 events):
No events

Internal exceptions (20 events):
Event: 13.585 Thread 0x00000209944d6cd0 Exception <a 'java/lang/ClassNotFoundException'{0x00000000856fb480}: com/android/builder/core/AbstractBuildTypeCustomizer> (0x00000000856fb480) 
thrown [s\src\hotspot\share\classfile\systemDictionary.cpp, line 256]
Event: 13.587 Thread 0x00000209944d6cd0 Exception <a 'java/lang/ClassNotFoundException'{0x0000000085526858}: com/android/build/gradle/internal/dsl/BuildTypeCustomizer> (0x0000000085526858) 
thrown [s\src\hotspot\share\classfile\systemDictionary.cpp, line 256]
Event: 13.590 Thread 0x00000209944d6cd0 Exception <a 'java/lang/ClassNotFoundException'{0x00000000855afea8}: com/android/build/gradle/internal/dsl/BuildType$AgpDecoratedCustomizer> (0x00000000855afea8) 
thrown [s\src\hotspot\share\classfile\systemDictionary.cpp, line 256]
Event: 13.593 Thread 0x00000209944d6cd0 Exception <a 'java/lang/ClassNotFoundException'{0x0000000085403e98}: com/android/build/gradle/internal/dsl/BuildType$AgpDecorated_DecoratedCustomizer> (0x0000000085403e98) 
thrown [s\src\hotspot\share\classfile\systemDictionary.cpp, line 256]
Event: 13.600 Thread 0x00000209944d6cd0 Exception <a 'java/lang/ClassNotFoundException'{0x00000000854e12d8}: build_39la1jgy69q0s5jhiocbte2d3$_run_closure1$_closure4BeanInfo> (0x00000000854e12d8) 
thrown [s\src\hotspot\share\classfile\systemDictionary.cpp, line 256]
Event: 13.601 Thread 0x00000209944d6cd0 Exception <a 'java/lang/ClassNotFoundException'{0x00000000854ec018}: build_39la1jgy69q0s5jhiocbte2d3$_run_closure1$_closure4Customizer> (0x00000000854ec018) 
thrown [s\src\hotspot\share\classfile\systemDictionary.cpp, line 256]
Event: 13.603 Thread 0x00000209944d6cd0 Exception <a 'java/lang/ClassNotFoundException'{0x0000000085313548}: build_39la1jgy69q0s5jhiocbte2d3$_run_closure1BeanInfo> (0x0000000085313548) 
thrown [s\src\hotspot\share\classfile\systemDictionary.cpp, line 256]
Event: 13.604 Thread 0x00000209944d6cd0 Exception <a 'java/lang/ClassNotFoundException'{0x000000008531e970}: build_39la1jgy69q0s5jhiocbte2d3$_run_closure1Customizer> (0x000000008531e970) 
thrown [s\src\hotspot\share\classfile\systemDictionary.cpp, line 256]
Event: 13.608 Thread 0x00000209944d6cd0 Exception <a 'java/lang/ClassNotFoundException'{0x000000008535b560}: org/gradle/api/JavaVersionBeanInfo> (0x000000008535b560) 
thrown [s\src\hotspot\share\classfile\systemDictionary.cpp, line 256]
Event: 13.610 Thread 0x00000209944d6cd0 Exception <a 'java/lang/ClassNotFoundException'{0x0000000085371810}: org/gradle/api/JavaVersionCustomizer> (0x0000000085371810) 
thrown [s\src\hotspot\share\classfile\systemDictionary.cpp, line 256]
Event: 13.614 Thread 0x00000209944d6cd0 Exception <a 'java/lang/ClassNotFoundException'{0x00000000853c16f0}: com/android/build/gradle/internal/CompileOptions$AgpDecorated_DecoratedBeanInfo> (0x00000000853c16f0) 
thrown [s\src\hotspot\share\classfile\systemDictionary.cpp, line 256]
Event: 13.615 Thread 0x00000209944d6cd0 Exception <a 'java/lang/ClassNotFoundException'{0x00000000853ced50}: com/android/build/gradle/internal/CompileOptions$AgpDecoratedBeanInfo> (0x00000000853ced50) 
thrown [s\src\hotspot\share\classfile\systemDictionary.cpp, line 256]
Event: 13.616 Thread 0x00000209944d6cd0 Exception <a 'java/lang/ClassNotFoundException'{0x00000000853dc1b8}: com/android/build/gradle/internal/CompileOptionsBeanInfo> (0x00000000853dc1b8) 
thrown [s\src\hotspot\share\classfile\systemDictionary.cpp, line 256]
Event: 13.616 Thread 0x00000209944d6cd0 Exception <a 'java/lang/ClassNotFoundException'{0x00000000853e9628}: com/android/build/gradle/internal/CompileOptionsCustomizer> (0x00000000853e9628) 
thrown [s\src\hotspot\share\classfile\systemDictionary.cpp, line 256]
Event: 13.617 Thread 0x00000209944d6cd0 Exception <a 'java/lang/ClassNotFoundException'{0x0000000085203a10}: com/android/build/gradle/internal/CompileOptions$AgpDecoratedCustomizer> (0x0000000085203a10) 
thrown [s\src\hotspot\share\classfile\systemDictionary.cpp, line 256]
Event: 13.618 Thread 0x00000209944d6cd0 Exception <a 'java/lang/ClassNotFoundException'{0x0000000085220488}: com/android/build/gradle/internal/CompileOptions$AgpDecorated_DecoratedCustomizer> (0x0000000085220488) 
thrown [s\src\hotspot\share\classfile\systemDictionary.cpp, line 256]
Event: 13.625 Thread 0x00000209944d6cd0 Exception <a 'java/lang/ClassNotFoundException'{0x000000008529dd78}: org/gradle/api/internal/artifacts/dsl/dependencies/DefaultDependencyHandler_DecoratedBeanInfo> (0x000000008529dd78) 
thrown [s\src\hotspot\share\classfile\systemDictionary.cpp, line 256]
Event: 13.626 Thread 0x00000209944d6cd0 Exception <a 'java/lang/ClassNotFoundException'{0x00000000852b7d00}: org/gradle/api/internal/artifacts/dsl/dependencies/DefaultDependencyHandlerBeanInfo> (0x00000000852b7d00) 
thrown [s\src\hotspot\share\classfile\systemDictionary.cpp, line 256]
Event: 13.627 Thread 0x00000209944d6cd0 Exception <a 'java/lang/ClassNotFoundException'{0x00000000852d1c48}: org/gradle/api/internal/artifacts/dsl/dependencies/DefaultDependencyHandlerCustomizer> (0x00000000852d1c48) 
thrown [s\src\hotspot\share\classfile\systemDictionary.cpp, line 256]
Event: 13.629 Thread 0x00000209944d6cd0 Exception <a 'java/lang/ClassNotFoundException'{0x0000000085113858}: org/gradle/api/internal/artifacts/dsl/dependencies/DefaultDependencyHandler_DecoratedCustomizer> (0x0000000085113858) 
thrown [s\src\hotspot\share\classfile\systemDictionary.cpp, line 256]

VM Operations (20 events):
Event: 12.186 Executing VM operation: G1Concurrent done
Event: 12.205 Executing VM operation: G1Concurrent
Event: 12.206 Executing VM operation: G1Concurrent done
Event: 12.637 Executing VM operation: G1CollectForAllocation
Event: 12.642 Executing VM operation: G1CollectForAllocation done
Event: 12.785 Executing VM operation: HandshakeAllThreads
Event: 12.786 Executing VM operation: HandshakeAllThreads done
Event: 13.089 Executing VM operation: G1CollectForAllocation
Event: 13.100 Executing VM operation: G1CollectForAllocation done
Event: 13.147 Executing VM operation: G1Concurrent
Event: 13.151 Executing VM operation: G1Concurrent done
Event: 13.171 Executing VM operation: G1Concurrent
Event: 13.171 Executing VM operation: G1Concurrent done
Event: 13.446 Executing VM operation: G1CollectForAllocation
Event: 13.452 Executing VM operation: G1CollectForAllocation done
Event: 13.460 Executing VM operation: G1CollectForAllocation
Event: 13.467 Executing VM operation: G1CollectForAllocation done
Event: 13.659 Executing VM operation: HandshakeAllThreads
Event: 13.660 Executing VM operation: HandshakeAllThreads done
Event: 13.750 Executing VM operation: G1CollectForAllocation

Events (20 events):
Event: 12.906 loading class javax/management/MBeanRegistrationException
Event: 12.906 loading class javax/management/MBeanRegistrationException done
Event: 12.906 loading class javax/management/NotCompliantMBeanException
Event: 12.906 loading class javax/management/NotCompliantMBeanException done
Event: 12.909 loading class com/sun/jmx/mbeanserver/StandardMBeanSupport
Event: 12.909 loading class com/sun/jmx/mbeanserver/StandardMBeanSupport done
Event: 12.909 loading class com/sun/jmx/mbeanserver/StandardMBeanIntrospector
Event: 12.909 loading class com/sun/jmx/mbeanserver/StandardMBeanIntrospector done
Event: 12.986 loading class javax/xml/stream/XMLStreamException
Event: 12.987 loading class javax/xml/stream/XMLStreamException done
Event: 13.032 loading class sun/reflect/annotation/AnnotationInvocationHandler$1
Event: 13.032 loading class sun/reflect/annotation/AnnotationInvocationHandler$1 done
Event: 13.141 loading class sun/reflect/generics/repository/FieldRepository
Event: 13.141 loading class sun/reflect/generics/repository/FieldRepository done
Event: 13.160 loading class jdk/internal/vm/annotation/ForceInline
Event: 13.160 loading class jdk/internal/vm/annotation/ForceInline done
Event: 13.223 loading class java/util/regex/Pattern$Caret
Event: 13.223 loading class java/util/regex/Pattern$Caret done
Event: 13.496 loading class java/beans/IntrospectionException
Event: 13.496 loading class java/beans/IntrospectionException done


Dynamic libraries:
0x00007ff7fe4c0000 - 0x00007ff7fe4ca000 	G:\Program\Android Studio\jbr\bin\java.exe
0x00007ffb3b8f0000 - 0x00007ffb3bae8000 	C:\Windows\SYSTEM32\ntdll.dll
0x00007ffb3a7a0000 - 0x00007ffb3a85f000 	C:\Windows\System32\KERNEL32.DLL
0x00007ffb39270000 - 0x00007ffb39566000 	C:\Windows\System32\KERNELBASE.dll
0x00007ffb39790000 - 0x00007ffb39890000 	C:\Windows\System32\ucrtbase.dll
0x00007ffb31ed0000 - 0x00007ffb31ee7000 	G:\Program\Android Studio\jbr\bin\jli.dll
0x00007ffb2daa0000 - 0x00007ffb2dabb000 	G:\Program\Android Studio\jbr\bin\VCRUNTIME140.dll
0x00007ffb39fa0000 - 0x00007ffb3a13d000 	C:\Windows\System32\USER32.dll
0x00007ffb39890000 - 0x00007ffb398b2000 	C:\Windows\System32\win32u.dll
0x00007ffb1f090000 - 0x00007ffb1f32a000 	C:\Windows\WinSxS\amd64_microsoft.windows.common-controls_6595b64144ccf1df_6.0.19041.1110_none_60b5254171f9507e\COMCTL32.dll
0x00007ffb3b520000 - 0x00007ffb3b5be000 	C:\Windows\System32\msvcrt.dll
0x00007ffb3a710000 - 0x00007ffb3a73c000 	C:\Windows\System32\GDI32.dll
0x00007ffb38fd0000 - 0x00007ffb390e5000 	C:\Windows\System32\gdi32full.dll
0x00007ffb391d0000 - 0x00007ffb3926d000 	C:\Windows\System32\msvcp_win.dll
0x00007ffb39c60000 - 0x00007ffb39c90000 	C:\Windows\System32\IMM32.DLL
0x00007ffb31070000 - 0x00007ffb3107c000 	G:\Program\Android Studio\jbr\bin\vcruntime140_1.dll
0x00007ffafb880000 - 0x00007ffafb90d000 	G:\Program\Android Studio\jbr\bin\msvcp140.dll
0x00007ffad1380000 - 0x00007ffad1fed000 	G:\Program\Android Studio\jbr\bin\server\jvm.dll
0x00007ffb39bb0000 - 0x00007ffb39c5f000 	C:\Windows\System32\ADVAPI32.dll
0x00007ffb3b480000 - 0x00007ffb3b51c000 	C:\Windows\System32\sechost.dll
0x00007ffb3b710000 - 0x00007ffb3b836000 	C:\Windows\System32\RPCRT4.dll
0x00007ffb13de0000 - 0x00007ffb13de9000 	C:\Windows\SYSTEM32\WSOCK32.dll
0x00007ffb3b6a0000 - 0x00007ffb3b70b000 	C:\Windows\System32\WS2_32.dll
0x00007ffb26840000 - 0x00007ffb26867000 	C:\Windows\SYSTEM32\WINMM.dll
0x00007ffb31d40000 - 0x00007ffb31d4a000 	C:\Windows\SYSTEM32\VERSION.dll
0x00007ffb36d90000 - 0x00007ffb36da2000 	C:\Windows\SYSTEM32\kernel.appcore.dll
0x00007ffb36740000 - 0x00007ffb3674a000 	G:\Program\Android Studio\jbr\bin\jimage.dll
0x00007ffb22d00000 - 0x00007ffb22ee4000 	C:\Windows\SYSTEM32\DBGHELP.DLL
0x00007ffb21480000 - 0x00007ffb214b4000 	C:\Windows\SYSTEM32\dbgcore.DLL
0x00007ffb398c0000 - 0x00007ffb39942000 	C:\Windows\System32\bcryptPrimitives.dll
0x00007ffb33d60000 - 0x00007ffb33d85000 	G:\Program\Android Studio\jbr\bin\java.dll
0x00007ffb33d40000 - 0x00007ffb33d58000 	G:\Program\Android Studio\jbr\bin\zip.dll
0x00007ffb3acd0000 - 0x00007ffb3b414000 	C:\Windows\System32\SHELL32.dll
0x00007ffb37070000 - 0x00007ffb37803000 	C:\Windows\SYSTEM32\windows.storage.dll
0x00007ffb3a320000 - 0x00007ffb3a674000 	C:\Windows\System32\combase.dll
0x00007ffb38950000 - 0x00007ffb3897e000 	C:\Windows\SYSTEM32\Wldp.dll
0x00007ffb3a270000 - 0x00007ffb3a31d000 	C:\Windows\System32\SHCORE.dll
0x00007ffb3b850000 - 0x00007ffb3b8a5000 	C:\Windows\System32\shlwapi.dll
0x00007ffb38f10000 - 0x00007ffb38f2f000 	C:\Windows\SYSTEM32\profapi.dll
0x00007ffb33cd0000 - 0x00007ffb33ce9000 	G:\Program\Android Studio\jbr\bin\net.dll
0x00007ffb31760000 - 0x00007ffb3186a000 	C:\Windows\SYSTEM32\WINHTTP.dll
0x00007ffb38730000 - 0x00007ffb3879a000 	C:\Windows\system32\mswsock.dll
0x00007ffb32000000 - 0x00007ffb32016000 	G:\Program\Android Studio\jbr\bin\nio.dll
0x00007ffb34c50000 - 0x00007ffb34c60000 	G:\Program\Android Studio\jbr\bin\verify.dll
0x00007ffb310d0000 - 0x00007ffb310f7000 	C:\Users\maxim\.gradle\native\68d5fa5c4cc2d200863cafc0d521ce42e7d3e7ee720ec0a83991735586a16f82\windows-amd64\native-platform.dll
0x00007ffaefaa0000 - 0x00007ffaefbe4000 	C:\Users\maxim\.gradle\native\e376f236ea51e6404a007f0833ffe2c6e607c4080706a723a18a27aeea778392\windows-amd64\native-platform-file-events.dll
0x00007ffb367c0000 - 0x00007ffb367c9000 	G:\Program\Android Studio\jbr\bin\management.dll
0x00007ffb34c60000 - 0x00007ffb34c6b000 	G:\Program\Android Studio\jbr\bin\management_ext.dll
0x00007ffb39c90000 - 0x00007ffb39c98000 	C:\Windows\System32\PSAPI.DLL
0x00007ffb38cc0000 - 0x00007ffb38cd8000 	C:\Windows\SYSTEM32\CRYPTSP.dll
0x00007ffb37f80000 - 0x00007ffb37fb4000 	C:\Windows\system32\rsaenh.dll
0x00007ffb390f0000 - 0x00007ffb39117000 	C:\Windows\System32\bcrypt.dll
0x00007ffb38ed0000 - 0x00007ffb38efe000 	C:\Windows\SYSTEM32\USERENV.dll
0x00007ffb388c0000 - 0x00007ffb388cc000 	C:\Windows\SYSTEM32\CRYPTBASE.dll
0x00007ffb383d0000 - 0x00007ffb3840c000 	C:\Windows\SYSTEM32\IPHLPAPI.DLL
0x00007ffb3b840000 - 0x00007ffb3b848000 	C:\Windows\System32\NSI.dll
0x00007ffb329a0000 - 0x00007ffb329b7000 	C:\Windows\SYSTEM32\dhcpcsvc6.DLL
0x00007ffb32860000 - 0x00007ffb3287d000 	C:\Windows\SYSTEM32\dhcpcsvc.DLL
0x00007ffb38410000 - 0x00007ffb384db000 	C:\Windows\SYSTEM32\DNSAPI.dll
0x00007ffb34a30000 - 0x00007ffb34a37000 	C:\Windows\system32\wshunix.dll

dbghelp: loaded successfully - version: 4.0.5 - missing functions: none
symbol engine: initialized successfully - sym options: 0x614 - pdb path: .;G:\Program\Android Studio\jbr\bin;C:\Windows\SYSTEM32;C:\Windows\WinSxS\amd64_microsoft.windows.common-controls_6595b64144ccf1df_6.0.19041.1110_none_60b5254171f9507e;G:\Program\Android Studio\jbr\bin\server;C:\Users\maxim\.gradle\native\68d5fa5c4cc2d200863cafc0d521ce42e7d3e7ee720ec0a83991735586a16f82\windows-amd64;C:\Users\maxim\.gradle\native\e376f236ea51e6404a007f0833ffe2c6e607c4080706a723a18a27aeea778392\windows-amd64

VM Arguments:
jvm_args: --add-opens=java.base/java.util=ALL-UNNAMED --add-opens=java.base/java.lang=ALL-UNNAMED --add-opens=java.base/java.lang.invoke=ALL-UNNAMED --add-opens=java.prefs/java.util.prefs=ALL-UNNAMED --add-opens=java.base/java.nio.charset=ALL-UNNAMED --add-opens=java.base/java.net=ALL-UNNAMED --add-opens=java.base/java.util.concurrent.atomic=ALL-UNNAMED -Xmx2048m -Dfile.encoding=UTF-8 -Duser.country=RU -Duser.language=ru -Duser.variant 
java_command: org.gradle.launcher.daemon.bootstrap.GradleDaemon 8.0
java_class_path (initial): C:\Users\maxim\.gradle\wrapper\dists\gradle-8.0-bin\ca5e32bp14vu59qr306oxotwh\gradle-8.0\lib\gradle-launcher-8.0.jar
Launcher Type: SUN_STANDARD

[Global flags]
     intx CICompilerCount                          = 3                                         {product} {ergonomic}
     uint ConcGCThreads                            = 2                                         {product} {ergonomic}
     uint G1ConcRefinementThreads                  = 6                                         {product} {ergonomic}
   size_t G1HeapRegionSize                         = 1048576                                   {product} {ergonomic}
    uintx GCDrainStackTargetSize                   = 64                                        {product} {ergonomic}
   size_t InitialHeapSize                          = 134217728                                 {product} {ergonomic}
   size_t MarkStackSize                            = 4194304                                   {product} {ergonomic}
   size_t MaxHeapSize                              = 2147483648                                {product} {command line}
   size_t MaxNewSize                               = 1287651328                                {product} {ergonomic}
   size_t MinHeapDeltaBytes                        = 1048576                                   {product} {ergonomic}
   size_t MinHeapSize                              = 8388608                                   {product} {ergonomic}
    uintx NonNMethodCodeHeapSize                   = 5832780                                {pd product} {ergonomic}
    uintx NonProfiledCodeHeapSize                  = 122912730                              {pd product} {ergonomic}
    uintx ProfiledCodeHeapSize                     = 122912730                              {pd product} {ergonomic}
    uintx ReservedCodeCacheSize                    = 251658240                              {pd product} {ergonomic}
     bool SegmentedCodeCache                       = true                                      {product} {ergonomic}
   size_t SoftMaxHeapSize                          = 2147483648                             {manageable} {ergonomic}
     bool UseCompressedClassPointers               = true                           {product lp64_product} {ergonomic}
     bool UseCompressedOops                        = true                           {product lp64_product} {ergonomic}
     bool UseG1GC                                  = true                                      {product} {ergonomic}
     bool UseLargePagesIndividualAllocation        = false                                  {pd product} {ergonomic}

Logging:
Log output configuration:
 #0: stdout all=warning uptime,level,tags
 #1: stderr all=off uptime,level,tags

Environment Variables:
PATH=C:\Program Files\Common Files\Oracle\Java\javapath;C:\Windows\system32;C:\Windows;C:\Windows\System32\Wbem;C:\Windows\System32\WindowsPowerShell\v1.0\;C:\Windows\System32\OpenSSH\;C:\Program Files\NVIDIA Corporation\NVIDIA NvDLISR;C:\Program Files\Git\cmd;C:\Program Files (x86)\NVIDIA Corporation\PhysX\Common;C:\Program Files\Docker\Docker\resources\bin;C:\Program Files\MySQL\MySQL Shell 8.0\bin\;C:\Users\maxim\AppData\Local\Microsoft\WindowsApps;
USERNAME=maxim
OS=Windows_NT
PROCESSOR_IDENTIFIER=AMD64 Family 21 Model 2 Stepping 0, AuthenticAMD
TMP=C:\Users\maxim\AppData\Local\Temp
TEMP=C:\Users\maxim\AppData\Local\Temp



---------------  S Y S T E M  ---------------

OS:
 Windows 10 , 64 bit Build 19041 (10.0.19041.2913)
OS uptime: 3 days 2:09 hours
Hyper-V role detected

CPU: total 6 (initial active 6) (6 cores per cpu, 1 threads per core) family 21 model 2 stepping 0 microcode 0x0, cx8, cmov, fxsr, mmx, 3dnowpref, sse, sse2, sse3, ssse3, sse4a, sse4.1, sse4.2, popcnt, lzcnt, tsc, tscinvbit, avx, aes, clmul, bmi1, fma, vzeroupper, clflush, hv

Memory: 4k page, system-wide physical 8175M (270M free)
TotalPageFile size 22477M (AvailPageFile size 17M)
current process WorkingSet (physical memory assigned to process): 287M, peak: 291M
current process commit charge ("private bytes"): 318M, peak: 343M

vm_info: OpenJDK 64-Bit Server VM (17.0.6+0-b2043.56-9586694) for windows-amd64 JRE (17.0.6+0-b2043.56-9586694), built on Feb  9 2023 20:06:20 by "androidbuild" with MS VC++ 16.10 / 16.11 (VS2019)

END.
