#
# There is insufficient memory for the Java Runtime Environment to continue.
# Native memory allocation (malloc) failed to allocate 1954672 bytes for Chunk::new
# Possible reasons:
#   The system is out of physical RAM or swap space
#   The process is running with CompressedOops enabled, and the Java Heap may be blocking the growth of the native heap
# Possible solutions:
#   Reduce memory load on the system
#   Increase physical memory or swap space
#   Check if swap backing store is full
#   Decrease Java heap size (-Xmx/-Xms)
#   Decrease number of Java threads
#   Decrease Java thread stack sizes (-Xss)
#   Set larger code cache with -XX:ReservedCodeCacheSize=
#   JVM is running with Unscaled Compressed Oops mode in which the Java heap is
#     placed in the first 4GB address space. The Java Heap base address is the
#     maximum limit for the native heap growth. Please use -XX:HeapBaseMinAddress
#     to set the Java Heap base and to place the Java Heap above 4GB virtual address.
# This output file may be truncated or incomplete.
#
#  Out of Memory Error (arena.cpp:189), pid=6400, tid=29288
#
# JRE version: OpenJDK Runtime Environment (17.0.6) (build 17.0.6+0-b2043.56-9586694)
# Java VM: OpenJDK 64-Bit Server VM (17.0.6+0-b2043.56-9586694, mixed mode, tiered, compressed oops, compressed class ptrs, g1 gc, windows-amd64)
# No core dump will be written. Minidumps are not enabled by default on client versions of Windows
#

---------------  S U M M A R Y ------------

Command Line: --add-opens=java.base/java.util=ALL-UNNAMED --add-opens=java.base/java.lang=ALL-UNNAMED --add-opens=java.base/java.lang.invoke=ALL-UNNAMED --add-opens=java.prefs/java.util.prefs=ALL-UNNAMED --add-opens=java.base/java.nio.charset=ALL-UNNAMED --add-opens=java.base/java.net=ALL-UNNAMED --add-opens=java.base/java.util.concurrent.atomic=ALL-UNNAMED -Xmx2048m -Dfile.encoding=UTF-8 -Duser.country=RU -Duser.language=ru -Duser.variant org.gradle.launcher.daemon.bootstrap.GradleDaemon 8.0

Host: AMD FX(tm)-6350 Six-Core Processor             , 6 cores, 7G,  Windows 10 , 64 bit Build 19041 (10.0.19041.2913)
Time: Fri Jun  2 16:09:36 2023 RTZ 2 (s 10 , 64 bit Build 19041 (10.0.19041.2913) elapsed time: 28.051301 seconds (0d 0h 0m 28s)

---------------  T H R E A D  ---------------

Current thread (0x0000018d1f7a8780):  JavaThread "C2 CompilerThread1" daemon [_thread_in_native, id=29288, stack(0x0000006328c00000,0x0000006328d00000)]


Current CompileTask:
C2:  28051 7332       4       org.gradle.internal.instantiation.generator.AbstractClassGenerator::inspectType (560 bytes)

Stack: [0x0000006328c00000,0x0000006328d00000]
Native frames: (J=compiled Java code, j=interpreted, Vv=VM code, C=native code)
V  [jvm.dll+0x683b4a]
V  [jvm.dll+0x842654]
V  [jvm.dll+0x843dfe]
V  [jvm.dll+0x844463]
V  [jvm.dll+0x249b75]
V  [jvm.dll+0xabcac]
V  [jvm.dll+0xac27c]
V  [jvm.dll+0x368857]
V  [jvm.dll+0x1bd0b8]
V  [jvm.dll+0x21c359]
V  [jvm.dll+0x21b621]
V  [jvm.dll+0x1a4fdd]
V  [jvm.dll+0x22b098]
V  [jvm.dll+0x229159]
V  [jvm.dll+0x7f809c]
V  [jvm.dll+0x7f25fa]
V  [jvm.dll+0x682985]
C  [ucrtbase.dll+0x21bb2]
C  [KERNEL32.DLL+0x17614]
C  [ntdll.dll+0x526a1]


---------------  P R O C E S S  ---------------

Threads class SMR info:
_java_thread_list=0x0000018d22172ae0, length=104, elements={
0x0000018d0009b2b0, 0x0000018d1ba563c0, 0x0000018d1ba58060, 0x0000018d1ba852d0,
0x0000018d1ba87ba0, 0x0000018d1c408070, 0x0000018d1c428050, 0x0000018d1c40b8e0,
0x0000018d1c42c010, 0x0000018d1c42d0b0, 0x0000018d1c42b070, 0x0000018d1c429860,
0x0000018d1c4289f0, 0x0000018d1c429d30, 0x0000018d1c42b540, 0x0000018d1c42aba0,
0x0000018d1c428520, 0x0000018d1c42ba10, 0x0000018d1c42a200, 0x0000018d1c428ec0,
0x0000018d1c429390, 0x0000018d1e97f9b0, 0x0000018d1e97c4c0, 0x0000018d1e97c990,
0x0000018d1e97ce60, 0x0000018d1e97d330, 0x0000018d1e97a7e0, 0x0000018d1e979e40,
0x0000018d1e97e670, 0x0000018d1e97d800, 0x0000018d1e97acb0, 0x0000018d1e97bff0,
0x0000018d1e97e1a0, 0x0000018d1e97eb40, 0x0000018d1e97f010, 0x0000018d1e978630,
0x0000018d1e978b00, 0x0000018d1e978fd0, 0x0000018d1e979970, 0x0000018d1e97b180,
0x0000018d1e97bb20, 0x0000018d220876e0, 0x0000018d2208c3e0, 0x0000018d22085060,
0x0000018d22085530, 0x0000018d2208a700, 0x0000018d22085a00, 0x0000018d22086870,
0x0000018d220893c0, 0x0000018d22086d40, 0x0000018d22085ed0, 0x0000018d22088ef0,
0x0000018d220863a0, 0x0000018d2208c8b0, 0x0000018d2208abd0, 0x0000018d22087210,
0x0000018d22087bb0, 0x0000018d2208b570, 0x0000018d2208b0a0, 0x0000018d22088080,
0x0000018d2208ba40, 0x0000018d22089890, 0x0000018d22088550, 0x0000018d22088a20,
0x0000018d2208bf10, 0x0000018d22089d60, 0x0000018d2208a230, 0x0000018d20a72ff0,
0x0000018d20a74cd0, 0x0000018d20a75b40, 0x0000018d20a78690, 0x0000018d20a734c0,
0x0000018d20a79030, 0x0000018d20a77cf0, 0x0000018d20a76010, 0x0000018d20a7a840,
0x0000018d20a73990, 0x0000018d20a781c0, 0x0000018d20a75670, 0x0000018d20a73e60,
0x0000018d20a74330, 0x0000018d20a78b60, 0x0000018d20a76e80, 0x0000018d20a79500,
0x0000018d20a74800, 0x0000018d20a764e0, 0x0000018d20a751a0, 0x0000018d20a799d0,
0x0000018d20a769b0, 0x0000018d20a77350, 0x0000018d20a77820, 0x0000018d20a79ea0,
0x0000018d20a7a370, 0x0000018d1f62bc10, 0x0000018d1f6260a0, 0x0000018d1f62b740,
0x0000018d1f629f30, 0x0000018d1f626570, 0x0000018d1f62c5b0, 0x0000018d1f62c0e0,
0x0000018d1f62ca80, 0x0000018d1f6290c0, 0x0000018d1f62cf50, 0x0000018d1f7a8780
}

Java Threads: ( => current thread )
  0x0000018d0009b2b0 JavaThread "main" [_thread_blocked, id=15864, stack(0x0000006321700000,0x0000006321800000)]
  0x0000018d1ba563c0 JavaThread "Reference Handler" daemon [_thread_blocked, id=28012, stack(0x0000006321e00000,0x0000006321f00000)]
  0x0000018d1ba58060 JavaThread "Finalizer" daemon [_thread_blocked, id=28148, stack(0x0000006321f00000,0x0000006322000000)]
  0x0000018d1ba852d0 JavaThread "Signal Dispatcher" daemon [_thread_blocked, id=23864, stack(0x0000006322000000,0x0000006322100000)]
  0x0000018d1ba87ba0 JavaThread "Attach Listener" daemon [_thread_blocked, id=17908, stack(0x0000006322100000,0x0000006322200000)]
  0x0000018d1c408070 JavaThread "Service Thread" daemon [_thread_blocked, id=16904, stack(0x0000006322200000,0x0000006322300000)]
  0x0000018d1c428050 JavaThread "Monitor Deflation Thread" daemon [_thread_blocked, id=28456, stack(0x0000006322300000,0x0000006322400000)]
  0x0000018d1c40b8e0 JavaThread "C2 CompilerThread0" daemon [_thread_in_native, id=29052, stack(0x0000006322400000,0x0000006322500000)]
  0x0000018d1c42c010 JavaThread "C1 CompilerThread0" daemon [_thread_blocked, id=23352, stack(0x0000006322500000,0x0000006322600000)]
  0x0000018d1c42d0b0 JavaThread "Sweeper thread" daemon [_thread_blocked, id=29232, stack(0x0000006322600000,0x0000006322700000)]
  0x0000018d1c42b070 JavaThread "Common-Cleaner" daemon [_thread_blocked, id=24348, stack(0x0000006322700000,0x0000006322800000)]
  0x0000018d1c429860 JavaThread "Notification Thread" daemon [_thread_blocked, id=4668, stack(0x0000006322800000,0x0000006322900000)]
  0x0000018d1c4289f0 JavaThread "Daemon health stats" [_thread_blocked, id=27672, stack(0x0000006322e00000,0x0000006322f00000)]
  0x0000018d1c429d30 JavaThread "Incoming local TCP Connector on port 52459" [_thread_in_native, id=556, stack(0x0000006322f00000,0x0000006323000000)]
  0x0000018d1c42b540 JavaThread "Daemon periodic checks" [_thread_blocked, id=6032, stack(0x0000006323000000,0x0000006323100000)]
  0x0000018d1c42aba0 JavaThread "Daemon" [_thread_blocked, id=26044, stack(0x0000006323100000,0x0000006323200000)]
  0x0000018d1c428520 JavaThread "Handler for socket connection from /127.0.0.1:52459 to /127.0.0.1:52460" [_thread_in_native, id=28488, stack(0x0000006323200000,0x0000006323300000)]
  0x0000018d1c42ba10 JavaThread "Cancel handler" [_thread_blocked, id=24852, stack(0x0000006323300000,0x0000006323400000)]
  0x0000018d1c42a200 JavaThread "Daemon worker" [_thread_in_vm, id=14368, stack(0x0000006323400000,0x0000006323500000)]
  0x0000018d1c428ec0 JavaThread "Asynchronous log dispatcher for DefaultDaemonConnection: socket connection from /127.0.0.1:52459 to /127.0.0.1:52460" [_thread_blocked, id=29332, stack(0x0000006323500000,0x0000006323600000)]
  0x0000018d1c429390 JavaThread "Stdin handler" [_thread_blocked, id=25712, stack(0x0000006323600000,0x0000006323700000)]
  0x0000018d1e97f9b0 JavaThread "Daemon client event forwarder" [_thread_blocked, id=24716, stack(0x0000006323700000,0x0000006323800000)]
  0x0000018d1e97c4c0 JavaThread "Cache worker for journal cache (C:\Users\maxim\.gradle\caches\journal-1)" [_thread_blocked, id=12372, stack(0x0000006323a00000,0x0000006323b00000)]
  0x0000018d1e97c990 JavaThread "File lock request listener" [_thread_in_native, id=21192, stack(0x0000006323b00000,0x0000006323c00000)]
  0x0000018d1e97ce60 JavaThread "Cache worker for file hash cache (C:\Users\maxim\.gradle\caches\8.0\fileHashes)" [_thread_blocked, id=22736, stack(0x0000006323c00000,0x0000006323d00000)]
  0x0000018d1e97d330 JavaThread "File watcher server" daemon [_thread_in_native, id=4732, stack(0x0000006323d00000,0x0000006323e00000)]
  0x0000018d1e97a7e0 JavaThread "File watcher consumer" daemon [_thread_blocked, id=16976, stack(0x0000006323e00000,0x0000006323f00000)]
  0x0000018d1e979e40 JavaThread "Cache worker for checksums cache (G:\Android\TopRedditApplication2\.gradle\8.0\checksums)" [_thread_blocked, id=11948, stack(0x0000006323f00000,0x0000006324000000)]
  0x0000018d1e97e670 JavaThread "Cache worker for cache directory md-rule (C:\Users\maxim\.gradle\caches\8.0\md-rule)" [_thread_blocked, id=17744, stack(0x0000006324000000,0x0000006324100000)]
  0x0000018d1e97d800 JavaThread "Cache worker for file content cache (C:\Users\maxim\.gradle\caches\8.0\fileContent)" [_thread_blocked, id=25380, stack(0x0000006324100000,0x0000006324200000)]
  0x0000018d1e97acb0 JavaThread "Cache worker for file hash cache (G:\Android\TopRedditApplication2\.gradle\8.0\fileHashes)" [_thread_blocked, id=29324, stack(0x0000006324200000,0x0000006324300000)]
  0x0000018d1e97bff0 JavaThread "Cache worker for cache directory md-supplier (C:\Users\maxim\.gradle\caches\8.0\md-supplier)" [_thread_blocked, id=28620, stack(0x0000006324300000,0x0000006324400000)]
  0x0000018d1e97e1a0 JavaThread "Cache worker for execution history cache (C:\Users\maxim\.gradle\caches\8.0\executionHistory)" [_thread_blocked, id=29004, stack(0x0000006324400000,0x0000006324500000)]
  0x0000018d1e97eb40 JavaThread "jar transforms" [_thread_blocked, id=4492, stack(0x0000006324600000,0x0000006324700000)]
  0x0000018d1e97f010 JavaThread "jar transforms Thread 2" [_thread_blocked, id=28196, stack(0x0000006324700000,0x0000006324800000)]
  0x0000018d1e978630 JavaThread "jar transforms Thread 3" [_thread_blocked, id=2844, stack(0x0000006324900000,0x0000006324a00000)]
  0x0000018d1e978b00 JavaThread "jar transforms Thread 4" [_thread_blocked, id=16600, stack(0x0000006324a00000,0x0000006324b00000)]
  0x0000018d1e978fd0 JavaThread "Cache worker for dependencies-accessors (G:\Android\TopRedditApplication2\.gradle\8.0\dependencies-accessors)" [_thread_blocked, id=27432, stack(0x0000006324b00000,0x0000006324c00000)]
  0x0000018d1e979970 JavaThread "jar transforms Thread 5" [_thread_blocked, id=11592, stack(0x0000006324500000,0x0000006324600000)]
  0x0000018d1e97b180 JavaThread "Cache worker for Build Output Cleanup Cache (G:\Android\TopRedditApplication2\.gradle\buildOutputCleanup)" [_thread_blocked, id=26784, stack(0x0000006324c00000,0x0000006324d00000)]
  0x0000018d1e97bb20 JavaThread "Unconstrained build operations" [_thread_blocked, id=10932, stack(0x0000006324e00000,0x0000006324f00000)]
  0x0000018d220876e0 JavaThread "Unconstrained build operations Thread 2" [_thread_blocked, id=25616, stack(0x0000006324f00000,0x0000006325000000)]
  0x0000018d2208c3e0 JavaThread "Unconstrained build operations Thread 3" [_thread_blocked, id=24016, stack(0x0000006325000000,0x0000006325100000)]
  0x0000018d22085060 JavaThread "Unconstrained build operations Thread 4" [_thread_blocked, id=28100, stack(0x0000006325100000,0x0000006325200000)]
  0x0000018d22085530 JavaThread "Unconstrained build operations Thread 5" [_thread_blocked, id=19292, stack(0x0000006325200000,0x0000006325300000)]
  0x0000018d2208a700 JavaThread "Unconstrained build operations Thread 6" [_thread_blocked, id=2760, stack(0x0000006325300000,0x0000006325400000)]
  0x0000018d22085a00 JavaThread "Unconstrained build operations Thread 7" [_thread_blocked, id=19296, stack(0x0000006325400000,0x0000006325500000)]
  0x0000018d22086870 JavaThread "Unconstrained build operations Thread 8" [_thread_blocked, id=9592, stack(0x0000006325500000,0x0000006325600000)]
  0x0000018d220893c0 JavaThread "Unconstrained build operations Thread 9" [_thread_blocked, id=22844, stack(0x0000006325600000,0x0000006325700000)]
  0x0000018d22086d40 JavaThread "Unconstrained build operations Thread 10" [_thread_blocked, id=23312, stack(0x0000006325700000,0x0000006325800000)]
  0x0000018d22085ed0 JavaThread "Unconstrained build operations Thread 11" [_thread_blocked, id=11740, stack(0x0000006325800000,0x0000006325900000)]
  0x0000018d22088ef0 JavaThread "Unconstrained build operations Thread 12" [_thread_blocked, id=10588, stack(0x0000006325900000,0x0000006325a00000)]
  0x0000018d220863a0 JavaThread "Unconstrained build operations Thread 13" [_thread_blocked, id=26832, stack(0x0000006325a00000,0x0000006325b00000)]
  0x0000018d2208c8b0 JavaThread "Unconstrained build operations Thread 14" [_thread_blocked, id=24228, stack(0x0000006325b00000,0x0000006325c00000)]
  0x0000018d2208abd0 JavaThread "Unconstrained build operations Thread 15" [_thread_blocked, id=12872, stack(0x0000006325c00000,0x0000006325d00000)]
  0x0000018d22087210 JavaThread "Unconstrained build operations Thread 16" [_thread_blocked, id=10820, stack(0x0000006325d00000,0x0000006325e00000)]
  0x0000018d22087bb0 JavaThread "Unconstrained build operations Thread 17" [_thread_blocked, id=6200, stack(0x0000006325e00000,0x0000006325f00000)]
  0x0000018d2208b570 JavaThread "Unconstrained build operations Thread 18" [_thread_blocked, id=3716, stack(0x0000006325f00000,0x0000006326000000)]
  0x0000018d2208b0a0 JavaThread "Unconstrained build operations Thread 19" [_thread_blocked, id=29300, stack(0x0000006326000000,0x0000006326100000)]
  0x0000018d22088080 JavaThread "Unconstrained build operations Thread 20" [_thread_blocked, id=18764, stack(0x0000006326100000,0x0000006326200000)]
  0x0000018d2208ba40 JavaThread "Unconstrained build operations Thread 21" [_thread_blocked, id=8204, stack(0x0000006326200000,0x0000006326300000)]
  0x0000018d22089890 JavaThread "Unconstrained build operations Thread 22" [_thread_blocked, id=5908, stack(0x0000006326300000,0x0000006326400000)]
  0x0000018d22088550 JavaThread "Unconstrained build operations Thread 23" [_thread_blocked, id=17528, stack(0x0000006326400000,0x0000006326500000)]
  0x0000018d22088a20 JavaThread "Unconstrained build operations Thread 24" [_thread_blocked, id=11504, stack(0x0000006326500000,0x0000006326600000)]
  0x0000018d2208bf10 JavaThread "Unconstrained build operations Thread 25" [_thread_blocked, id=28936, stack(0x0000006326600000,0x0000006326700000)]
  0x0000018d22089d60 JavaThread "Unconstrained build operations Thread 26" [_thread_blocked, id=26560, stack(0x0000006326700000,0x0000006326800000)]
  0x0000018d2208a230 JavaThread "Unconstrained build operations Thread 27" [_thread_blocked, id=18468, stack(0x0000006326800000,0x0000006326900000)]
  0x0000018d20a72ff0 JavaThread "Unconstrained build operations Thread 28" [_thread_blocked, id=28652, stack(0x0000006326900000,0x0000006326a00000)]
  0x0000018d20a74cd0 JavaThread "Unconstrained build operations Thread 29" [_thread_blocked, id=19676, stack(0x0000006326a00000,0x0000006326b00000)]
  0x0000018d20a75b40 JavaThread "Unconstrained build operations Thread 30" [_thread_blocked, id=21316, stack(0x0000006326b00000,0x0000006326c00000)]
  0x0000018d20a78690 JavaThread "Unconstrained build operations Thread 31" [_thread_blocked, id=20340, stack(0x0000006326c00000,0x0000006326d00000)]
  0x0000018d20a734c0 JavaThread "Unconstrained build operations Thread 32" [_thread_blocked, id=28976, stack(0x0000006326d00000,0x0000006326e00000)]
  0x0000018d20a79030 JavaThread "Unconstrained build operations Thread 33" [_thread_blocked, id=27496, stack(0x0000006326e00000,0x0000006326f00000)]
  0x0000018d20a77cf0 JavaThread "Unconstrained build operations Thread 34" [_thread_blocked, id=16452, stack(0x0000006326f00000,0x0000006327000000)]
  0x0000018d20a76010 JavaThread "Unconstrained build operations Thread 35" [_thread_blocked, id=12536, stack(0x0000006327000000,0x0000006327100000)]
  0x0000018d20a7a840 JavaThread "Unconstrained build operations Thread 36" [_thread_blocked, id=11004, stack(0x0000006327100000,0x0000006327200000)]
  0x0000018d20a73990 JavaThread "Unconstrained build operations Thread 37" [_thread_blocked, id=14772, stack(0x0000006327200000,0x0000006327300000)]
  0x0000018d20a781c0 JavaThread "Unconstrained build operations Thread 38" [_thread_blocked, id=22700, stack(0x0000006327300000,0x0000006327400000)]
  0x0000018d20a75670 JavaThread "Unconstrained build operations Thread 39" [_thread_blocked, id=17376, stack(0x0000006327400000,0x0000006327500000)]
  0x0000018d20a73e60 JavaThread "Unconstrained build operations Thread 40" [_thread_blocked, id=10800, stack(0x0000006327500000,0x0000006327600000)]
  0x0000018d20a74330 JavaThread "Unconstrained build operations Thread 41" [_thread_blocked, id=23304, stack(0x0000006327600000,0x0000006327700000)]
  0x0000018d20a78b60 JavaThread "Unconstrained build operations Thread 42" [_thread_blocked, id=12844, stack(0x0000006327700000,0x0000006327800000)]
  0x0000018d20a76e80 JavaThread "Unconstrained build operations Thread 43" [_thread_blocked, id=17764, stack(0x0000006327800000,0x0000006327900000)]
  0x0000018d20a79500 JavaThread "Unconstrained build operations Thread 44" [_thread_blocked, id=15960, stack(0x0000006327900000,0x0000006327a00000)]
  0x0000018d20a74800 JavaThread "Unconstrained build operations Thread 45" [_thread_blocked, id=24432, stack(0x0000006327a00000,0x0000006327b00000)]
  0x0000018d20a764e0 JavaThread "Unconstrained build operations Thread 46" [_thread_blocked, id=4388, stack(0x0000006327b00000,0x0000006327c00000)]
  0x0000018d20a751a0 JavaThread "Unconstrained build operations Thread 47" [_thread_blocked, id=21360, stack(0x0000006327c00000,0x0000006327d00000)]
  0x0000018d20a799d0 JavaThread "Unconstrained build operations Thread 48" [_thread_blocked, id=25608, stack(0x0000006327d00000,0x0000006327e00000)]
  0x0000018d20a769b0 JavaThread "Unconstrained build operations Thread 49" [_thread_blocked, id=308, stack(0x0000006327e00000,0x0000006327f00000)]
  0x0000018d20a77350 JavaThread "Unconstrained build operations Thread 50" [_thread_blocked, id=27160, stack(0x0000006327f00000,0x0000006328000000)]
  0x0000018d20a77820 JavaThread "Unconstrained build operations Thread 51" [_thread_blocked, id=28544, stack(0x0000006328000000,0x0000006328100000)]
  0x0000018d20a79ea0 JavaThread "Unconstrained build operations Thread 52" [_thread_blocked, id=22764, stack(0x0000006328100000,0x0000006328200000)]
  0x0000018d20a7a370 JavaThread "Unconstrained build operations Thread 53" [_thread_blocked, id=27792, stack(0x0000006328200000,0x0000006328300000)]
  0x0000018d1f62bc10 JavaThread "Unconstrained build operations Thread 54" [_thread_blocked, id=23000, stack(0x0000006328300000,0x0000006328400000)]
  0x0000018d1f6260a0 JavaThread "Unconstrained build operations Thread 55" [_thread_blocked, id=29584, stack(0x0000006328400000,0x0000006328500000)]
  0x0000018d1f62b740 JavaThread "Unconstrained build operations Thread 56" [_thread_blocked, id=21520, stack(0x0000006328500000,0x0000006328600000)]
  0x0000018d1f629f30 JavaThread "Unconstrained build operations Thread 57" [_thread_blocked, id=17112, stack(0x0000006328600000,0x0000006328700000)]
  0x0000018d1f626570 JavaThread "Unconstrained build operations Thread 58" [_thread_blocked, id=29060, stack(0x0000006328700000,0x0000006328800000)]
  0x0000018d1f62c5b0 JavaThread "Unconstrained build operations Thread 59" [_thread_blocked, id=9700, stack(0x0000006328800000,0x0000006328900000)]
  0x0000018d1f62c0e0 JavaThread "Unconstrained build operations Thread 60" [_thread_blocked, id=27788, stack(0x0000006328900000,0x0000006328a00000)]
  0x0000018d1f62ca80 JavaThread "jar transforms Thread 6" [_thread_blocked, id=7336, stack(0x0000006328a00000,0x0000006328b00000)]
  0x0000018d1f6290c0 JavaThread "build event listener" [_thread_blocked, id=22036, stack(0x0000006328b00000,0x0000006328c00000)]
  0x0000018d1f62cf50 JavaThread "Memory manager" [_thread_blocked, id=5824, stack(0x0000006324d00000,0x0000006324e00000)]
=>0x0000018d1f7a8780 JavaThread "C2 CompilerThread1" daemon [_thread_in_native, id=29288, stack(0x0000006328c00000,0x0000006328d00000)]

Other Threads:
  0x0000018d1ba51870 VMThread "VM Thread" [stack: 0x0000006321d00000,0x0000006321e00000] [id=10560]
  0x0000018d1c40e2a0 WatcherThread [stack: 0x0000006322900000,0x0000006322a00000] [id=14972]
  0x0000018d000f6b50 GCTaskThread "GC Thread#0" [stack: 0x0000006321800000,0x0000006321900000] [id=26976]
  0x0000018d1ca7ac10 GCTaskThread "GC Thread#1" [stack: 0x0000006322a00000,0x0000006322b00000] [id=10148]
  0x0000018d1d29a8b0 GCTaskThread "GC Thread#2" [stack: 0x0000006322b00000,0x0000006322c00000] [id=3360]
  0x0000018d1cd175b0 GCTaskThread "GC Thread#3" [stack: 0x0000006322c00000,0x0000006322d00000] [id=28628]
  0x0000018d1d2be9a0 GCTaskThread "GC Thread#4" [stack: 0x0000006322d00000,0x0000006322e00000] [id=24236]
  0x0000018d1ddf7860 GCTaskThread "GC Thread#5" [stack: 0x0000006323800000,0x0000006323900000] [id=22832]
  0x0000018d001079a0 ConcurrentGCThread "G1 Main Marker" [stack: 0x0000006321900000,0x0000006321a00000] [id=23592]
  0x0000018d00108a60 ConcurrentGCThread "G1 Conc#0" [stack: 0x0000006321a00000,0x0000006321b00000] [id=13444]
  0x0000018d1ddf8f30 ConcurrentGCThread "G1 Conc#1" [stack: 0x0000006323900000,0x0000006323a00000] [id=9632]
  0x0000018d001671d0 ConcurrentGCThread "G1 Refine#0" [stack: 0x0000006321b00000,0x0000006321c00000] [id=12144]
  0x0000018d1da4a420 ConcurrentGCThread "G1 Refine#1" [stack: 0x0000006324800000,0x0000006324900000] [id=28632]
  0x0000018d00167b00 ConcurrentGCThread "G1 Service" [stack: 0x0000006321c00000,0x0000006321d00000] [id=856]

Threads with active compile tasks:
C2 CompilerThread1    28126 7332       4       org.gradle.internal.instantiation.generator.AbstractClassGenerator::inspectType (560 bytes)

VM state: not at safepoint (normal execution)

VM Mutex/Monitor currently owned by a thread: None

Heap address: 0x0000000080000000, size: 2048 MB, Compressed Oops mode: 32-bit

CDS archive(s) not mapped
Compressed class space mapped at: 0x0000000100000000-0x0000000140000000, reserved size: 1073741824
Narrow klass base: 0x0000000000000000, Narrow klass shift: 3, Narrow klass range: 0x140000000

GC Precious Log:
 CPUs: 6 total, 6 available
 Memory: 8175M
 Large Page Support: Disabled
 NUMA Support: Disabled
 Compressed Oops: Enabled (32-bit)
 Heap Region Size: 1M
 Heap Min Capacity: 8M
 Heap Initial Capacity: 128M
 Heap Max Capacity: 2G
 Pre-touch: Disabled
 Parallel Workers: 6
 Concurrent Workers: 2
 Concurrent Refinement Workers: 6
 Periodic GC: Disabled

Heap:
 garbage-first heap   total 116736K, used 62243K [0x0000000080000000, 0x0000000100000000)
  region size 1024K, 8 young (8192K), 5 survivors (5120K)
 Metaspace       used 74867K, committed 75456K, reserved 1114112K
  class space    used 10153K, committed 10432K, reserved 1048576K

Heap Regions: E=young(eden), S=young(survivor), O=old, HS=humongous(starts), HC=humongous(continues), CS=collection set, F=free, OA=open archive, CA=closed archive, TAMS=top-at-mark-start (previous, next)
|   0|0x0000000080000000, 0x0000000080100000, 0x0000000080100000|100%|HS|  |TAMS 0x0000000080100000, 0x0000000080000000| Complete 
|   1|0x0000000080100000, 0x0000000080200000, 0x0000000080200000|100%|HC|  |TAMS 0x0000000080200000, 0x0000000080100000| Complete 
|   2|0x0000000080200000, 0x0000000080300000, 0x0000000080300000|100%|HC|  |TAMS 0x0000000080300000, 0x0000000080200000| Complete 
|   3|0x0000000080300000, 0x0000000080400000, 0x0000000080400000|100%|HC|  |TAMS 0x0000000080400000, 0x0000000080300000| Complete 
|   4|0x0000000080400000, 0x0000000080500000, 0x0000000080500000|100%| O|  |TAMS 0x0000000080500000, 0x0000000080400000| Untracked 
|   5|0x0000000080500000, 0x0000000080600000, 0x0000000080600000|100%| O|  |TAMS 0x0000000080600000, 0x0000000080500000| Untracked 
|   6|0x0000000080600000, 0x0000000080700000, 0x0000000080700000|100%| O|  |TAMS 0x0000000080700000, 0x0000000080600000| Untracked 
|   7|0x0000000080700000, 0x0000000080800000, 0x0000000080800000|100%| O|  |TAMS 0x0000000080800000, 0x0000000080700000| Untracked 
|   8|0x0000000080800000, 0x0000000080900000, 0x0000000080900000|100%| O|  |TAMS 0x0000000080900000, 0x0000000080800000| Untracked 
|   9|0x0000000080900000, 0x0000000080a00000, 0x0000000080a00000|100%| O|  |TAMS 0x0000000080a00000, 0x0000000080900000| Untracked 
|  10|0x0000000080a00000, 0x0000000080b00000, 0x0000000080b00000|100%| O|  |TAMS 0x0000000080b00000, 0x0000000080a00000| Untracked 
|  11|0x0000000080b00000, 0x0000000080c00000, 0x0000000080c00000|100%| O|  |TAMS 0x0000000080c00000, 0x0000000080b00000| Untracked 
|  12|0x0000000080c00000, 0x0000000080d00000, 0x0000000080d00000|100%| O|  |TAMS 0x0000000080d00000, 0x0000000080c00000| Untracked 
|  13|0x0000000080d00000, 0x0000000080e00000, 0x0000000080e00000|100%| O|  |TAMS 0x0000000080e00000, 0x0000000080d00000| Untracked 
|  14|0x0000000080e00000, 0x0000000080f00000, 0x0000000080f00000|100%| O|  |TAMS 0x0000000080f00000, 0x0000000080e00000| Untracked 
|  15|0x0000000080f00000, 0x0000000081000000, 0x0000000081000000|100%| O|  |TAMS 0x0000000081000000, 0x0000000080f00000| Untracked 
|  16|0x0000000081000000, 0x0000000081100000, 0x0000000081100000|100%| O|  |TAMS 0x0000000081100000, 0x0000000081000000| Untracked 
|  17|0x0000000081100000, 0x0000000081200000, 0x0000000081200000|100%| O|  |TAMS 0x0000000081200000, 0x0000000081100000| Untracked 
|  18|0x0000000081200000, 0x0000000081300000, 0x0000000081300000|100%| O|  |TAMS 0x0000000081300000, 0x0000000081200000| Untracked 
|  19|0x0000000081300000, 0x0000000081400000, 0x0000000081400000|100%| O|  |TAMS 0x0000000081400000, 0x0000000081300000| Untracked 
|  20|0x0000000081400000, 0x0000000081500000, 0x0000000081500000|100%| O|  |TAMS 0x0000000081500000, 0x0000000081400000| Untracked 
|  21|0x0000000081500000, 0x0000000081600000, 0x0000000081600000|100%| O|  |TAMS 0x0000000081600000, 0x0000000081500000| Untracked 
|  22|0x0000000081600000, 0x0000000081700000, 0x0000000081700000|100%| O|  |TAMS 0x0000000081700000, 0x0000000081600000| Untracked 
|  23|0x0000000081700000, 0x0000000081800000, 0x0000000081800000|100%| O|  |TAMS 0x0000000081800000, 0x0000000081700000| Untracked 
|  24|0x0000000081800000, 0x0000000081900000, 0x0000000081900000|100%| O|  |TAMS 0x0000000081900000, 0x0000000081800000| Untracked 
|  25|0x0000000081900000, 0x0000000081a00000, 0x0000000081a00000|100%| O|  |TAMS 0x0000000081a00000, 0x0000000081900000| Untracked 
|  26|0x0000000081a00000, 0x0000000081b00000, 0x0000000081b00000|100%| O|  |TAMS 0x0000000081b00000, 0x0000000081a00000| Untracked 
|  27|0x0000000081b00000, 0x0000000081c00000, 0x0000000081c00000|100%| O|  |TAMS 0x0000000081c00000, 0x0000000081b00000| Untracked 
|  28|0x0000000081c00000, 0x0000000081d00000, 0x0000000081d00000|100%| O|  |TAMS 0x0000000081d00000, 0x0000000081c00000| Untracked 
|  29|0x0000000081d00000, 0x0000000081e00000, 0x0000000081e00000|100%| O|  |TAMS 0x0000000081e00000, 0x0000000081d00000| Untracked 
|  30|0x0000000081e00000, 0x0000000081f00000, 0x0000000081f00000|100%| O|  |TAMS 0x0000000081f00000, 0x0000000081e00000| Untracked 
|  31|0x0000000081f00000, 0x0000000082000000, 0x0000000082000000|100%|HS|  |TAMS 0x0000000082000000, 0x0000000081f00000| Complete 
|  32|0x0000000082000000, 0x0000000082100000, 0x0000000082100000|100%| O|  |TAMS 0x0000000082100000, 0x0000000082000000| Untracked 
|  33|0x0000000082100000, 0x0000000082200000, 0x0000000082200000|100%| O|  |TAMS 0x0000000082200000, 0x0000000082100000| Untracked 
|  34|0x0000000082200000, 0x0000000082300000, 0x0000000082300000|100%|HS|  |TAMS 0x0000000082300000, 0x0000000082200000| Complete 
|  35|0x0000000082300000, 0x0000000082400000, 0x0000000082400000|100%| O|  |TAMS 0x0000000082400000, 0x0000000082300000| Untracked 
|  36|0x0000000082400000, 0x0000000082500000, 0x0000000082500000|100%| O|  |TAMS 0x0000000082500000, 0x0000000082400000| Untracked 
|  37|0x0000000082500000, 0x0000000082600000, 0x0000000082600000|100%| O|  |TAMS 0x0000000082600000, 0x0000000082500000| Untracked 
|  38|0x0000000082600000, 0x0000000082700000, 0x0000000082700000|100%| O|  |TAMS 0x0000000082700000, 0x0000000082600000| Untracked 
|  39|0x0000000082700000, 0x0000000082800000, 0x0000000082800000|100%| O|  |TAMS 0x0000000082800000, 0x0000000082700000| Untracked 
|  40|0x0000000082800000, 0x0000000082900000, 0x0000000082900000|100%| O|  |TAMS 0x0000000082900000, 0x0000000082800000| Untracked 
|  41|0x0000000082900000, 0x0000000082a00000, 0x0000000082a00000|100%| O|  |TAMS 0x0000000082a00000, 0x0000000082900000| Untracked 
|  42|0x0000000082a00000, 0x0000000082b00000, 0x0000000082b00000|100%| O|  |TAMS 0x0000000082b00000, 0x0000000082a00000| Untracked 
|  43|0x0000000082b00000, 0x0000000082c00000, 0x0000000082c00000|100%| O|  |TAMS 0x0000000082c00000, 0x0000000082b00000| Untracked 
|  44|0x0000000082c00000, 0x0000000082d00000, 0x0000000082d00000|100%| O|  |TAMS 0x0000000082d00000, 0x0000000082c00000| Untracked 
|  45|0x0000000082d00000, 0x0000000082e00000, 0x0000000082e00000|100%| O|  |TAMS 0x0000000082e00000, 0x0000000082d00000| Untracked 
|  46|0x0000000082e00000, 0x0000000082f00000, 0x0000000082f00000|100%| O|  |TAMS 0x0000000082f00000, 0x0000000082e00000| Untracked 
|  47|0x0000000082f00000, 0x0000000083000000, 0x0000000083000000|100%| O|  |TAMS 0x0000000083000000, 0x0000000082f00000| Untracked 
|  48|0x0000000083000000, 0x0000000083100000, 0x0000000083100000|100%| O|  |TAMS 0x0000000083100000, 0x0000000083000000| Untracked 
|  49|0x0000000083100000, 0x0000000083200000, 0x0000000083200000|100%| O|  |TAMS 0x0000000083200000, 0x0000000083100000| Untracked 
|  50|0x0000000083200000, 0x0000000083300000, 0x0000000083300000|100%| O|  |TAMS 0x000000008325ee00, 0x0000000083200000| Untracked 
|  51|0x0000000083300000, 0x0000000083400000, 0x0000000083400000|100%| O|  |TAMS 0x0000000083300000, 0x0000000083300000| Untracked 
|  52|0x0000000083400000, 0x0000000083500000, 0x0000000083500000|100%| O|  |TAMS 0x0000000083500000, 0x0000000083400000| Untracked 
|  53|0x0000000083500000, 0x00000000835c8c00, 0x0000000083600000| 78%| O|  |TAMS 0x0000000083500000, 0x0000000083500000| Untracked 
|  54|0x0000000083600000, 0x0000000083600000, 0x0000000083700000|  0%| F|  |TAMS 0x0000000083600000, 0x0000000083600000| Untracked 
|  55|0x0000000083700000, 0x0000000083700000, 0x0000000083800000|  0%| F|  |TAMS 0x0000000083700000, 0x0000000083700000| Untracked 
|  56|0x0000000083800000, 0x0000000083800000, 0x0000000083900000|  0%| F|  |TAMS 0x0000000083800000, 0x0000000083800000| Untracked 
|  57|0x0000000083900000, 0x0000000083900000, 0x0000000083a00000|  0%| F|  |TAMS 0x0000000083900000, 0x0000000083900000| Untracked 
|  58|0x0000000083a00000, 0x0000000083a00000, 0x0000000083b00000|  0%| F|  |TAMS 0x0000000083a00000, 0x0000000083a00000| Untracked 
|  59|0x0000000083b00000, 0x0000000083b00000, 0x0000000083c00000|  0%| F|  |TAMS 0x0000000083b00000, 0x0000000083b00000| Untracked 
|  60|0x0000000083c00000, 0x0000000083c00000, 0x0000000083d00000|  0%| F|  |TAMS 0x0000000083c00000, 0x0000000083c00000| Untracked 
|  61|0x0000000083d00000, 0x0000000083d00000, 0x0000000083e00000|  0%| F|  |TAMS 0x0000000083d00000, 0x0000000083d00000| Untracked 
|  62|0x0000000083e00000, 0x0000000083e00000, 0x0000000083f00000|  0%| F|  |TAMS 0x0000000083e00000, 0x0000000083e00000| Untracked 
|  63|0x0000000083f00000, 0x0000000083f00000, 0x0000000084000000|  0%| F|  |TAMS 0x0000000083f00000, 0x0000000083f00000| Untracked 
|  64|0x0000000084000000, 0x0000000084000000, 0x0000000084100000|  0%| F|  |TAMS 0x0000000084000000, 0x0000000084000000| Untracked 
|  65|0x0000000084100000, 0x0000000084100000, 0x0000000084200000|  0%| F|  |TAMS 0x0000000084100000, 0x0000000084100000| Untracked 
|  66|0x0000000084200000, 0x0000000084200000, 0x0000000084300000|  0%| F|  |TAMS 0x0000000084200000, 0x0000000084200000| Untracked 
|  67|0x0000000084300000, 0x0000000084300000, 0x0000000084400000|  0%| F|  |TAMS 0x0000000084300000, 0x0000000084300000| Untracked 
|  68|0x0000000084400000, 0x0000000084400000, 0x0000000084500000|  0%| F|  |TAMS 0x0000000084400000, 0x0000000084400000| Untracked 
|  69|0x0000000084500000, 0x0000000084500000, 0x0000000084600000|  0%| F|  |TAMS 0x0000000084500000, 0x0000000084500000| Untracked 
|  70|0x0000000084600000, 0x0000000084600000, 0x0000000084700000|  0%| F|  |TAMS 0x0000000084600000, 0x0000000084600000| Untracked 
|  71|0x0000000084700000, 0x0000000084800000, 0x0000000084800000|100%| S|CS|TAMS 0x0000000084700000, 0x0000000084700000| Complete 
|  72|0x0000000084800000, 0x0000000084800000, 0x0000000084900000|  0%| F|  |TAMS 0x0000000084800000, 0x0000000084800000| Untracked 
|  73|0x0000000084900000, 0x0000000084900000, 0x0000000084a00000|  0%| F|  |TAMS 0x0000000084900000, 0x0000000084900000| Untracked 
|  74|0x0000000084a00000, 0x0000000084a00000, 0x0000000084b00000|  0%| F|  |TAMS 0x0000000084a00000, 0x0000000084a00000| Untracked 
|  75|0x0000000084b00000, 0x0000000084c00000, 0x0000000084c00000|100%| S|CS|TAMS 0x0000000084b00000, 0x0000000084b00000| Complete 
|  76|0x0000000084c00000, 0x0000000084d00000, 0x0000000084d00000|100%| S|CS|TAMS 0x0000000084c00000, 0x0000000084c00000| Complete 
|  77|0x0000000084d00000, 0x0000000084e00000, 0x0000000084e00000|100%| S|CS|TAMS 0x0000000084d00000, 0x0000000084d00000| Complete 
|  78|0x0000000084e00000, 0x0000000084f00000, 0x0000000084f00000|100%| S|CS|TAMS 0x0000000084e00000, 0x0000000084e00000| Complete 
|  79|0x0000000084f00000, 0x0000000084f00000, 0x0000000085000000|  0%| F|  |TAMS 0x0000000084f00000, 0x0000000084f00000| Untracked 
|  80|0x0000000085000000, 0x0000000085000000, 0x0000000085100000|  0%| F|  |TAMS 0x0000000085000000, 0x0000000085000000| Untracked 
|  81|0x0000000085100000, 0x0000000085100000, 0x0000000085200000|  0%| F|  |TAMS 0x0000000085100000, 0x0000000085100000| Untracked 
|  82|0x0000000085200000, 0x0000000085200000, 0x0000000085300000|  0%| F|  |TAMS 0x0000000085200000, 0x0000000085200000| Untracked 
|  83|0x0000000085300000, 0x0000000085300000, 0x0000000085400000|  0%| F|  |TAMS 0x0000000085300000, 0x0000000085300000| Untracked 
|  84|0x0000000085400000, 0x0000000085400000, 0x0000000085500000|  0%| F|  |TAMS 0x0000000085400000, 0x0000000085400000| Untracked 
|  85|0x0000000085500000, 0x0000000085500000, 0x0000000085600000|  0%| F|  |TAMS 0x0000000085500000, 0x0000000085500000| Untracked 
|  86|0x0000000085600000, 0x0000000085600000, 0x0000000085700000|  0%| F|  |TAMS 0x0000000085600000, 0x0000000085600000| Untracked 
|  87|0x0000000085700000, 0x0000000085700000, 0x0000000085800000|  0%| F|  |TAMS 0x0000000085700000, 0x0000000085700000| Untracked 
|  88|0x0000000085800000, 0x0000000085800000, 0x0000000085900000|  0%| F|  |TAMS 0x0000000085800000, 0x0000000085800000| Untracked 
|  89|0x0000000085900000, 0x0000000085900000, 0x0000000085a00000|  0%| F|  |TAMS 0x0000000085900000, 0x0000000085900000| Untracked 
|  90|0x0000000085a00000, 0x0000000085a00000, 0x0000000085b00000|  0%| F|  |TAMS 0x0000000085a00000, 0x0000000085a00000| Untracked 
|  91|0x0000000085b00000, 0x0000000085b00000, 0x0000000085c00000|  0%| F|  |TAMS 0x0000000085b00000, 0x0000000085b00000| Untracked 
|  92|0x0000000085c00000, 0x0000000085c00000, 0x0000000085d00000|  0%| F|  |TAMS 0x0000000085c00000, 0x0000000085c00000| Untracked 
|  93|0x0000000085d00000, 0x0000000085d00000, 0x0000000085e00000|  0%| F|  |TAMS 0x0000000085d00000, 0x0000000085d00000| Untracked 
|  94|0x0000000085e00000, 0x0000000085e00000, 0x0000000085f00000|  0%| F|  |TAMS 0x0000000085e00000, 0x0000000085e00000| Untracked 
|  95|0x0000000085f00000, 0x0000000085f00000, 0x0000000086000000|  0%| F|  |TAMS 0x0000000085f00000, 0x0000000085f00000| Untracked 
|  96|0x0000000086000000, 0x0000000086000000, 0x0000000086100000|  0%| F|  |TAMS 0x0000000086000000, 0x0000000086000000| Untracked 
|  97|0x0000000086100000, 0x0000000086100000, 0x0000000086200000|  0%| F|  |TAMS 0x0000000086100000, 0x0000000086100000| Untracked 
|  98|0x0000000086200000, 0x0000000086200000, 0x0000000086300000|  0%| F|  |TAMS 0x0000000086200000, 0x0000000086200000| Untracked 
|  99|0x0000000086300000, 0x0000000086300000, 0x0000000086400000|  0%| F|  |TAMS 0x0000000086300000, 0x0000000086300000| Untracked 
| 100|0x0000000086400000, 0x0000000086400000, 0x0000000086500000|  0%| F|  |TAMS 0x0000000086400000, 0x0000000086400000| Untracked 
| 101|0x0000000086500000, 0x0000000086500000, 0x0000000086600000|  0%| F|  |TAMS 0x0000000086500000, 0x0000000086500000| Untracked 
| 102|0x0000000086600000, 0x0000000086600000, 0x0000000086700000|  0%| F|  |TAMS 0x0000000086600000, 0x0000000086600000| Untracked 
| 103|0x0000000086700000, 0x0000000086700000, 0x0000000086800000|  0%| F|  |TAMS 0x0000000086700000, 0x0000000086700000| Untracked 
| 104|0x0000000086800000, 0x0000000086800000, 0x0000000086900000|  0%| F|  |TAMS 0x0000000086800000, 0x0000000086800000| Untracked 
| 105|0x0000000086900000, 0x0000000086900000, 0x0000000086a00000|  0%| F|  |TAMS 0x0000000086900000, 0x0000000086900000| Untracked 
| 106|0x0000000086a00000, 0x0000000086a00000, 0x0000000086b00000|  0%| F|  |TAMS 0x0000000086a00000, 0x0000000086a00000| Untracked 
| 107|0x0000000086b00000, 0x0000000086b00000, 0x0000000086c00000|  0%| F|  |TAMS 0x0000000086b00000, 0x0000000086b00000| Untracked 
| 108|0x0000000086c00000, 0x0000000086c00000, 0x0000000086d00000|  0%| F|  |TAMS 0x0000000086c00000, 0x0000000086c00000| Untracked 
| 109|0x0000000086d00000, 0x0000000086d00000, 0x0000000086e00000|  0%| F|  |TAMS 0x0000000086d00000, 0x0000000086d00000| Untracked 
| 110|0x0000000086e00000, 0x0000000086e00000, 0x0000000086f00000|  0%| F|  |TAMS 0x0000000086e00000, 0x0000000086e00000| Untracked 
| 111|0x0000000086f00000, 0x0000000087000000, 0x0000000087000000|100%| E|  |TAMS 0x0000000086f00000, 0x0000000086f00000| Complete 
| 112|0x0000000087000000, 0x0000000087100000, 0x0000000087100000|100%| E|CS|TAMS 0x0000000087000000, 0x0000000087000000| Complete 
| 127|0x0000000087f00000, 0x0000000088000000, 0x0000000088000000|100%| E|CS|TAMS 0x0000000087f00000, 0x0000000087f00000| Complete 

Card table byte_map: [0x0000018d149a0000,0x0000018d14da0000] _byte_map_base: 0x0000018d145a0000

Marking Bits (Prev, Next): (CMBitMap*) 0x0000018d000f7070, (CMBitMap*) 0x0000018d000f70b0
 Prev Bits: [0x0000018d151a0000, 0x0000018d171a0000)
 Next Bits: [0x0000018d171a0000, 0x0000018d191a0000)

Polling page: 0x0000018d00170000

Metaspace:

Usage:
  Non-class:     63.20 MB used.
      Class:      9.92 MB used.
       Both:     73.12 MB used.

Virtual space:
  Non-class space:       64.00 MB reserved,      63.50 MB (>99%) committed,  8 nodes.
      Class space:        1.00 GB reserved,      10.19 MB ( <1%) committed,  1 nodes.
             Both:        1.06 GB reserved,      73.69 MB (  7%) committed. 

Chunk freelists:
   Non-Class:  304.00 KB
       Class:  1.72 MB
        Both:  2.00 MB

MaxMetaspaceSize: unlimited
CompressedClassSpaceSize: 1.00 GB
Initial GC threshold: 21.00 MB
Current GC threshold: 122.50 MB
CDS: off
MetaspaceReclaimPolicy: balanced
 - commit_granule_bytes: 65536.
 - commit_granule_words: 8192.
 - virtual_space_node_default_size: 1048576.
 - enlarge_chunks_in_place: 1.
 - new_chunks_are_fully_committed: 0.
 - uncommit_free_chunks: 1.
 - use_allocation_guard: 0.
 - handle_deallocations: 1.


Internal statistics:

num_allocs_failed_limit: 6.
num_arena_births: 654.
num_arena_deaths: 0.
num_vsnodes_births: 9.
num_vsnodes_deaths: 0.
num_space_committed: 1179.
num_space_uncommitted: 0.
num_chunks_returned_to_freelist: 6.
num_chunks_taken_from_freelist: 3231.
num_chunk_merges: 6.
num_chunk_splits: 2160.
num_chunks_enlarged: 1470.
num_purges: 0.
num_inconsistent_stats: 0.

CodeHeap 'non-profiled nmethods': size=120000Kb used=3948Kb max_used=3948Kb free=116051Kb
 bounds [0x0000018d0c820000, 0x0000018d0cc00000, 0x0000018d13d50000]
CodeHeap 'profiled nmethods': size=120000Kb used=13308Kb max_used=13308Kb free=106692Kb
 bounds [0x0000018d04d50000, 0x0000018d05a60000, 0x0000018d0c280000]
CodeHeap 'non-nmethods': size=5760Kb used=2355Kb max_used=2402Kb free=3404Kb
 bounds [0x0000018d0c280000, 0x0000018d0c4f0000, 0x0000018d0c820000]
 total_blobs=7707 nmethods=6822 adapters=798
 compilation: enabled
              stopped_count=0, restarted_count=0
 full_count=0

Compilation events (20 events):
Event: 27.985 Thread 0x0000018d1c42c010 nmethod 7670 0x0000018d05a3f410 code [0x0000018d05a3f6c0, 0x0000018d05a40598]
Event: 27.986 Thread 0x0000018d1c42c010 7671       3       jdk.internal.reflect.ClassFileAssembler::opc_athrow (12 bytes)
Event: 27.986 Thread 0x0000018d1c42c010 nmethod 7671 0x0000018d05a40910 code [0x0000018d05a40ac0, 0x0000018d05a40d88]
Event: 28.007 Thread 0x0000018d1c40b8e0 nmethod 7667 0x0000018d0cbf5510 code [0x0000018d0cbf56e0, 0x0000018d0cbf6148]
Event: 28.007 Thread 0x0000018d1c40b8e0 7673       4       java.lang.StringBuilder::append (6 bytes)
Event: 28.016 Thread 0x0000018d1c42c010 7674       3       org.gradle.internal.instantiation.generator.AsmBackedClassGenerator$ClassBuilderImpl::access$5700 (4 bytes)
Event: 28.016 Thread 0x0000018d1c42c010 nmethod 7674 0x0000018d052b5e90 code [0x0000018d052b6020, 0x0000018d052b6118]
Event: 28.017 Thread 0x0000018d1c42c010 7675       3       com.google.common.collect.Iterables::toArray (10 bytes)
Event: 28.018 Thread 0x0000018d1c42c010 nmethod 7675 0x0000018d05a40f10 code [0x0000018d05a41120, 0x0000018d05a41968]
Event: 28.018 Thread 0x0000018d1c42c010 7676       3       org.gradle.api.internal.project.taskfactory.DefaultTaskClassInfoStore::createTaskAction (187 bytes)
Event: 28.019 Thread 0x0000018d1c40b8e0 nmethod 7673 0x0000018d0cbf6610 code [0x0000018d0cbf67c0, 0x0000018d0cbf6ee8]
Event: 28.019 Thread 0x0000018d1c40b8e0 7672       4       java.lang.reflect.Constructor::newInstanceWithCaller (75 bytes)
Event: 28.022 Thread 0x0000018d1c42c010 nmethod 7676 0x0000018d05a41b90 code [0x0000018d05a42140, 0x0000018d05a45488]
Event: 28.024 Thread 0x0000018d1c42c010 7677       3       java.util.LinkedList::get (14 bytes)
Event: 28.024 Thread 0x0000018d1c42c010 nmethod 7677 0x0000018d05a46410 code [0x0000018d05a46600, 0x0000018d05a46a08]
Event: 28.033 Thread 0x0000018d1c40b8e0 nmethod 7672 0x0000018d0cbf7310 code [0x0000018d0cbf74e0, 0x0000018d0cbf7d30]
Event: 28.041 Thread 0x0000018d1c42c010 7679       3       sun.reflect.generics.parser.SignatureParser::parseBounds (112 bytes)
Event: 28.044 Thread 0x0000018d1c42c010 nmethod 7679 0x0000018d05a46b90 code [0x0000018d05a46e60, 0x0000018d05a47d18]
Event: 28.044 Thread 0x0000018d1c42c010 7678       3       sun.reflect.generics.parser.SignatureParser::parseFormalTypeParameter (16 bytes)
Event: 28.046 Thread 0x0000018d1c42c010 nmethod 7678 0x0000018d05a48210 code [0x0000018d05a48400, 0x0000018d05a48928]

GC Heap History (20 events):
Event: 21.722 GC heap before
{Heap before GC invocations=15 (full 0):
 garbage-first heap   total 82944K, used 63826K [0x0000000080000000, 0x0000000100000000)
  region size 1024K, 23 young (23552K), 4 survivors (4096K)
 Metaspace       used 57356K, committed 57856K, reserved 1105920K
  class space    used 7574K, committed 7808K, reserved 1048576K
}
Event: 21.730 GC heap after
{Heap after GC invocations=16 (full 0):
 garbage-first heap   total 82944K, used 45524K [0x0000000080000000, 0x0000000100000000)
  region size 1024K, 1 young (1024K), 1 survivors (1024K)
 Metaspace       used 57356K, committed 57856K, reserved 1105920K
  class space    used 7574K, committed 7808K, reserved 1048576K
}
Event: 22.459 GC heap before
{Heap before GC invocations=17 (full 0):
 garbage-first heap   total 82944K, used 64980K [0x0000000080000000, 0x0000000100000000)
  region size 1024K, 20 young (20480K), 1 survivors (1024K)
 Metaspace       used 60724K, committed 61248K, reserved 1105920K
  class space    used 8062K, committed 8320K, reserved 1048576K
}
Event: 22.463 GC heap after
{Heap after GC invocations=18 (full 0):
 garbage-first heap   total 82944K, used 46474K [0x0000000080000000, 0x0000000100000000)
  region size 1024K, 2 young (2048K), 2 survivors (2048K)
 Metaspace       used 60724K, committed 61248K, reserved 1105920K
  class space    used 8062K, committed 8320K, reserved 1048576K
}
Event: 23.036 GC heap before
{Heap before GC invocations=18 (full 0):
 garbage-first heap   total 82944K, used 53642K [0x0000000080000000, 0x0000000100000000)
  region size 1024K, 10 young (10240K), 2 survivors (2048K)
 Metaspace       used 62535K, committed 63104K, reserved 1105920K
  class space    used 8278K, committed 8512K, reserved 1048576K
}
Event: 23.044 GC heap after
{Heap after GC invocations=19 (full 0):
 garbage-first heap   total 82944K, used 47855K [0x0000000080000000, 0x0000000100000000)
  region size 1024K, 3 young (3072K), 3 survivors (3072K)
 Metaspace       used 62535K, committed 63104K, reserved 1105920K
  class space    used 8278K, committed 8512K, reserved 1048576K
}
Event: 23.772 GC heap before
{Heap before GC invocations=20 (full 0):
 garbage-first heap   total 97280K, used 71407K [0x0000000080000000, 0x0000000100000000)
  region size 1024K, 20 young (20480K), 3 survivors (3072K)
 Metaspace       used 63357K, committed 63936K, reserved 1105920K
  class space    used 8396K, committed 8640K, reserved 1048576K
}
Event: 23.778 GC heap after
{Heap after GC invocations=21 (full 0):
 garbage-first heap   total 97280K, used 49581K [0x0000000080000000, 0x0000000100000000)
  region size 1024K, 3 young (3072K), 3 survivors (3072K)
 Metaspace       used 63357K, committed 63936K, reserved 1105920K
  class space    used 8396K, committed 8640K, reserved 1048576K
}
Event: 23.803 GC heap before
{Heap before GC invocations=21 (full 0):
 garbage-first heap   total 97280K, used 50605K [0x0000000080000000, 0x0000000100000000)
  region size 1024K, 4 young (4096K), 3 survivors (3072K)
 Metaspace       used 63530K, committed 64064K, reserved 1105920K
  class space    used 8414K, committed 8640K, reserved 1048576K
}
Event: 23.807 GC heap after
{Heap after GC invocations=22 (full 0):
 garbage-first heap   total 97280K, used 50085K [0x0000000080000000, 0x0000000100000000)
  region size 1024K, 1 young (1024K), 1 survivors (1024K)
 Metaspace       used 63530K, committed 64064K, reserved 1105920K
  class space    used 8414K, committed 8640K, reserved 1048576K
}
Event: 24.477 GC heap before
{Heap before GC invocations=22 (full 0):
 garbage-first heap   total 97280K, used 73637K [0x0000000080000000, 0x0000000100000000)
  region size 1024K, 24 young (24576K), 1 survivors (1024K)
 Metaspace       used 65338K, committed 65920K, reserved 1114112K
  class space    used 8626K, committed 8896K, reserved 1048576K
}
Event: 24.483 GC heap after
{Heap after GC invocations=23 (full 0):
 garbage-first heap   total 97280K, used 51761K [0x0000000080000000, 0x0000000100000000)
  region size 1024K, 3 young (3072K), 3 survivors (3072K)
 Metaspace       used 65338K, committed 65920K, reserved 1114112K
  class space    used 8626K, committed 8896K, reserved 1048576K
}
Event: 24.950 GC heap before
{Heap before GC invocations=24 (full 0):
 garbage-first heap   total 97280K, used 64049K [0x0000000080000000, 0x0000000100000000)
  region size 1024K, 16 young (16384K), 3 survivors (3072K)
 Metaspace       used 66735K, committed 67264K, reserved 1114112K
  class space    used 8793K, committed 9024K, reserved 1048576K
}
Event: 24.957 GC heap after
{Heap after GC invocations=25 (full 0):
 garbage-first heap   total 116736K, used 53017K [0x0000000080000000, 0x0000000100000000)
  region size 1024K, 2 young (2048K), 2 survivors (2048K)
 Metaspace       used 66735K, committed 67264K, reserved 1114112K
  class space    used 8793K, committed 9024K, reserved 1048576K
}
Event: 25.725 GC heap before
{Heap before GC invocations=25 (full 0):
 garbage-first heap   total 116736K, used 87833K [0x0000000080000000, 0x0000000100000000)
  region size 1024K, 35 young (35840K), 2 survivors (2048K)
 Metaspace       used 67681K, committed 68224K, reserved 1114112K
  class space    used 8943K, committed 9216K, reserved 1048576K
}
Event: 25.731 GC heap after
{Heap after GC invocations=26 (full 0):
 garbage-first heap   total 116736K, used 55120K [0x0000000080000000, 0x0000000100000000)
  region size 1024K, 4 young (4096K), 4 survivors (4096K)
 Metaspace       used 67681K, committed 68224K, reserved 1114112K
  class space    used 8943K, committed 9216K, reserved 1048576K
}
Event: 26.830 GC heap before
{Heap before GC invocations=26 (full 0):
 garbage-first heap   total 116736K, used 88912K [0x0000000080000000, 0x0000000100000000)
  region size 1024K, 37 young (37888K), 4 survivors (4096K)
 Metaspace       used 70832K, committed 71360K, reserved 1114112K
  class space    used 9494K, committed 9728K, reserved 1048576K
}
Event: 26.838 GC heap after
{Heap after GC invocations=27 (full 0):
 garbage-first heap   total 116736K, used 57243K [0x0000000080000000, 0x0000000100000000)
  region size 1024K, 5 young (5120K), 5 survivors (5120K)
 Metaspace       used 70832K, committed 71360K, reserved 1114112K
  class space    used 9494K, committed 9728K, reserved 1048576K
}
Event: 27.986 GC heap before
{Heap before GC invocations=27 (full 0):
 garbage-first heap   total 116736K, used 91035K [0x0000000080000000, 0x0000000100000000)
  region size 1024K, 38 young (38912K), 5 survivors (5120K)
 Metaspace       used 74573K, committed 75136K, reserved 1114112K
  class space    used 10104K, committed 10368K, reserved 1048576K
}
Event: 28.000 GC heap after
{Heap after GC invocations=28 (full 0):
 garbage-first heap   total 116736K, used 60195K [0x0000000080000000, 0x0000000100000000)
  region size 1024K, 5 young (5120K), 5 survivors (5120K)
 Metaspace       used 74573K, committed 75136K, reserved 1114112K
  class space    used 10104K, committed 10368K, reserved 1048576K
}

Dll operation events (2 events):
Event: 0.033 Loaded shared library G:\Program\Android Studio\jbr\bin\java.dll
Event: 1.180 Loaded shared library G:\Program\Android Studio\jbr\bin\verify.dll

Deoptimization events (20 events):
Event: 27.915 Thread 0x0000018d1c42a200 Uncommon trap: trap_request=0xffffffc6 fr.pc=0x0000018d0cbe5f4c relative=0x00000000000001ac
Event: 27.915 Thread 0x0000018d1c42a200 Uncommon trap: reason=bimorphic_or_optimized_type_check action=maybe_recompile pc=0x0000018d0cbe5f4c method=com.google.common.base.Objects.equal(Ljava/lang/Object;Ljava/lang/Object;)Z @ 11 c2
Event: 27.915 Thread 0x0000018d1c42a200 DEOPT PACKING pc=0x0000018d0cbe5f4c sp=0x00000063234fa030
Event: 27.915 Thread 0x0000018d1c42a200 DEOPT UNPACKING pc=0x0000018d0c2d69a3 sp=0x00000063234f9fd8 mode 2
Event: 27.915 Thread 0x0000018d1c42a200 Uncommon trap: trap_request=0xffffffc6 fr.pc=0x0000018d0cbe5f4c relative=0x00000000000001ac
Event: 27.915 Thread 0x0000018d1c42a200 Uncommon trap: reason=bimorphic_or_optimized_type_check action=maybe_recompile pc=0x0000018d0cbe5f4c method=com.google.common.base.Objects.equal(Ljava/lang/Object;Ljava/lang/Object;)Z @ 11 c2
Event: 27.915 Thread 0x0000018d1c42a200 DEOPT PACKING pc=0x0000018d0cbe5f4c sp=0x00000063234fa030
Event: 27.915 Thread 0x0000018d1c42a200 DEOPT UNPACKING pc=0x0000018d0c2d69a3 sp=0x00000063234f9fd8 mode 2
Event: 27.937 Thread 0x0000018d1c42a200 Uncommon trap: trap_request=0xffffffc6 fr.pc=0x0000018d0caeb0d0 relative=0x0000000000000330
Event: 27.937 Thread 0x0000018d1c42a200 Uncommon trap: reason=bimorphic_or_optimized_type_check action=maybe_recompile pc=0x0000018d0caeb0d0 method=com.google.common.collect.RegularImmutableSet.contains(Ljava/lang/Object;)Z @ 43 c2
Event: 27.937 Thread 0x0000018d1c42a200 DEOPT PACKING pc=0x0000018d0caeb0d0 sp=0x00000063234f9940
Event: 27.937 Thread 0x0000018d1c42a200 DEOPT UNPACKING pc=0x0000018d0c2d69a3 sp=0x00000063234f98e0 mode 2
Event: 27.945 Thread 0x0000018d1c42a200 Uncommon trap: trap_request=0xffffffc6 fr.pc=0x0000018d0caeb0d0 relative=0x0000000000000330
Event: 27.945 Thread 0x0000018d1c42a200 Uncommon trap: reason=bimorphic_or_optimized_type_check action=maybe_recompile pc=0x0000018d0caeb0d0 method=com.google.common.collect.RegularImmutableSet.contains(Ljava/lang/Object;)Z @ 43 c2
Event: 27.945 Thread 0x0000018d1c42a200 DEOPT PACKING pc=0x0000018d0caeb0d0 sp=0x00000063234f9b70
Event: 27.945 Thread 0x0000018d1c42a200 DEOPT UNPACKING pc=0x0000018d0c2d69a3 sp=0x00000063234f9b10 mode 2
Event: 27.956 Thread 0x0000018d1c42a200 Uncommon trap: trap_request=0xffffffc6 fr.pc=0x0000018d0caeb0d0 relative=0x0000000000000330
Event: 27.956 Thread 0x0000018d1c42a200 Uncommon trap: reason=bimorphic_or_optimized_type_check action=maybe_recompile pc=0x0000018d0caeb0d0 method=com.google.common.collect.RegularImmutableSet.contains(Ljava/lang/Object;)Z @ 43 c2
Event: 27.956 Thread 0x0000018d1c42a200 DEOPT PACKING pc=0x0000018d0caeb0d0 sp=0x00000063234f9da0
Event: 27.956 Thread 0x0000018d1c42a200 DEOPT UNPACKING pc=0x0000018d0c2d69a3 sp=0x00000063234f9d30 mode 2

Classes unloaded (0 events):
No events

Classes redefined (0 events):
No events

Internal exceptions (20 events):
Event: 25.824 Thread 0x0000018d1c42a200 Exception <a 'java/lang/ClassNotFoundException'{0x0000000086b86268}: org/gradle/api/JavaVersionCustomizer> (0x0000000086b86268) 
thrown [s\src\hotspot\share\classfile\systemDictionary.cpp, line 256]
Event: 25.829 Thread 0x0000018d1c42a200 Exception <a 'java/lang/ClassNotFoundException'{0x0000000086bd5ef0}: com/android/build/gradle/internal/CompileOptions$AgpDecorated_DecoratedBeanInfo> (0x0000000086bd5ef0) 
thrown [s\src\hotspot\share\classfile\systemDictionary.cpp, line 256]
Event: 25.829 Thread 0x0000018d1c42a200 Exception <a 'java/lang/ClassNotFoundException'{0x0000000086be3550}: com/android/build/gradle/internal/CompileOptions$AgpDecoratedBeanInfo> (0x0000000086be3550) 
thrown [s\src\hotspot\share\classfile\systemDictionary.cpp, line 256]
Event: 25.830 Thread 0x0000018d1c42a200 Exception <a 'java/lang/ClassNotFoundException'{0x0000000086bf09b8}: com/android/build/gradle/internal/CompileOptionsBeanInfo> (0x0000000086bf09b8) 
thrown [s\src\hotspot\share\classfile\systemDictionary.cpp, line 256]
Event: 25.832 Thread 0x0000018d1c42a200 Exception <a 'java/lang/ClassNotFoundException'{0x0000000086bfde28}: com/android/build/gradle/internal/CompileOptionsCustomizer> (0x0000000086bfde28) 
thrown [s\src\hotspot\share\classfile\systemDictionary.cpp, line 256]
Event: 25.834 Thread 0x0000018d1c42a200 Exception <a 'java/lang/ClassNotFoundException'{0x0000000086a17f68}: com/android/build/gradle/internal/CompileOptions$AgpDecoratedCustomizer> (0x0000000086a17f68) 
thrown [s\src\hotspot\share\classfile\systemDictionary.cpp, line 256]
Event: 25.835 Thread 0x0000018d1c42a200 Exception <a 'java/lang/ClassNotFoundException'{0x0000000086a349e0}: com/android/build/gradle/internal/CompileOptions$AgpDecorated_DecoratedCustomizer> (0x0000000086a349e0) 
thrown [s\src\hotspot\share\classfile\systemDictionary.cpp, line 256]
Event: 25.852 Thread 0x0000018d1c42a200 Exception <a 'java/lang/ClassNotFoundException'{0x0000000086ab22d8}: org/gradle/api/internal/artifacts/dsl/dependencies/DefaultDependencyHandler_DecoratedBeanInfo> (0x0000000086ab22d8) 
thrown [s\src\hotspot\share\classfile\systemDictionary.cpp, line 256]
Event: 25.853 Thread 0x0000018d1c42a200 Exception <a 'java/lang/ClassNotFoundException'{0x0000000086acc260}: org/gradle/api/internal/artifacts/dsl/dependencies/DefaultDependencyHandlerBeanInfo> (0x0000000086acc260) 
thrown [s\src\hotspot\share\classfile\systemDictionary.cpp, line 256]
Event: 25.855 Thread 0x0000018d1c42a200 Exception <a 'java/lang/ClassNotFoundException'{0x0000000086ae61a8}: org/gradle/api/internal/artifacts/dsl/dependencies/DefaultDependencyHandlerCustomizer> (0x0000000086ae61a8) 
thrown [s\src\hotspot\share\classfile\systemDictionary.cpp, line 256]
Event: 25.857 Thread 0x0000018d1c42a200 Exception <a 'java/lang/ClassNotFoundException'{0x0000000086927b38}: org/gradle/api/internal/artifacts/dsl/dependencies/DefaultDependencyHandler_DecoratedCustomizer> (0x0000000086927b38) 
thrown [s\src\hotspot\share\classfile\systemDictionary.cpp, line 256]
Event: 27.125 Thread 0x0000018d1c42a200 Exception <a 'java/lang/NoSuchMethodError'{0x00000000869eb9e8}: 'int java.lang.invoke.DirectMethodHandle$Holder.invokeSpecialIFC(java.lang.Object, java.lang.Object, java.lang.Object, java.lang.Object, java.lang.Object)'> (0x00000000869eb9e8) 
thrown [s\src\hotspot\share\interpreter\linkResolver.cpp, line 771]
Event: 27.530 Thread 0x0000018d1c42a200 Exception <a 'java/lang/ClassNotFoundException'{0x0000000085b02638}: com/android/build/gradle/internal/api/ApkVariantOutputImpl_DecoratedBeanInfo> (0x0000000085b02638) 
thrown [s\src\hotspot\share\classfile\systemDictionary.cpp, line 256]
Event: 27.532 Thread 0x0000018d1c42a200 Exception <a 'java/lang/ClassNotFoundException'{0x0000000085b0f210}: com/android/build/gradle/internal/api/ApkVariantOutputImplBeanInfo> (0x0000000085b0f210) 
thrown [s\src\hotspot\share\classfile\systemDictionary.cpp, line 256]
Event: 27.533 Thread 0x0000018d1c42a200 Exception <a 'java/lang/ClassNotFoundException'{0x0000000085b1bdf8}: com/android/build/gradle/internal/api/BaseVariantOutputImplBeanInfo> (0x0000000085b1bdf8) 
thrown [s\src\hotspot\share\classfile\systemDictionary.cpp, line 256]
Event: 27.536 Thread 0x0000018d1c42a200 Exception <a 'java/lang/ClassNotFoundException'{0x0000000085b28c60}: com/android/build/gradle/internal/api/BaseVariantOutputImplCustomizer> (0x0000000085b28c60) 
thrown [s\src\hotspot\share\classfile\systemDictionary.cpp, line 256]
Event: 27.537 Thread 0x0000018d1c42a200 Exception <a 'java/lang/ClassNotFoundException'{0x0000000085b481d0}: com/android/build/gradle/internal/api/ApkVariantOutputImplCustomizer> (0x0000000085b481d0) 
thrown [s\src\hotspot\share\classfile\systemDictionary.cpp, line 256]
Event: 27.538 Thread 0x0000018d1c42a200 Exception <a 'java/lang/ClassNotFoundException'{0x0000000085b61d18}: com/android/build/gradle/internal/api/ApkVariantOutputImpl_DecoratedCustomizer> (0x0000000085b61d18) 
thrown [s\src\hotspot\share\classfile\systemDictionary.cpp, line 256]
Event: 27.552 Thread 0x0000018d1c42a200 Exception <a 'java/lang/NoClassDefFoundError'{0x0000000085a48118}: org/jetbrains/kotlin/gradle/plugin/KotlinBasePluginWrapper> (0x0000000085a48118) 
thrown [s\src\hotspot\share\classfile\systemDictionary.cpp, line 245]
Event: 27.825 Thread 0x0000018d1c42a200 Implicit null exception at 0x0000018d0caa5e0f to 0x0000018d0caa645c

VM Operations (20 events):
Event: 23.803 Executing VM operation: G1CollectForAllocation
Event: 23.807 Executing VM operation: G1CollectForAllocation done
Event: 24.477 Executing VM operation: G1CollectForAllocation
Event: 24.483 Executing VM operation: G1CollectForAllocation done
Event: 24.542 Executing VM operation: G1Concurrent
Event: 24.552 Executing VM operation: G1Concurrent done
Event: 24.573 Executing VM operation: G1Concurrent
Event: 24.574 Executing VM operation: G1Concurrent done
Event: 24.950 Executing VM operation: G1TryInitiateConcMark
Event: 24.958 Executing VM operation: G1TryInitiateConcMark done
Event: 25.725 Executing VM operation: G1CollectForAllocation
Event: 25.733 Executing VM operation: G1CollectForAllocation done
Event: 25.908 Executing VM operation: HandshakeAllThreads
Event: 25.908 Executing VM operation: HandshakeAllThreads done
Event: 26.830 Executing VM operation: G1CollectForAllocation
Event: 26.838 Executing VM operation: G1CollectForAllocation done
Event: 27.625 Executing VM operation: ICBufferFull
Event: 27.630 Executing VM operation: ICBufferFull done
Event: 27.986 Executing VM operation: G1CollectForAllocation
Event: 28.009 Executing VM operation: G1CollectForAllocation done

Events (20 events):
Event: 24.652 loading class com/sun/jmx/mbeanserver/StandardMBeanSupport
Event: 24.652 loading class com/sun/jmx/mbeanserver/StandardMBeanSupport done
Event: 24.652 loading class com/sun/jmx/mbeanserver/StandardMBeanIntrospector
Event: 24.653 loading class com/sun/jmx/mbeanserver/StandardMBeanIntrospector done
Event: 24.763 loading class javax/xml/stream/XMLStreamException
Event: 24.763 loading class javax/xml/stream/XMLStreamException done
Event: 24.826 loading class sun/reflect/annotation/AnnotationInvocationHandler$1
Event: 24.826 loading class sun/reflect/annotation/AnnotationInvocationHandler$1 done
Event: 24.974 loading class sun/reflect/generics/repository/FieldRepository
Event: 24.974 loading class sun/reflect/generics/repository/FieldRepository done
Event: 25.018 loading class jdk/internal/vm/annotation/ForceInline
Event: 25.018 loading class jdk/internal/vm/annotation/ForceInline done
Event: 25.134 loading class java/util/regex/Pattern$Caret
Event: 25.134 loading class java/util/regex/Pattern$Caret done
Event: 25.603 loading class java/beans/IntrospectionException
Event: 25.603 loading class java/beans/IntrospectionException done
Event: 26.868 Thread 0x0000018d1f7a96b0 Thread exited: 0x0000018d1f7a96b0
Event: 26.975 Thread 0x0000018d1f7a8780 Thread added: 0x0000018d1f7a8780
Event: 27.961 loading class java/util/zip/ZipOutputStream
Event: 27.962 loading class java/util/zip/ZipOutputStream done


Dynamic libraries:
0x00007ff6b4fd0000 - 0x00007ff6b4fda000 	G:\Program\Android Studio\jbr\bin\java.exe
0x00007ffb3b8f0000 - 0x00007ffb3bae8000 	C:\Windows\SYSTEM32\ntdll.dll
0x00007ffb3a7a0000 - 0x00007ffb3a85f000 	C:\Windows\System32\KERNEL32.DLL
0x00007ffb39270000 - 0x00007ffb39566000 	C:\Windows\System32\KERNELBASE.dll
0x00007ffb39790000 - 0x00007ffb39890000 	C:\Windows\System32\ucrtbase.dll
0x00007ffb36750000 - 0x00007ffb36767000 	G:\Program\Android Studio\jbr\bin\jli.dll
0x00007ffb31ed0000 - 0x00007ffb31eeb000 	G:\Program\Android Studio\jbr\bin\VCRUNTIME140.dll
0x00007ffb39fa0000 - 0x00007ffb3a13d000 	C:\Windows\System32\USER32.dll
0x00007ffb39890000 - 0x00007ffb398b2000 	C:\Windows\System32\win32u.dll
0x00007ffb3a710000 - 0x00007ffb3a73c000 	C:\Windows\System32\GDI32.dll
0x00007ffb1f090000 - 0x00007ffb1f32a000 	C:\Windows\WinSxS\amd64_microsoft.windows.common-controls_6595b64144ccf1df_6.0.19041.1110_none_60b5254171f9507e\COMCTL32.dll
0x00007ffb3b520000 - 0x00007ffb3b5be000 	C:\Windows\System32\msvcrt.dll
0x00007ffb38fd0000 - 0x00007ffb390e5000 	C:\Windows\System32\gdi32full.dll
0x00007ffb391d0000 - 0x00007ffb3926d000 	C:\Windows\System32\msvcp_win.dll
0x00007ffb39c60000 - 0x00007ffb39c90000 	C:\Windows\System32\IMM32.DLL
0x00007ffb31070000 - 0x00007ffb3107c000 	G:\Program\Android Studio\jbr\bin\vcruntime140_1.dll
0x00007ffb0adc0000 - 0x00007ffb0ae4d000 	G:\Program\Android Studio\jbr\bin\msvcp140.dll
0x00007ffad1380000 - 0x00007ffad1fed000 	G:\Program\Android Studio\jbr\bin\server\jvm.dll
0x00007ffb39bb0000 - 0x00007ffb39c5f000 	C:\Windows\System32\ADVAPI32.dll
0x00007ffb3b480000 - 0x00007ffb3b51c000 	C:\Windows\System32\sechost.dll
0x00007ffb3b710000 - 0x00007ffb3b836000 	C:\Windows\System32\RPCRT4.dll
0x00007ffb13de0000 - 0x00007ffb13de9000 	C:\Windows\SYSTEM32\WSOCK32.dll
0x00007ffb3b6a0000 - 0x00007ffb3b70b000 	C:\Windows\System32\WS2_32.dll
0x00007ffb26840000 - 0x00007ffb26867000 	C:\Windows\SYSTEM32\WINMM.dll
0x00007ffb31d40000 - 0x00007ffb31d4a000 	C:\Windows\SYSTEM32\VERSION.dll
0x00007ffb36d90000 - 0x00007ffb36da2000 	C:\Windows\SYSTEM32\kernel.appcore.dll
0x00007ffb36740000 - 0x00007ffb3674a000 	G:\Program\Android Studio\jbr\bin\jimage.dll
0x00007ffb22d00000 - 0x00007ffb22ee4000 	C:\Windows\SYSTEM32\DBGHELP.DLL
0x00007ffb21480000 - 0x00007ffb214b4000 	C:\Windows\SYSTEM32\dbgcore.DLL
0x00007ffb398c0000 - 0x00007ffb39942000 	C:\Windows\System32\bcryptPrimitives.dll
0x00007ffb33d60000 - 0x00007ffb33d85000 	G:\Program\Android Studio\jbr\bin\java.dll
0x00007ffb33d40000 - 0x00007ffb33d58000 	G:\Program\Android Studio\jbr\bin\zip.dll
0x00007ffb3acd0000 - 0x00007ffb3b414000 	C:\Windows\System32\SHELL32.dll
0x00007ffb37070000 - 0x00007ffb37803000 	C:\Windows\SYSTEM32\windows.storage.dll
0x00007ffb3a320000 - 0x00007ffb3a674000 	C:\Windows\System32\combase.dll
0x00007ffb38950000 - 0x00007ffb3897e000 	C:\Windows\SYSTEM32\Wldp.dll
0x00007ffb3a270000 - 0x00007ffb3a31d000 	C:\Windows\System32\SHCORE.dll
0x00007ffb3b850000 - 0x00007ffb3b8a5000 	C:\Windows\System32\shlwapi.dll
0x00007ffb38f10000 - 0x00007ffb38f2f000 	C:\Windows\SYSTEM32\profapi.dll
0x00007ffb33cd0000 - 0x00007ffb33ce9000 	G:\Program\Android Studio\jbr\bin\net.dll
0x00007ffb31760000 - 0x00007ffb3186a000 	C:\Windows\SYSTEM32\WINHTTP.dll
0x00007ffb38730000 - 0x00007ffb3879a000 	C:\Windows\system32\mswsock.dll
0x00007ffb32000000 - 0x00007ffb32016000 	G:\Program\Android Studio\jbr\bin\nio.dll
0x00007ffb34c50000 - 0x00007ffb34c60000 	G:\Program\Android Studio\jbr\bin\verify.dll
0x00007ffb310d0000 - 0x00007ffb310f7000 	C:\Users\maxim\.gradle\native\68d5fa5c4cc2d200863cafc0d521ce42e7d3e7ee720ec0a83991735586a16f82\windows-amd64\native-platform.dll
0x00007ffafb1a0000 - 0x00007ffafb2e4000 	C:\Users\maxim\.gradle\native\e376f236ea51e6404a007f0833ffe2c6e607c4080706a723a18a27aeea778392\windows-amd64\native-platform-file-events.dll
0x00007ffb367c0000 - 0x00007ffb367c9000 	G:\Program\Android Studio\jbr\bin\management.dll
0x00007ffb34c60000 - 0x00007ffb34c6b000 	G:\Program\Android Studio\jbr\bin\management_ext.dll
0x00007ffb39c90000 - 0x00007ffb39c98000 	C:\Windows\System32\PSAPI.DLL
0x00007ffb38cc0000 - 0x00007ffb38cd8000 	C:\Windows\SYSTEM32\CRYPTSP.dll
0x00007ffb37f80000 - 0x00007ffb37fb4000 	C:\Windows\system32\rsaenh.dll
0x00007ffb390f0000 - 0x00007ffb39117000 	C:\Windows\System32\bcrypt.dll
0x00007ffb38ed0000 - 0x00007ffb38efe000 	C:\Windows\SYSTEM32\USERENV.dll
0x00007ffb388c0000 - 0x00007ffb388cc000 	C:\Windows\SYSTEM32\CRYPTBASE.dll
0x00007ffb383d0000 - 0x00007ffb3840c000 	C:\Windows\SYSTEM32\IPHLPAPI.DLL
0x00007ffb3b840000 - 0x00007ffb3b848000 	C:\Windows\System32\NSI.dll
0x00007ffb329a0000 - 0x00007ffb329b7000 	C:\Windows\SYSTEM32\dhcpcsvc6.DLL
0x00007ffb32860000 - 0x00007ffb3287d000 	C:\Windows\SYSTEM32\dhcpcsvc.DLL
0x00007ffb38410000 - 0x00007ffb384db000 	C:\Windows\SYSTEM32\DNSAPI.dll
0x00007ffb34a30000 - 0x00007ffb34a37000 	C:\Windows\system32\wshunix.dll

dbghelp: loaded successfully - version: 4.0.5 - missing functions: none
symbol engine: initialized successfully - sym options: 0x614 - pdb path: .;G:\Program\Android Studio\jbr\bin;C:\Windows\SYSTEM32;C:\Windows\WinSxS\amd64_microsoft.windows.common-controls_6595b64144ccf1df_6.0.19041.1110_none_60b5254171f9507e;G:\Program\Android Studio\jbr\bin\server;C:\Users\maxim\.gradle\native\68d5fa5c4cc2d200863cafc0d521ce42e7d3e7ee720ec0a83991735586a16f82\windows-amd64;C:\Users\maxim\.gradle\native\e376f236ea51e6404a007f0833ffe2c6e607c4080706a723a18a27aeea778392\windows-amd64

VM Arguments:
jvm_args: --add-opens=java.base/java.util=ALL-UNNAMED --add-opens=java.base/java.lang=ALL-UNNAMED --add-opens=java.base/java.lang.invoke=ALL-UNNAMED --add-opens=java.prefs/java.util.prefs=ALL-UNNAMED --add-opens=java.base/java.nio.charset=ALL-UNNAMED --add-opens=java.base/java.net=ALL-UNNAMED --add-opens=java.base/java.util.concurrent.atomic=ALL-UNNAMED -Xmx2048m -Dfile.encoding=UTF-8 -Duser.country=RU -Duser.language=ru -Duser.variant 
java_command: org.gradle.launcher.daemon.bootstrap.GradleDaemon 8.0
java_class_path (initial): C:\Users\maxim\.gradle\wrapper\dists\gradle-8.0-bin\ca5e32bp14vu59qr306oxotwh\gradle-8.0\lib\gradle-launcher-8.0.jar
Launcher Type: SUN_STANDARD

[Global flags]
     intx CICompilerCount                          = 3                                         {product} {ergonomic}
     uint ConcGCThreads                            = 2                                         {product} {ergonomic}
     uint G1ConcRefinementThreads                  = 6                                         {product} {ergonomic}
   size_t G1HeapRegionSize                         = 1048576                                   {product} {ergonomic}
    uintx GCDrainStackTargetSize                   = 64                                        {product} {ergonomic}
   size_t InitialHeapSize                          = 134217728                                 {product} {ergonomic}
   size_t MarkStackSize                            = 4194304                                   {product} {ergonomic}
   size_t MaxHeapSize                              = 2147483648                                {product} {command line}
   size_t MaxNewSize                               = 1287651328                                {product} {ergonomic}
   size_t MinHeapDeltaBytes                        = 1048576                                   {product} {ergonomic}
   size_t MinHeapSize                              = 8388608                                   {product} {ergonomic}
    uintx NonNMethodCodeHeapSize                   = 5832780                                {pd product} {ergonomic}
    uintx NonProfiledCodeHeapSize                  = 122912730                              {pd product} {ergonomic}
    uintx ProfiledCodeHeapSize                     = 122912730                              {pd product} {ergonomic}
    uintx ReservedCodeCacheSize                    = 251658240                              {pd product} {ergonomic}
     bool SegmentedCodeCache                       = true                                      {product} {ergonomic}
   size_t SoftMaxHeapSize                          = 2147483648                             {manageable} {ergonomic}
     bool UseCompressedClassPointers               = true                           {product lp64_product} {ergonomic}
     bool UseCompressedOops                        = true                           {product lp64_product} {ergonomic}
     bool UseG1GC                                  = true                                      {product} {ergonomic}
     bool UseLargePagesIndividualAllocation        = false                                  {pd product} {ergonomic}

Logging:
Log output configuration:
 #0: stdout all=warning uptime,level,tags
 #1: stderr all=off uptime,level,tags

Environment Variables:
PATH=C:\Program Files\Common Files\Oracle\Java\javapath;C:\Windows\system32;C:\Windows;C:\Windows\System32\Wbem;C:\Windows\System32\WindowsPowerShell\v1.0\;C:\Windows\System32\OpenSSH\;C:\Program Files\NVIDIA Corporation\NVIDIA NvDLISR;C:\Program Files\Git\cmd;C:\Program Files (x86)\NVIDIA Corporation\PhysX\Common;C:\Program Files\Docker\Docker\resources\bin;C:\Program Files\MySQL\MySQL Shell 8.0\bin\;C:\Users\maxim\AppData\Local\Microsoft\WindowsApps;
USERNAME=maxim
OS=Windows_NT
PROCESSOR_IDENTIFIER=AMD64 Family 21 Model 2 Stepping 0, AuthenticAMD
TMP=C:\Users\maxim\AppData\Local\Temp
TEMP=C:\Users\maxim\AppData\Local\Temp



---------------  S Y S T E M  ---------------

OS:
 Windows 10 , 64 bit Build 19041 (10.0.19041.2913)
OS uptime: 3 days 2:06 hours
Hyper-V role detected

CPU: total 6 (initial active 6) (6 cores per cpu, 1 threads per core) family 21 model 2 stepping 0 microcode 0x0, cx8, cmov, fxsr, mmx, 3dnowpref, sse, sse2, sse3, ssse3, sse4a, sse4.1, sse4.2, popcnt, lzcnt, tsc, tscinvbit, avx, aes, clmul, bmi1, fma, vzeroupper, clflush, hv

Memory: 4k page, system-wide physical 8175M (453M free)
TotalPageFile size 22477M (AvailPageFile size 5M)
current process WorkingSet (physical memory assigned to process): 332M, peak: 334M
current process commit charge ("private bytes"): 365M, peak: 366M

vm_info: OpenJDK 64-Bit Server VM (17.0.6+0-b2043.56-9586694) for windows-amd64 JRE (17.0.6+0-b2043.56-9586694), built on Feb  9 2023 20:06:20 by "androidbuild" with MS VC++ 16.10 / 16.11 (VS2019)

END.
