#
# There is insufficient memory for the Java Runtime Environment to continue.
# Native memory allocation (malloc) failed to allocate 1190304 bytes for Chunk::new
# Possible reasons:
#   The system is out of physical RAM or swap space
#   The process is running with CompressedOops enabled, and the Java Heap may be blocking the growth of the native heap
# Possible solutions:
#   Reduce memory load on the system
#   Increase physical memory or swap space
#   Check if swap backing store is full
#   Decrease Java heap size (-Xmx/-Xms)
#   Decrease number of Java threads
#   Decrease Java thread stack sizes (-Xss)
#   Set larger code cache with -XX:ReservedCodeCacheSize=
#   JVM is running with Unscaled Compressed Oops mode in which the Java heap is
#     placed in the first 4GB address space. The Java Heap base address is the
#     maximum limit for the native heap growth. Please use -XX:HeapBaseMinAddress
#     to set the Java Heap base and to place the Java Heap above 4GB virtual address.
# This output file may be truncated or incomplete.
#
#  Out of Memory Error (arena.cpp:189), pid=29384, tid=15800
#
# JRE version: OpenJDK Runtime Environment (17.0.6) (build 17.0.6+0-b2043.56-9586694)
# Java VM: OpenJDK 64-Bit Server VM (17.0.6+0-b2043.56-9586694, mixed mode, tiered, compressed oops, compressed class ptrs, g1 gc, windows-amd64)
# No core dump will be written. Minidumps are not enabled by default on client versions of Windows
#

---------------  S U M M A R Y ------------

Command Line: --add-opens=java.base/java.util=ALL-UNNAMED --add-opens=java.base/java.lang=ALL-UNNAMED --add-opens=java.base/java.lang.invoke=ALL-UNNAMED --add-opens=java.prefs/java.util.prefs=ALL-UNNAMED --add-opens=java.base/java.nio.charset=ALL-UNNAMED --add-opens=java.base/java.net=ALL-UNNAMED --add-opens=java.base/java.util.concurrent.atomic=ALL-UNNAMED -Xmx2048m -Dfile.encoding=UTF-8 -Duser.country=RU -Duser.language=ru -Duser.variant org.gradle.launcher.daemon.bootstrap.GradleDaemon 8.0

Host: AMD FX(tm)-6350 Six-Core Processor             , 6 cores, 7G,  Windows 10 , 64 bit Build 19041 (10.0.19041.2913)
Time: Fri Jun  2 16:13:20 2023 RTZ 2 (s 10 , 64 bit Build 19041 (10.0.19041.2913) elapsed time: 6.819952 seconds (0d 0h 0m 6s)

---------------  T H R E A D  ---------------

Current thread (0x000002a6d151d930):  JavaThread "C2 CompilerThread0" daemon [_thread_in_native, id=15800, stack(0x000000a784800000,0x000000a784900000)]


Current CompileTask:
C2:   6820 4034       4       jdk.internal.loader.BuiltinClassLoader::loadClass (22 bytes)

Stack: [0x000000a784800000,0x000000a784900000]
Native frames: (J=compiled Java code, j=interpreted, Vv=VM code, C=native code)
V  [jvm.dll+0x683b4a]
V  [jvm.dll+0x842654]
V  [jvm.dll+0x843dfe]
V  [jvm.dll+0x844463]
V  [jvm.dll+0x249b75]
V  [jvm.dll+0xabcac]
V  [jvm.dll+0xac27c]
V  [jvm.dll+0x368857]
V  [jvm.dll+0x1bd0b8]
V  [jvm.dll+0x21c359]
V  [jvm.dll+0x21b621]
V  [jvm.dll+0x1a4fdd]
V  [jvm.dll+0x22b098]
V  [jvm.dll+0x229159]
V  [jvm.dll+0x7f809c]
V  [jvm.dll+0x7f25fa]
V  [jvm.dll+0x682985]
C  [ucrtbase.dll+0x21bb2]
C  [KERNEL32.DLL+0x17614]
C  [ntdll.dll+0x526a1]


---------------  P R O C E S S  ---------------

Threads class SMR info:
_java_thread_list=0x000002a6d21c7df0, length=39, elements={
0x000002a6b51c9290, 0x000002a6d0b99630, 0x000002a6d0b9a3b0, 0x000002a6d0ba4f70,
0x000002a6d0ba5830, 0x000002a6d151a470, 0x000002a6d151cd40, 0x000002a6d151d930,
0x000002a6d153a010, 0x000002a6d153a910, 0x000002a6d16d1700, 0x000002a6d16d8e30,
0x000002a6d2a83720, 0x000002a6d2a55cd0, 0x000002a6d2efd450, 0x000002a6d2f13480,
0x000002a6d3023060, 0x000002a6d3050080, 0x000002a6d3053a40, 0x000002a6d3051890,
0x000002a6d3053570, 0x000002a6d3050550, 0x000002a6d3050ef0, 0x000002a6d3050a20,
0x000002a6d3052230, 0x000002a6d30513c0, 0x000002a6d3051d60, 0x000002a6d3052700,
0x000002a6d3052bd0, 0x000002a6d30530a0, 0x000002a6d58ffd40, 0x000002a6d5906250,
0x000002a6d58feed0, 0x000002a6d5902d60, 0x000002a6d59058b0, 0x000002a6d58ff3a0,
0x000002a6d5904a40, 0x000002a6d5903bd0, 0x000002a6d5901a20
}

Java Threads: ( => current thread )
  0x000002a6b51c9290 JavaThread "main" [_thread_blocked, id=10148, stack(0x000000a783a00000,0x000000a783b00000)]
  0x000002a6d0b99630 JavaThread "Reference Handler" daemon [_thread_blocked, id=832, stack(0x000000a784100000,0x000000a784200000)]
  0x000002a6d0b9a3b0 JavaThread "Finalizer" daemon [_thread_blocked, id=11936, stack(0x000000a784200000,0x000000a784300000)]
  0x000002a6d0ba4f70 JavaThread "Signal Dispatcher" daemon [_thread_blocked, id=15108, stack(0x000000a784400000,0x000000a784500000)]
  0x000002a6d0ba5830 JavaThread "Attach Listener" daemon [_thread_blocked, id=240, stack(0x000000a784500000,0x000000a784600000)]
  0x000002a6d151a470 JavaThread "Service Thread" daemon [_thread_blocked, id=28544, stack(0x000000a784600000,0x000000a784700000)]
  0x000002a6d151cd40 JavaThread "Monitor Deflation Thread" daemon [_thread_blocked, id=16988, stack(0x000000a784700000,0x000000a784800000)]
=>0x000002a6d151d930 JavaThread "C2 CompilerThread0" daemon [_thread_in_native, id=15800, stack(0x000000a784800000,0x000000a784900000)]
  0x000002a6d153a010 JavaThread "C1 CompilerThread0" daemon [_thread_blocked, id=16036, stack(0x000000a784900000,0x000000a784a00000)]
  0x000002a6d153a910 JavaThread "Sweeper thread" daemon [_thread_blocked, id=17516, stack(0x000000a784a00000,0x000000a784b00000)]
  0x000002a6d16d1700 JavaThread "Common-Cleaner" daemon [_thread_blocked, id=25880, stack(0x000000a784b00000,0x000000a784c00000)]
  0x000002a6d16d8e30 JavaThread "Notification Thread" daemon [_thread_blocked, id=24936, stack(0x000000a784c00000,0x000000a784d00000)]
  0x000002a6d2a83720 JavaThread "Daemon health stats" [_thread_blocked, id=19120, stack(0x000000a785200000,0x000000a785300000)]
  0x000002a6d2a55cd0 JavaThread "Incoming local TCP Connector on port 55611" [_thread_in_native, id=16232, stack(0x000000a785300000,0x000000a785400000)]
  0x000002a6d2efd450 JavaThread "Daemon periodic checks" [_thread_blocked, id=22500, stack(0x000000a785400000,0x000000a785500000)]
  0x000002a6d2f13480 JavaThread "Daemon" [_thread_blocked, id=16880, stack(0x000000a785500000,0x000000a785600000)]
  0x000002a6d3023060 JavaThread "Handler for socket connection from /127.0.0.1:55611 to /127.0.0.1:55612" [_thread_in_native, id=2388, stack(0x000000a785600000,0x000000a785700000)]
  0x000002a6d3050080 JavaThread "Cancel handler" [_thread_blocked, id=6396, stack(0x000000a785700000,0x000000a785800000)]
  0x000002a6d3053a40 JavaThread "Daemon worker" [_thread_in_vm, id=19820, stack(0x000000a785800000,0x000000a785900000)]
  0x000002a6d3051890 JavaThread "Asynchronous log dispatcher for DefaultDaemonConnection: socket connection from /127.0.0.1:55611 to /127.0.0.1:55612" [_thread_blocked, id=20196, stack(0x000000a785900000,0x000000a785a00000)]
  0x000002a6d3053570 JavaThread "Stdin handler" [_thread_blocked, id=28856, stack(0x000000a785a00000,0x000000a785b00000)]
  0x000002a6d3050550 JavaThread "Daemon client event forwarder" [_thread_blocked, id=21304, stack(0x000000a785b00000,0x000000a785c00000)]
  0x000002a6d3050ef0 JavaThread "Cache worker for journal cache (C:\Users\maxim\.gradle\caches\journal-1)" [_thread_blocked, id=19040, stack(0x000000a785e00000,0x000000a785f00000)]
  0x000002a6d3050a20 JavaThread "File lock request listener" [_thread_in_native, id=13176, stack(0x000000a785f00000,0x000000a786000000)]
  0x000002a6d3052230 JavaThread "Cache worker for file hash cache (C:\Users\maxim\.gradle\caches\8.0\fileHashes)" [_thread_blocked, id=13000, stack(0x000000a786000000,0x000000a786100000)]
  0x000002a6d30513c0 JavaThread "File watcher server" daemon [_thread_in_native, id=12436, stack(0x000000a786100000,0x000000a786200000)]
  0x000002a6d3051d60 JavaThread "File watcher consumer" daemon [_thread_blocked, id=7560, stack(0x000000a786200000,0x000000a786300000)]
  0x000002a6d3052700 JavaThread "Cache worker for checksums cache (G:\Android\TopRedditApplication2\.gradle\8.0\checksums)" [_thread_blocked, id=428, stack(0x000000a786300000,0x000000a786400000)]
  0x000002a6d3052bd0 JavaThread "Cache worker for cache directory md-rule (C:\Users\maxim\.gradle\caches\8.0\md-rule)" [_thread_blocked, id=28576, stack(0x000000a786400000,0x000000a786500000)]
  0x000002a6d30530a0 JavaThread "Cache worker for file content cache (C:\Users\maxim\.gradle\caches\8.0\fileContent)" [_thread_blocked, id=27580, stack(0x000000a786500000,0x000000a786600000)]
  0x000002a6d58ffd40 JavaThread "Cache worker for file hash cache (G:\Android\TopRedditApplication2\.gradle\8.0\fileHashes)" [_thread_blocked, id=4080, stack(0x000000a786600000,0x000000a786700000)]
  0x000002a6d5906250 JavaThread "Cache worker for cache directory md-supplier (C:\Users\maxim\.gradle\caches\8.0\md-supplier)" [_thread_blocked, id=15112, stack(0x000000a786700000,0x000000a786800000)]
  0x000002a6d58feed0 JavaThread "Cache worker for execution history cache (C:\Users\maxim\.gradle\caches\8.0\executionHistory)" [_thread_blocked, id=21120, stack(0x000000a786800000,0x000000a786900000)]
  0x000002a6d5902d60 JavaThread "jar transforms" [_thread_blocked, id=28204, stack(0x000000a786900000,0x000000a786a00000)]
  0x000002a6d59058b0 JavaThread "jar transforms Thread 2" [_thread_blocked, id=25948, stack(0x000000a786a00000,0x000000a786b00000)]
  0x000002a6d58ff3a0 JavaThread "jar transforms Thread 3" [_thread_blocked, id=26032, stack(0x000000a786b00000,0x000000a786c00000)]
  0x000002a6d5904a40 JavaThread "jar transforms Thread 4" [_thread_blocked, id=27592, stack(0x000000a786c00000,0x000000a786d00000)]
  0x000002a6d5903bd0 JavaThread "Cache worker for dependencies-accessors (G:\Android\TopRedditApplication2\.gradle\8.0\dependencies-accessors)" [_thread_blocked, id=19064, stack(0x000000a786d00000,0x000000a786e00000)]
  0x000002a6d5901a20 JavaThread "jar transforms Thread 5" [_thread_blocked, id=25448, stack(0x000000a786e00000,0x000000a786f00000)]

Other Threads:
  0x000002a6d0b726d0 VMThread "VM Thread" [stack: 0x000000a784000000,0x000000a784100000] [id=1376]
  0x000002a6d16d9710 WatcherThread [stack: 0x000000a784d00000,0x000000a784e00000] [id=18664]
  0x000002a6b5226aa0 GCTaskThread "GC Thread#0" [stack: 0x000000a783b00000,0x000000a783c00000] [id=24716]
  0x000002a6d2061d40 GCTaskThread "GC Thread#1" [stack: 0x000000a784e00000,0x000000a784f00000] [id=7456]
  0x000002a6d20dec00 GCTaskThread "GC Thread#2" [stack: 0x000000a784f00000,0x000000a785000000] [id=7632]
  0x000002a6d1f3fbe0 GCTaskThread "GC Thread#3" [stack: 0x000000a785000000,0x000000a785100000] [id=28008]
  0x000002a6d23b3d30 GCTaskThread "GC Thread#4" [stack: 0x000000a785100000,0x000000a785200000] [id=7624]
  0x000002a6d301cca0 GCTaskThread "GC Thread#5" [stack: 0x000000a785c00000,0x000000a785d00000] [id=3532]
  0x000002a6b5238900 ConcurrentGCThread "G1 Main Marker" [stack: 0x000000a783c00000,0x000000a783d00000] [id=15204]
  0x000002a6b5239220 ConcurrentGCThread "G1 Conc#0" [stack: 0x000000a783d00000,0x000000a783e00000] [id=27792]
  0x000002a6d3093250 ConcurrentGCThread "G1 Conc#1" [stack: 0x000000a785d00000,0x000000a785e00000] [id=29192]
  0x000002a6b5297a10 ConcurrentGCThread "G1 Refine#0" [stack: 0x000000a783e00000,0x000000a783f00000] [id=24052]
  0x000002a6b5298340 ConcurrentGCThread "G1 Service" [stack: 0x000000a783f00000,0x000000a784000000] [id=2796]

Threads with active compile tasks:
C2 CompilerThread0     6865 4034       4       jdk.internal.loader.BuiltinClassLoader::loadClass (22 bytes)

VM state: not at safepoint (normal execution)

VM Mutex/Monitor currently owned by a thread: None

Heap address: 0x0000000080000000, size: 2048 MB, Compressed Oops mode: 32-bit

CDS archive(s) not mapped
Compressed class space mapped at: 0x0000000100000000-0x0000000140000000, reserved size: 1073741824
Narrow klass base: 0x0000000000000000, Narrow klass shift: 3, Narrow klass range: 0x140000000

GC Precious Log:
 CPUs: 6 total, 6 available
 Memory: 8175M
 Large Page Support: Disabled
 NUMA Support: Disabled
 Compressed Oops: Enabled (32-bit)
 Heap Region Size: 1M
 Heap Min Capacity: 8M
 Heap Initial Capacity: 128M
 Heap Max Capacity: 2G
 Pre-touch: Disabled
 Parallel Workers: 6
 Concurrent Workers: 2
 Concurrent Refinement Workers: 6
 Periodic GC: Disabled

Heap:
 garbage-first heap   total 109568K, used 51750K [0x0000000080000000, 0x0000000100000000)
  region size 1024K, 28 young (28672K), 7 survivors (7168K)
 Metaspace       used 48294K, committed 48704K, reserved 1097728K
  class space    used 6383K, committed 6592K, reserved 1048576K

Heap Regions: E=young(eden), S=young(survivor), O=old, HS=humongous(starts), HC=humongous(continues), CS=collection set, F=free, OA=open archive, CA=closed archive, TAMS=top-at-mark-start (previous, next)
|   0|0x0000000080000000, 0x0000000080100000, 0x0000000080100000|100%|HS|  |TAMS 0x0000000080100000, 0x0000000080000000| Complete 
|   1|0x0000000080100000, 0x0000000080200000, 0x0000000080200000|100%|HC|  |TAMS 0x0000000080200000, 0x0000000080100000| Complete 
|   2|0x0000000080200000, 0x0000000080300000, 0x0000000080300000|100%|HC|  |TAMS 0x0000000080300000, 0x0000000080200000| Complete 
|   3|0x0000000080300000, 0x0000000080400000, 0x0000000080400000|100%|HC|  |TAMS 0x0000000080400000, 0x0000000080300000| Complete 
|   4|0x0000000080400000, 0x0000000080500000, 0x0000000080500000|100%| O|  |TAMS 0x0000000080500000, 0x0000000080400000| Untracked 
|   5|0x0000000080500000, 0x0000000080600000, 0x0000000080600000|100%| O|  |TAMS 0x0000000080600000, 0x0000000080500000| Untracked 
|   6|0x0000000080600000, 0x0000000080700000, 0x0000000080700000|100%| O|  |TAMS 0x0000000080700000, 0x0000000080600000| Untracked 
|   7|0x0000000080700000, 0x0000000080800000, 0x0000000080800000|100%| O|  |TAMS 0x0000000080800000, 0x0000000080700000| Untracked 
|   8|0x0000000080800000, 0x0000000080900000, 0x0000000080900000|100%| O|  |TAMS 0x0000000080900000, 0x0000000080800000| Untracked 
|   9|0x0000000080900000, 0x0000000080a00000, 0x0000000080a00000|100%| O|  |TAMS 0x0000000080900000, 0x0000000080900000| Untracked 
|  10|0x0000000080a00000, 0x0000000080b00000, 0x0000000080b00000|100%| O|  |TAMS 0x0000000080b00000, 0x0000000080a00000| Untracked 
|  11|0x0000000080b00000, 0x0000000080c00000, 0x0000000080c00000|100%| O|  |TAMS 0x0000000080c00000, 0x0000000080b00000| Untracked 
|  12|0x0000000080c00000, 0x0000000080d00000, 0x0000000080d00000|100%| O|  |TAMS 0x0000000080d00000, 0x0000000080c00000| Untracked 
|  13|0x0000000080d00000, 0x0000000080e00000, 0x0000000080e00000|100%| O|  |TAMS 0x0000000080e00000, 0x0000000080d00000| Untracked 
|  14|0x0000000080e00000, 0x0000000080f00000, 0x0000000080f00000|100%| O|  |TAMS 0x0000000080f00000, 0x0000000080e00000| Untracked 
|  15|0x0000000080f00000, 0x0000000081000000, 0x0000000081000000|100%| O|  |TAMS 0x0000000081000000, 0x0000000080f00000| Untracked 
|  16|0x0000000081000000, 0x0000000081100000, 0x0000000081100000|100%| O|  |TAMS 0x0000000081100000, 0x0000000081000000| Untracked 
|  17|0x0000000081100000, 0x0000000081200000, 0x0000000081200000|100%| O|  |TAMS 0x0000000081200000, 0x0000000081100000| Untracked 
|  18|0x0000000081200000, 0x0000000081300000, 0x0000000081300000|100%| O|  |TAMS 0x0000000081300000, 0x0000000081200000| Untracked 
|  19|0x0000000081300000, 0x0000000081400000, 0x0000000081400000|100%| O|  |TAMS 0x0000000081400000, 0x0000000081300000| Untracked 
|  20|0x0000000081400000, 0x0000000081500000, 0x0000000081500000|100%| O|  |TAMS 0x000000008149be00, 0x0000000081400000| Untracked 
|  21|0x0000000081500000, 0x0000000081600000, 0x0000000081600000|100%| O|  |TAMS 0x0000000081500000, 0x0000000081500000| Untracked 
|  22|0x0000000081600000, 0x0000000081700000, 0x0000000081700000|100%| O|  |TAMS 0x0000000081600000, 0x0000000081600000| Untracked 
|  23|0x0000000081700000, 0x0000000081800000, 0x0000000081800000|100%|HS|  |TAMS 0x0000000081700000, 0x0000000081700000| Complete 
|  24|0x0000000081800000, 0x0000000081800000, 0x0000000081900000|  0%| F|  |TAMS 0x0000000081800000, 0x0000000081800000| Untracked 
|  25|0x0000000081900000, 0x0000000081900000, 0x0000000081a00000|  0%| F|  |TAMS 0x0000000081900000, 0x0000000081900000| Untracked 
|  26|0x0000000081a00000, 0x0000000081a89800, 0x0000000081b00000| 53%| O|  |TAMS 0x0000000081a00000, 0x0000000081a00000| Untracked 
|  27|0x0000000081b00000, 0x0000000081b00000, 0x0000000081c00000|  0%| F|  |TAMS 0x0000000081b00000, 0x0000000081b00000| Untracked 
|  28|0x0000000081c00000, 0x0000000081c00000, 0x0000000081d00000|  0%| F|  |TAMS 0x0000000081c00000, 0x0000000081c00000| Untracked 
|  29|0x0000000081d00000, 0x0000000081d00000, 0x0000000081e00000|  0%| F|  |TAMS 0x0000000081d00000, 0x0000000081d00000| Untracked 
|  30|0x0000000081e00000, 0x0000000081e00000, 0x0000000081f00000|  0%| F|  |TAMS 0x0000000081e00000, 0x0000000081e00000| Untracked 
|  31|0x0000000081f00000, 0x0000000081f00000, 0x0000000082000000|  0%| F|  |TAMS 0x0000000081f00000, 0x0000000081f00000| Untracked 
|  32|0x0000000082000000, 0x0000000082000000, 0x0000000082100000|  0%| F|  |TAMS 0x0000000082000000, 0x0000000082000000| Untracked 
|  33|0x0000000082100000, 0x0000000082100000, 0x0000000082200000|  0%| F|  |TAMS 0x0000000082100000, 0x0000000082100000| Untracked 
|  34|0x0000000082200000, 0x0000000082200000, 0x0000000082300000|  0%| F|  |TAMS 0x0000000082200000, 0x0000000082200000| Untracked 
|  35|0x0000000082300000, 0x0000000082300000, 0x0000000082400000|  0%| F|  |TAMS 0x0000000082300000, 0x0000000082300000| Untracked 
|  36|0x0000000082400000, 0x0000000082400000, 0x0000000082500000|  0%| F|  |TAMS 0x0000000082400000, 0x0000000082400000| Untracked 
|  37|0x0000000082500000, 0x0000000082500000, 0x0000000082600000|  0%| F|  |TAMS 0x0000000082500000, 0x0000000082500000| Untracked 
|  38|0x0000000082600000, 0x0000000082600000, 0x0000000082700000|  0%| F|  |TAMS 0x0000000082600000, 0x0000000082600000| Untracked 
|  39|0x0000000082700000, 0x0000000082700000, 0x0000000082800000|  0%| F|  |TAMS 0x0000000082700000, 0x0000000082700000| Untracked 
|  40|0x0000000082800000, 0x0000000082800000, 0x0000000082900000|  0%| F|  |TAMS 0x0000000082800000, 0x0000000082800000| Untracked 
|  41|0x0000000082900000, 0x0000000082900000, 0x0000000082a00000|  0%| F|  |TAMS 0x0000000082900000, 0x0000000082900000| Untracked 
|  42|0x0000000082a00000, 0x0000000082a00000, 0x0000000082b00000|  0%| F|  |TAMS 0x0000000082a00000, 0x0000000082a00000| Untracked 
|  43|0x0000000082b00000, 0x0000000082b00000, 0x0000000082c00000|  0%| F|  |TAMS 0x0000000082b00000, 0x0000000082b00000| Untracked 
|  44|0x0000000082c00000, 0x0000000082c00000, 0x0000000082d00000|  0%| F|  |TAMS 0x0000000082c00000, 0x0000000082c00000| Untracked 
|  45|0x0000000082d00000, 0x0000000082d00000, 0x0000000082e00000|  0%| F|  |TAMS 0x0000000082d00000, 0x0000000082d00000| Untracked 
|  46|0x0000000082e00000, 0x0000000082e00000, 0x0000000082f00000|  0%| F|  |TAMS 0x0000000082e00000, 0x0000000082e00000| Untracked 
|  47|0x0000000082f00000, 0x0000000082f00000, 0x0000000083000000|  0%| F|  |TAMS 0x0000000082f00000, 0x0000000082f00000| Untracked 
|  48|0x0000000083000000, 0x0000000083000000, 0x0000000083100000|  0%| F|  |TAMS 0x0000000083000000, 0x0000000083000000| Untracked 
|  49|0x0000000083100000, 0x0000000083100000, 0x0000000083200000|  0%| F|  |TAMS 0x0000000083100000, 0x0000000083100000| Untracked 
|  50|0x0000000083200000, 0x0000000083200000, 0x0000000083300000|  0%| F|  |TAMS 0x0000000083200000, 0x0000000083200000| Untracked 
|  51|0x0000000083300000, 0x0000000083400000, 0x0000000083400000|100%| S|CS|TAMS 0x0000000083300000, 0x0000000083300000| Complete 
|  52|0x0000000083400000, 0x0000000083500000, 0x0000000083500000|100%| S|CS|TAMS 0x0000000083400000, 0x0000000083400000| Complete 
|  53|0x0000000083500000, 0x0000000083600000, 0x0000000083600000|100%| S|CS|TAMS 0x0000000083500000, 0x0000000083500000| Complete 
|  54|0x0000000083600000, 0x0000000083700000, 0x0000000083700000|100%| S|CS|TAMS 0x0000000083600000, 0x0000000083600000| Complete 
|  55|0x0000000083700000, 0x0000000083800000, 0x0000000083800000|100%| S|CS|TAMS 0x0000000083700000, 0x0000000083700000| Complete 
|  56|0x0000000083800000, 0x0000000083900000, 0x0000000083900000|100%| S|CS|TAMS 0x0000000083800000, 0x0000000083800000| Complete 
|  57|0x0000000083900000, 0x0000000083a00000, 0x0000000083a00000|100%| S|CS|TAMS 0x0000000083900000, 0x0000000083900000| Complete 
|  58|0x0000000083a00000, 0x0000000083a00000, 0x0000000083b00000|  0%| F|  |TAMS 0x0000000083a00000, 0x0000000083a00000| Untracked 
|  59|0x0000000083b00000, 0x0000000083b00000, 0x0000000083c00000|  0%| F|  |TAMS 0x0000000083b00000, 0x0000000083b00000| Untracked 
|  60|0x0000000083c00000, 0x0000000083c00000, 0x0000000083d00000|  0%| F|  |TAMS 0x0000000083c00000, 0x0000000083c00000| Untracked 
|  61|0x0000000083d00000, 0x0000000083d00000, 0x0000000083e00000|  0%| F|  |TAMS 0x0000000083d00000, 0x0000000083d00000| Untracked 
|  62|0x0000000083e00000, 0x0000000083e00000, 0x0000000083f00000|  0%| F|  |TAMS 0x0000000083e00000, 0x0000000083e00000| Untracked 
|  63|0x0000000083f00000, 0x0000000083f00000, 0x0000000084000000|  0%| F|  |TAMS 0x0000000083f00000, 0x0000000083f00000| Untracked 
|  64|0x0000000084000000, 0x0000000084000000, 0x0000000084100000|  0%| F|  |TAMS 0x0000000084000000, 0x0000000084000000| Untracked 
|  65|0x0000000084100000, 0x0000000084100000, 0x0000000084200000|  0%| F|  |TAMS 0x0000000084100000, 0x0000000084100000| Untracked 
|  66|0x0000000084200000, 0x0000000084200000, 0x0000000084300000|  0%| F|  |TAMS 0x0000000084200000, 0x0000000084200000| Untracked 
|  67|0x0000000084300000, 0x0000000084300000, 0x0000000084400000|  0%| F|  |TAMS 0x0000000084300000, 0x0000000084300000| Untracked 
|  68|0x0000000084400000, 0x0000000084400000, 0x0000000084500000|  0%| F|  |TAMS 0x0000000084400000, 0x0000000084400000| Untracked 
|  69|0x0000000084500000, 0x0000000084500000, 0x0000000084600000|  0%| F|  |TAMS 0x0000000084500000, 0x0000000084500000| Untracked 
|  70|0x0000000084600000, 0x0000000084600000, 0x0000000084700000|  0%| F|  |TAMS 0x0000000084600000, 0x0000000084600000| Untracked 
|  71|0x0000000084700000, 0x0000000084700000, 0x0000000084800000|  0%| F|  |TAMS 0x0000000084700000, 0x0000000084700000| Untracked 
|  72|0x0000000084800000, 0x0000000084800000, 0x0000000084900000|  0%| F|  |TAMS 0x0000000084800000, 0x0000000084800000| Untracked 
|  73|0x0000000084900000, 0x0000000084900000, 0x0000000084a00000|  0%| F|  |TAMS 0x0000000084900000, 0x0000000084900000| Untracked 
|  74|0x0000000084a00000, 0x0000000084a00000, 0x0000000084b00000|  0%| F|  |TAMS 0x0000000084a00000, 0x0000000084a00000| Untracked 
|  75|0x0000000084b00000, 0x0000000084b00000, 0x0000000084c00000|  0%| F|  |TAMS 0x0000000084b00000, 0x0000000084b00000| Untracked 
|  76|0x0000000084c00000, 0x0000000084c00000, 0x0000000084d00000|  0%| F|  |TAMS 0x0000000084c00000, 0x0000000084c00000| Untracked 
|  77|0x0000000084d00000, 0x0000000084d00000, 0x0000000084e00000|  0%| F|  |TAMS 0x0000000084d00000, 0x0000000084d00000| Untracked 
|  78|0x0000000084e00000, 0x0000000084e00000, 0x0000000084f00000|  0%| F|  |TAMS 0x0000000084e00000, 0x0000000084e00000| Untracked 
|  79|0x0000000084f00000, 0x0000000084f00000, 0x0000000085000000|  0%| F|  |TAMS 0x0000000084f00000, 0x0000000084f00000| Untracked 
|  80|0x0000000085000000, 0x0000000085000000, 0x0000000085100000|  0%| F|  |TAMS 0x0000000085000000, 0x0000000085000000| Untracked 
|  81|0x0000000085100000, 0x0000000085100000, 0x0000000085200000|  0%| F|  |TAMS 0x0000000085100000, 0x0000000085100000| Untracked 
|  82|0x0000000085200000, 0x0000000085200000, 0x0000000085300000|  0%| F|  |TAMS 0x0000000085200000, 0x0000000085200000| Untracked 
|  83|0x0000000085300000, 0x0000000085300000, 0x0000000085400000|  0%| F|  |TAMS 0x0000000085300000, 0x0000000085300000| Untracked 
|  84|0x0000000085400000, 0x0000000085400000, 0x0000000085500000|  0%| F|  |TAMS 0x0000000085400000, 0x0000000085400000| Untracked 
|  85|0x0000000085500000, 0x0000000085500000, 0x0000000085600000|  0%| F|  |TAMS 0x0000000085500000, 0x0000000085500000| Untracked 
|  86|0x0000000085600000, 0x0000000085700000, 0x0000000085700000|100%| E|  |TAMS 0x0000000085600000, 0x0000000085600000| Complete 
|  87|0x0000000085700000, 0x0000000085800000, 0x0000000085800000|100%| E|CS|TAMS 0x0000000085700000, 0x0000000085700000| Complete 
|  88|0x0000000085800000, 0x0000000085900000, 0x0000000085900000|100%| E|CS|TAMS 0x0000000085800000, 0x0000000085800000| Complete 
|  89|0x0000000085900000, 0x0000000085a00000, 0x0000000085a00000|100%| E|CS|TAMS 0x0000000085900000, 0x0000000085900000| Complete 
|  90|0x0000000085a00000, 0x0000000085b00000, 0x0000000085b00000|100%| E|CS|TAMS 0x0000000085a00000, 0x0000000085a00000| Complete 
|  91|0x0000000085b00000, 0x0000000085c00000, 0x0000000085c00000|100%| E|CS|TAMS 0x0000000085b00000, 0x0000000085b00000| Complete 
|  92|0x0000000085c00000, 0x0000000085d00000, 0x0000000085d00000|100%| E|CS|TAMS 0x0000000085c00000, 0x0000000085c00000| Complete 
|  93|0x0000000085d00000, 0x0000000085e00000, 0x0000000085e00000|100%| E|CS|TAMS 0x0000000085d00000, 0x0000000085d00000| Complete 
|  94|0x0000000085e00000, 0x0000000085f00000, 0x0000000085f00000|100%| E|CS|TAMS 0x0000000085e00000, 0x0000000085e00000| Complete 
|  95|0x0000000085f00000, 0x0000000086000000, 0x0000000086000000|100%| E|CS|TAMS 0x0000000085f00000, 0x0000000085f00000| Complete 
|  96|0x0000000086000000, 0x0000000086100000, 0x0000000086100000|100%| E|CS|TAMS 0x0000000086000000, 0x0000000086000000| Complete 
|  97|0x0000000086100000, 0x0000000086200000, 0x0000000086200000|100%| E|CS|TAMS 0x0000000086100000, 0x0000000086100000| Complete 
|  98|0x0000000086200000, 0x0000000086300000, 0x0000000086300000|100%| E|CS|TAMS 0x0000000086200000, 0x0000000086200000| Complete 
|  99|0x0000000086300000, 0x0000000086400000, 0x0000000086400000|100%| E|CS|TAMS 0x0000000086300000, 0x0000000086300000| Complete 
| 100|0x0000000086400000, 0x0000000086500000, 0x0000000086500000|100%| E|CS|TAMS 0x0000000086400000, 0x0000000086400000| Complete 
| 101|0x0000000086500000, 0x0000000086600000, 0x0000000086600000|100%| E|  |TAMS 0x0000000086500000, 0x0000000086500000| Complete 
| 102|0x0000000086600000, 0x0000000086700000, 0x0000000086700000|100%| E|CS|TAMS 0x0000000086600000, 0x0000000086600000| Complete 
| 103|0x0000000086700000, 0x0000000086800000, 0x0000000086800000|100%| E|CS|TAMS 0x0000000086700000, 0x0000000086700000| Complete 
| 104|0x0000000086800000, 0x0000000086900000, 0x0000000086900000|100%| E|CS|TAMS 0x0000000086800000, 0x0000000086800000| Complete 
| 105|0x0000000086900000, 0x0000000086a00000, 0x0000000086a00000|100%| E|CS|TAMS 0x0000000086900000, 0x0000000086900000| Complete 
| 127|0x0000000087f00000, 0x0000000088000000, 0x0000000088000000|100%| E|CS|TAMS 0x0000000087f00000, 0x0000000087f00000| Complete 

Card table byte_map: [0x000002a6c9ac0000,0x000002a6c9ec0000] _byte_map_base: 0x000002a6c96c0000

Marking Bits (Prev, Next): (CMBitMap*) 0x000002a6b5227fd0, (CMBitMap*) 0x000002a6b5228010
 Prev Bits: [0x000002a6ca2c0000, 0x000002a6cc2c0000)
 Next Bits: [0x000002a6cc2c0000, 0x000002a6ce2c0000)

Polling page: 0x000002a6b52a0000

Metaspace:

Usage:
  Non-class:     40.97 MB used.
      Class:      6.24 MB used.
       Both:     47.21 MB used.

Virtual space:
  Non-class space:       48.00 MB reserved,      41.19 MB ( 86%) committed,  6 nodes.
      Class space:        1.00 GB reserved,       6.44 MB ( <1%) committed,  1 nodes.
             Both:        1.05 GB reserved,      47.62 MB (  4%) committed. 

Chunk freelists:
   Non-Class:  2.47 MB
       Class:  1.53 MB
        Both:  4.00 MB

MaxMetaspaceSize: unlimited
CompressedClassSpaceSize: 1.00 GB
Initial GC threshold: 21.00 MB
Current GC threshold: 58.88 MB
CDS: off
MetaspaceReclaimPolicy: balanced
 - commit_granule_bytes: 65536.
 - commit_granule_words: 8192.
 - virtual_space_node_default_size: 1048576.
 - enlarge_chunks_in_place: 1.
 - new_chunks_are_fully_committed: 0.
 - uncommit_free_chunks: 1.
 - use_allocation_guard: 0.
 - handle_deallocations: 1.


Internal statistics:

num_allocs_failed_limit: 6.
num_arena_births: 372.
num_arena_deaths: 0.
num_vsnodes_births: 7.
num_vsnodes_deaths: 0.
num_space_committed: 762.
num_space_uncommitted: 0.
num_chunks_returned_to_freelist: 6.
num_chunks_taken_from_freelist: 1809.
num_chunk_merges: 6.
num_chunk_splits: 1214.
num_chunks_enlarged: 864.
num_purges: 0.
num_inconsistent_stats: 0.

CodeHeap 'non-profiled nmethods': size=120000Kb used=1749Kb max_used=1749Kb free=118250Kb
 bounds [0x000002a6c1940000, 0x000002a6c1bb0000, 0x000002a6c8e70000]
CodeHeap 'profiled nmethods': size=120000Kb used=8521Kb max_used=8521Kb free=111478Kb
 bounds [0x000002a6b9e70000, 0x000002a6ba6d0000, 0x000002a6c13a0000]
CodeHeap 'non-nmethods': size=5760Kb used=2292Kb max_used=2314Kb free=3467Kb
 bounds [0x000002a6c13a0000, 0x000002a6c1610000, 0x000002a6c1940000]
 total_blobs=4908 nmethods=4106 adapters=715
 compilation: enabled
              stopped_count=0, restarted_count=0
 full_count=0

Compilation events (20 events):
Event: 6.756 Thread 0x000002a6d153a010 nmethod 4130 0x000002a6ba6ba590 code [0x000002a6ba6ba760, 0x000002a6ba6ba9a8]
Event: 6.764 Thread 0x000002a6d153a010 4131       2       java.net.URI::match (56 bytes)
Event: 6.764 Thread 0x000002a6d153a010 nmethod 4131 0x000002a6ba6bab10 code [0x000002a6ba6bacc0, 0x000002a6ba6baeb8]
Event: 6.764 Thread 0x000002a6d153a010 4132       2       java.net.URI$Parser::scan (76 bytes)
Event: 6.765 Thread 0x000002a6d153a010 nmethod 4132 0x000002a6ba6baf90 code [0x000002a6ba6bb160, 0x000002a6ba6bb5d8]
Event: 6.765 Thread 0x000002a6d153a010 4133       2       org.gradle.internal.time.MonotonicClock::getCurrentTime (70 bytes)
Event: 6.766 Thread 0x000002a6d153a010 nmethod 4133 0x000002a6ba6bb910 code [0x000002a6ba6bbae0, 0x000002a6ba6bbd58]
Event: 6.782 Thread 0x000002a6d153a010 4134       2       sun.nio.fs.WindowsPath::isEmpty (8 bytes)
Event: 6.783 Thread 0x000002a6d153a010 nmethod 4134 0x000002a6ba6bbf90 code [0x000002a6ba6bc120, 0x000002a6ba6bc258]
Event: 6.793 Thread 0x000002a6d153a010 4135       2       java.util.concurrent.locks.AbstractQueuedSynchronizer$ConditionObject::unlinkCancelledWaiters (91 bytes)
Event: 6.794 Thread 0x000002a6d153a010 nmethod 4135 0x000002a6ba6bc310 code [0x000002a6ba6bc4c0, 0x000002a6ba6bc7d8]
Event: 6.796 Thread 0x000002a6d153a010 4136       2       org.gradle.internal.instantiation.generator.AbstractClassGenerator$DslMixInPropertyType::findClosureOverload (109 bytes)
Event: 6.797 Thread 0x000002a6d153a010 nmethod 4136 0x000002a6ba6bc910 code [0x000002a6ba6bcb20, 0x000002a6ba6bcfb8]
Event: 6.797 Thread 0x000002a6d153a010 4137       2       sun.reflect.generics.parser.SignatureParser::parseZeroOrMoreThrowsSignatures (51 bytes)
Event: 6.798 Thread 0x000002a6d153a010 nmethod 4137 0x000002a6ba6bd310 code [0x000002a6ba6bd500, 0x000002a6ba6bd9c8]
Event: 6.798 Thread 0x000002a6d153a010 4138       2       sun.reflect.generics.tree.MethodTypeSignature::make (12 bytes)
Event: 6.798 Thread 0x000002a6d153a010 nmethod 4138 0x000002a6ba6bdc90 code [0x000002a6ba6bde40, 0x000002a6ba6be0f8]
Event: 6.805 Thread 0x000002a6d153a010 4139       2       org.gradle.model.internal.asm.MethodVisitorScope::_CHECKCAST (9 bytes)
Event: 6.805 Thread 0x000002a6d153a010 nmethod 4139 0x000002a6ba6be190 code [0x000002a6ba6be340, 0x000002a6ba6be4d8]
Event: 6.815 Thread 0x000002a6d153a010 4145       2       java.util.regex.Matcher::appendExpandedReplacement (510 bytes)

GC Heap History (20 events):
Event: 1.010 GC heap before
{Heap before GC invocations=0 (full 0):
 garbage-first heap   total 131072K, used 24576K [0x0000000080000000, 0x0000000100000000)
  region size 1024K, 21 young (21504K), 0 survivors (0K)
 Metaspace       used 10189K, committed 10368K, reserved 1064960K
  class space    used 1056K, committed 1088K, reserved 1048576K
}
Event: 1.020 GC heap after
{Heap after GC invocations=1 (full 0):
 garbage-first heap   total 131072K, used 9987K [0x0000000080000000, 0x0000000100000000)
  region size 1024K, 3 young (3072K), 3 survivors (3072K)
 Metaspace       used 10189K, committed 10368K, reserved 1064960K
  class space    used 1056K, committed 1088K, reserved 1048576K
}
Event: 1.602 GC heap before
{Heap before GC invocations=1 (full 0):
 garbage-first heap   total 131072K, used 33539K [0x0000000080000000, 0x0000000100000000)
  region size 1024K, 26 young (26624K), 3 survivors (3072K)
 Metaspace       used 11170K, committed 11392K, reserved 1064960K
  class space    used 1165K, committed 1280K, reserved 1048576K
}
Event: 1.608 GC heap after
{Heap after GC invocations=2 (full 0):
 garbage-first heap   total 131072K, used 10809K [0x0000000080000000, 0x0000000100000000)
  region size 1024K, 1 young (1024K), 1 survivors (1024K)
 Metaspace       used 11170K, committed 11392K, reserved 1064960K
  class space    used 1165K, committed 1280K, reserved 1048576K
}
Event: 2.903 GC heap before
{Heap before GC invocations=2 (full 0):
 garbage-first heap   total 131072K, used 54841K [0x0000000080000000, 0x0000000100000000)
  region size 1024K, 45 young (46080K), 1 survivors (1024K)
 Metaspace       used 21179K, committed 21504K, reserved 1073152K
  class space    used 2570K, committed 2752K, reserved 1048576K
}
Event: 2.914 GC heap after
{Heap after GC invocations=3 (full 0):
 garbage-first heap   total 131072K, used 18474K [0x0000000080000000, 0x0000000100000000)
  region size 1024K, 9 young (9216K), 9 survivors (9216K)
 Metaspace       used 21179K, committed 21504K, reserved 1073152K
  class space    used 2570K, committed 2752K, reserved 1048576K
}
Event: 3.610 GC heap before
{Heap before GC invocations=4 (full 0):
 garbage-first heap   total 68608K, used 50218K [0x0000000080000000, 0x0000000100000000)
  region size 1024K, 40 young (40960K), 9 survivors (9216K)
 Metaspace       used 26107K, committed 26432K, reserved 1073152K
  class space    used 3427K, committed 3584K, reserved 1048576K
}
Event: 3.624 GC heap after
{Heap after GC invocations=5 (full 0):
 garbage-first heap   total 68608K, used 20276K [0x0000000080000000, 0x0000000100000000)
  region size 1024K, 3 young (3072K), 3 survivors (3072K)
 Metaspace       used 26107K, committed 26432K, reserved 1073152K
  class space    used 3427K, committed 3584K, reserved 1048576K
}
Event: 3.646 GC heap before
{Heap before GC invocations=5 (full 0):
 garbage-first heap   total 68608K, used 21300K [0x0000000080000000, 0x0000000100000000)
  region size 1024K, 4 young (4096K), 3 survivors (3072K)
 Metaspace       used 26262K, committed 26560K, reserved 1073152K
  class space    used 3455K, committed 3584K, reserved 1048576K
}
Event: 3.651 GC heap after
{Heap after GC invocations=6 (full 0):
 garbage-first heap   total 68608K, used 20474K [0x0000000080000000, 0x0000000100000000)
  region size 1024K, 1 young (1024K), 1 survivors (1024K)
 Metaspace       used 26262K, committed 26560K, reserved 1073152K
  class space    used 3455K, committed 3584K, reserved 1048576K
}
Event: 4.240 GC heap before
{Heap before GC invocations=6 (full 0):
 garbage-first heap   total 68608K, used 47098K [0x0000000080000000, 0x0000000100000000)
  region size 1024K, 27 young (27648K), 1 survivors (1024K)
 Metaspace       used 30427K, committed 30720K, reserved 1081344K
  class space    used 4135K, committed 4288K, reserved 1048576K
}
Event: 4.243 GC heap after
{Heap after GC invocations=7 (full 0):
 garbage-first heap   total 68608K, used 21641K [0x0000000080000000, 0x0000000100000000)
  region size 1024K, 2 young (2048K), 2 survivors (2048K)
 Metaspace       used 30427K, committed 30720K, reserved 1081344K
  class space    used 4135K, committed 4288K, reserved 1048576K
}
Event: 4.964 GC heap before
{Heap before GC invocations=7 (full 0):
 garbage-first heap   total 68608K, used 49289K [0x0000000080000000, 0x0000000100000000)
  region size 1024K, 29 young (29696K), 2 survivors (2048K)
 Metaspace       used 35147K, committed 35520K, reserved 1081344K
  class space    used 4854K, committed 5056K, reserved 1048576K
}
Event: 4.971 GC heap after
{Heap after GC invocations=8 (full 0):
 garbage-first heap   total 68608K, used 23535K [0x0000000080000000, 0x0000000100000000)
  region size 1024K, 4 young (4096K), 4 survivors (4096K)
 Metaspace       used 35147K, committed 35520K, reserved 1081344K
  class space    used 4854K, committed 5056K, reserved 1048576K
}
Event: 5.037 GC heap before
{Heap before GC invocations=8 (full 0):
 garbage-first heap   total 68608K, used 24559K [0x0000000080000000, 0x0000000100000000)
  region size 1024K, 6 young (6144K), 4 survivors (4096K)
 Metaspace       used 35612K, committed 35968K, reserved 1081344K
  class space    used 4878K, committed 5056K, reserved 1048576K
}
Event: 5.042 GC heap after
{Heap after GC invocations=9 (full 0):
 garbage-first heap   total 68608K, used 23904K [0x0000000080000000, 0x0000000100000000)
  region size 1024K, 3 young (3072K), 3 survivors (3072K)
 Metaspace       used 35612K, committed 35968K, reserved 1081344K
  class space    used 4878K, committed 5056K, reserved 1048576K
}
Event: 5.560 GC heap before
{Heap before GC invocations=10 (full 0):
 garbage-first heap   total 68608K, used 47456K [0x0000000080000000, 0x0000000100000000)
  region size 1024K, 27 young (27648K), 3 survivors (3072K)
 Metaspace       used 40387K, committed 40704K, reserved 1089536K
  class space    used 5357K, committed 5504K, reserved 1048576K
}
Event: 5.569 GC heap after
{Heap after GC invocations=11 (full 0):
 garbage-first heap   total 109568K, used 27468K [0x0000000080000000, 0x0000000100000000)
  region size 1024K, 4 young (4096K), 4 survivors (4096K)
 Metaspace       used 40387K, committed 40704K, reserved 1089536K
  class space    used 5357K, committed 5504K, reserved 1048576K
}
Event: 6.462 GC heap before
{Heap before GC invocations=11 (full 0):
 garbage-first heap   total 109568K, used 80716K [0x0000000080000000, 0x0000000100000000)
  region size 1024K, 53 young (54272K), 4 survivors (4096K)
 Metaspace       used 45166K, committed 45504K, reserved 1089536K
  class space    used 5986K, committed 6144K, reserved 1048576K
}
Event: 6.472 GC heap after
{Heap after GC invocations=12 (full 0):
 garbage-first heap   total 109568K, used 31270K [0x0000000080000000, 0x0000000100000000)
  region size 1024K, 7 young (7168K), 7 survivors (7168K)
 Metaspace       used 45166K, committed 45504K, reserved 1089536K
  class space    used 5986K, committed 6144K, reserved 1048576K
}

Dll operation events (2 events):
Event: 0.015 Loaded shared library G:\Program\Android Studio\jbr\bin\java.dll
Event: 0.643 Loaded shared library G:\Program\Android Studio\jbr\bin\verify.dll

Deoptimization events (20 events):
Event: 6.543 Thread 0x000002a6d3053a40 Uncommon trap: trap_request=0xffffff45 fr.pc=0x000002a6c1ad9ecc relative=0x000000000000146c
Event: 6.543 Thread 0x000002a6d3053a40 Uncommon trap: reason=unstable_if action=reinterpret pc=0x000002a6c1ad9ecc method=java.util.concurrent.ConcurrentHashMap.computeIfAbsent(Ljava/lang/Object;Ljava/util/function/Function;)Ljava/lang/Object; @ 123 c2
Event: 6.543 Thread 0x000002a6d3053a40 DEOPT PACKING pc=0x000002a6c1ad9ecc sp=0x000000a7858fa2f0
Event: 6.543 Thread 0x000002a6d3053a40 DEOPT UNPACKING pc=0x000002a6c13f69a3 sp=0x000000a7858fa280 mode 2
Event: 6.658 Thread 0x000002a6d3053a40 Uncommon trap: trap_request=0xffffff76 fr.pc=0x000002a6c1a52e94 relative=0x0000000000000254
Event: 6.658 Thread 0x000002a6d3053a40 Uncommon trap: reason=predicate action=maybe_recompile pc=0x000002a6c1a52e94 method=com.google.common.base.CharMatcher.indexIn(Ljava/lang/CharSequence;I)I @ 19 c2
Event: 6.658 Thread 0x000002a6d3053a40 DEOPT PACKING pc=0x000002a6c1a52e94 sp=0x000000a7858f7dd0
Event: 6.658 Thread 0x000002a6d3053a40 DEOPT UNPACKING pc=0x000002a6c13f69a3 sp=0x000000a7858f7d68 mode 2
Event: 6.763 Thread 0x000002a6d3053a40 Uncommon trap: trap_request=0xffffff45 fr.pc=0x000002a6c19b2d04 relative=0x0000000000000164
Event: 6.763 Thread 0x000002a6d3053a40 Uncommon trap: reason=unstable_if action=reinterpret pc=0x000002a6c19b2d04 method=java.net.URI$Parser.scan(IILjava/lang/String;)I @ 26 c2
Event: 6.763 Thread 0x000002a6d3053a40 DEOPT PACKING pc=0x000002a6c19b2d04 sp=0x000000a7858f8c60
Event: 6.763 Thread 0x000002a6d3053a40 DEOPT UNPACKING pc=0x000002a6c13f69a3 sp=0x000000a7858f8bf0 mode 2
Event: 6.763 Thread 0x000002a6d3053a40 Uncommon trap: trap_request=0xffffff45 fr.pc=0x000002a6c199173c relative=0x000000000000011c
Event: 6.763 Thread 0x000002a6d3053a40 Uncommon trap: reason=unstable_if action=reinterpret pc=0x000002a6c199173c method=java.net.URI.match(CJJ)Z @ 45 c2
Event: 6.763 Thread 0x000002a6d3053a40 DEOPT PACKING pc=0x000002a6c199173c sp=0x000000a7858f89e0
Event: 6.763 Thread 0x000002a6d3053a40 DEOPT UNPACKING pc=0x000002a6c13f69a3 sp=0x000000a7858f8908 mode 2
Event: 6.763 Thread 0x000002a6d3053a40 Uncommon trap: trap_request=0xffffff45 fr.pc=0x000002a6c1961048 relative=0x0000000000000048
Event: 6.763 Thread 0x000002a6d3053a40 Uncommon trap: reason=unstable_if action=reinterpret pc=0x000002a6c1961048 method=java.net.URI.match(CJJ)Z @ 19 c2
Event: 6.763 Thread 0x000002a6d3053a40 DEOPT PACKING pc=0x000002a6c1961048 sp=0x000000a7858f89e0
Event: 6.763 Thread 0x000002a6d3053a40 DEOPT UNPACKING pc=0x000002a6c13f69a3 sp=0x000000a7858f8990 mode 2

Classes unloaded (0 events):
No events

Classes redefined (0 events):
No events

Internal exceptions (20 events):
Event: 6.141 Thread 0x000002a6d3053a40 Exception <a 'java/lang/ClassNotFoundException'{0x000000008484c720}: org/gradle/api/internal/provider/AbstractMinimalProviderCustomizer> (0x000000008484c720) 
thrown [s\src\hotspot\share\classfile\systemDictionary.cpp, line 256]
Event: 6.144 Thread 0x000002a6d3053a40 Exception <a 'java/lang/ClassNotFoundException'{0x0000000084876890}: org/gradle/api/internal/provider/AbstractPropertyCustomizer> (0x0000000084876890) 
thrown [s\src\hotspot\share\classfile\systemDictionary.cpp, line 256]
Event: 6.145 Thread 0x000002a6d3053a40 Exception <a 'java/lang/ClassNotFoundException'{0x0000000084893840}: org/gradle/api/internal/provider/DefaultPropertyCustomizer> (0x0000000084893840) 
thrown [s\src\hotspot\share\classfile\systemDictionary.cpp, line 256]
Event: 6.162 Thread 0x000002a6d3053a40 Exception <a 'java/lang/ClassNotFoundException'{0x00000000848fc608}: org/gradle/initialization/DefaultProjectDescriptorBeanInfo> (0x00000000848fc608) 
thrown [s\src\hotspot\share\classfile\systemDictionary.cpp, line 256]
Event: 6.163 Thread 0x000002a6d3053a40 Exception <a 'java/lang/ClassNotFoundException'{0x000000008470afa0}: org/gradle/initialization/DefaultProjectDescriptorCustomizer> (0x000000008470afa0) 
thrown [s\src\hotspot\share\classfile\systemDictionary.cpp, line 256]
Event: 6.169 Thread 0x000002a6d3053a40 Implicit null exception at 0x000002a6c1a948ec to 0x000002a6c1a94994
Event: 6.365 Thread 0x000002a6d3050550 Exception <a 'java/lang/NoSuchMethodError'{0x0000000083f8beb8}: static Lorg/gradle/internal/build/event/types/DefaultOperationStartedProgressEvent;.<clinit>()V> (0x0000000083f8beb8) 
thrown [s\src\hotspot\share\prims\jni.cpp, line 1108]
Event: 6.365 Thread 0x000002a6d3050550 Exception <a 'java/lang/NoSuchMethodError'{0x0000000083f8d540}: static Lorg/gradle/internal/build/event/types/AbstractProgressEvent;.<clinit>()V> (0x0000000083f8d540) 
thrown [s\src\hotspot\share\prims\jni.cpp, line 1108]
Event: 6.368 Thread 0x000002a6d3050550 Exception <a 'java/lang/NoSuchMethodError'{0x0000000083f9d9e0}: static Lorg/gradle/internal/build/event/types/DefaultProjectConfigurationDescriptor;.<clinit>()V> (0x0000000083f9d9e0) 
thrown [s\src\hotspot\share\prims\jni.cpp, line 1108]
Event: 6.369 Thread 0x000002a6d3050550 Exception <a 'java/lang/NoSuchMethodError'{0x0000000083f9ffc8}: static Lorg/gradle/internal/build/event/types/DefaultOperationDescriptor;.<clinit>()V> (0x0000000083f9ffc8) 
thrown [s\src\hotspot\share\prims\jni.cpp, line 1108]
Event: 6.371 Thread 0x000002a6d3050550 Exception <a 'java/lang/NoSuchMethodError'{0x0000000083e074d8}: static Lorg/gradle/internal/operations/OperationIdentifier;.<clinit>()V> (0x0000000083e074d8) 
thrown [s\src\hotspot\share\prims\jni.cpp, line 1108]
Event: 6.639 Thread 0x000002a6d3053a40 Exception <a 'java/lang/ClassNotFoundException'{0x0000000086292d48}: build_7csj3u0lpd9eqssrqifga9v8tBeanInfo> (0x0000000086292d48) 
thrown [s\src\hotspot\share\classfile\systemDictionary.cpp, line 256]
Event: 6.640 Thread 0x000002a6d3053a40 Exception <a 'java/lang/ClassNotFoundException'{0x000000008629d328}: org/gradle/api/internal/project/ProjectScriptBeanInfo> (0x000000008629d328) 
thrown [s\src\hotspot\share\classfile\systemDictionary.cpp, line 256]
Event: 6.640 Thread 0x000002a6d3053a40 Exception <a 'java/lang/ClassNotFoundException'{0x00000000862a7958}: org/gradle/api/internal/project/ProjectScriptCustomizer> (0x00000000862a7958) 
thrown [s\src\hotspot\share\classfile\systemDictionary.cpp, line 256]
Event: 6.642 Thread 0x000002a6d3053a40 Exception <a 'java/lang/ClassNotFoundException'{0x00000000862bef58}: build_7csj3u0lpd9eqssrqifga9v8tCustomizer> (0x00000000862bef58) 
thrown [s\src\hotspot\share\classfile\systemDictionary.cpp, line 256]
Event: 6.654 Thread 0x000002a6d3053a40 Exception <a 'java/lang/ClassNotFoundException'{0x0000000086138d48}: org/gradle/plugin/use/internal/PluginRequestCollector$PluginDependenciesSpecImplBeanInfo> (0x0000000086138d48) 
thrown [s\src\hotspot\share\classfile\systemDictionary.cpp, line 256]
Event: 6.655 Thread 0x000002a6d3053a40 Exception <a 'java/lang/ClassNotFoundException'{0x0000000086149448}: org/gradle/plugin/use/internal/PluginRequestCollector$PluginDependenciesSpecImplCustomizer> (0x0000000086149448) 
thrown [s\src\hotspot\share\classfile\systemDictionary.cpp, line 256]
Event: 6.660 Thread 0x000002a6d3053a40 Exception <a 'java/lang/ClassNotFoundException'{0x0000000086187be8}: org/gradle/plugin/use/internal/PluginRequestCollector$PluginDependencySpecImplBeanInfo> (0x0000000086187be8) 
thrown [s\src\hotspot\share\classfile\systemDictionary.cpp, line 256]
Event: 6.661 Thread 0x000002a6d3053a40 Exception <a 'java/lang/ClassNotFoundException'{0x0000000086198288}: org/gradle/plugin/use/internal/PluginRequestCollector$PluginDependencySpecImplCustomizer> (0x0000000086198288) 
thrown [s\src\hotspot\share\classfile\systemDictionary.cpp, line 256]
Event: 6.809 Thread 0x000002a6d3053a40 Exception <a 'java/lang/NoSuchMethodError'{0x0000000085aa50b8}: 'java.lang.Object java.lang.invoke.DirectMethodHandle$Holder.newInvokeSpecial(java.lang.Object, int, java.lang.Object)'> (0x0000000085aa50b8) 
thrown [s\src\hotspot\share\interpreter\linkResolver.cpp, line 771]

VM Operations (20 events):
Event: 5.500 Executing VM operation: HandshakeAllThreads
Event: 5.500 Executing VM operation: HandshakeAllThreads done
Event: 5.560 Executing VM operation: G1CollectForAllocation
Event: 5.569 Executing VM operation: G1CollectForAllocation done
Event: 5.651 Executing VM operation: HandshakeAllThreads
Event: 5.651 Executing VM operation: HandshakeAllThreads done
Event: 5.953 Executing VM operation: ICBufferFull
Event: 5.953 Executing VM operation: ICBufferFull done
Event: 6.299 Executing VM operation: HandshakeAllThreads
Event: 6.299 Executing VM operation: HandshakeAllThreads done
Event: 6.347 Executing VM operation: HandshakeAllThreads
Event: 6.347 Executing VM operation: HandshakeAllThreads done
Event: 6.462 Executing VM operation: G1CollectForAllocation
Event: 6.472 Executing VM operation: G1CollectForAllocation done
Event: 6.487 Executing VM operation: HandshakeAllThreads
Event: 6.487 Executing VM operation: HandshakeAllThreads done
Event: 6.668 Executing VM operation: HandshakeAllThreads
Event: 6.668 Executing VM operation: HandshakeAllThreads done
Event: 6.669 Executing VM operation: HandshakeAllThreads
Event: 6.669 Executing VM operation: HandshakeAllThreads done

Events (20 events):
Event: 6.364 loading class java/io/ObjectStreamClass$3 done
Event: 6.365 loading class java/io/ObjectStreamClass$4
Event: 6.365 loading class java/io/ObjectStreamClass$4 done
Event: 6.365 loading class java/io/ObjectStreamClass$5
Event: 6.365 loading class java/io/ObjectStreamClass$5 done
Event: 6.365 loading class java/io/ObjectStreamClass$ClassDataSlot
Event: 6.365 loading class java/io/ObjectStreamClass$ClassDataSlot done
Event: 6.369 loading class jdk/internal/reflect/UnsafeQualifiedStaticLongFieldAccessorImpl
Event: 6.369 loading class jdk/internal/reflect/UnsafeQualifiedStaticLongFieldAccessorImpl done
Event: 6.372 loading class java/io/SerialCallbackContext
Event: 6.372 loading class java/io/SerialCallbackContext done
Event: 6.420 loading class java/util/DualPivotQuicksort
Event: 6.421 loading class java/util/DualPivotQuicksort done
Event: 6.511 loading class java/lang/StringIndexOutOfBoundsException
Event: 6.511 loading class java/lang/StringIndexOutOfBoundsException done
Event: 6.630 Thread 0x000002a6d5901a20 Thread added: 0x000002a6d5901a20
Event: 6.774 loading class java/io/DeleteOnExitHook
Event: 6.774 loading class java/io/DeleteOnExitHook done
Event: 6.775 loading class java/io/DeleteOnExitHook$1
Event: 6.775 loading class java/io/DeleteOnExitHook$1 done


Dynamic libraries:
0x00007ff7fe4c0000 - 0x00007ff7fe4ca000 	G:\Program\Android Studio\jbr\bin\java.exe
0x00007ffb3b8f0000 - 0x00007ffb3bae8000 	C:\Windows\SYSTEM32\ntdll.dll
0x00007ffb3a7a0000 - 0x00007ffb3a85f000 	C:\Windows\System32\KERNEL32.DLL
0x00007ffb39270000 - 0x00007ffb39566000 	C:\Windows\System32\KERNELBASE.dll
0x00007ffb39790000 - 0x00007ffb39890000 	C:\Windows\System32\ucrtbase.dll
0x00007ffb22a30000 - 0x00007ffb22a47000 	G:\Program\Android Studio\jbr\bin\jli.dll
0x00007ffb39fa0000 - 0x00007ffb3a13d000 	C:\Windows\System32\USER32.dll
0x00007ffb1f790000 - 0x00007ffb1f7ab000 	G:\Program\Android Studio\jbr\bin\VCRUNTIME140.dll
0x00007ffb39890000 - 0x00007ffb398b2000 	C:\Windows\System32\win32u.dll
0x00007ffb3a710000 - 0x00007ffb3a73c000 	C:\Windows\System32\GDI32.dll
0x00007ffb38fd0000 - 0x00007ffb390e5000 	C:\Windows\System32\gdi32full.dll
0x00007ffb391d0000 - 0x00007ffb3926d000 	C:\Windows\System32\msvcp_win.dll
0x00007ffb1f090000 - 0x00007ffb1f32a000 	C:\Windows\WinSxS\amd64_microsoft.windows.common-controls_6595b64144ccf1df_6.0.19041.1110_none_60b5254171f9507e\COMCTL32.dll
0x00007ffb3b520000 - 0x00007ffb3b5be000 	C:\Windows\System32\msvcrt.dll
0x00007ffb39c60000 - 0x00007ffb39c90000 	C:\Windows\System32\IMM32.DLL
0x00007ffb31ed0000 - 0x00007ffb31edc000 	G:\Program\Android Studio\jbr\bin\vcruntime140_1.dll
0x00007ffaf6780000 - 0x00007ffaf680d000 	G:\Program\Android Studio\jbr\bin\msvcp140.dll
0x00007ffad1380000 - 0x00007ffad1fed000 	G:\Program\Android Studio\jbr\bin\server\jvm.dll
0x00007ffb39bb0000 - 0x00007ffb39c5f000 	C:\Windows\System32\ADVAPI32.dll
0x00007ffb3b480000 - 0x00007ffb3b51c000 	C:\Windows\System32\sechost.dll
0x00007ffb3b710000 - 0x00007ffb3b836000 	C:\Windows\System32\RPCRT4.dll
0x00007ffb13de0000 - 0x00007ffb13de9000 	C:\Windows\SYSTEM32\WSOCK32.dll
0x00007ffb3b6a0000 - 0x00007ffb3b70b000 	C:\Windows\System32\WS2_32.dll
0x00007ffb26840000 - 0x00007ffb26867000 	C:\Windows\SYSTEM32\WINMM.dll
0x00007ffb31d40000 - 0x00007ffb31d4a000 	C:\Windows\SYSTEM32\VERSION.dll
0x00007ffb36d90000 - 0x00007ffb36da2000 	C:\Windows\SYSTEM32\kernel.appcore.dll
0x00007ffb36740000 - 0x00007ffb3674a000 	G:\Program\Android Studio\jbr\bin\jimage.dll
0x00007ffb22d00000 - 0x00007ffb22ee4000 	C:\Windows\SYSTEM32\DBGHELP.DLL
0x00007ffb21480000 - 0x00007ffb214b4000 	C:\Windows\SYSTEM32\dbgcore.DLL
0x00007ffb398c0000 - 0x00007ffb39942000 	C:\Windows\System32\bcryptPrimitives.dll
0x00007ffb33d60000 - 0x00007ffb33d85000 	G:\Program\Android Studio\jbr\bin\java.dll
0x00007ffb33d40000 - 0x00007ffb33d58000 	G:\Program\Android Studio\jbr\bin\zip.dll
0x00007ffb3acd0000 - 0x00007ffb3b414000 	C:\Windows\System32\SHELL32.dll
0x00007ffb37070000 - 0x00007ffb37803000 	C:\Windows\SYSTEM32\windows.storage.dll
0x00007ffb3a320000 - 0x00007ffb3a674000 	C:\Windows\System32\combase.dll
0x00007ffb38950000 - 0x00007ffb3897e000 	C:\Windows\SYSTEM32\Wldp.dll
0x00007ffb3a270000 - 0x00007ffb3a31d000 	C:\Windows\System32\SHCORE.dll
0x00007ffb3b850000 - 0x00007ffb3b8a5000 	C:\Windows\System32\shlwapi.dll
0x00007ffb38f10000 - 0x00007ffb38f2f000 	C:\Windows\SYSTEM32\profapi.dll
0x00007ffb33cd0000 - 0x00007ffb33ce9000 	G:\Program\Android Studio\jbr\bin\net.dll
0x00007ffb31760000 - 0x00007ffb3186a000 	C:\Windows\SYSTEM32\WINHTTP.dll
0x00007ffb38730000 - 0x00007ffb3879a000 	C:\Windows\system32\mswsock.dll
0x00007ffb32000000 - 0x00007ffb32016000 	G:\Program\Android Studio\jbr\bin\nio.dll
0x00007ffb34c50000 - 0x00007ffb34c60000 	G:\Program\Android Studio\jbr\bin\verify.dll
0x00007ffb310d0000 - 0x00007ffb310f7000 	C:\Users\maxim\.gradle\native\68d5fa5c4cc2d200863cafc0d521ce42e7d3e7ee720ec0a83991735586a16f82\windows-amd64\native-platform.dll
0x00007ffaedff0000 - 0x00007ffaee134000 	C:\Users\maxim\.gradle\native\e376f236ea51e6404a007f0833ffe2c6e607c4080706a723a18a27aeea778392\windows-amd64\native-platform-file-events.dll
0x00007ffb367c0000 - 0x00007ffb367c9000 	G:\Program\Android Studio\jbr\bin\management.dll
0x00007ffb34c60000 - 0x00007ffb34c6b000 	G:\Program\Android Studio\jbr\bin\management_ext.dll
0x00007ffb39c90000 - 0x00007ffb39c98000 	C:\Windows\System32\PSAPI.DLL
0x00007ffb38cc0000 - 0x00007ffb38cd8000 	C:\Windows\SYSTEM32\CRYPTSP.dll
0x00007ffb37f80000 - 0x00007ffb37fb4000 	C:\Windows\system32\rsaenh.dll
0x00007ffb390f0000 - 0x00007ffb39117000 	C:\Windows\System32\bcrypt.dll
0x00007ffb38ed0000 - 0x00007ffb38efe000 	C:\Windows\SYSTEM32\USERENV.dll
0x00007ffb388c0000 - 0x00007ffb388cc000 	C:\Windows\SYSTEM32\CRYPTBASE.dll
0x00007ffb383d0000 - 0x00007ffb3840c000 	C:\Windows\SYSTEM32\IPHLPAPI.DLL
0x00007ffb3b840000 - 0x00007ffb3b848000 	C:\Windows\System32\NSI.dll
0x00007ffb329a0000 - 0x00007ffb329b7000 	C:\Windows\SYSTEM32\dhcpcsvc6.DLL
0x00007ffb32860000 - 0x00007ffb3287d000 	C:\Windows\SYSTEM32\dhcpcsvc.DLL
0x00007ffb38410000 - 0x00007ffb384db000 	C:\Windows\SYSTEM32\DNSAPI.dll
0x00007ffb34a30000 - 0x00007ffb34a37000 	C:\Windows\system32\wshunix.dll

dbghelp: loaded successfully - version: 4.0.5 - missing functions: none
symbol engine: initialized successfully - sym options: 0x614 - pdb path: .;G:\Program\Android Studio\jbr\bin;C:\Windows\SYSTEM32;C:\Windows\WinSxS\amd64_microsoft.windows.common-controls_6595b64144ccf1df_6.0.19041.1110_none_60b5254171f9507e;G:\Program\Android Studio\jbr\bin\server;C:\Users\maxim\.gradle\native\68d5fa5c4cc2d200863cafc0d521ce42e7d3e7ee720ec0a83991735586a16f82\windows-amd64;C:\Users\maxim\.gradle\native\e376f236ea51e6404a007f0833ffe2c6e607c4080706a723a18a27aeea778392\windows-amd64

VM Arguments:
jvm_args: --add-opens=java.base/java.util=ALL-UNNAMED --add-opens=java.base/java.lang=ALL-UNNAMED --add-opens=java.base/java.lang.invoke=ALL-UNNAMED --add-opens=java.prefs/java.util.prefs=ALL-UNNAMED --add-opens=java.base/java.nio.charset=ALL-UNNAMED --add-opens=java.base/java.net=ALL-UNNAMED --add-opens=java.base/java.util.concurrent.atomic=ALL-UNNAMED -Xmx2048m -Dfile.encoding=UTF-8 -Duser.country=RU -Duser.language=ru -Duser.variant 
java_command: org.gradle.launcher.daemon.bootstrap.GradleDaemon 8.0
java_class_path (initial): C:\Users\maxim\.gradle\wrapper\dists\gradle-8.0-bin\ca5e32bp14vu59qr306oxotwh\gradle-8.0\lib\gradle-launcher-8.0.jar
Launcher Type: SUN_STANDARD

[Global flags]
     intx CICompilerCount                          = 3                                         {product} {ergonomic}
     uint ConcGCThreads                            = 2                                         {product} {ergonomic}
     uint G1ConcRefinementThreads                  = 6                                         {product} {ergonomic}
   size_t G1HeapRegionSize                         = 1048576                                   {product} {ergonomic}
    uintx GCDrainStackTargetSize                   = 64                                        {product} {ergonomic}
   size_t InitialHeapSize                          = 134217728                                 {product} {ergonomic}
   size_t MarkStackSize                            = 4194304                                   {product} {ergonomic}
   size_t MaxHeapSize                              = 2147483648                                {product} {command line}
   size_t MaxNewSize                               = 1287651328                                {product} {ergonomic}
   size_t MinHeapDeltaBytes                        = 1048576                                   {product} {ergonomic}
   size_t MinHeapSize                              = 8388608                                   {product} {ergonomic}
    uintx NonNMethodCodeHeapSize                   = 5832780                                {pd product} {ergonomic}
    uintx NonProfiledCodeHeapSize                  = 122912730                              {pd product} {ergonomic}
    uintx ProfiledCodeHeapSize                     = 122912730                              {pd product} {ergonomic}
    uintx ReservedCodeCacheSize                    = 251658240                              {pd product} {ergonomic}
     bool SegmentedCodeCache                       = true                                      {product} {ergonomic}
   size_t SoftMaxHeapSize                          = 2147483648                             {manageable} {ergonomic}
     bool UseCompressedClassPointers               = true                           {product lp64_product} {ergonomic}
     bool UseCompressedOops                        = true                           {product lp64_product} {ergonomic}
     bool UseG1GC                                  = true                                      {product} {ergonomic}
     bool UseLargePagesIndividualAllocation        = false                                  {pd product} {ergonomic}

Logging:
Log output configuration:
 #0: stdout all=warning uptime,level,tags
 #1: stderr all=off uptime,level,tags

Environment Variables:
PATH=C:\Program Files\Common Files\Oracle\Java\javapath;C:\Windows\system32;C:\Windows;C:\Windows\System32\Wbem;C:\Windows\System32\WindowsPowerShell\v1.0\;C:\Windows\System32\OpenSSH\;C:\Program Files\NVIDIA Corporation\NVIDIA NvDLISR;C:\Program Files\Git\cmd;C:\Program Files (x86)\NVIDIA Corporation\PhysX\Common;C:\Program Files\Docker\Docker\resources\bin;C:\Program Files\MySQL\MySQL Shell 8.0\bin\;C:\Users\maxim\AppData\Local\Microsoft\WindowsApps;
USERNAME=maxim
OS=Windows_NT
PROCESSOR_IDENTIFIER=AMD64 Family 21 Model 2 Stepping 0, AuthenticAMD
TMP=C:\Users\maxim\AppData\Local\Temp
TEMP=C:\Users\maxim\AppData\Local\Temp



---------------  S Y S T E M  ---------------

OS:
 Windows 10 , 64 bit Build 19041 (10.0.19041.2913)
OS uptime: 3 days 2:09 hours
Hyper-V role detected

CPU: total 6 (initial active 6) (6 cores per cpu, 1 threads per core) family 21 model 2 stepping 0 microcode 0x0, cx8, cmov, fxsr, mmx, 3dnowpref, sse, sse2, sse3, ssse3, sse4a, sse4.1, sse4.2, popcnt, lzcnt, tsc, tscinvbit, avx, aes, clmul, bmi1, fma, vzeroupper, clflush, hv

Memory: 4k page, system-wide physical 8175M (308M free)
TotalPageFile size 22477M (AvailPageFile size 5M)
current process WorkingSet (physical memory assigned to process): 245M, peak: 245M
current process commit charge ("private bytes"): 279M, peak: 279M

vm_info: OpenJDK 64-Bit Server VM (17.0.6+0-b2043.56-9586694) for windows-amd64 JRE (17.0.6+0-b2043.56-9586694), built on Feb  9 2023 20:06:20 by "androidbuild" with MS VC++ 16.10 / 16.11 (VS2019)

END.
