#
# There is insufficient memory for the Java Runtime Environment to continue.
# Native memory allocation (mmap) failed to map 45088768 bytes for G1 virtual space
# Possible reasons:
#   The system is out of physical RAM or swap space
#   The process is running with CompressedOops enabled, and the Java Heap may be blocking the growth of the native heap
# Possible solutions:
#   Reduce memory load on the system
#   Increase physical memory or swap space
#   Check if swap backing store is full
#   Decrease Java heap size (-Xmx/-Xms)
#   Decrease number of Java threads
#   Decrease Java thread stack sizes (-Xss)
#   Set larger code cache with -XX:ReservedCodeCacheSize=
#   JVM is running with Unscaled Compressed Oops mode in which the Java heap is
#     placed in the first 4GB address space. The Java Heap base address is the
#     maximum limit for the native heap growth. Please use -XX:HeapBaseMinAddress
#     to set the Java Heap base and to place the Java Heap above 4GB virtual address.
# This output file may be truncated or incomplete.
#
#  Out of Memory Error (os_windows.cpp:3769), pid=29688, tid=10928
#
# JRE version: OpenJDK Runtime Environment (17.0.6) (build 17.0.6+0-b2043.56-9586694)
# Java VM: OpenJDK 64-Bit Server VM (17.0.6+0-b2043.56-9586694, mixed mode, tiered, compressed oops, compressed class ptrs, g1 gc, windows-amd64)
# No core dump will be written. Minidumps are not enabled by default on client versions of Windows
#

---------------  S U M M A R Y ------------

Command Line: --add-opens=java.base/java.util=ALL-UNNAMED --add-opens=java.base/java.lang=ALL-UNNAMED --add-opens=java.base/java.lang.invoke=ALL-UNNAMED --add-opens=java.prefs/java.util.prefs=ALL-UNNAMED --add-opens=java.base/java.nio.charset=ALL-UNNAMED --add-opens=java.base/java.net=ALL-UNNAMED --add-opens=java.base/java.util.concurrent.atomic=ALL-UNNAMED -Xmx2048m -Dfile.encoding=UTF-8 -Duser.country=RU -Duser.language=ru -Duser.variant org.gradle.launcher.daemon.bootstrap.GradleDaemon 8.0

Host: AMD FX(tm)-6350 Six-Core Processor             , 6 cores, 7G,  Windows 10 , 64 bit Build 19041 (10.0.19041.2913)
Time: Fri Jun  2 16:14:54 2023 RTZ 2 (s 10 , 64 bit Build 19041 (10.0.19041.2913) elapsed time: 8.920408 seconds (0d 0h 0m 8s)

---------------  T H R E A D  ---------------

Current thread (0x000001e24f7645d0):  VMThread "VM Thread" [stack: 0x00000024e9a00000,0x00000024e9b00000] [id=10928]

Stack: [0x00000024e9a00000,0x00000024e9b00000]
Native frames: (J=compiled Java code, j=interpreted, Vv=VM code, C=native code)
V  [jvm.dll+0x683b4a]
V  [jvm.dll+0x842654]
V  [jvm.dll+0x843dfe]
V  [jvm.dll+0x844463]
V  [jvm.dll+0x249b75]
V  [jvm.dll+0x680a19]
V  [jvm.dll+0x674f0a]
V  [jvm.dll+0x309acb]
V  [jvm.dll+0x310f86]
V  [jvm.dll+0x3608ee]
V  [jvm.dll+0x360b1f]
V  [jvm.dll+0x2dfbf8]
V  [jvm.dll+0x2ddec4]
V  [jvm.dll+0x2dd4cc]
V  [jvm.dll+0x321f3b]
V  [jvm.dll+0x84893b]
V  [jvm.dll+0x849674]
V  [jvm.dll+0x849b8d]
V  [jvm.dll+0x849f64]
V  [jvm.dll+0x84a030]
V  [jvm.dll+0x7f25fa]
V  [jvm.dll+0x682985]
C  [ucrtbase.dll+0x21bb2]
C  [KERNEL32.DLL+0x17614]
C  [ntdll.dll+0x526a1]

VM_Operation (0x00000024eb2f7b70): G1CollectForAllocation, mode: safepoint, requested by thread 0x000001e251717960


---------------  P R O C E S S  ---------------

Threads class SMR info:
_java_thread_list=0x000001e252ad7270, length=40, elements={
0x000001e233d99c30, 0x000001e24f768200, 0x000001e24f768f80, 0x000001e24f7963e0,
0x000001e250118070, 0x000001e250118930, 0x000001e25011b200, 0x000001e25011bdf0,
0x000001e25011c6f0, 0x000001e25011dd30, 0x000001e2502b3030, 0x000001e2502dc270,
0x000001e25124b7e0, 0x000001e251cbcc50, 0x000001e2532825a0, 0x000001e2530b2440,
0x000001e2530b2910, 0x000001e2519430a0, 0x000001e251717960, 0x000001e250fa1510,
0x000001e250f9e4f0, 0x000001e250f9f830, 0x000001e250fa1040, 0x000001e250f9f360,
0x000001e250f9e9c0, 0x000001e250f9ee90, 0x000001e250fa06a0, 0x000001e250f9fd00,
0x000001e250fa19e0, 0x000001e250fa01d0, 0x000001e250fa1eb0, 0x000001e252de2f10,
0x000001e252de6400, 0x000001e252ddfef0, 0x000001e252de50c0, 0x000001e252d6d750,
0x000001e252de33e0, 0x000001e252de4250, 0x000001e252de5590, 0x000001e252de4720
}

Java Threads: ( => current thread )
  0x000001e233d99c30 JavaThread "main" [_thread_blocked, id=2648, stack(0x00000024e9400000,0x00000024e9500000)]
  0x000001e24f768200 JavaThread "Reference Handler" daemon [_thread_blocked, id=29100, stack(0x00000024e9b00000,0x00000024e9c00000)]
  0x000001e24f768f80 JavaThread "Finalizer" daemon [_thread_blocked, id=15816, stack(0x00000024e9c00000,0x00000024e9d00000)]
  0x000001e24f7963e0 JavaThread "Signal Dispatcher" daemon [_thread_blocked, id=27832, stack(0x00000024e9d00000,0x00000024e9e00000)]
  0x000001e250118070 JavaThread "Attach Listener" daemon [_thread_blocked, id=10560, stack(0x00000024e9e00000,0x00000024e9f00000)]
  0x000001e250118930 JavaThread "Service Thread" daemon [_thread_blocked, id=18268, stack(0x00000024e9f00000,0x00000024ea000000)]
  0x000001e25011b200 JavaThread "Monitor Deflation Thread" daemon [_thread_blocked, id=3676, stack(0x00000024ea000000,0x00000024ea100000)]
  0x000001e25011bdf0 JavaThread "C2 CompilerThread0" daemon [_thread_blocked, id=22764, stack(0x00000024ea100000,0x00000024ea200000)]
  0x000001e25011c6f0 JavaThread "C1 CompilerThread0" daemon [_thread_blocked, id=24276, stack(0x00000024ea200000,0x00000024ea300000)]
  0x000001e25011dd30 JavaThread "Sweeper thread" daemon [_thread_blocked, id=18056, stack(0x00000024ea300000,0x00000024ea400000)]
  0x000001e2502b3030 JavaThread "Common-Cleaner" daemon [_thread_blocked, id=6516, stack(0x00000024ea400000,0x00000024ea500000)]
  0x000001e2502dc270 JavaThread "Notification Thread" daemon [_thread_blocked, id=10528, stack(0x00000024ea500000,0x00000024ea600000)]
  0x000001e25124b7e0 JavaThread "Daemon health stats" [_thread_blocked, id=29068, stack(0x00000024eac00000,0x00000024ead00000)]
  0x000001e251cbcc50 JavaThread "Incoming local TCP Connector on port 55733" [_thread_in_native, id=28624, stack(0x00000024ead00000,0x00000024eae00000)]
  0x000001e2532825a0 JavaThread "Daemon periodic checks" [_thread_blocked, id=21360, stack(0x00000024eae00000,0x00000024eaf00000)]
  0x000001e2530b2440 JavaThread "Daemon" [_thread_blocked, id=28652, stack(0x00000024eaf00000,0x00000024eb000000)]
  0x000001e2530b2910 JavaThread "Handler for socket connection from /127.0.0.1:55733 to /127.0.0.1:55734" [_thread_in_native, id=27968, stack(0x00000024eb000000,0x00000024eb100000)]
  0x000001e2519430a0 JavaThread "Cancel handler" [_thread_blocked, id=13524, stack(0x00000024eb100000,0x00000024eb200000)]
  0x000001e251717960 JavaThread "Daemon worker" [_thread_blocked, id=15204, stack(0x00000024eb200000,0x00000024eb300000)]
  0x000001e250fa1510 JavaThread "Asynchronous log dispatcher for DefaultDaemonConnection: socket connection from /127.0.0.1:55733 to /127.0.0.1:55734" [_thread_blocked, id=14824, stack(0x00000024eb300000,0x00000024eb400000)]
  0x000001e250f9e4f0 JavaThread "Stdin handler" [_thread_blocked, id=5636, stack(0x00000024eb400000,0x00000024eb500000)]
  0x000001e250f9f830 JavaThread "Daemon client event forwarder" [_thread_blocked, id=28936, stack(0x00000024eb500000,0x00000024eb600000)]
  0x000001e250fa1040 JavaThread "Cache worker for journal cache (C:\Users\maxim\.gradle\caches\journal-1)" [_thread_blocked, id=2796, stack(0x00000024eb800000,0x00000024eb900000)]
  0x000001e250f9f360 JavaThread "File lock request listener" [_thread_in_native, id=19120, stack(0x00000024eb900000,0x00000024eba00000)]
  0x000001e250f9e9c0 JavaThread "Cache worker for file hash cache (C:\Users\maxim\.gradle\caches\8.0\fileHashes)" [_thread_blocked, id=18280, stack(0x00000024eba00000,0x00000024ebb00000)]
  0x000001e250f9ee90 JavaThread "File watcher server" daemon [_thread_in_native, id=2388, stack(0x00000024ebb00000,0x00000024ebc00000)]
  0x000001e250fa06a0 JavaThread "File watcher consumer" daemon [_thread_blocked, id=26992, stack(0x00000024ebc00000,0x00000024ebd00000)]
  0x000001e250f9fd00 JavaThread "Cache worker for checksums cache (G:\Android\TopRedditApplication2\.gradle\8.0\checksums)" [_thread_blocked, id=19484, stack(0x00000024ebd00000,0x00000024ebe00000)]
  0x000001e250fa19e0 JavaThread "Cache worker for cache directory md-rule (C:\Users\maxim\.gradle\caches\8.0\md-rule)" [_thread_blocked, id=10820, stack(0x00000024ebe00000,0x00000024ebf00000)]
  0x000001e250fa01d0 JavaThread "Cache worker for file content cache (C:\Users\maxim\.gradle\caches\8.0\fileContent)" [_thread_blocked, id=29192, stack(0x00000024ebf00000,0x00000024ec000000)]
  0x000001e250fa1eb0 JavaThread "Cache worker for file hash cache (G:\Android\TopRedditApplication2\.gradle\8.0\fileHashes)" [_thread_blocked, id=25740, stack(0x00000024ec000000,0x00000024ec100000)]
  0x000001e252de2f10 JavaThread "Cache worker for cache directory md-supplier (C:\Users\maxim\.gradle\caches\8.0\md-supplier)" [_thread_blocked, id=11004, stack(0x00000024ec100000,0x00000024ec200000)]
  0x000001e252de6400 JavaThread "Cache worker for execution history cache (C:\Users\maxim\.gradle\caches\8.0\executionHistory)" [_thread_blocked, id=27504, stack(0x00000024ec200000,0x00000024ec300000)]
  0x000001e252ddfef0 JavaThread "jar transforms" [_thread_blocked, id=2548, stack(0x00000024eab00000,0x00000024eac00000)]
  0x000001e252de50c0 JavaThread "jar transforms Thread 2" [_thread_blocked, id=28736, stack(0x00000024ec400000,0x00000024ec500000)]
  0x000001e252d6d750 JavaThread "C2 CompilerThread1" daemon [_thread_blocked, id=25024, stack(0x00000024ec300000,0x00000024ec400000)]
  0x000001e252de33e0 JavaThread "jar transforms Thread 3" [_thread_blocked, id=13348, stack(0x00000024ec500000,0x00000024ec600000)]
  0x000001e252de4250 JavaThread "jar transforms Thread 4" [_thread_blocked, id=15824, stack(0x00000024ec600000,0x00000024ec700000)]
  0x000001e252de5590 JavaThread "jar transforms Thread 5" [_thread_blocked, id=4212, stack(0x00000024ec700000,0x00000024ec800000)]
  0x000001e252de4720 JavaThread "jar transforms Thread 6" [_thread_blocked, id=23748, stack(0x00000024ec800000,0x00000024ec900000)]

Other Threads:
=>0x000001e24f7645d0 VMThread "VM Thread" [stack: 0x00000024e9a00000,0x00000024e9b00000] [id=10928]
  0x000001e2502dcb50 WatcherThread [stack: 0x00000024ea600000,0x00000024ea700000] [id=7372]
  0x000001e233df57f0 GCTaskThread "GC Thread#0" [stack: 0x00000024e9500000,0x00000024e9600000] [id=19356]
  0x000001e250fe1ef0 GCTaskThread "GC Thread#1" [stack: 0x00000024ea800000,0x00000024ea900000] [id=28896]
  0x000001e2513b7940 GCTaskThread "GC Thread#2" [stack: 0x00000024ea900000,0x00000024eaa00000] [id=24236]
  0x000001e250570fa0 GCTaskThread "GC Thread#3" [stack: 0x00000024eaa00000,0x00000024eab00000] [id=27432]
  0x000001e2512eb280 GCTaskThread "GC Thread#4" [stack: 0x00000024ea700000,0x00000024ea800000] [id=17636]
  0x000001e252bdd8c0 GCTaskThread "GC Thread#5" [stack: 0x00000024eb600000,0x00000024eb700000] [id=1376]
  0x000001e233e07650 ConcurrentGCThread "G1 Main Marker" [stack: 0x00000024e9600000,0x00000024e9700000] [id=29128]
  0x000001e233e08710 ConcurrentGCThread "G1 Conc#0" [stack: 0x00000024e9700000,0x00000024e9800000] [id=18588]
  0x000001e252a1b530 ConcurrentGCThread "G1 Conc#1" [stack: 0x00000024eb700000,0x00000024eb800000] [id=9284]
  0x000001e233e679e0 ConcurrentGCThread "G1 Refine#0" [stack: 0x00000024e9800000,0x00000024e9900000] [id=15008]
  0x000001e233e68310 ConcurrentGCThread "G1 Service" [stack: 0x00000024e9900000,0x00000024e9a00000] [id=20680]

Threads with active compile tasks:
C2 CompilerThread0     8957 3742   !   4       jdk.internal.loader.URLClassPath$JarLoader::getResource (354 bytes)
C2 CompilerThread1     8957 3764       4       java.lang.PublicMethods$MethodList::filter (104 bytes)

VM state: at safepoint (normal execution)

VM Mutex/Monitor currently owned by a thread:  ([mutex/lock_event])
[0x000001e233d94e60] Threads_lock - owner thread: 0x000001e24f7645d0
[0x000001e233d95640] Heap_lock - owner thread: 0x000001e251717960

Heap address: 0x0000000080000000, size: 2048 MB, Compressed Oops mode: 32-bit

CDS archive(s) not mapped
Compressed class space mapped at: 0x0000000100000000-0x0000000140000000, reserved size: 1073741824
Narrow klass base: 0x0000000000000000, Narrow klass shift: 3, Narrow klass range: 0x140000000

GC Precious Log:
 CPUs: 6 total, 6 available
 Memory: 8175M
 Large Page Support: Disabled
 NUMA Support: Disabled
 Compressed Oops: Enabled (32-bit)
 Heap Region Size: 1M
 Heap Min Capacity: 8M
 Heap Initial Capacity: 128M
 Heap Max Capacity: 2G
 Pre-touch: Disabled
 Parallel Workers: 6
 Concurrent Workers: 2
 Concurrent Refinement Workers: 6
 Periodic GC: Disabled

Heap:
 garbage-first heap   total 87040K, used 29908K [0x0000000080000000, 0x0000000100000000)
  region size 1024K, 3 young (3072K), 3 survivors (3072K)
 Metaspace       used 42425K, committed 42816K, reserved 1089536K
  class space    used 5523K, committed 5696K, reserved 1048576K

Heap Regions: E=young(eden), S=young(survivor), O=old, HS=humongous(starts), HC=humongous(continues), CS=collection set, F=free, OA=open archive, CA=closed archive, TAMS=top-at-mark-start (previous, next)
|   0|0x0000000080000000, 0x0000000080100000, 0x0000000080100000|100%|HS|  |TAMS 0x0000000080100000, 0x0000000080000000| Complete 
|   1|0x0000000080100000, 0x0000000080200000, 0x0000000080200000|100%|HC|  |TAMS 0x0000000080200000, 0x0000000080100000| Complete 
|   2|0x0000000080200000, 0x0000000080300000, 0x0000000080300000|100%|HC|  |TAMS 0x0000000080300000, 0x0000000080200000| Complete 
|   3|0x0000000080300000, 0x0000000080400000, 0x0000000080400000|100%|HC|  |TAMS 0x0000000080400000, 0x0000000080300000| Complete 
|   4|0x0000000080400000, 0x0000000080500000, 0x0000000080500000|100%| O|  |TAMS 0x0000000080500000, 0x0000000080400000| Untracked 
|   5|0x0000000080500000, 0x0000000080600000, 0x0000000080600000|100%| O|  |TAMS 0x0000000080600000, 0x0000000080500000| Untracked 
|   6|0x0000000080600000, 0x0000000080700000, 0x0000000080700000|100%| O|  |TAMS 0x0000000080700000, 0x0000000080600000| Untracked 
|   7|0x0000000080700000, 0x0000000080800000, 0x0000000080800000|100%| O|  |TAMS 0x0000000080800000, 0x0000000080700000| Untracked 
|   8|0x0000000080800000, 0x0000000080900000, 0x0000000080900000|100%| O|  |TAMS 0x0000000080900000, 0x0000000080800000| Untracked 
|   9|0x0000000080900000, 0x0000000080a00000, 0x0000000080a00000|100%| O|  |TAMS 0x0000000080900000, 0x0000000080900000| Untracked 
|  10|0x0000000080a00000, 0x0000000080b00000, 0x0000000080b00000|100%| O|  |TAMS 0x0000000080b00000, 0x0000000080a00000| Untracked 
|  11|0x0000000080b00000, 0x0000000080c00000, 0x0000000080c00000|100%| O|  |TAMS 0x0000000080c00000, 0x0000000080b00000| Untracked 
|  12|0x0000000080c00000, 0x0000000080d00000, 0x0000000080d00000|100%| O|  |TAMS 0x0000000080d00000, 0x0000000080c00000| Untracked 
|  13|0x0000000080d00000, 0x0000000080e00000, 0x0000000080e00000|100%| O|  |TAMS 0x0000000080e00000, 0x0000000080d00000| Untracked 
|  14|0x0000000080e00000, 0x0000000080f00000, 0x0000000080f00000|100%| O|  |TAMS 0x0000000080f00000, 0x0000000080e00000| Untracked 
|  15|0x0000000080f00000, 0x0000000081000000, 0x0000000081000000|100%| O|  |TAMS 0x0000000081000000, 0x0000000080f00000| Untracked 
|  16|0x0000000081000000, 0x0000000081100000, 0x0000000081100000|100%| O|  |TAMS 0x0000000081100000, 0x0000000081000000| Untracked 
|  17|0x0000000081100000, 0x0000000081200000, 0x0000000081200000|100%| O|  |TAMS 0x0000000081200000, 0x0000000081100000| Untracked 
|  18|0x0000000081200000, 0x0000000081300000, 0x0000000081300000|100%| O|  |TAMS 0x0000000081300000, 0x0000000081200000| Untracked 
|  19|0x0000000081300000, 0x0000000081400000, 0x0000000081400000|100%| O|  |TAMS 0x0000000081400000, 0x0000000081300000| Untracked 
|  20|0x0000000081400000, 0x0000000081400000, 0x0000000081500000|  0%| F|  |TAMS 0x0000000081400000, 0x0000000081400000| Untracked 
|  21|0x0000000081500000, 0x0000000081600000, 0x0000000081600000|100%| O|  |TAMS 0x0000000081500000, 0x0000000081500000| Untracked 
|  22|0x0000000081600000, 0x0000000081700000, 0x0000000081700000|100%| O|  |TAMS 0x0000000081600000, 0x0000000081600000| Untracked 
|  23|0x0000000081700000, 0x0000000081800000, 0x0000000081800000|100%| O|  |TAMS 0x0000000081700000, 0x0000000081700000| Untracked 
|  24|0x0000000081800000, 0x0000000081900000, 0x0000000081900000|100%| O|  |TAMS 0x0000000081800000, 0x0000000081800000| Untracked 
|  25|0x0000000081900000, 0x0000000081a00000, 0x0000000081a00000|100%| O|  |TAMS 0x0000000081900000, 0x0000000081900000| Untracked 
|  26|0x0000000081a00000, 0x0000000081b00000, 0x0000000081b00000|100%| O|  |TAMS 0x0000000081a00000, 0x0000000081a00000| Untracked 
|  27|0x0000000081b00000, 0x0000000081b00000, 0x0000000081c00000|  0%| F|  |TAMS 0x0000000081b00000, 0x0000000081b00000| Untracked 
|  28|0x0000000081c00000, 0x0000000081c00000, 0x0000000081d00000|  0%| F|  |TAMS 0x0000000081c00000, 0x0000000081c00000| Untracked 
|  29|0x0000000081d00000, 0x0000000081d35000, 0x0000000081e00000| 20%| O|  |TAMS 0x0000000081d00000, 0x0000000081d00000| Untracked 
|  30|0x0000000081e00000, 0x0000000081e00000, 0x0000000081f00000|  0%| F|  |TAMS 0x0000000081e00000, 0x0000000081e00000| Untracked 
|  31|0x0000000081f00000, 0x0000000081f00000, 0x0000000082000000|  0%| F|  |TAMS 0x0000000081f00000, 0x0000000081f00000| Untracked 
|  32|0x0000000082000000, 0x0000000082000000, 0x0000000082100000|  0%| F|  |TAMS 0x0000000082000000, 0x0000000082000000| Untracked 
|  33|0x0000000082100000, 0x0000000082100000, 0x0000000082200000|  0%| F|  |TAMS 0x0000000082100000, 0x0000000082100000| Untracked 
|  34|0x0000000082200000, 0x0000000082200000, 0x0000000082300000|  0%| F|  |TAMS 0x0000000082200000, 0x0000000082200000| Untracked 
|  35|0x0000000082300000, 0x0000000082300000, 0x0000000082400000|  0%| F|  |TAMS 0x0000000082300000, 0x0000000082300000| Untracked 
|  36|0x0000000082400000, 0x0000000082400000, 0x0000000082500000|  0%| F|  |TAMS 0x0000000082400000, 0x0000000082400000| Untracked 
|  37|0x0000000082500000, 0x0000000082500000, 0x0000000082600000|  0%| F|  |TAMS 0x0000000082500000, 0x0000000082500000| Untracked 
|  38|0x0000000082600000, 0x0000000082600000, 0x0000000082700000|  0%| F|  |TAMS 0x0000000082600000, 0x0000000082600000| Untracked 
|  39|0x0000000082700000, 0x0000000082700000, 0x0000000082800000|  0%| F|  |TAMS 0x0000000082700000, 0x0000000082700000| Untracked 
|  40|0x0000000082800000, 0x0000000082800000, 0x0000000082900000|  0%| F|  |TAMS 0x0000000082800000, 0x0000000082800000| Untracked 
|  41|0x0000000082900000, 0x0000000082900000, 0x0000000082a00000|  0%| F|  |TAMS 0x0000000082900000, 0x0000000082900000| Untracked 
|  42|0x0000000082a00000, 0x0000000082b00000, 0x0000000082b00000|100%| S|CS|TAMS 0x0000000082a00000, 0x0000000082a00000| Complete 
|  43|0x0000000082b00000, 0x0000000082c00000, 0x0000000082c00000|100%| S|CS|TAMS 0x0000000082b00000, 0x0000000082b00000| Complete 
|  44|0x0000000082c00000, 0x0000000082d00000, 0x0000000082d00000|100%| S|CS|TAMS 0x0000000082c00000, 0x0000000082c00000| Complete 
|  45|0x0000000082d00000, 0x0000000082d00000, 0x0000000082e00000|  0%| F|  |TAMS 0x0000000082d00000, 0x0000000082d00000| Untracked 
|  46|0x0000000082e00000, 0x0000000082e00000, 0x0000000082f00000|  0%| F|  |TAMS 0x0000000082e00000, 0x0000000082e00000| Untracked 
|  47|0x0000000082f00000, 0x0000000082f00000, 0x0000000083000000|  0%| F|  |TAMS 0x0000000082f00000, 0x0000000082f00000| Untracked 
|  48|0x0000000083000000, 0x0000000083000000, 0x0000000083100000|  0%| F|  |TAMS 0x0000000083000000, 0x0000000083000000| Untracked 
|  49|0x0000000083100000, 0x0000000083100000, 0x0000000083200000|  0%| F|  |TAMS 0x0000000083100000, 0x0000000083100000| Untracked 
|  50|0x0000000083200000, 0x0000000083200000, 0x0000000083300000|  0%| F|  |TAMS 0x0000000083200000, 0x0000000083200000| Untracked 
|  51|0x0000000083300000, 0x0000000083300000, 0x0000000083400000|  0%| F|  |TAMS 0x0000000083300000, 0x0000000083300000| Untracked 
|  52|0x0000000083400000, 0x0000000083400000, 0x0000000083500000|  0%| F|  |TAMS 0x0000000083400000, 0x0000000083400000| Untracked 
|  53|0x0000000083500000, 0x0000000083500000, 0x0000000083600000|  0%| F|  |TAMS 0x0000000083500000, 0x0000000083500000| Untracked 
|  54|0x0000000083600000, 0x0000000083600000, 0x0000000083700000|  0%| F|  |TAMS 0x0000000083600000, 0x0000000083600000| Untracked 
|  55|0x0000000083700000, 0x0000000083700000, 0x0000000083800000|  0%| F|  |TAMS 0x0000000083700000, 0x0000000083700000| Untracked 
|  56|0x0000000083800000, 0x0000000083800000, 0x0000000083900000|  0%| F|  |TAMS 0x0000000083800000, 0x0000000083800000| Untracked 
|  57|0x0000000083900000, 0x0000000083900000, 0x0000000083a00000|  0%| F|  |TAMS 0x0000000083900000, 0x0000000083900000| Untracked 
|  58|0x0000000083a00000, 0x0000000083a00000, 0x0000000083b00000|  0%| F|  |TAMS 0x0000000083a00000, 0x0000000083a00000| Untracked 
|  59|0x0000000083b00000, 0x0000000083b00000, 0x0000000083c00000|  0%| F|  |TAMS 0x0000000083b00000, 0x0000000083b00000| Untracked 
|  60|0x0000000083c00000, 0x0000000083c00000, 0x0000000083d00000|  0%| F|  |TAMS 0x0000000083c00000, 0x0000000083c00000| Untracked 
|  61|0x0000000083d00000, 0x0000000083d00000, 0x0000000083e00000|  0%| F|  |TAMS 0x0000000083d00000, 0x0000000083d00000| Untracked 
|  62|0x0000000083e00000, 0x0000000083e00000, 0x0000000083f00000|  0%| F|  |TAMS 0x0000000083e00000, 0x0000000083e00000| Untracked 
|  63|0x0000000083f00000, 0x0000000083f00000, 0x0000000084000000|  0%| F|  |TAMS 0x0000000083f00000, 0x0000000083f00000| Untracked 
|  64|0x0000000084000000, 0x0000000084000000, 0x0000000084100000|  0%| F|  |TAMS 0x0000000084000000, 0x0000000084000000| Untracked 
|  65|0x0000000084100000, 0x0000000084100000, 0x0000000084200000|  0%| F|  |TAMS 0x0000000084100000, 0x0000000084100000| Untracked 
|  66|0x0000000084200000, 0x0000000084200000, 0x0000000084300000|  0%| F|  |TAMS 0x0000000084200000, 0x0000000084200000| Untracked 
|  67|0x0000000084300000, 0x0000000084300000, 0x0000000084400000|  0%| F|  |TAMS 0x0000000084300000, 0x0000000084300000| Untracked 
|  68|0x0000000084400000, 0x0000000084400000, 0x0000000084500000|  0%| F|  |TAMS 0x0000000084400000, 0x0000000084400000| Untracked 
|  69|0x0000000084500000, 0x0000000084500000, 0x0000000084600000|  0%| F|  |TAMS 0x0000000084500000, 0x0000000084500000| Untracked 
|  70|0x0000000084600000, 0x0000000084600000, 0x0000000084700000|  0%| F|  |TAMS 0x0000000084600000, 0x0000000084600000| Untracked 
|  71|0x0000000084700000, 0x0000000084700000, 0x0000000084800000|  0%| F|  |TAMS 0x0000000084700000, 0x0000000084700000| Untracked 
|  72|0x0000000084800000, 0x0000000084800000, 0x0000000084900000|  0%| F|  |TAMS 0x0000000084800000, 0x0000000084800000| Untracked 
|  73|0x0000000084900000, 0x0000000084900000, 0x0000000084a00000|  0%| F|  |TAMS 0x0000000084900000, 0x0000000084900000| Untracked 
|  74|0x0000000084a00000, 0x0000000084a00000, 0x0000000084b00000|  0%| F|  |TAMS 0x0000000084a00000, 0x0000000084a00000| Untracked 
|  75|0x0000000084b00000, 0x0000000084b00000, 0x0000000084c00000|  0%| F|  |TAMS 0x0000000084b00000, 0x0000000084b00000| Untracked 
|  76|0x0000000084c00000, 0x0000000084c00000, 0x0000000084d00000|  0%| F|  |TAMS 0x0000000084c00000, 0x0000000084c00000| Untracked 
|  77|0x0000000084d00000, 0x0000000084d00000, 0x0000000084e00000|  0%| F|  |TAMS 0x0000000084d00000, 0x0000000084d00000| Untracked 
|  78|0x0000000084e00000, 0x0000000084e00000, 0x0000000084f00000|  0%| F|  |TAMS 0x0000000084e00000, 0x0000000084e00000| Untracked 
|  79|0x0000000084f00000, 0x0000000084f00000, 0x0000000085000000|  0%| F|  |TAMS 0x0000000084f00000, 0x0000000084f00000| Untracked 
|  80|0x0000000085000000, 0x0000000085000000, 0x0000000085100000|  0%| F|  |TAMS 0x0000000085000000, 0x0000000085000000| Untracked 
|  81|0x0000000085100000, 0x0000000085100000, 0x0000000085200000|  0%| F|  |TAMS 0x0000000085100000, 0x0000000085100000| Untracked 
|  82|0x0000000085200000, 0x0000000085200000, 0x0000000085300000|  0%| F|  |TAMS 0x0000000085200000, 0x0000000085200000| Untracked 
|  83|0x0000000085300000, 0x0000000085300000, 0x0000000085400000|  0%| F|  |TAMS 0x0000000085300000, 0x0000000085300000| Untracked 
| 127|0x0000000087f00000, 0x0000000087f00000, 0x0000000088000000|  0%| F|  |TAMS 0x0000000087f00000, 0x0000000087f00000| Untracked 

Card table byte_map: [0x000001e2486b0000,0x000001e248ab0000] _byte_map_base: 0x000001e2482b0000

Marking Bits (Prev, Next): (CMBitMap*) 0x000001e233df6d20, (CMBitMap*) 0x000001e233df6d60
 Prev Bits: [0x000001e248eb0000, 0x000001e24aeb0000)
 Next Bits: [0x000001e24aeb0000, 0x000001e24ceb0000)

Polling page: 0x000001e233e70000

Metaspace:

Usage:
  Non-class:     36.04 MB used.
      Class:      5.39 MB used.
       Both:     41.43 MB used.

Virtual space:
  Non-class space:       40.00 MB reserved,      36.25 MB ( 91%) committed,  5 nodes.
      Class space:        1.00 GB reserved,       5.56 MB ( <1%) committed,  1 nodes.
             Both:        1.04 GB reserved,      41.81 MB (  4%) committed. 

Chunk freelists:
   Non-Class:  3.13 MB
       Class:  2.37 MB
        Both:  5.50 MB

MaxMetaspaceSize: unlimited
CompressedClassSpaceSize: 1.00 GB
Initial GC threshold: 21.00 MB
Current GC threshold: 58.75 MB
CDS: off
MetaspaceReclaimPolicy: balanced
 - commit_granule_bytes: 65536.
 - commit_granule_words: 8192.
 - virtual_space_node_default_size: 1048576.
 - enlarge_chunks_in_place: 1.
 - new_chunks_are_fully_committed: 0.
 - uncommit_free_chunks: 1.
 - use_allocation_guard: 0.
 - handle_deallocations: 1.


Internal statistics:

num_allocs_failed_limit: 6.
num_arena_births: 328.
num_arena_deaths: 0.
num_vsnodes_births: 6.
num_vsnodes_deaths: 0.
num_space_committed: 669.
num_space_uncommitted: 0.
num_chunks_returned_to_freelist: 6.
num_chunks_taken_from_freelist: 1523.
num_chunk_merges: 3.
num_chunk_splits: 1007.
num_chunks_enlarged: 724.
num_purges: 0.
num_inconsistent_stats: 0.

CodeHeap 'non-profiled nmethods': size=120000Kb used=2055Kb max_used=2055Kb free=117944Kb
 bounds [0x000001e240530000, 0x000001e2407a0000, 0x000001e247a60000]
CodeHeap 'profiled nmethods': size=120000Kb used=7911Kb max_used=7911Kb free=112088Kb
 bounds [0x000001e238a60000, 0x000001e239220000, 0x000001e23ff90000]
CodeHeap 'non-nmethods': size=5760Kb used=2277Kb max_used=2308Kb free=3482Kb
 bounds [0x000001e23ff90000, 0x000001e240200000, 0x000001e240530000]
 total_blobs=4574 nmethods=3787 adapters=700
 compilation: enabled
              stopped_count=0, restarted_count=0
 full_count=0

Compilation events (20 events):
Event: 8.901 Thread 0x000001e25011c6f0 3790       3       java.util.concurrent.locks.ReentrantLock$Sync::tryLock (63 bytes)
Event: 8.902 Thread 0x000001e25011c6f0 nmethod 3790 0x000001e239216110 code [0x000001e2392162e0, 0x000001e239216738]
Event: 8.902 Thread 0x000001e25011c6f0 3791       1       com.google.common.cache.LocalCache$StrongAccessEntry::getPreviousInAccessQueue (5 bytes)
Event: 8.902 Thread 0x000001e25011c6f0 nmethod 3791 0x000001e24072bf10 code [0x000001e24072c0a0, 0x000001e24072c178]
Event: 8.905 Thread 0x000001e25011c6f0 3792       3       java.util.Arrays::fill (21 bytes)
Event: 8.905 Thread 0x000001e25011c6f0 nmethod 3792 0x000001e239216810 code [0x000001e2392169a0, 0x000001e239216b58]
Event: 8.905 Thread 0x000001e25011c6f0 3793       3       com.google.common.cache.LocalCache::connectAccessOrder (15 bytes)
Event: 8.905 Thread 0x000001e25011c6f0 nmethod 3793 0x000001e239216c90 code [0x000001e239216e40, 0x000001e2392170b8]
Event: 8.905 Thread 0x000001e25011c6f0 3794       1       com.google.common.cache.LocalCache$2::offer (2 bytes)
Event: 8.905 Thread 0x000001e25011c6f0 nmethod 3794 0x000001e24072c210 code [0x000001e24072c3a0, 0x000001e24072c478]
Event: 8.907 Thread 0x000001e25011c6f0 3795       3       org.gradle.internal.reflect.ClassInspector::inspectClass (179 bytes)
Event: 8.908 Thread 0x000001e252d6d750 nmethod 3670 0x000001e24072c510 code [0x000001e24072c860, 0x000001e240730ce8]
Event: 8.909 Thread 0x000001e252d6d750 3764       4       java.lang.PublicMethods$MethodList::filter (104 bytes)
Event: 8.910 Thread 0x000001e25011c6f0 nmethod 3795 0x000001e239217210 code [0x000001e239217560, 0x000001e2392187d8]
Event: 8.910 Thread 0x000001e25011c6f0 3796       3       java.util.Collections::addAll (43 bytes)
Event: 8.910 Thread 0x000001e25011c6f0 nmethod 3796 0x000001e239219010 code [0x000001e2392191c0, 0x000001e239219468]
Event: 8.910 Thread 0x000001e25011c6f0 3797       3       com.google.common.collect.ImmutableList$Builder::getReadyToExpandTo (66 bytes)
Event: 8.910 Thread 0x000001e25011c6f0 nmethod 3797 0x000001e239219590 code [0x000001e239219780, 0x000001e239219bc8]
Event: 8.911 Thread 0x000001e25011c6f0 3798       1       org.codehaus.groovy.reflection.stdclasses.ObjectCachedClass::isAssignableFrom (2 bytes)
Event: 8.911 Thread 0x000001e25011c6f0 nmethod 3798 0x000001e240731b90 code [0x000001e240731d20, 0x000001e240731df8]

GC Heap History (20 events):
Event: 0.958 GC heap after
{Heap after GC invocations=1 (full 0):
 garbage-first heap   total 131072K, used 10240K [0x0000000080000000, 0x0000000100000000)
  region size 1024K, 3 young (3072K), 3 survivors (3072K)
 Metaspace       used 10193K, committed 10368K, reserved 1064960K
  class space    used 1056K, committed 1088K, reserved 1048576K
}
Event: 1.526 GC heap before
{Heap before GC invocations=1 (full 0):
 garbage-first heap   total 131072K, used 35840K [0x0000000080000000, 0x0000000100000000)
  region size 1024K, 28 young (28672K), 3 survivors (3072K)
 Metaspace       used 11183K, committed 11392K, reserved 1064960K
  class space    used 1166K, committed 1280K, reserved 1048576K
}
Event: 1.533 GC heap after
{Heap after GC invocations=2 (full 0):
 garbage-first heap   total 131072K, used 11092K [0x0000000080000000, 0x0000000100000000)
  region size 1024K, 1 young (1024K), 1 survivors (1024K)
 Metaspace       used 11183K, committed 11392K, reserved 1064960K
  class space    used 1166K, committed 1280K, reserved 1048576K
}
Event: 2.971 GC heap before
{Heap before GC invocations=2 (full 0):
 garbage-first heap   total 131072K, used 54100K [0x0000000080000000, 0x0000000100000000)
  region size 1024K, 44 young (45056K), 1 survivors (1024K)
 Metaspace       used 21216K, committed 21504K, reserved 1073152K
  class space    used 2580K, committed 2752K, reserved 1048576K
}
Event: 2.983 GC heap after
{Heap after GC invocations=3 (full 0):
 garbage-first heap   total 131072K, used 18585K [0x0000000080000000, 0x0000000100000000)
  region size 1024K, 9 young (9216K), 9 survivors (9216K)
 Metaspace       used 21216K, committed 21504K, reserved 1073152K
  class space    used 2580K, committed 2752K, reserved 1048576K
}
Event: 3.899 GC heap before
{Heap before GC invocations=4 (full 0):
 garbage-first heap   total 68608K, used 50329K [0x0000000080000000, 0x0000000100000000)
  region size 1024K, 40 young (40960K), 9 survivors (9216K)
 Metaspace       used 26165K, committed 26496K, reserved 1073152K
  class space    used 3437K, committed 3584K, reserved 1048576K
}
Event: 3.914 GC heap after
{Heap after GC invocations=5 (full 0):
 garbage-first heap   total 68608K, used 20421K [0x0000000080000000, 0x0000000100000000)
  region size 1024K, 3 young (3072K), 3 survivors (3072K)
 Metaspace       used 26165K, committed 26496K, reserved 1073152K
  class space    used 3437K, committed 3584K, reserved 1048576K
}
Event: 3.945 GC heap before
{Heap before GC invocations=5 (full 0):
 garbage-first heap   total 68608K, used 21445K [0x0000000080000000, 0x0000000100000000)
  region size 1024K, 4 young (4096K), 3 survivors (3072K)
 Metaspace       used 26331K, committed 26624K, reserved 1073152K
  class space    used 3464K, committed 3584K, reserved 1048576K
}
Event: 3.952 GC heap after
{Heap after GC invocations=6 (full 0):
 garbage-first heap   total 68608K, used 20351K [0x0000000080000000, 0x0000000100000000)
  region size 1024K, 1 young (1024K), 1 survivors (1024K)
 Metaspace       used 26331K, committed 26624K, reserved 1073152K
  class space    used 3464K, committed 3584K, reserved 1048576K
}
Event: 4.824 GC heap before
{Heap before GC invocations=6 (full 0):
 garbage-first heap   total 68608K, used 46975K [0x0000000080000000, 0x0000000100000000)
  region size 1024K, 27 young (27648K), 1 survivors (1024K)
 Metaspace       used 30552K, committed 30848K, reserved 1081344K
  class space    used 4148K, committed 4288K, reserved 1048576K
}
Event: 4.828 GC heap after
{Heap after GC invocations=7 (full 0):
 garbage-first heap   total 68608K, used 21493K [0x0000000080000000, 0x0000000100000000)
  region size 1024K, 2 young (2048K), 2 survivors (2048K)
 Metaspace       used 30552K, committed 30848K, reserved 1081344K
  class space    used 4148K, committed 4288K, reserved 1048576K
}
Event: 6.543 GC heap before
{Heap before GC invocations=7 (full 0):
 garbage-first heap   total 68608K, used 49141K [0x0000000080000000, 0x0000000100000000)
  region size 1024K, 29 young (29696K), 2 survivors (2048K)
 Metaspace       used 35291K, committed 35712K, reserved 1081344K
  class space    used 4868K, committed 5056K, reserved 1048576K
}
Event: 6.552 GC heap after
{Heap after GC invocations=8 (full 0):
 garbage-first heap   total 68608K, used 23549K [0x0000000080000000, 0x0000000100000000)
  region size 1024K, 4 young (4096K), 4 survivors (4096K)
 Metaspace       used 35291K, committed 35712K, reserved 1081344K
  class space    used 4868K, committed 5056K, reserved 1048576K
}
Event: 6.579 GC heap before
{Heap before GC invocations=8 (full 0):
 garbage-first heap   total 68608K, used 23549K [0x0000000080000000, 0x0000000100000000)
  region size 1024K, 5 young (5120K), 4 survivors (4096K)
 Metaspace       used 35605K, committed 35968K, reserved 1081344K
  class space    used 4873K, committed 5056K, reserved 1048576K
}
Event: 6.586 GC heap after
{Heap after GC invocations=9 (full 0):
 garbage-first heap   total 68608K, used 23991K [0x0000000080000000, 0x0000000100000000)
  region size 1024K, 3 young (3072K), 3 survivors (3072K)
 Metaspace       used 35605K, committed 35968K, reserved 1081344K
  class space    used 4873K, committed 5056K, reserved 1048576K
}
Event: 8.398 GC heap before
{Heap before GC invocations=10 (full 0):
 garbage-first heap   total 68608K, used 45495K [0x0000000080000000, 0x0000000100000000)
  region size 1024K, 25 young (25600K), 3 survivors (3072K)
 Metaspace       used 40465K, committed 40832K, reserved 1089536K
  class space    used 5356K, committed 5504K, reserved 1048576K
}
Event: 8.407 GC heap after
{Heap after GC invocations=11 (full 0):
 garbage-first heap   total 68608K, used 26951K [0x0000000080000000, 0x0000000100000000)
  region size 1024K, 4 young (4096K), 4 survivors (4096K)
 Metaspace       used 40465K, committed 40832K, reserved 1089536K
  class space    used 5356K, committed 5504K, reserved 1048576K
}
Event: 8.417 GC heap before
{Heap before GC invocations=11 (full 0):
 garbage-first heap   total 68608K, used 27975K [0x0000000080000000, 0x0000000100000000)
  region size 1024K, 5 young (5120K), 4 survivors (4096K)
 Metaspace       used 40465K, committed 40832K, reserved 1089536K
  class space    used 5356K, committed 5504K, reserved 1048576K
}
Event: 8.423 GC heap after
{Heap after GC invocations=12 (full 0):
 garbage-first heap   total 68608K, used 26943K [0x0000000080000000, 0x0000000100000000)
  region size 1024K, 1 young (1024K), 1 survivors (1024K)
 Metaspace       used 40465K, committed 40832K, reserved 1089536K
  class space    used 5356K, committed 5504K, reserved 1048576K
}
Event: 8.912 GC heap before
{Heap before GC invocations=12 (full 0):
 garbage-first heap   total 68608K, used 50495K [0x0000000080000000, 0x0000000100000000)
  region size 1024K, 22 young (22528K), 1 survivors (1024K)
 Metaspace       used 42425K, committed 42816K, reserved 1089536K
  class space    used 5523K, committed 5696K, reserved 1048576K
}

Dll operation events (2 events):
Event: 0.008 Loaded shared library G:\Program\Android Studio\jbr\bin\java.dll
Event: 0.599 Loaded shared library G:\Program\Android Studio\jbr\bin\verify.dll

Deoptimization events (20 events):
Event: 8.631 Thread 0x000001e251717960 Uncommon trap: trap_request=0xffffffbe fr.pc=0x000001e2407164e8 relative=0x0000000000000728
Event: 8.631 Thread 0x000001e251717960 Uncommon trap: reason=profile_predicate action=maybe_recompile pc=0x000001e2407164e8 method=java.lang.PublicMethods$MethodList.filter([Ljava/lang/reflect/Method;Ljava/lang/String;[Ljava/lang/Class;Z)Ljava/lang/PublicMethods$MethodList; @ 21 c2
Event: 8.631 Thread 0x000001e251717960 DEOPT PACKING pc=0x000001e2407164e8 sp=0x00000024eb2f8f40
Event: 8.631 Thread 0x000001e251717960 DEOPT UNPACKING pc=0x000001e23ffe69a3 sp=0x00000024eb2f8ef8 mode 2
Event: 8.632 Thread 0x000001e251717960 Uncommon trap: trap_request=0xffffffbe fr.pc=0x000001e2407164e8 relative=0x0000000000000728
Event: 8.632 Thread 0x000001e251717960 Uncommon trap: reason=profile_predicate action=maybe_recompile pc=0x000001e2407164e8 method=java.lang.PublicMethods$MethodList.filter([Ljava/lang/reflect/Method;Ljava/lang/String;[Ljava/lang/Class;Z)Ljava/lang/PublicMethods$MethodList; @ 21 c2
Event: 8.632 Thread 0x000001e251717960 DEOPT PACKING pc=0x000001e2407164e8 sp=0x00000024eb2f8f40
Event: 8.632 Thread 0x000001e251717960 DEOPT UNPACKING pc=0x000001e23ffe69a3 sp=0x00000024eb2f8ef8 mode 2
Event: 8.741 Thread 0x000001e251717960 Uncommon trap: trap_request=0xffffffde fr.pc=0x000001e240708058 relative=0x0000000000000478
Event: 8.741 Thread 0x000001e251717960 Uncommon trap: reason=class_check action=maybe_recompile pc=0x000001e240708058 method=java.util.regex.Pattern$Start.match(Ljava/util/regex/Matcher;ILjava/lang/CharSequence;)Z @ 44 c2
Event: 8.741 Thread 0x000001e251717960 DEOPT PACKING pc=0x000001e240708058 sp=0x00000024eb2f8fd0
Event: 8.741 Thread 0x000001e251717960 DEOPT UNPACKING pc=0x000001e23ffe69a3 sp=0x00000024eb2f8e98 mode 2
Event: 8.741 Thread 0x000001e251717960 Uncommon trap: trap_request=0xffffffde fr.pc=0x000001e240708058 relative=0x0000000000000478
Event: 8.741 Thread 0x000001e251717960 Uncommon trap: reason=class_check action=maybe_recompile pc=0x000001e240708058 method=java.util.regex.Pattern$Start.match(Ljava/util/regex/Matcher;ILjava/lang/CharSequence;)Z @ 44 c2
Event: 8.741 Thread 0x000001e251717960 DEOPT PACKING pc=0x000001e240708058 sp=0x00000024eb2f8fd0
Event: 8.741 Thread 0x000001e251717960 DEOPT UNPACKING pc=0x000001e23ffe69a3 sp=0x00000024eb2f8e98 mode 2
Event: 8.741 Thread 0x000001e251717960 Uncommon trap: trap_request=0xffffffde fr.pc=0x000001e2406f9e58 relative=0x0000000000000478
Event: 8.742 Thread 0x000001e251717960 Uncommon trap: reason=class_check action=maybe_recompile pc=0x000001e2406f9e58 method=java.util.regex.Pattern$Start.match(Ljava/util/regex/Matcher;ILjava/lang/CharSequence;)Z @ 44 c2
Event: 8.742 Thread 0x000001e251717960 DEOPT PACKING pc=0x000001e2406f9e58 sp=0x00000024eb2f8f60
Event: 8.742 Thread 0x000001e251717960 DEOPT UNPACKING pc=0x000001e23ffe69a3 sp=0x00000024eb2f8ea0 mode 2

Classes unloaded (0 events):
No events

Classes redefined (0 events):
No events

Internal exceptions (20 events):
Event: 8.589 Thread 0x000001e251717960 Exception <a 'java/lang/ClassNotFoundException'{0x0000000083896cd8}: org/gradle/internal/extensibility/DefaultExtraPropertiesExtensionBeanInfo> (0x0000000083896cd8) 
thrown [s\src\hotspot\share\classfile\systemDictionary.cpp, line 256]
Event: 8.589 Thread 0x000001e251717960 Exception <a 'java/lang/ClassNotFoundException'{0x00000000838a03c0}: org/gradle/internal/extensibility/DefaultExtraPropertiesExtensionCustomizer> (0x00000000838a03c0) 
thrown [s\src\hotspot\share\classfile\systemDictionary.cpp, line 256]
Event: 8.639 Thread 0x000001e251717960 Exception <a 'java/lang/ClassNotFoundException'{0x000000008362b778}: org/gradle/invocation/DefaultGradle_DecoratedBeanInfo> (0x000000008362b778) 
thrown [s\src\hotspot\share\classfile\systemDictionary.cpp, line 256]
Event: 8.640 Thread 0x000001e251717960 Exception <a 'java/lang/ClassNotFoundException'{0x0000000083639938}: org/gradle/invocation/DefaultGradleBeanInfo> (0x0000000083639938) 
thrown [s\src\hotspot\share\classfile\systemDictionary.cpp, line 256]
Event: 8.640 Thread 0x000001e251717960 Exception <a 'java/lang/ClassNotFoundException'{0x0000000083647ed0}: org/gradle/api/internal/project/AbstractPluginAwareBeanInfo> (0x0000000083647ed0) 
thrown [s\src\hotspot\share\classfile\systemDictionary.cpp, line 256]
Event: 8.641 Thread 0x000001e251717960 Exception <a 'java/lang/ClassNotFoundException'{0x0000000083656400}: org/gradle/api/internal/project/AbstractPluginAwareCustomizer> (0x0000000083656400) 
thrown [s\src\hotspot\share\classfile\systemDictionary.cpp, line 256]
Event: 8.643 Thread 0x000001e251717960 Exception <a 'java/lang/ClassNotFoundException'{0x000000008366a458}: org/gradle/invocation/DefaultGradleCustomizer> (0x000000008366a458) 
thrown [s\src\hotspot\share\classfile\systemDictionary.cpp, line 256]
Event: 8.650 Thread 0x000001e251717960 Exception <a 'java/lang/ClassNotFoundException'{0x00000000836a8da0}: org/gradle/invocation/DefaultGradle_DecoratedCustomizer> (0x00000000836a8da0) 
thrown [s\src\hotspot\share\classfile\systemDictionary.cpp, line 256]
Event: 8.738 Thread 0x000001e251717960 Exception <a 'java/lang/ClassNotFoundException'{0x0000000083204068}: groovy/lang/Closure$1BeanInfo> (0x0000000083204068) 
thrown [s\src\hotspot\share\classfile\systemDictionary.cpp, line 256]
Event: 8.739 Thread 0x000001e251717960 Exception <a 'java/lang/ClassNotFoundException'{0x0000000083226398}: groovy/lang/ClosureBeanInfo> (0x0000000083226398) 
thrown [s\src\hotspot\share\classfile\systemDictionary.cpp, line 256]
Event: 8.740 Thread 0x000001e251717960 Exception <a 'java/lang/ClassNotFoundException'{0x0000000083248630}: groovy/lang/ClosureCustomizer> (0x0000000083248630) 
thrown [s\src\hotspot\share\classfile\systemDictionary.cpp, line 256]
Event: 8.743 Thread 0x000001e251717960 Exception <a 'java/lang/ClassNotFoundException'{0x000000008328e000}: groovy/lang/Closure$1Customizer> (0x000000008328e000) 
thrown [s\src\hotspot\share\classfile\systemDictionary.cpp, line 256]
Event: 8.823 Thread 0x000001e251717960 Exception <a 'java/lang/ClassNotFoundException'{0x00000000830c3e08}: ijresolvers_cml9u5lxt0u8kcj434s28up0uBeanInfo> (0x00000000830c3e08) 
thrown [s\src\hotspot\share\classfile\systemDictionary.cpp, line 256]
Event: 8.823 Thread 0x000001e251717960 Exception <a 'java/lang/ClassNotFoundException'{0x00000000830c9978}: ijresolvers_cml9u5lxt0u8kcj434s28up0uCustomizer> (0x00000000830c9978) 
thrown [s\src\hotspot\share\classfile\systemDictionary.cpp, line 256]
Event: 8.839 Thread 0x000001e251717960 Exception <a 'java/lang/ClassNotFoundException'{0x0000000082f712c0}: org/gradle/execution/taskgraph/DefaultTaskExecutionGraphBeanInfo> (0x0000000082f712c0) 
thrown [s\src\hotspot\share\classfile\systemDictionary.cpp, line 256]
Event: 8.840 Thread 0x000001e251717960 Exception <a 'java/lang/ClassNotFoundException'{0x0000000082f7f968}: org/gradle/execution/taskgraph/DefaultTaskExecutionGraphCustomizer> (0x0000000082f7f968) 
thrown [s\src\hotspot\share\classfile\systemDictionary.cpp, line 256]
Event: 8.867 Thread 0x000001e251717960 Exception <a 'java/lang/ClassNotFoundException'{0x0000000082e85250}: org/gradle/configuration/internal/DefaultListenerBuildOperationDecorator$BuildOperationEmittingClosureBeanInfo> (0x0000000082e85250) 
thrown [s\src\hotspot\share\classfile\systemDictionary.cpp, line 256]
Event: 8.867 Thread 0x000001e251717960 Exception <a 'java/lang/ClassNotFoundException'{0x0000000082e94158}: org/gradle/configuration/internal/DefaultListenerBuildOperationDecorator$BuildOperationEmittingClosureCustomizer> (0x0000000082e94158) 
thrown [s\src\hotspot\share\classfile\systemDictionary.cpp, line 256]
Event: 8.874 Thread 0x000001e251717960 Exception <a 'java/lang/ClassNotFoundException'{0x0000000082ed5778}: SetupUtpTestResultListenerActionBeanInfo> (0x0000000082ed5778) 
thrown [s\src\hotspot\share\classfile\systemDictionary.cpp, line 256]
Event: 8.874 Thread 0x000001e251717960 Exception <a 'java/lang/ClassNotFoundException'{0x0000000082edbbf8}: SetupUtpTestResultListenerActionCustomizer> (0x0000000082edbbf8) 
thrown [s\src\hotspot\share\classfile\systemDictionary.cpp, line 256]

VM Operations (20 events):
Event: 7.087 Executing VM operation: HandshakeAllThreads done
Event: 7.986 Executing VM operation: HandshakeAllThreads
Event: 7.986 Executing VM operation: HandshakeAllThreads done
Event: 7.986 Executing VM operation: Cleanup
Event: 7.986 Executing VM operation: Cleanup done
Event: 7.986 Executing VM operation: HandshakeAllThreads
Event: 7.986 Executing VM operation: HandshakeAllThreads done
Event: 7.993 Executing VM operation: HandshakeAllThreads
Event: 7.993 Executing VM operation: HandshakeAllThreads done
Event: 8.018 Executing VM operation: HandshakeAllThreads
Event: 8.018 Executing VM operation: HandshakeAllThreads done
Event: 8.042 Executing VM operation: HandshakeAllThreads
Event: 8.042 Executing VM operation: HandshakeAllThreads done
Event: 8.198 Executing VM operation: HandshakeAllThreads
Event: 8.198 Executing VM operation: HandshakeAllThreads done
Event: 8.397 Executing VM operation: G1CollectForAllocation
Event: 8.408 Executing VM operation: G1CollectForAllocation done
Event: 8.417 Executing VM operation: G1CollectForAllocation
Event: 8.423 Executing VM operation: G1CollectForAllocation done
Event: 8.911 Executing VM operation: G1CollectForAllocation

Events (20 events):
Event: 8.484 loading class java/util/WeakHashMap$KeyIterator
Event: 8.484 loading class java/util/WeakHashMap$HashIterator
Event: 8.484 loading class java/util/WeakHashMap$HashIterator done
Event: 8.484 loading class java/util/WeakHashMap$KeyIterator done
Event: 8.670 loading class jdk/internal/reflect/UnsafeObjectFieldAccessorImpl
Event: 8.671 loading class jdk/internal/reflect/UnsafeObjectFieldAccessorImpl done
Event: 8.706 loading class sun/reflect/MagicAccessorImpl
Event: 8.706 loading class sun/reflect/MagicAccessorImpl done
Event: 8.744 loading class com/sun/beans/finder/MethodFinder
Event: 8.744 loading class com/sun/beans/finder/AbstractFinder
Event: 8.744 loading class com/sun/beans/finder/AbstractFinder done
Event: 8.744 loading class com/sun/beans/finder/MethodFinder done
Event: 8.744 loading class com/sun/beans/finder/MethodFinder$1
Event: 8.744 loading class com/sun/beans/finder/MethodFinder$1 done
Event: 8.744 loading class com/sun/beans/finder/FinderUtils
Event: 8.744 loading class com/sun/beans/finder/FinderUtils done
Event: 8.773 Thread 0x000001e252de33e0 Thread added: 0x000001e252de33e0
Event: 8.807 Thread 0x000001e252de4250 Thread added: 0x000001e252de4250
Event: 8.896 Thread 0x000001e252de5590 Thread added: 0x000001e252de5590
Event: 8.904 Thread 0x000001e252de4720 Thread added: 0x000001e252de4720


Dynamic libraries:
0x00007ff7fe4c0000 - 0x00007ff7fe4ca000 	G:\Program\Android Studio\jbr\bin\java.exe
0x00007ffb3b8f0000 - 0x00007ffb3bae8000 	C:\Windows\SYSTEM32\ntdll.dll
0x00007ffb3a7a0000 - 0x00007ffb3a85f000 	C:\Windows\System32\KERNEL32.DLL
0x00007ffb39270000 - 0x00007ffb39566000 	C:\Windows\System32\KERNELBASE.dll
0x00007ffb39790000 - 0x00007ffb39890000 	C:\Windows\System32\ucrtbase.dll
0x00007ffb31ed0000 - 0x00007ffb31eeb000 	G:\Program\Android Studio\jbr\bin\VCRUNTIME140.dll
0x00007ffb22a50000 - 0x00007ffb22a67000 	G:\Program\Android Studio\jbr\bin\jli.dll
0x00007ffb39fa0000 - 0x00007ffb3a13d000 	C:\Windows\System32\USER32.dll
0x00007ffb39890000 - 0x00007ffb398b2000 	C:\Windows\System32\win32u.dll
0x00007ffb1f090000 - 0x00007ffb1f32a000 	C:\Windows\WinSxS\amd64_microsoft.windows.common-controls_6595b64144ccf1df_6.0.19041.1110_none_60b5254171f9507e\COMCTL32.dll
0x00007ffb3a710000 - 0x00007ffb3a73c000 	C:\Windows\System32\GDI32.dll
0x00007ffb3b520000 - 0x00007ffb3b5be000 	C:\Windows\System32\msvcrt.dll
0x00007ffb38fd0000 - 0x00007ffb390e5000 	C:\Windows\System32\gdi32full.dll
0x00007ffb391d0000 - 0x00007ffb3926d000 	C:\Windows\System32\msvcp_win.dll
0x00007ffb39c60000 - 0x00007ffb39c90000 	C:\Windows\System32\IMM32.DLL
0x00007ffb31070000 - 0x00007ffb3107c000 	G:\Program\Android Studio\jbr\bin\vcruntime140_1.dll
0x00007ffafb880000 - 0x00007ffafb90d000 	G:\Program\Android Studio\jbr\bin\msvcp140.dll
0x00007ffad1380000 - 0x00007ffad1fed000 	G:\Program\Android Studio\jbr\bin\server\jvm.dll
0x00007ffb39bb0000 - 0x00007ffb39c5f000 	C:\Windows\System32\ADVAPI32.dll
0x00007ffb3b480000 - 0x00007ffb3b51c000 	C:\Windows\System32\sechost.dll
0x00007ffb3b710000 - 0x00007ffb3b836000 	C:\Windows\System32\RPCRT4.dll
0x00007ffb13de0000 - 0x00007ffb13de9000 	C:\Windows\SYSTEM32\WSOCK32.dll
0x00007ffb31d40000 - 0x00007ffb31d4a000 	C:\Windows\SYSTEM32\VERSION.dll
0x00007ffb26840000 - 0x00007ffb26867000 	C:\Windows\SYSTEM32\WINMM.dll
0x00007ffb3b6a0000 - 0x00007ffb3b70b000 	C:\Windows\System32\WS2_32.dll
0x00007ffb36d90000 - 0x00007ffb36da2000 	C:\Windows\SYSTEM32\kernel.appcore.dll
0x00007ffb36740000 - 0x00007ffb3674a000 	G:\Program\Android Studio\jbr\bin\jimage.dll
0x00007ffb22d00000 - 0x00007ffb22ee4000 	C:\Windows\SYSTEM32\DBGHELP.DLL
0x00007ffb21480000 - 0x00007ffb214b4000 	C:\Windows\SYSTEM32\dbgcore.DLL
0x00007ffb398c0000 - 0x00007ffb39942000 	C:\Windows\System32\bcryptPrimitives.dll
0x00007ffb33d60000 - 0x00007ffb33d85000 	G:\Program\Android Studio\jbr\bin\java.dll
0x00007ffb33d40000 - 0x00007ffb33d58000 	G:\Program\Android Studio\jbr\bin\zip.dll
0x00007ffb3acd0000 - 0x00007ffb3b414000 	C:\Windows\System32\SHELL32.dll
0x00007ffb37070000 - 0x00007ffb37803000 	C:\Windows\SYSTEM32\windows.storage.dll
0x00007ffb3a320000 - 0x00007ffb3a674000 	C:\Windows\System32\combase.dll
0x00007ffb38950000 - 0x00007ffb3897e000 	C:\Windows\SYSTEM32\Wldp.dll
0x00007ffb3a270000 - 0x00007ffb3a31d000 	C:\Windows\System32\SHCORE.dll
0x00007ffb3b850000 - 0x00007ffb3b8a5000 	C:\Windows\System32\shlwapi.dll
0x00007ffb38f10000 - 0x00007ffb38f2f000 	C:\Windows\SYSTEM32\profapi.dll
0x00007ffb33cd0000 - 0x00007ffb33ce9000 	G:\Program\Android Studio\jbr\bin\net.dll
0x00007ffb31760000 - 0x00007ffb3186a000 	C:\Windows\SYSTEM32\WINHTTP.dll
0x00007ffb38730000 - 0x00007ffb3879a000 	C:\Windows\system32\mswsock.dll
0x00007ffb32000000 - 0x00007ffb32016000 	G:\Program\Android Studio\jbr\bin\nio.dll
0x00007ffb34c50000 - 0x00007ffb34c60000 	G:\Program\Android Studio\jbr\bin\verify.dll
0x00007ffb310d0000 - 0x00007ffb310f7000 	C:\Users\maxim\.gradle\native\68d5fa5c4cc2d200863cafc0d521ce42e7d3e7ee720ec0a83991735586a16f82\windows-amd64\native-platform.dll
0x00007ffaefaa0000 - 0x00007ffaefbe4000 	C:\Users\maxim\.gradle\native\e376f236ea51e6404a007f0833ffe2c6e607c4080706a723a18a27aeea778392\windows-amd64\native-platform-file-events.dll
0x00007ffb367c0000 - 0x00007ffb367c9000 	G:\Program\Android Studio\jbr\bin\management.dll
0x00007ffb34c60000 - 0x00007ffb34c6b000 	G:\Program\Android Studio\jbr\bin\management_ext.dll
0x00007ffb39c90000 - 0x00007ffb39c98000 	C:\Windows\System32\PSAPI.DLL
0x00007ffb38cc0000 - 0x00007ffb38cd8000 	C:\Windows\SYSTEM32\CRYPTSP.dll
0x00007ffb37f80000 - 0x00007ffb37fb4000 	C:\Windows\system32\rsaenh.dll
0x00007ffb390f0000 - 0x00007ffb39117000 	C:\Windows\System32\bcrypt.dll
0x00007ffb38ed0000 - 0x00007ffb38efe000 	C:\Windows\SYSTEM32\USERENV.dll
0x00007ffb388c0000 - 0x00007ffb388cc000 	C:\Windows\SYSTEM32\CRYPTBASE.dll
0x00007ffb383d0000 - 0x00007ffb3840c000 	C:\Windows\SYSTEM32\IPHLPAPI.DLL
0x00007ffb3b840000 - 0x00007ffb3b848000 	C:\Windows\System32\NSI.dll
0x00007ffb329a0000 - 0x00007ffb329b7000 	C:\Windows\SYSTEM32\dhcpcsvc6.DLL
0x00007ffb32860000 - 0x00007ffb3287d000 	C:\Windows\SYSTEM32\dhcpcsvc.DLL
0x00007ffb38410000 - 0x00007ffb384db000 	C:\Windows\SYSTEM32\DNSAPI.dll
0x00007ffb34a30000 - 0x00007ffb34a37000 	C:\Windows\system32\wshunix.dll

dbghelp: loaded successfully - version: 4.0.5 - missing functions: none
symbol engine: initialized successfully - sym options: 0x614 - pdb path: .;G:\Program\Android Studio\jbr\bin;C:\Windows\SYSTEM32;C:\Windows\WinSxS\amd64_microsoft.windows.common-controls_6595b64144ccf1df_6.0.19041.1110_none_60b5254171f9507e;G:\Program\Android Studio\jbr\bin\server;C:\Users\maxim\.gradle\native\68d5fa5c4cc2d200863cafc0d521ce42e7d3e7ee720ec0a83991735586a16f82\windows-amd64;C:\Users\maxim\.gradle\native\e376f236ea51e6404a007f0833ffe2c6e607c4080706a723a18a27aeea778392\windows-amd64

VM Arguments:
jvm_args: --add-opens=java.base/java.util=ALL-UNNAMED --add-opens=java.base/java.lang=ALL-UNNAMED --add-opens=java.base/java.lang.invoke=ALL-UNNAMED --add-opens=java.prefs/java.util.prefs=ALL-UNNAMED --add-opens=java.base/java.nio.charset=ALL-UNNAMED --add-opens=java.base/java.net=ALL-UNNAMED --add-opens=java.base/java.util.concurrent.atomic=ALL-UNNAMED -Xmx2048m -Dfile.encoding=UTF-8 -Duser.country=RU -Duser.language=ru -Duser.variant 
java_command: org.gradle.launcher.daemon.bootstrap.GradleDaemon 8.0
java_class_path (initial): C:\Users\maxim\.gradle\wrapper\dists\gradle-8.0-bin\ca5e32bp14vu59qr306oxotwh\gradle-8.0\lib\gradle-launcher-8.0.jar
Launcher Type: SUN_STANDARD

[Global flags]
     intx CICompilerCount                          = 3                                         {product} {ergonomic}
     uint ConcGCThreads                            = 2                                         {product} {ergonomic}
     uint G1ConcRefinementThreads                  = 6                                         {product} {ergonomic}
   size_t G1HeapRegionSize                         = 1048576                                   {product} {ergonomic}
    uintx GCDrainStackTargetSize                   = 64                                        {product} {ergonomic}
   size_t InitialHeapSize                          = 134217728                                 {product} {ergonomic}
   size_t MarkStackSize                            = 4194304                                   {product} {ergonomic}
   size_t MaxHeapSize                              = 2147483648                                {product} {command line}
   size_t MaxNewSize                               = 1287651328                                {product} {ergonomic}
   size_t MinHeapDeltaBytes                        = 1048576                                   {product} {ergonomic}
   size_t MinHeapSize                              = 8388608                                   {product} {ergonomic}
    uintx NonNMethodCodeHeapSize                   = 5832780                                {pd product} {ergonomic}
    uintx NonProfiledCodeHeapSize                  = 122912730                              {pd product} {ergonomic}
    uintx ProfiledCodeHeapSize                     = 122912730                              {pd product} {ergonomic}
    uintx ReservedCodeCacheSize                    = 251658240                              {pd product} {ergonomic}
     bool SegmentedCodeCache                       = true                                      {product} {ergonomic}
   size_t SoftMaxHeapSize                          = 2147483648                             {manageable} {ergonomic}
     bool UseCompressedClassPointers               = true                           {product lp64_product} {ergonomic}
     bool UseCompressedOops                        = true                           {product lp64_product} {ergonomic}
     bool UseG1GC                                  = true                                      {product} {ergonomic}
     bool UseLargePagesIndividualAllocation        = false                                  {pd product} {ergonomic}

Logging:
Log output configuration:
 #0: stdout all=warning uptime,level,tags
 #1: stderr all=off uptime,level,tags

Environment Variables:
PATH=C:\Program Files\Common Files\Oracle\Java\javapath;C:\Windows\system32;C:\Windows;C:\Windows\System32\Wbem;C:\Windows\System32\WindowsPowerShell\v1.0\;C:\Windows\System32\OpenSSH\;C:\Program Files\NVIDIA Corporation\NVIDIA NvDLISR;C:\Program Files\Git\cmd;C:\Program Files (x86)\NVIDIA Corporation\PhysX\Common;C:\Program Files\Docker\Docker\resources\bin;C:\Program Files\MySQL\MySQL Shell 8.0\bin\;C:\Users\maxim\AppData\Local\Microsoft\WindowsApps;
USERNAME=maxim
OS=Windows_NT
PROCESSOR_IDENTIFIER=AMD64 Family 21 Model 2 Stepping 0, AuthenticAMD
TMP=C:\Users\maxim\AppData\Local\Temp
TEMP=C:\Users\maxim\AppData\Local\Temp



---------------  S Y S T E M  ---------------

OS:
 Windows 10 , 64 bit Build 19041 (10.0.19041.2913)
OS uptime: 3 days 2:11 hours
Hyper-V role detected

CPU: total 6 (initial active 6) (6 cores per cpu, 1 threads per core) family 21 model 2 stepping 0 microcode 0x0, cx8, cmov, fxsr, mmx, 3dnowpref, sse, sse2, sse3, ssse3, sse4a, sse4.1, sse4.2, popcnt, lzcnt, tsc, tscinvbit, avx, aes, clmul, bmi1, fma, vzeroupper, clflush, hv

Memory: 4k page, system-wide physical 8175M (582M free)
TotalPageFile size 22477M (AvailPageFile size 36M)
current process WorkingSet (physical memory assigned to process): 210M, peak: 213M
current process commit charge ("private bytes"): 259M, peak: 301M

vm_info: OpenJDK 64-Bit Server VM (17.0.6+0-b2043.56-9586694) for windows-amd64 JRE (17.0.6+0-b2043.56-9586694), built on Feb  9 2023 20:06:20 by "androidbuild" with MS VC++ 16.10 / 16.11 (VS2019)

END.
